   1               		.file	"mbfanction0.c"
   2               	__SP_H__ = 0x3e
   3               	__SP_L__ = 0x3d
   4               	__SREG__ = 0x3f
   5               	__tmp_reg__ = 0
   6               	__zero_reg__ = 1
   7               		.text
   8               	.Ltext0:
   9               		.section	.gnu.lto_.profile.2dce011,"",@progbits
  10 0000 789C 6361 		.string	"x\234ca`d`c`"
  10      6064 6063 
  10      6000 
  11 000a 92F7 981E 		.string	"\222\367\230\0363\002"
  11      3302 00
  12 0011 05D9 01D1 		.ascii	"\005\331\001\321"
  13               		.text
  14               		.section	.gnu.lto_.icf.2dce011,"",@progbits
  15 0000 789C 6361 		.string	"x\234ca`d"
  15      6064 00
  16 0007 8162 0604 		.string	"\201b\006\004\020f\230\264\365\322\0356\306;g&\234\340bZ\373|\301_v\346\257\313/\177ed\23
  16      1066 98B4 
  16      F5D2 1D36 
  16      C63B 6726 
  16      9CE0 625A 
  17 0087 00        		.string	""
  18 0088 0AD5 387B 		.ascii	"\n\3258{"
  19               		.text
  20               		.section	.gnu.lto_.jmpfuncs.2dce011,"",@progbits
  21 0000 789C 758E 		.ascii	"x\234u\216\275\n\302@\020\204gn\243'X\370\027;\337u\257\t\304"
  21      BD0A C240 
  21      1084 676E 
  21      A327 58F8 
  21      173B DF75 
  22 0017 0711 B5B5 		.ascii	"\007\021\265\265\313\263\370\n\026\026V\221\020\347<\304*\013"
  22      CBB3 F80A 
  22      1616 5691 
  22      10E7 3CC4 
  22      2A0B 
  23 0029 C3B2 C3EC 		.ascii	"\303\262\303\354\307T \362\334\360\237\225$7\004\322\334M\327"
  23      C754 20F2 
  23      DCF0 9F95 
  23      2437 04D2 
  23      DC4D D7
  24 003c 4C9A 1BC9 		.ascii	"L\232\033\311\350\356UIE`!\227C`\327=\356\321\207\324\246\264"
  24      E8EE 5549 
  24      4560 2197 
  24      4360 D73D 
  24      EED1 87D4 
  25 0052 6E0C C7FC 		.ascii	"n\f\307\374\3023\375\233\313\201S\377~\332+4B\214\243\361\302"
  25      C233 FD9B 
  25      CB81 53FF 
  25      7EDA 2B34 
  25      428C A3F1 
  26 0067 03B0 2CF8 		.ascii	"\003\260,\370i\300\365\007(\371\\k\243\n\216m)\260\223j`\257"
  26      69C0 F507 
  26      28F9 5C6B 
  26      A30A 8E6D 
  26      29B0 936A 
  27 007d F501 E0D5 		.ascii	"\365\001\340\325#F"
  27      2346 
  28               		.text
  29               		.section	.gnu.lto_.inline.2dce011,"",@progbits
  30 0000 789C 6361 		.string	"x\234ca`d"
  30      6064 00
  31 0007 818B 100A 		.string	"\201\213\020\n\f\370\031\03089\030\031\230x\036\3042\260-\220g\002\2111b\n11HI\002\205\36
  31      0CF8 1918 
  31      3839 1819 
  31      9878 1EC4 
  31      32B0 2D90 
  32 004b 2558 7881 		.string	"%Xx\201\312'\370M\360cg`c\0052\331>\350\301ur0\bH"
  32      CA27 F84D 
  32      F063 6760 
  32      6305 32D9 
  32      3EE8 C175 
  33 0064 8504 1A6A 		.string	"\205\004\032j\341B\254| \273\201\006p3\250\230223pd\374eb<u\347\307C\366/L\255\314L\214\1
  33      E142 AC7C 
  33      20BB 8106 
  33      7033 A898 
  33      3232 3370 
  34 008f B5A6 4369 		.string	"\265\246Ci\240\205,*\013fB]\316\262@^\200\201oC.\013\212Y`\027\3623\360\363\001-\2238\260
  34      A085 2C2A 
  34      0B66 425D 
  34      CEB2 405E 
  34      8081 6F43 
  35 00da 871D 3790 		.string	"\207\0357\220\020bP=\001b\333<\270\302\214\032,h\2040\003\207"
  35      1062 503D 
  35      0162 DB3C 
  35      B8C2 8C1A 
  35      2C68 8430 
  36 00f1 501D C701 		.string	"P\035\307\001;Te\"\300\030`@\213\001Q\006V\240/\230\200\266\301\205\030"
  36      3B54 6522 
  36      C018 6040 
  36      8B01 5106 
  36      56A0 2F98 
  37 010b 6EEA 3E92 		.ascii	"n\352>\222"
  38               		.text
  39               		.section	.gnu.lto_.pureconst.2dce011,"",@progbits
  40 0000 789C 05C1 		.string	"x\234\005\301\271\r"
  40      B90D 00
  41 0007 2010 04B1 		.string	" \020\004\261=~\211"
  41      3D7E 8900 
  42 000f F105 4C44 		.ascii	"\361\005LD\377%P\035v\220\351Jj\302p\317<\221t2\205J\2433\230"
  42      FF25 501D 
  42      7690 E94A 
  42      6AC2 70CF 
  42      3C91 7432 
  43 0028 2C36 1F34 		.ascii	",6\0374\257\002\364"
  43      AF02 F4
  44               		.text
  45               		.section	.gnu.lto_rs485_tx_enable.2dce011,"",@progbits
  46 0000 789C 8D90 		.ascii	"x\234\215\220;K\003Q\020\205\347\334\273Y\267\261N\204\024\202"
  46      3B4B 0351 
  46      1085 E7DC 
  46      BB59 B7B1 
  46      4E84 1482 
  47 0014 8D69 36F8 		.ascii	"\215i6\370'\374\001\026\326\022E\r\250)\304:7\217E\2607\0041"
  47      27FC 0116 
  47      D612 450D 
  47      A829 C43A 
  47      378F 45B0 
  48 002b A492 185F 		.ascii	"\244\222\030_y\200\205\330,)\025\021[+QH!\b\021\242H@\343\314"
  48      7980 85D8 
  48      2C29 1511 
  48      5B2B 5148 
  48      2108 11A2 
  49 0043 6E2A 8BE0 		.ascii	"n*\213\340\0243\314\275g\2763\214E \211:\227)\256Qi4A\021\345"
  49      1433 CCBD 
  49      67BE 338C 
  49      4520 893A 
  49      9729 AE51 
  50 005c 1C05 7E35 		.ascii	"\034\005~5\016(\253\220\305\207\372V\350\354v\257T\242f8\236"
  50      0E28 AB90 
  50      C587 FA56 
  50      E8EC 76AF 
  50      54A2 6638 
  51 0071 8E5E 96F2 		.ascii	"\216^\226\362\306\213y\232h\250\002\n\241\206\004\261\354\271"
  51      C68B 799A 
  51      68A8 020A 
  51      A186 04B1 
  51      ECB9 
  52 0083 F5B3 3F69 		.ascii	"\365\263?i\027E6\035~\342\030\266X5\026|3\034\026\214\251\314"
  52      1745 361D 
  52      7EE2 18B6 
  52      5835 167C 
  52      331C 168C 
  53 0099 9567 1C45 		.ascii	"\225g\034E\236\206\226\024\221dK\"\352\005\264w\305Ew\321\031"
  53      9E86 9614 
  53      9164 4B22 
  53      EA05 B477 
  53      C545 77D1 
  54 00ae EC7D 9617 		.ascii	"\354}\226\027e\276\240e\205\222\327\271\237\350+O+\210\325\345"
  54      65BE A065 
  54      8592 D7B9 
  54      9FE8 2B4F 
  54      2B88 D5E5 
  55 00c2 ADFF 386A 		.ascii	"\255\3778jg\2715wom\253\212J\256\bOk\234 \216:\342\354\177\212"
  55      67B9 3577 
  55      6F6D AB8A 
  55      4AAE 084F 
  55      6B9C 208E 
  56 00db 2AA8 8BC2 		.ascii	"*\250\213\302\227\035\242tH{(6\017\265\214\003\026\316X\311\206"
  56      971D A274 
  56      487B 2836 
  56      0FB5 8C03 
  56      16CE 58C9 
  57 00f0 2588 641C 		.ascii	"%\210d\034\354\234a\214\240`\273A,$F\306M\\\374\261\037\351\017"
  57      EC9C 618C 
  57      A060 BB41 
  57      2C24 46C6 
  57      4D5C FCB1 
  58 0107 AEFB 3791 		.ascii	"\256\3737\221\320\336A\343\277\366\315\300\336\246W\344\375\326"
  58      D0DE 41E3 
  58      BFF6 CDC0 
  58      DEA6 57E4 
  58      FDD6 
  59 0119 BCA8 83EB 		.ascii	"\274\250\203\353\367\370\"\304G\213n\244S\311\315\314Jjg;\351"
  59      F7F8 22C4 
  59      478B 6EA4 
  59      53C9 CDCC 
  59      4A6A 673B 
  60 012e BAC9 E5CC 		.ascii	"\272\311\345\314\326jz\315]\247_\276E\212\346"
  60      D66A 7ACD 
  60      5DA7 5FBE 
  60      458A E6
  61               		.text
  62               		.section	.gnu.lto_rs485_rx_enable.2dce011,"",@progbits
  63 0000 789C 8D90 		.ascii	"x\234\215\220;K\003Q\020\205\347\334\233\254\001\3216\006R\b"
  63      3B4B 0351 
  63      1085 E7DC 
  63      9BAC 01D1 
  63      3606 5208 
  64 0014 36A6 D9C5 		.ascii	"6\246\331\305?\341\017\260\260\226(j@M!\326\271y,\202\275\001"
  64      3FE1 0FB0 
  64      B096 286A 
  64      404D 21D6 
  64      B979 2C82 
  65 002a 9125 65D4 		.ascii	"\221%e\324\250\211\202\205\330\204@*\021;\013\013\225\024[\b"
  65      A889 8285 
  65      D884 402A 
  65      113B 0B0B 
  65      9514 5B08 
  66 003e 8108 8AE0 		.ascii	"\201\b\212\340+\316\354\246\262\bN1\303\334{\346;\303D\b$Q\343"
  66      2BCE ECA6 
  66      B208 4E31 
  66      C3DC 7BE6 
  66      3BC3 4408 
  67 0055 92E0 1A97 		.ascii	"\222\340\032\227F\023\024Q>\246\300\257&\006\312)\344\360\246"
  67      4613 1451 
  67      3EA6 C0AF 
  67      2606 CA29 
  67      E4F0 A6
  68 0068 BE15 5ADB 		.ascii	"\276\025Z\333\376\245JU\r\307S\333_(\030w\302\325D}\025P\bU\244"
  68      FEA5 4A55 
  68      0DC7 53DB 
  68      5F28 1877 
  68      C2D5 447D 
  69 0081 8865 9DB3 		.ascii	"\210e\235\263\237\3351\253$\262\311\360\023\007\260\304\252>"
  69      9FDD 31AB 
  69      24B2 C9F0 
  69      1307 B0C4 
  69      AA3E 
  70 0093 D734 FD7E 		.ascii	"\3274\375~\321\030o\306\233\212)r5\264\244\250$K\022Q/\240\275"
  70      D118 6FC6 
  70      9B8A 2972 
  70      35B4 A4A8 
  70      244B 1251 
  71 00aa 282E DA47 		.ascii	"(.\332G\353c\347ao^\346\213ZV(\273\255\333\221W\345j\005\261"
  71      EB63 E761 
  71      6F5E E68B 
  71      5A56 28BB 
  71      ADDB 9157 
  72 00c2 BAB8 6EDE 		.ascii	"\272\270n\336\017\332in\315M\367<R\201\227/\301\325\032GH\342"
  72      0FDA 696E 
  72      CD4D F73C 
  72      5281 972F 
  72      C1D5 1A47 
  73 00d8 1049 F6AF 		.ascii	"\020I\366\257\241\002\362Q\374\262B\224\016iw^\273<*\343\032"
  73      A102 F251 
  73      FCB2 4294 
  73      0E69 775E 
  73      BB3C 2AE3 
  74 00ed 9FC0 314B 		.ascii	"\237\3001K\331\261\f\321\f\243\2350\215\031\024\254\327I\204"
  74      D9B1 0CD1 
  74      0CA3 9D30 
  74      8D19 14AC 
  74      D749 84
  75 0100 C8E8 B089 		.ascii	"\310\350\260\211\323?\376\003\375\376c\327\037\017\375\337\201"
  75      D33F FE03 
  75      FDFE 63D7 
  75      1F0F FDDF 
  75      81
  76 0111 FA7F FD1B 		.ascii	"\372\177\375\033\201\277E\317(4\257fE\035\334\277\3077!>[|-\223"
  76      81BF 45CF 
  76      2834 AF66 
  76      451D DCBF 
  76      C737 213E 
  77 0129 76D6 B34B 		.ascii	"v\326\263K\351\255M\307\266\235\305\354\306rf\305^\245_\":\215"
  77      E9AD 4DC7 
  77      B69D C5EC 
  77      C672 66C5 
  77      5EA5 5F22 
  78 013f 58        		.ascii	"X"
  79               		.text
  80               		.section	.gnu.lto__crc16_update.2dce011,"",@progbits
  81 0000 789C 7D91 		.string	"x\234}\221\337KTA\024\307\347\314\275\256\272\376*\b|\361a\367a1A\345Z\240\022\364\220\17
  81      DF4B 5441 
  81      14C7 E7CC 
  81      BDAE BAFE 
  81      2A08 7CF1 
  82 00fe 8E6D 663A 		.string	"\216mf:\356\022g\274\177\231\026\321\215:\033\235\372\350\350\2514P\374q\242\245;A\272\"\
  82      EE12 67BC 
  82      7F99 16D1 
  82      8D3A 1B9D 
  82      FAE8 E8A9 
  83 0144 58B0 B9FC 		.string	"X\260\271\3740\333w\321\320c\261\006\335\230O\234xk\265"
  83      30DB 77D1 
  83      D063 B106 
  83      DD98 4F9C 
  83      786B B500 
  84 0158 9067 EC3F 		.ascii	"\220g\354?\336\030\375\243@f$el\235h\266\301q\222\276Bdr\251"
  84      DE18 FDA3 
  84      4066 2465 
  84      6C9D 68B6 
  84      C171 92BE 
  85 0170 09A8 16E7 		.ascii	"\t\250\026\347\370J\324\233k\315m\262}Bj\323o\241+\231L\354\255"
  85      F84A D49B 
  85      6BCD 6DB2 
  85      7D42 6AD3 
  85      6FA1 2B99 
  86 0187 4456 9365 		.ascii	"DV\223e\324C\024\354\302\326\364Jt\304\202\031\030\004\271\001"
  86      D443 14EC 
  86      C2D6 F44A 
  86      74C4 8219 
  86      1804 B901 
  87 019b FBC3 E009 		.ascii	"\373\303\340\t\310\230\377\364\255u\221\333\247\342\341\350\210"
  87      C898 FFF4 
  87      AD75 91DB 
  87      A7E2 E1E8 
  87      88
  88 01ac 43A0 4F4D 		.ascii	"C\240OM4\272<\263-\320!Be\334\031\026\350\235\266\201m\253}\306"
  88      34BA 3CB3 
  88      2DD0 2142 
  88      65DC 1916 
  88      E89D B681 
  89 01c4 4413 48DA 		.ascii	"D\023H\332\273:\252'\t\370\231\t\177\270=r\303J\360\b\301x}\030"
  89      BB3A AA27 
  89      09F8 9909 
  89      7FB8 3D72 
  89      C34A F008 
  90 01dc 15F0 F842 		.ascii	"\025\360\370B\237\236a\237\215\207\207~-M\311\002\0363\341\235"
  90      9F9E 619F 
  90      8D87 877E 
  90      2D4D C902 
  90      1E33 E19D 
  91 01f0 D637 9788 		.ascii	"\3267\227\210\035'\2266\236\013\366\336\027c!\303\376:\336\363"
  91      1D27 9636 
  91      9E0B F6DE 
  91      1763 21C3 
  91      FE3A DEF3 
  92 0204 FED4 7453 		.ascii	"\376\324tS\242`_\020\013\006\310l\005\270h9\366\220l\037\206"
  92      A260 5F10 
  92      0B06 C86C 
  92      05B8 6839 
  92      F690 6C1F 
  93 0219 7D14 4A6C 		.ascii	"}\024Jl\r\352\215\371W\251\224\022\375\2406\323\3530\346v\237"
  93      0DEA 8DF9 
  93      57A9 9412 
  93      FDA0 36D3 
  93      EB30 E676 
  94 022e 53AB B440 		.ascii	"S\253\264@\231\346\252\260\225\372\374\336\240\355tMqa\216\352"
  94      99E6 AAB0 
  94      95FA FCDE 
  94      A0ED 744D 
  94      7161 8EEA 
  95 0242 0A55 78FD 		.ascii	"\nUx\375j0\024\366\370\002jQ\276\242\206\002\001\277\273\334"
  95      6A30 14F6 
  95      F802 6A51 
  95      BEA2 8602 
  95      01BF BBDC 
  96 0256 E5AB 545D 		.ascii	"\345\253T]\325Z\261\370\345\225U\206\363\216\344U_\245\333\037"
  96      D55A B1F8 
  96      E595 5586 
  96      F38E E455 
  96      5FA5 DB1F 
  97 026a F678 D570 		.ascii	"\366x\325p\310\347W\335\232\273\2400\277\234%8\235\270\2648\235"
  97      C8E7 57DD 
  97      9ABB A030 
  97      BF9C 2538 
  97      9DB8 B438 
  98 027f 1E57 C885 		.ascii	"\036W\310\205\201\346\r\341?TQepo@\2639.(\271\2163\326\344\212"
  98      81E6 0DE1 
  98      3F54 5165 
  98      706F 40B3 
  98      392E 28B9 
  99 0298 40B5 CD51 		.ascii	"@\265\315Q\220\213\24159x\331U\205\2015Y\b\314$\t\004\207\025"
  99      908B A135 
  99      3978 D955 
  99      8581 3559 
  99      08CC 2409 
 100 02af CA9C CE5C 		.ascii	"\312\234\316\\\332\367\0075[\374l\352\343d\377\347\216\323\273"
 100      DAF7 0735 
 100      5BFC 6CEA 
 100      E364 FFE7 
 100      8ED3 BB
 101 02c2 2A3D 3E4A 		.ascii	"*=>J*5J\3211\364\241\025\341\273D\371[K\303ZG\ni\201\203\r\241"
 101      2A35 4AD1 
 101      31F4 A115 
 101      E1BB 44F9 
 101      5B4B C35A 
 102 02dd 2E51 8E9E 		.ascii	".Q\216\236\362\347\352\246\233cI!\3727\311\244\363\032~\036\306"
 102      F2E7 EAA6 
 102      9B63 4921 
 102      FA37 C9A4 
 102      F31A 7E1E 
 103 02f2 35C6 1526 		.ascii	"5\306\025&i\n\373\r\233\336t\267"
 103      690A FB0D 
 103      9BDE 74B7 
 104               		.text
 105               		.section	.gnu.lto_rx_disable.2dce011,"",@progbits
 106 0000 789C 7D91 		.ascii	"x\234}\221\277KBQ\024\307\357\367\336\347S$\2435jh\025\"\375"
 106      BF4B 4251 
 106      14C7 EFF7 
 106      DEE7 5324 
 106      A335 6A68 
 107 0017 5BDA 1AD3 		.ascii	"[\332\032\323\b\204\324\241\232\275\372|d\355\331\020\"\024a"
 107      0884 D4A1 
 107      9ABD FA7C 
 107      64ED D910 
 107      2214 61
 108 002a BFCD 36A7 		.ascii	"\277\3156\247L\234*\n\202\206\262\241\032$D\310\240\206\242\262"
 108      4C9C 2A0A 
 108      8286 B2A1 
 108      1A24 44C8 
 108      A086 A2B2 
 109 003e 73DE 1B0A 		.ascii	"s\336\033\n\202\316p\016\347\334\357\371\234\303\271\206\200"
 109      82CE 700E 
 109      E7DC EFF9 
 109      9CC3 B986 
 109      80
 110 004f 606B 5218 		.ascii	"`kR\030\2428\312\211G@\n\221\366I\251\204\320~\203\\\237\202"
 110      A238 CA89 
 110      4740 0A91 
 110      F649 A984 
 110      D07E 835C 
 111 0065 C125 0324 		.ascii	"\301%\003$\324>\210\224T\006Rx\225\237\022\365\205VU\006K\232"
 111      D43E 8894 
 111      5406 5278 
 111      959F 12F5 
 111      8556 5506 
 112 007b ECCE BEEC 		.ascii	"\354\316\276\354\327\2335\330\324\331\223\016Z\240\204\240 \331"
 112      D79B 35D8 
 112      D4D9 930E 
 112      5AA0 84A0 
 112      20D9 
 113 008d 43E5 6B39 		.ascii	"C\345k9`fY6\342>b\023&\317/\217\327t\257gi\375\032>\225>%l\236"
 113      6066 5936 
 113      E23E 6213 
 113      26CF 2F8F 
 113      D774 AF67 
 114 00aa 46CE 6427 		.ascii	"F\316d'D\327\001=K\n\252\205\372\373\322yCq\253\245\024a\363"
 114      44D7 013D 
 114      4B0A AA85 
 114      FAFB D279 
 114      4371 ABA5 
 115 00c1 76FD C2FB 		.ascii	"v\375\302\373\"m%\301S\026\216\256o\341\246\307\240|}\365&\347"
 115      226D 25C1 
 115      5316 8EAE 
 115      6FE1 A6C7 
 115      A07C 7DF5 
 116 00d7 2DA2 90CE 		.ascii	"-\242\220\316\322R\n\333\030\306\026\206i\366\016\212\020-X\037"
 116      D252 0ADB 
 116      18C6 1686 
 116      69F6 0E8A 
 116      102D 581F 
 117 00eb A6CB 325C 		.ascii	"\246\3132\\\334\332I\241\356\347~\205'`\227\24442\017\326\374"
 117      DCDA 49A1 
 117      EEE7 7E85 
 117      2760 97A4 
 117      3432 0FD6 
 118 0100 47DB 231A 		.ascii	"G\333#\0321H\234\311W6\006]\244\371{=\303Y\257Z\3554\275\251"
 118      3148 9CC9 
 118      5736 065D 
 118      A4F9 7B3D 
 118      C359 AF5A 
 119 0118 4F9D D37A 		.ascii	"O\235\323z\200j\213t'.\267\317\256\032~\346j\247\356A\231\216"
 119      806A 8B74 
 119      272E B7CF 
 119      AE1A 7EE6 
 119      6AA7 EE41 
 120 012e BBEF 900F 		.ascii	"\273\357\220\017x\317{d\233V\344\207Z\356T\337\002L\245\377@"
 120      78CF 7B64 
 120      9B56 E487 
 120      5AEE 54DF 
 120      024C A5FF 
 121 0143 8575 CE85 		.ascii	"\205u\316\205\210\246\036a\351\tV\376\035g\366\350F\002\207H"
 121      88A6 1E61 
 121      E909 56FE 
 121      1D67 F6E8 
 121      4602 8748 
 122 0157 D161 BD4E 		.ascii	"\321a\275N\007\375\252j#S[\3618-l]\026\321\255\007gb\221P<9\025"
 122      07FD AA6A 
 122      2353 5BF1 
 122      382D 6C5D 
 122      16D1 AD07 
 123 0172 999F 0DC5 		.ascii	"\231\237\r\305#\323\223\211\350\\,\231\b\217E\3057^\361\240\326"
 123      23D3 9389 
 123      E85C 2C99 
 123      088F 45C5 
 123      375E F1A0 
 124               		.text
 125               		.section	.gnu.lto_rx_enable.2dce011,"",@progbits
 126 0000 789C 7D91 		.ascii	"x\234}\221\275KBa\024\306\317\363\276\327\253TFk\344\320\032"
 126      BD4B 4261 
 126      14C6 CFF3 
 126      BED7 AB54 
 126      466B E4D0 
 127 0015 44FA B7B4 		.ascii	"D\372\267\2645f\021\004\251C5\373\326U\264\366\\\"\034\"\264"
 127      3566 1104 
 127      A943 35FB 
 127      D655 B4F6 
 127      5C22 1C22 
 128 002a 4FB3 CD29 		.ascii	"O\263\315)\023G!(\202\312\206j\220\210\006\243\017*(;\347\336"
 128      1347 2128 
 128      82CA 866A 
 128      9088 06A3 
 128      0F2A 283B 
 129 0040 A120 E80C 		.ascii	"\241 \350\f\347\345\234\373\234\337s8\327\"\220\304%?\003\374"
 129      E7E5 9CFB 
 129      9CDF 7338 
 129      D722 90C4 
 129      253F 03FC 
 130 0054 0E4B E123 		.ascii	"\016K\341#(\242\205\200R\232\310tY\234z4,iY`\241\t\200\222J["
 130      28A2 8580 
 130      529A C874 
 130      599C 7A34 
 130      2C69 5960 
 131 006e 48E2 457D 		.ascii	"H\342E}*\3242\255\212\032*\030\216\353\215\323^S\254\"\315\223"
 131      2AD4 32AD 
 131      8A1A 2A18 
 131      8EEB 8DD3 
 131      5E53 AC22 
 132 0084 1DE5 A209 		.string	"\035\345\242\t\005\f\021\313n\313_+A;%\262A\357#\212\260\305\2774Z5\235\216c\314S\344\\\0
 132      050C 11CB 
 132      6ECB 5F2B 
 132      413B 25B2 
 132      41EF 238A 
 133               		.text
 134               		.section	.gnu.lto_crc16.2dce011,"",@progbits
 135 0000 789C 5D52 		.string	"x\234]R\313K\224Q\024\277\277{\276\307<\2342\252E0\013\027\211\270(\205h\025-\372\027\332
 135      CB4B 9451 
 135      14BF BF7B 
 135      BEC7 3C9C 
 135      32AA 4530 
 136 00e3 559C FD43 		.ascii	"U\234\375C\265\315\203*\fr\313\333\032\215\354 \037\354\321H"
 136      B5CD 832A 
 136      0C72 CBDB 
 136      1A8D EC20 
 136      1FEC D148 
 137 00f7 0B83 21F2 		.ascii	"\013\203!\362H\022\265\032\307M\f\031\\0\\x\025\245\203\0067"
 137      4812 B51A 
 137      C74D 0C19 
 137      5C30 5C78 
 137      15A5 8306 
 138 010c 97EB 2BC5 		.ascii	"\227\353+\305vpESQb\370\377\212\354\344P\245\323\237L|\354q\350"
 138      7670 4553 
 138      5162 F8FF 
 138      8AEC E450 
 138      A5D3 9F4C 
 139 0124 9081 3E7F 		.ascii	"\220\201>\177\2639&+ojh~\342\262\257\362m\025\032}\367_\264>"
 139      B339 262B 
 139      6F6A 687E 
 139      E2B2 AFF2 
 139      6D15 1A7D 
 140 013c 9CBC 34F2 		.ascii	"\234\2744\362\363Z\302\351P|*0\202J=\013\036\301(\034=\324\334"
 140      F35A C2E9 
 140      507C 2A30 
 140      824A 3D0B 
 140      1EC1 281C 
 141 0153 C9BC 0A02 		.ascii	"\311\274\n\002O\345\307\217^\377vj\027L\207\322\350%S\2337\302"
 141      4FE5 C78F 
 141      5EFF 766A 
 141      174C 87D2 
 141      E825 539B 
 142 0169 B703 1D77 		.ascii	"\267\003\035w\241\343Q\363\0323\231q\326h'B\221b]\023\213/\222"
 142      A1E3 51F3 
 142      1A33 9971 
 142      D668 2742 
 142      9162 5D13 
 143 0180 0D2D A19D 		.ascii	"\r-\241\235\245\231*\\\323#\333\274\360\242i\031\336\215\316"
 143      A599 2A5C 
 143      D323 DBBC 
 143      F0A2 6919 
 143      DE8D CE
 144 0193 B542 54BF 		.ascii	"\265BT\277y\024\363xq<\244%H\223\314\234\034\024\313h\337\272"
 144      7914 F378 
 144      713C A425 
 144      4893 CC9C 
 144      1C14 CB68 
 145 01a9 B28D 3027 		.ascii	"\262\2150'\316]t\373\317f]\275f2\023(\276|\335U\326\213\036^"
 145      CE5D 74FB 
 145      CF66 5DBD 
 145      6632 1328 
 145      BE7C DD55 
 146 01c1 AEA5 19C6 		.ascii	"\256\245\031\306t\277\270\207^\210O\360\325\261\020\230\340\314"
 146      74BF B887 
 146      5E88 4FF0 
 146      D5B1 1098 
 146      E0CC 
 147 01d3 C9C9 D505 		.ascii	"\311\311\325\0057[R]J\225\373\344\004\222\273\3068\262\302#b"
 147      375B 525D 
 147      4A95 FBE4 
 147      0492 BBC6 
 147      38B2 C223 
 148 01e8 6A9F DCDF 		.ascii	"j\237\334\337\265\215\320\204\021j\205-\224\2130H\"t\206\264"
 148      B58D D084 
 148      116A 852D 
 148      948B 3048 
 148      2274 86B4 
 149 01fc 3AB9 E318 		.ascii	":\271\343\030\251`\251^w\347r\201\302\222Q~\347\252o\275\027"
 149      A960 A95E 
 149      77E7 7281 
 149      C292 517E 
 149      E7AA 6FBD 
 150 0211 B3A4 E55A 		.ascii	"\263\244\345Z\374\355\342>\3764h(\242\342\003:\026\274L\210\321"
 150      FCED E23E 
 150      FE34 6828 
 150      A2E2 033A 
 150      16BC 4C88 
 151 0226 80DC EAE4 		.ascii	"\200\334\352\344\367\204\006\330\274\202\211p{\033\200G\216\344"
 151      F784 06D8 
 151      BC82 8970 
 151      7B1B 8047 
 151      8EE4 
 152 0238 2B46 8B2B 		.ascii	"+F\213+{7 =r\265\033\245\231\025w\003\254\337\226\017\247]\026"
 152      7B37 203D 
 152      72B5 1BA5 
 152      9915 7703 
 152      ACDF 960F 
 153 024f 4D8B 032E 		.ascii	"M\213\003.\313\346)\323g\236\374\243\363!3i\232u\3352\357\344"
 153      CBE6 29D3 
 153      679E FCA3 
 153      F321 3369 
 153      9A75 DD32 
 154 0265 4063 43AA 		.ascii	"@cC\252\246\251\371l\252\365BMS\252\376L&}\261\2419S{8-(\325"
 154      A6A9 F96C 
 154      AAF5 424D 
 154      53AA FE4C 
 154      267D B1A1 
 155 0280 5A4F 8D75 		.ascii	"ZO\215u\231\310\271\226\272K\247\323-i\342\337/\036\214\b\243"
 155      99C8 B996 
 155      BA4B A7D3 
 155      2D69 E2DF 
 155      2F1E 8C08 
 156               		.text
 157               		.section	.gnu.lto_StartModbusTimer0.2dce011,"",@progbits
 158 0000 789C 6361 		.string	"x\234ca`d"
 158      6064 00
 159 0007 8142 2025 		.string	"\201B %\r\244\305A\034f\006F&\006\206F\016&F\240h\003\007#C=\023c=\343W\246\277L\214\207\
 159      0DA4 C541 
 159      1C66 0646 
 159      2606 8646 
 159      0E26 46A0 
 160 0033 040F 8E3E 		.string	"\004\017\216>Jljh\225hef`\370\317\0046\205\201q9\243&\003P\331\243\215\377\246\362\262\26
 160      4A6C 6A68 
 160      9568 6566 
 160      60F8 CF04 
 160      3685 8171 
 161 011d 742E 0330 		.string	"t.\0030@$s2\223\364s\363S\222J\213\365s\223\322\022\363\222K2\363\363\f\364\222\031"
 161      4024 7332 
 161      93F4 73F3 
 161      5392 4A8B 
 161      F573 93D2 
 162 013d 8A17 897C 		.ascii	"\212\027\211|"
 163               		.text
 164               		.section	.gnu.lto_CheckCRC0.2dce011,"",@progbits
 165 0000 789C 9553 		.ascii	"x\234\225SMk\023Q\024}\347\275\351\314\344\243\322m1\013\267"
 165      4D6B 1351 
 165      147D E7BD 
 165      E9CC E4A3 
 165      D26D 310B 
 166 0015 05B1 41FF 		.ascii	"\005\261A\377\211\377\300T\204\202m\027\352:/_b\324\202\250\r"
 166      89FF C054 
 166      8482 6D17 
 166      EA3A 2F5F 
 166      62D4 82A8 
 167 002a 0895 BAA9 		.ascii	"\b\225\272\251\255\255Z\253\326\032uQJ\227AWua\004m\026AJ\221"
 167      ADAD 5AAB 
 167      D61A 7551 
 167      4A97 4157 
 167      7561 046D 
 168 0042 A4E8 A291 		.ascii	"\244\350\242\221f<w&H\300n:\213;\223\373q\316\271'\3579\nJ\236"
 168      663C 7726 
 168      48C0 6E3A 
 168      8B3B 93FB 
 168      71CE B927 
 169 005b B346 A993 		.ascii	"\263F\251\223|\237\226\037\003\nZ\251\234\257\265\243\224\215"
 169      7C9F 961F 
 169      030A 5AA9 
 169      9CAF B5A3 
 169      948D 
 170 006d B364 9306 		.ascii	"\263d\223\006\216\244\034\260\337\372PYm\034d\361[\037j\334\233"
 170      8EA4 1CB0 
 170      DFFA 5059 
 170      6D1C 64F1 
 170      5B1F 6ADC 
 171 0082 B9F3 EDC4 		.ascii	"\271\363\355\304\310\202\265y\373}\376K\262\270\270\201\022\207"
 171      C882 B579 
 171      FB7D FE4B 
 171      B2B8 B881 
 171      1287 
 172 0094 02AD 702E 		.ascii	"\002\255p.\205t\212\220X\300\210bkc\265;3\350\026-\237S\322\300"
 172      8574 8A90 
 172      58C0 8862 
 172      6B63 B53B 
 172      33E8 162D 
 173 00ac CA22 5CD1 		.ascii	"\312\"\\\321\260r~\303\006A\301\332z\372\247NB\021\3010\220\226"
 173      B072 7EC3 
 173      0641 C1DA 
 173      7AFA A74E 
 173      4211 C130 
 174 00c2 C165 D09E 		.ascii	"\301e\320\236|\371\f&&!\316\340$\244\240TK\220T[\363e\232\330"
 174      7CF9 0C26 
 174      2621 CEE0 
 174      24A4 A054 
 174      4B90 545B 
 175 00da ACB4 D786 		.ascii	"\254\264\327\206\005\267`\f9+\245\315O\336/]2\003\020\t\325\352"
 175      05B7 600C 
 175      392B A5CD 
 175      4FDE 2F5D 
 175      3203 1009 
 176 00f0 5EDD CB1E 		.ascii	"^\335\313\036\332\033\326\0161W\246RI\357\025\033\037\023sx\230"
 176      DA1B D60E 
 176      3157 A652 
 176      49EF 151B 
 176      1F13 7378 
 177 0105 B339 C9BB 		.ascii	"\2639\311\273X\342zO@\361X\306\034T\023\205\212\033\201:\021"
 177      58E2 7A4F 
 177      40F1 58C6 
 177      1C54 1385 
 177      8A1B 813A 
 178 011a 6EFD D6E7 		.ascii	"n\375\326\347\373\203\202\253\320\005\236\262\365\007z\035\356"
 178      FB83 82AB 
 178      D005 9EB2 
 178      F507 7A1D 
 178      EE
 179 012b 7F3C 5EA0 		.ascii	"\177<^\240\271%\236!\253\372%\371GH\362\313\006\241\244\335\332"
 179      B925 9E21 
 179      ABFA 25F9 
 179      4748 F2CB 
 179      06A1 A4DD 
 180 0140 F656 3C94 		.ascii	"\366V<\224\024\346cX\241\244\347\"\211\305G\235\203\355$g|\001"
 180      14E6 6358 
 180      A1A4 E722 
 180      89C5 479D 
 180      83ED 2467 
 181 0156 7941 85C2 		.ascii	"yA\205\302\254\260\212,\005\262>\337\371\3232B\241\021\004\006"
 181      ACB0 8A2C 
 181      05B2 3EDF 
 181      F9D3 3242 
 181      A111 0406 
 182 016a 2F91 2AD1 		.ascii	"/\221*\32121g\247\211H\245w\f7^\375s\343u\344F~\337\213P|\002"
 182      3231 67A7 
 182      8948 A577 
 182      0C37 5EFD 
 182      73E3 75E4 
 183 0185 F5BB 1363 		.ascii	"\365\273\023c\212\bK\007\371F\310o\320%\377\032g\3314{\275\326"
 183      8A08 4B07 
 183      F946 C86F 
 183      D025 FF1A 
 183      67D9 347B 
 184 019b 1B8B 1F63 		.ascii	"\033\213\037c\3577G\354\315\031\273\356\312\362\353\"H\341\255"
 184      EF37 47EC 
 184      CD19 BBEE 
 184      CAF2 EB22 
 184      48E1 AD
 185 01ae 6C1E 1365 		.ascii	"l\036\023e\235\233[=\222D\277\327N\350\365\343\273\325\333\036"
 185      9D9B 5B3D 
 185      9244 BFD7 
 185      4EE8 F5E3 
 185      BBD5 DB1E 
 186 01c2 C179 4435 		.ascii	"\301yD5U\240\032.\365N0vP\254\0272\275\177\220\303\341\315hi"
 186      55A0 1A2E 
 186      F54E 3076 
 186      50AC 1732 
 186      BD7F 90C3 
 187 01da 5A62 DA72 		.ascii	"Zb\332r\025\314.\362C\252 *\325>@\260\362\354\203e/:\002\006"
 187      15CC 2EF2 
 187      43AA 202A 
 187      D53E 40B0 
 187      F2EC 8365 
 188 01f2 EF91 D2B5 		.ascii	"\357\221\322\265\351x?%o\027> e\276N{\004\342\034\017\350\360"
 188      E978 3F25 
 188      6F17 3E20 
 188      65BE 4E7B 
 188      04E2 1C0F 
 189 0208 E5F1 CCE8 		.ascii	"\345\361\314\350\304\324\305\314\265+\243\023\231K\027&\307\256"
 189      C4D4 C5CC 
 189      B52B A313 
 189      994B 1726 
 189      C7AE 
 190 021a 8E4F 4DA6 		.ascii	"\216OM\246\317\214\251\277g\270\020\327"
 190      CF8C A9BF 
 190      67B8 10D7 
 191               		.text
 192               		.section	.gnu.lto_MBSerialSend.2dce011,"",@progbits
 193 0000 789C 9D96 		.ascii	"x\234\235\226_PTU\034\307\317\357\236{\367\037\013,\377\002\232"
 193      5F50 5455 
 193      1CC7 CFEF 
 193      9E7B F71F 
 193      0B2C FF02 
 194 0015 4D37 CB61 		.string	"M7\313a\254&d\234|\310w\336\243\247fz\t\254\031f\022g\262f\232^\366\302\262 e3\275\304\00
 194      AC26 649C 
 194      7CC8 77DE 
 194      A3A7 667A 
 194      09AC 1966 
 195 0116 510E CD07 		.string	"Q\016\315\007j\342\350\221\203\003\037;OO\326\230\370\213\"\354\335\245\241A\373\316:\n\3
 195      6AE2 E891 
 195      8303 1F3B 
 195      4F4F D698 
 195      F88B 22EC 
 196 017f 713B E836 		.string	"q;\3506\231Q\220\024\2745\245\322\220F\223\351t\227A\216\231\364H\245j\333p0o\247;\027\r;
 196      9951 9014 
 196      BC35 A5D2 
 196      9046 93E9 
 196      7497 418E 
 197 01c1 3EA3 AC10 		.string	">\243\254\0205\004\017B\311\231PO\227UZkh]\351\355\276,\254-B\250\266\266\331\233f\367\25
 197      3504 0F42 
 197      C999 504F 
 197      9755 5A6B 
 197      685D E9ED 
 198 023b A731 0F82 		.string	"\2471\017\202W\002\231l\201\361\347\315\030\333\376\205\361L\204\261\035\262\221\213\b:|\
 198      5702 996C 
 198      81F1 E7CD 
 198      18DB FE85 
 198      F14C 84B1 
 199 02c9 0EBF E2AB 		.string	"\016\277\342\253\t(\361W\225%\212u(w\216\263\265G\032m\322D\201\013\302;\244\340f\307\321
 199      0928 F157 
 199      9525 8A75 
 199      2877 8EB3 
 199      B547 1A6D 
 200 032e 0C60 B469 		.string	"\f`\264i(\323\367H\223\344u0\211aZ\377p\031\301\267"
 200      28D3 F748 
 200      93E4 7530 
 200      8961 5AFF 
 200      7019 C1B7 
 201 0343 3A18 05FA 		.ascii	":\030\005\372\355\362\322\260]\372\350oR\027_!PR\t\206\300\215"
 201      EDF2 D2B0 
 201      5DFA E86F 
 201      5217 5F21 
 201      5052 0986 
 202 0359 5868 53BF 		.ascii	"XhS\277\2742\317\345B\f\2079\\\005\247\227;\350KH0\332\306\020"
 202      BC32 CFE5 
 202      420C 8739 
 202      5C05 A797 
 202      3BE8 4B48 
 203 0371 8E64 5B28 		.ascii	"\216d[(\237\253z[\302\246\220\352T\242\321\272\2518E\035%\254"
 203      9FAB 7A5B 
 203      C2A6 90EA 
 203      54A2 D1BA 
 203      A938 451D 
 204 0387 66B9 9C4C 		.ascii	"f\271\234L3\374*\307\237\333\242\330\327\242j\2309wn\234G\213"
 204      33FC 2AC7 
 204      9FDB A2D8 
 204      D7A2 6A98 
 204      3977 6E9C 
 205 039d 3D8C 3560 		.ascii	"=\2145`F!\366u\022;M\212\375\367\032\\:\301\364\210u\343Y(\273"
 205      4621 F675 
 205      123B 4D8A 
 205      FDF7 1A5C 
 205      3AC1 F488 
 206 03b6 6620 6648 		.ascii	"f fH\211\253\333\027\3735\331\332\026\370\r\236B\316D\273\377"
 206      89AB DB17 
 206      FB35 D9DA 
 206      16F8 0D9E 
 206      42CE 44BB 
 207 03cb 877C 6333 		.ascii	"\207|c3\344\021\201\234.\220G\t9\023\223t/\227\367U\3575\322"
 207      E411 819C 
 207      2E90 4709 
 207      3913 9374 
 207      2F97 F755 
 208 03e2 4476 9AA4 		.ascii	"Dv\232\244\030;MR\005WD\340\331\322\211\2018\221\265\230\346"
 208      183B 4D52 
 208      0557 44E0 
 208      D9D2 8981 
 208      3891 B598 
 209 03f7 9361 0CB3 		.ascii	"\223a\f\263\336\244\254\360;\246\330\002\356\255\r\272d\037u"
 209      DEA4 ACF0 
 209      3BA6 D802 
 209      EEAD 0DBA 
 209      641F 75
 210 040a C96D 8C85 		.ascii	"\311m\214\205!\357`\343\te\007\252\363\244<N\331\306\221u\233"
 210      21EF 60E3 
 210      0965 07AA 
 210      F3A4 3C4E 
 210      D9C6 9175 
 211 041f 82EB 765C 		.ascii	"\202\353v\\h\330\035\331\240\"\225\230cTb\256\340<V%)0\211@\023"
 211      68D8 1DD9 
 211      A022 9598 
 211      6354 62AE 
 211      E03C 5625 
 212 0438 A292 BB42 		.ascii	"\242\222\273B,\271\353\371\206\217\032_f[t\350\324\030\241S+"
 212      2CB9 EBF9 
 212      868F 1A5F 
 212      665B 74E8 
 212      D418 A153 
 213 044d B81A AB56 		.ascii	"\270\032\253V3\0041\364\224\b\375\007\025F\312\333d\320\355h"
 213      3304 31F4 
 213      9408 FD07 
 213      1546 CADB 
 213      64D0 ED68 
 214 0461 7E7B AEEA 		.ascii	"~{\256\352\272\225\202\246\301J\230\376]}c\307\312\342\311\277"
 214      BA95 82A6 
 214      C14A 98FE 
 214      5D7D 63C7 
 214      CAE2 C9BF 
 215 0475 14FF 269E 		.ascii	"\024\377&\236\301\3140-\234\357I\347\310v\355\222\376\241K\325"
 215      C1CC 302D 
 215      9CEF 49E7 
 215      C876 ED92 
 215      FEA1 4BD5 
 216 0489 9309 72BB 		.ascii	"\223\tr\273v\301\314Sbl\024\353OQ\243\213\261\005\300+\236nh"
 216      76C1 CC53 
 216      626C 14EB 
 216      4F51 A38B 
 216      B105 C02B 
 217 04a0 6FE3 01DF 		.ascii	"o\343\001\337\307\270\273i\342_\274{\371\323\321ge\242\035\030"
 217      C7B8 BB69 
 217      E25F BC7B 
 217      F9D3 D167 
 217      65A2 1D18 
 218 04b4 A8BC 7364 		.ascii	"\250\274sd\f\244\252]\364\t\352\276\036=l^\013\234\002\263x\274"
 218      0CA4 AA5D 
 218      F409 EABE 
 218      1E3D 6C5E 
 218      0B9C 02B3 
 219 04ca 91EA DD37 		.ascii	"\221\352\3357(\037\3472\017\267K\347\310\261I\003\007\314\241"
 219      281F E732 
 219      0FB7 4BE7 
 219      C8B1 4903 
 219      07CC A1
 220 04dd 191E 2946 		.ascii	"\031\036)F=E2\272\035\r\232g\333\226\342\245\001\203\277\214"
 220      3D45 32BA 
 220      1D0D 9A67 
 220      DB96 E2A5 
 220      0183 BF8C 
 221 04f1 F3C4 3C1D 		.ascii	"\363\304<\035#!\244\3409\222\317\340\306<\222+v\016\371\n\373"
 221      2321 A4E0 
 221      3992 CFE0 
 221      C63C 922B 
 221      760E F90A 
 222 0506 035B 32F3 		.ascii	"\003[2\363\375\302\374\354\003\007\367\347\177t(\373@\376{\357"
 222      FDC2 FCEC 
 222      0307 F7E7 
 222      7F74 28FB 
 222      40FE 7BEF 
 223 051a 1415 7C58 		.ascii	"\024\025|Xx\260h\367\253\005L=T\370\311\273J\341~^\360A\301?"
 223      78B0 68F7 
 223      AB05 4C3D 
 223      54F8 C9BB 
 223      4AE1 7E5E 
 224 0532 426E 7132 		.ascii	"Bnq2"
 225               		.text
 226               		.section	.gnu.lto_UartReceivePacket.2dce011,"",@progbits
 227 0000 789C 9553 		.string	"x\234\225SMOSA\024\275g\346\315\353\243\202\260\324\370\026&\272a#\030\027\376\005W.\374\
 227      4D4F 5341 
 227      14BD 67E6 
 227      CDEB A382 
 227      B0D4 F816 
 228 0088 4A2B ED19 		.ascii	"J+\355\031?@\032?\325\226\302\320\310\255\342\376\316qk\007\355"
 228      3F40 1A3F 
 228      D596 C2D0 
 228      C8AD E2FE 
 228      CE71 6B07 
 229 009d D7C5 D2A9 		.ascii	"\327\305\322\251\3276w \307\3305E8\021\242;dR\214\243\2238u#"
 229      D736 7720 
 229      C7D8 3545 
 229      3811 A23B 
 229      6452 8CA3 
 230 00b5 BF3D D2E6 		.ascii	"\277=\322\346g-\217\303\222\300_\356\303\027\225\223g\346m\255"
 230      672D 8FC3 
 230      92C0 5FEE 
 230      C317 9593 
 230      67E6 6DAD 
 231 00c9 1659 3B74 		.ascii	"\026Y;t|\356H\022\304\b\036O02%\344\030\310\216\350\207\334\242"
 231      7CEE 4812 
 231      C408 1E4F 
 231      3032 25E4 
 231      18C8 8EE8 
 232 00e0 8AE2 457F 		.ascii	"\212\342E\177\303\302h\345C\306\bH\244=&\030\315-\274OTUN+\b"
 232      C3C2 68E5 
 232      43C6 0848 
 232      A43D 2618 
 232      CD2D BC4F 
 233 00f9 5FA1 50FE 		.ascii	"_\241P\376\224Ho\331k\326vp\354:\313\222p9\273\361n\337\030\356"
 233      9448 6FD9 
 233      6BD6 7670 
 233      EC3A CB92 
 233      7039 BBF1 
 234 0111 646C 46E2 		.ascii	"dlF\342\032\017\271\226\007`\245x\2041\320:\262\253Qj\027u\261"
 234      1A0F B996 
 234      0760 A578 
 234      8431 D03A 
 234      B2AB 516A 
 235 0128 F66B BE5D 		.ascii	"\366k\276]P\001\205\307\222W\227\240\235\204\3377\252\236\313"
 235      5001 85C7 
 235      9257 97A0 
 235      9D84 DF37 
 235      AA9E CB
 236 013b 359C FBE6 		.ascii	"5\234\373\346\355j\261\305)x\n>\337-\336\234k\027\256,\204\351"
 236      ED6A B1C5 
 236      2978 0A3E 
 236      DF2D DE9C 
 236      6B17 AE2C 
 237 0151 09C2 06D3 		.ascii	"\t\302\006\323D\203\351c4\241v\257o\336\036^\256Si,\001\2231"
 237      4483 E963 
 237      34A1 76AF 
 237      6FDE 1E5E 
 237      AE53 692C 
 238 0168 97E7 B8AA 		.ascii	"\227\347\270\252Sk\256\334&\212\233\212\213\3133%gl\227\326K"
 238      536B AEDC 
 238      268A 9B8A 
 238      8BCB 3325 
 238      676C 97D6 
 239 017d 6D8E C3B0 		.ascii	"m\216\303\260\310\220\304\307\22558\025\211\275\240\2617\364"
 239      C890 C4C7 
 239      9535 3815 
 239      89BD A0B1 
 239      37F4 
 240 018f B318 FAB9 		.ascii	"\263\030\372\271T#BM\343]V>7\360\202&\244N\307x/\376\177\007"
 240      5423 424D 
 240      E35D 563E 
 240      37F0 8226 
 240      A44E C778 
 241 01a7 8159 BA37 		.ascii	"\201Y\2727\373\247\325\275\203\301L\354\215\377\327\233/M{\363"
 241      FBA7 D5BD 
 241      83C1 4CEC 
 241      8DFF D79B 
 241      2F4D 7BF3 
 242 01bb 3226 2C38 		.ascii	"2&,8o\246\257.\347\223\316\033`\266NQQ\334\376\372;\006;(\022"
 242      6FA6 AF2E 
 242      E793 CE1B 
 242      60B6 4E51 
 242      51DC FEFA 
 243 01d4 2368 1360 		.ascii	"#h\023`\233\274\341\223\3776\034\377kx\205\320/\317\\\224\325"
 243      9BBC E193 
 243      FF36 1CFF 
 243      6B78 85D0 
 243      2FCF 5C94 
 244 01e9 48A7 7232 		.ascii	"H\247r2\267\351\301\013\275\251\256\276\201s\251+\227\272\372"
 244      B7E9 C10B 
 244      BDA9 AEBE 
 244      8173 A92B 
 244      97BA FA
 245 01fc 52E7 CFF6 		.ascii	"R\347\317\366\367\\\356\035\350\357>\326C;n.\021q"
 245      F75C EE1D 
 245      E8EF 3ED6 
 245      433B 6E2E 
 245      1171 
 246               		.text
 247               		.section	.gnu.lto_check_modbus_packet.2dce011,"",@progbits
 248 0000 789C 9D96 		.ascii	"x\234\235\226]lTE\024\307\347\177\347~v\267KKC\203I\037L4A4a"
 248      5D6C 5445 
 248      14C7 E77F 
 248      E77E 76B7 
 248      4B4B 4383 
 249 001b 697C F4D5 		.ascii	"i|\364\325\007}\325G\023\023[%i\002\205(>\357l\267[mb\214\211"
 249      077D D547 
 249      1313 5B25 
 249      6902 8528 
 249      3EEF 6CB7 
 250 0034 69FD 2A92 		.ascii	"i\375*\222\232\230*\245\224\325b]\220v\251\255\370Q\251\005Q"
 250      9A98 2AA5 
 250      94D5 625D 
 250      9076 A9AD 
 250      F851 A905 
 251 0049 A002 8587 		.ascii	"\240\002\205\207\306\220-q\265\330\030h\327s\346\336\275]\005"
 251      C690 2D71 
 251      B5D8 1868 
 251      D773 E6DE 
 251      BD5D 05
 252 005c B6D9 EEC3 		.ascii	"\266\331\356\303\231\357s~\363?3\263\327\024\020\374{\336\025"
 252      99EF 737E 
 252      F33F 33B3 
 252      D714 10FC 
 252      7BDE 15
 253 006f E261 2AF7 		.ascii	"\342a*\367q#*`\b\221t\rC\n\241j<2Qi\230a\3354,\256\273\\\267"
 253      7123 2A60 
 253      0891 740D 
 253      430A A16A 
 253      3C32 5169 
 254 008c 0C87 EB36 		.ascii	"\f\207\3536\327m\277\036\341"
 254      D76D BF1E 
 254      E1
 255 0095 BA83 08BB 		.string	"\272\203\b\273p\375\302\363\213\b(\232r!\022\2064-\333q\275\b\022\270e\254\030x\273\347\2
 255      70FD C2F3 
 255      8B08 289A 
 255      7221 1286 
 255      342D DB71 
 256 0196 E1DA 0E7F 		.string	"\341\332\016\177\252UE\304\3410\342\321 \342Lj\327\232\233\321\233\203\243\265\034\021\31
 256      AA55 45C4 
 256      E130 E2D1 
 256      20E2 4C6A 
 256      D79A 9BD1 
 257 0241 B214 86B8 		.string	"\262\024\206\270{\301S\252@<^\t\361De\304\257B\304\223\210\023\226\257\361\3557\037\3611#
 257      7BC1 53AA 
 257      403C 5E09 
 257      F144 65C4 
 257      AF42 C493 
 258 02c4 D66F 2AD4 		.string	"\326o*\324\357\233R\212\357\004)\216\021\326\206sz\272\022\325\267\353Q}\027R}\317Y\215\t
 258      EF9B 528A 
 258      EF04 298E 
 258      11D6 8673 
 258      7ABA 12D5 
 259 0364 3DC1 4017 		.string	"=\301@\027\356\017\244\037\202\213!\317\245\377\277U\215\204\261a\225\346*A\375\266\016\3
 259      EE0F A41F 
 259      828B 21CF 
 259      A5FF BF55 
 259      8D84 B161 
 260 0395 9D45 A7EF 		.ascii	"\235E\247\357\344<\312\037$\372\202\301U4y\207\307\367q\351\352"
 260      E43C CA1F 
 260      24FA 82C1 
 260      5534 7987 
 260      C7F7 71E9 
 261 03aa 96CD FFB9 		.ascii	"\226\315\377\271\264\210|>\260\273\255%\276g\357\213-\257\276"
 261      B488 7C3E 
 261      B0BB AD25 
 261      BE67 EF8B 
 261      2DAF BE
 262 03bd 12DF D3B2 		.ascii	"\022\337\323\262\353\205\366\326\375m{\333w\356h\025n\353\356"
 262      EB85 F6D6 
 262      FD6D 7BDB 
 262      77EE 6815 
 262      6EEB EE
 263 03d0 B697 DAF7 		.ascii	"\266\227\332\367?\375\344\277\321V\307\020"
 263      3FFD E4BF 
 263      D156 C710 
 264               		.text
 265               		.section	.gnu.lto___vector_18.2dce011,"",@progbits
 266 0000 789C      		.ascii	"x\234"
 267 0002 9555 DD6F 		.string	"\225U\335oTE\024\2373\263\367s\367\336m\b\244i\330\207\276\364\001\036\004\342\233>\3607\
 267      5445 149F 
 267      33B3 F773 
 267      F7DE 6D08 
 267      A469 D887 
 268 0103 3801 02A3 		.string	"8\001\002\243\340\305\004lM\310Xt\235\037\372\357\210gf\b\275\035\006\240C\341\302I0\221\
 268      E0C5 046C 
 268      4DC8 5874 
 268      9D1F FAEF 
 268      8867 6608 
 269 0197 C547 0717 		.string	"\305G\007\027A\301\232\215\260\\\302\036\253~\362\241\240\370\f\"\274\206\274,\314\016_K\
 269      41C1 9A8D 
 269      B05C C21E 
 269      AB7E F2A1 
 269      A0F8 0C22 
 270 01ef 0386 41ED 		.string	"\003\206A\355K\225\032R\374\005\351\302\247\345\030\371\256\324\302\251q\332\240o\240\013
 270      4B95 1A52 
 270      FC05 E9C2 
 270      A7E5 18F9 
 270      AED4 C2A9 
 271 02c6 00        		.string	""
 272 02c7 455C A1C2 		.ascii	"E\\\241\302g\237S\370\225\206\302\335P\254\277\313|\315\230R"
 272      679F 53F8 
 272      9586 C2DD 
 272      50AC BFCB 
 272      7CCD 9852 
 273 02db 1823 4FD0 		.ascii	"\030#O\320\357\323ag\256kb\363\256j\356\343\317v&\301\f.\346"
 273      EFD3 6167 
 273      AE6B 62F3 
 273      AE6A EEE3 
 273      CF76 26C1 
 274 02f2 FFF5 5467 		.ascii	"\377\365Tg2\270\246\305\302kX\240\353l\272v$\021^\004\r\253\261"
 274      32B8 A6C5 
 274      C26B 58A0 
 274      EB6C BA76 
 274      2411 5E04 
 275 0309 BA94 7F36 		.ascii	"\272\224\1776-\345\017\232\316\204\222r\244\357\375\201PJ\016"
 275      2DE5 0F9A 
 275      CE84 9272 
 275      A4EF FD81 
 275      504A 0E
 276 031c E5B0 97BC 		.ascii	"\345\260\227\274\372a\\\230\266T\372\365M\224|]\347\250\250\216"
 276      FA61 5C98 
 276      B654 FAF5 
 276      4D94 7C5D 
 276      E7A8 A88E 
 277 0330 49E7 4C85 		.ascii	"I\347L\205\262\001\201\344~\02184y\fnh\330I\204E0\325\213\245"
 277      B201 81E4 
 277      7E11 3834 
 277      790C 6E68 
 277      D849 8445 
 278 0348 B017 5B11 		.ascii	"\260\027[\021\233,\271c\035!\260n\304\350*\327q\264\227\356\363"
 278      9B2C B963 
 278      1D21 B06E 
 278      C4E8 2AD7 
 278      71B4 97EE 
 279 035d 95D7 710C 		.ascii	"\225\327q\fnb\236)\312C\213\243\243w\305\266Az`\202W\350\025"
 279      6E62 9E29 
 279      CA43 8BA3 
 279      A377 C5B6 
 279      417A 6082 
 280 0374 FA51 A66E 		.ascii	"\372Q\246n\225o\3274l\323\267\353\275zo\2645Q\321O\272\242\237"
 280      956F D734 
 280      6CD3 B7EB 
 280      BD7A 6FB4 
 280      3551 D14F 
 281 038b F555 925C 		.ascii	"\365U\222\\\206\231+\214\314\330jk\266\303-\275\373~\375&\271"
 281      8699 2B8C 
 281      CCD8 6A6B 
 281      B6C3 2DBD 
 281      FB7E FD26 
 282 03a0 976A 76F7 		.ascii	"\227jv\367o\353\204\277`B\271\023\204\210/\271\270\017\251\026"
 282      6FEB 84BF 
 282      6042 B913 
 282      8488 2FB9 
 282      B80F A916 
 283 03b4 F526 2F51 		.ascii	"\365&/Q\347#\343\266\335\273\222[:\367\276\221|g\337\226\316"
 283      E723 E3B6 
 283      DDBB 925B 
 283      3AF7 BE91 
 283      7C67 DF96 
 284 03c9 E4CE D7F7 		.ascii	"\344\316\327\367\354\330\277k\357\236\255/\354`\221\375ov\276"
 284      ECD8 BF6B 
 284      EF9E AD2F 
 284      EC60 91FD 
 284      6F76 BE
 285 03dc F53F 4E1A 		.ascii	"\365?N\032\233\336"
 285      9BDE 
 286               		.text
 287               		.section	.gnu.lto___vector_20.2dce011,"",@progbits
 288 0000 789C 7D90 		.ascii	"x\234}\220?K\202Q\024\306\317s\257\251\025B[D\016-\r.\351\330"
 288      3F4B 8251 
 288      14C6 CF73 
 288      AFA9 1542 
 288      5B44 0E2D 
 289 0018 7768 EB1B 		.ascii	"wh\353\033\244\021\b\251C5\277\327T\264ZZr\211p\b\322\376\230"
 289      A411 08A9 
 289      4335 BFD7 
 289      54B4 5A5A 
 289      7289 7008 
 290 002f 1914 4884 		.ascii	"\031\024H\204oBSQS\203\025\022\016\022!a`C\221\331\271\276mA"
 290      6F42 5351 
 290      5383 1512 
 290      0E12 2161 
 290      6043 91D9 
 291 0047 67B8 8773 		.ascii	"g\270\207s\317s\177\317\271\307F \035;\234F9\017\353B\022\004"
 291      CF73 7FCF 
 291      B9C7 4620 
 291      1D3B 9C46 
 291      390F EB42 
 292 005d 51D4 29C0 		.ascii	"Q\324)\300\267\312\t2\004\f\274\213\216@%\331(\tOVq<]\236\366"
 292      B7CA 0932 
 292      040C BC8B 
 292      8E40 25D9 
 292      2809 4F56 
 293 0076 AB9C 8984 		.ascii	"\253\234\211\204$\352\212\036\205\220\205\207XV/~o\270\354q-"
 293      24EA 8A1E 
 293      8590 8587 
 293      5856 2F7E 
 293      6FB8 EC71 
 294 008b 1BB3 9AC8 		.ascii	"\033\263\232\310\301\256\255\n\323\246\352vcJU}\265q\207\240"
 294      C1AE AD0A 
 294      D3A6 EA76 
 294      634A 557D 
 294      B571 87A0 
 295 009f 8484 D407 		.ascii	"\204\204\324\007Q\253\307x\023\234d\003\225\317\325Z~R\277\212"
 295      51AB C778 
 295      139C 6403 
 295      95CF D55A 
 295      7E52 BF8A 
 296 00b3 496D 9C4E 		.ascii	"Im\234NTn\035m\221\220\002\332 Y\256>\302*/\300\365\366\346}"
 296      546E 1D6D 
 296      9190 02DA 
 296      2059 AE3E 
 296      C22A 2FC0 
 297 00cb CA91 C156 		.ascii	"\312\221\301V4\316\363H\354\301\215]\270\331v\037\031P\003\261"
 297      34CE F348 
 297      ECC1 8D5D 
 297      B8D9 761F 
 297      1950 03B1 
 298 00df 2FBB C592 		.ascii	"/\273\305\222\026n\355\343\370\316\245\337K\224\201\003\226\262"
 298      166E EDE3 
 298      F8CE A5DF 
 298      4B94 8103 
 298      96B2 
 299 00f1 651A 5AF3 		.ascii	"e\032Z\363\037-\3174fhq{\375U\374\312K\245\346\203\303\350\250"
 299      1F2D CF34 
 299      6668 717B 
 299      FD55 FCCA 
 299      4BA5 E683 
 300 0108 9452 433C 		.ascii	"\224RC<\321\n/D\317\330\214\327o\0065EE\365\275\304!o\321\342"
 300      D10A 2F44 
 300      CFD8 8CD7 
 300      6F06 3545 
 300      45F5 BDC4 
 301 0120 1498 C38A 		.ascii	"\024\230\303\212\223\344uq\300\232\0028\342\3163b\346\331U\217"
 301      93E4 7571 
 301      C09A 0238 
 301      E2CE 3362 
 301      E6D9 558F 
 302 0134 4B7F C0B6 		.ascii	"K\177\300\266.\377\235P\204\301\013\353\243\027,\233\347S=\251"
 302      2EFF 9D50 
 302      84C1 0BEB 
 302      A317 2C9B 
 302      E753 3DA9 
 303 0148 8E96 6EF2 		.ascii	"\216\226n\362\356F\346\203~o(2\353_Z\360\206\374s3\341\300b0"
 303      EE46 E683 
 303      7E6F 2832 
 303      EB5F 5AF0 
 303      86FC 7333 
 304 0160 12F6 4D04 		.ascii	"\022\366M\004\350\007\261\b\224T"
 304      E807 B108 
 304      9454 
 305               		.text
 306               		.section	.gnu.lto___vector_19.2dce011,"",@progbits
 307 0000 789C 9554 		.ascii	"x\234\225TKO\023Q\024\276g\356L\247\264\266\265\020\210F\026"
 307      4B4F 1351 
 307      14BE 67EE 
 307      4CA7 B4B6 
 307      B510 8846 
 308 0015 6E5C 9018 		.ascii	"n\\\220\030\341\177\2701\374\003\2131!\021X\250k\246\264\225"
 308      E17F B831 
 308      FC03 8B31 
 308      2111 58A8 
 308      6BA6 B495 
 309 0029 C7C6 C4C4 		.ascii	"\307\306\304\304&\004\t\002\013P\224Z_X|0\324\212\317H\242\301"
 309      2604 0902 
 309      0B50 945A 
 309      5F58 7C30 
 309      D48A CF48 
 310 003f 2862 D09A 		.ascii	"(b\320\232\260@\322\320HU\020\250\347\334;\f\244Xcgqf\356\235"
 310      B040 D2D0 
 310      4855 10A8 
 310      E7DC 3B0C 
 310      A458 6367 
 311 0057 F37D E73B 		.ascii	"\363}\347;\337\234;*\003F\327\240\306\330\001\274\037\246\205"
 311      DF9C 3B2A 
 311      0346 D7A0 
 311      C6D8 01BC 
 311      1FA6 85
 312 006a C640 612C 		.ascii	"\306@a,\350T\024\316\230\341R1\354\341\240\322\226\n\230o8\201"
 312      E854 14CE 
 312      98E1 5231 
 312      ECE1 A0D2 
 312      960A 986F 
 313 0080 B52A 5C85 		.ascii	"\265*\\\205V\310)\033\n$\333\027\022J\315\220\201\327\347\310"
 313      56C8 291B 
 313      0A24 DB17 
 313      124A CD90 
 313      81D7 E7C8 
 314 0094 7899 316C 		.ascii	"x\2311lB\004\221yEP3\030\202\032\206i\351\370\346E\217#Li\007"
 314      4204 9179 
 314      4550 3318 
 314      821A 8669 
 314      E9F8 E645 
 315 00ad E54B 1806 		.ascii	"\345K\030\006\007\325\217\325\233F>\0372\214Ou\253\207\366q\026"
 315      07D5 8FD5 
 315      9B46 3E1F 
 315      328C 4F75 
 315      AB87 F671 
 316 00c2 A16A 1834 		.ascii	"\241j\0304\f\212NON\n.Z\272)x(x)\370(\370\351m9=UP\250\244PE"
 316      0C8A 4E4F 
 316      4E0A 2E5A 
 316      BA29 7828 
 316      7829 F828 
 317 00e1 81B1 6521 		.ascii	"\201\261e!\"\253\340\215/@[4\273ROUC\234\243\242h$9\255\257("
 317      22AB E08D 
 317      2F40 5B34 
 317      BB52 4F55 
 317      439C A3A2 
 318 00fb 11CE 8104 		.ascii	"\021\316\201\004&\022K\037\365\326\r\243\3030\366\342^'\366@"
 318      2612 4B1F 
 318      F5D6 0DA3 
 318      C330 F6E2 
 318      5E27 F640 
 319 010f DB8B AF66 		.ascii	"\333\213\257fR\256>\350\r\032b\037\340*6~\005\252Q\377\b\364"
 319      52AE 3EE8 
 319      0D1A 621F 
 319      E02A 367E 
 319      05AA 51FF 
 320 0125 015B 8064 		.ascii	"\001[\200d\264\337'Y\325\235\254\352_X\325N\254E\333K\341\364"
 320      B4DF 2759 
 320      D59D ACEA 
 320      5F58 D54E 
 320      AC45 DB4B 
 321 013b 6BB7 600D 		.ascii	"k\267`\r\322\276\006\327\221\365\232`\035\265X\327\\\222T\333"
 321      D2BE 06D7 
 321      91F5 9A60 
 321      1DB5 58D7 
 321      5C92 54DB 
 322 014f 49AA 09D2 		.ascii	"I\252\t\322\376l\367yN\3500ZMu!&\2407lA^\302\356\004B\001\020"
 322      FE6C F779 
 322      4EE8 305A 
 322      4D75 2126 
 322      A037 6C41 
 323 016a DB71 47B8 		.ascii	"\333qG\270\216"
 323      8E
 324 016f 4E40 5C60 		.string	"N@\\`o\"\026\213\tx<7\300eq\275\204\026n\331-\334\226:B\227\034\222\305\211DPW-\270\301R\
 324      6F22 168B 
 324      0978 3C37 
 324      C065 71BD 
 324      8416 6ED9 
 325 0270 4F0B DA2A 		.ascii	"O\013\332*F\366LtU!\304tmn\331\\\211\210\366\211\017s m\236$"
 325      46F6 4C74 
 325      5521 C474 
 325      6D6E D95C 
 325      8988 F689 
 326 028a 9B07 7B66 		.ascii	"\233\007{f;\364mc\236\333\306\274(\260\271\n\361\273l-\212~)"
 326      3BF4 6D63 
 326      9EDB C6BC 
 326      28B0 B90A 
 326      F1BB 6C2D 
 327 02a1 0454 89EF 		.ascii	"\004T\211\357\215\177g\276\bm\346\367\243\204\022C\260\214\023"
 327      8D7F 67BE 
 327      086D E6F7 
 327      A384 1243 
 327      B08C 13
 328 02b4 C170 A8F6 		.ascii	"\301p\250\366\237j\f\3246\265\234\b\234=]\333\0248y\274\271\341"
 328      9F6A 0CD4 
 328      36B5 9C08 
 328      9C3D 5DDB 
 328      1438 79BC 
 329 02ca 4C63 4B73 		.ascii	"LcKs\335\221\006\366\007\036-\332\355"
 329      DD91 06F6 
 329      071E 2DDA 
 329      ED
 330               		.text
 331               		.section	.gnu.lto___vector_9.2dce011,"",@progbits
 332 0000 789C 6361 		.string	"x\234ca`d"
 332      6064 00
 333 0007 013D 2025 		.string	"\001= %\r\244\305A\034f\006F&\006\206F\016&F\240h\003\007#C=\023c=\343W\246\277L\214\207\
 333      0DA4 C541 
 333      1C66 0646 
 333      2606 8646 
 333      0E26 46A0 
 334 0033 040F 9EEE 		.string	"\004\017\236\356\343lXq\200\261\225\231\201\341?\023\330\024\006\306\345\214\232\f@e\2176
 334      E36C 5871 
 334      80B1 9599 
 334      81E1 3F13 
 334      D814 06C6 
 335 0058 9164 5CC1 		.string	"\221d\\\301\310\006\262j}\320\201\206\377\377\233\033\032\356\032t\250\26300|"
 335      C806 B26A 
 335      7DD0 8186 
 335      FFFF 9B1B 
 335      1AEE 1A74 
 336 0072 EBFC C804 		.string	"\353\374\310\004\244\230\2371\036\372\362\341\337&f\220Z\240!\323Z\017\235g\377\302\324\3
 336      A498 9F31 
 336      1EFA F2E1 
 336      DF26 6690 
 336      5AA0 21D3 
 337 0122 7EB1 71F0 		.ascii	"~\261q\360"
 338               		.text
 339               		.section	.gnu.lto_.symbol_nodes.2dce011,"",@progbits
 340 0000 789C 5D8E 		.string	"x\234]\216K\n\3020\024E_\222&\255V\005[\377\277Z?\353|\255\b\202#\267`'\256A\207]\200kP\3
 340      4B0A C230 
 340      1445 5F92 
 340      26AD 5605 
 340      5BFF BF5A 
 341 0033 0617 0600 		.string	"\006\027\006"
 342 0037 5C22 C0E9 		.ascii	"\\\"\300\351\016@\270\026\347B\220R\310|\025#\367\325\004\205"
 342      0E40 B816 
 342      E742 9052 
 342      C87C 1523 
 342      F7D5 0485 
 343 004b A764 8F95 		.ascii	"\247d\217\225\211\2769\305\300\257g(}\265E\345\2539\206?u+r\272"
 343      89BE 39C5 
 343      C0AF 6728 
 343      7DB5 45E5 
 343      AB39 863F 
 344 0063 38E2 7BBA 		.ascii	"8\342{\272(d\037\354\345\005Fn\220\n3\310a`\303\201\264a\206"
 344      2864 1FEC 
 344      E505 466E 
 344      900A 33C8 
 344      6160 C381 
 345 007a 0D37 1C2B 		.ascii	"\r7\034+\023\360%6\235\201\347\030\377E\251\305\n[\256Xc\333"
 345      13F0 2536 
 345      9D81 E718 
 345      FF45 A9C5 
 345      0A5B AE58 
 346 0090 151B EC38 		.ascii	"\025\033\3548B\320\337\353\347\207\t\311,\025\207J3R\360z\020"
 346      42D0 DFEB 
 346      E787 09C9 
 346      2C15 874A 
 346      3352 F07A 
 347 00a5 6301 BBC3 		.ascii	"c\001\273\303;\0231\2755\273\221\335\223\320\366D\263\023\253"
 347      3B13 31BD 
 347      35BB 91DD 
 347      93D0 F644 
 347      B313 AB
 348 00b8 A365 AD99 		.ascii	"\243e\255\231J\323\301\027f\372d\307"
 348      4AD3 C117 
 348      66FA 64C7 
 349               		.text
 350               		.section	.gnu.lto_.refs.2dce011,"",@progbits
 351 0000 789C 158C 		.string	"x\234\025\214A\022\2020\020\004gBb2\313\006VD\221\302\362\377\257\360m\302\245\017S=\235A
 351      4112 8230 
 351      1004 6742 
 351      6232 CB06 
 351      5644 91C2 
 352 0022 7040 CE2C 		.ascii	"p@\316,'r\203\230l\200r\262\332Gx\242gX\241UZ\243\365d3m\245"
 352      2772 8398 
 352      6C80 72B2 
 352      DA47 78A2 
 352      6758 A155 
 353 003d BDD9 F764 		.ascii	"\275\331\367d;u`\372\224\031AF\201n\210\312\220\337\317\0164"
 353      3B75 60FA 
 353      9419 4146 
 353      816E 88CA 
 353      90DF CF0E 
 354 0052 C02B 5DB0 		.ascii	"\300+]\2603\324\3513\024\360\205\276\302\237\364\315\027LD\344"
 354      33D4 E933 
 354      14F0 85BE 
 354      C29F F4CD 
 354      174C 44E4 
 355 0066 EBA3 9111 		.ascii	"\353\243\221\021\320\203\361\2026j\247\035\320\207\361\345\271"
 355      D083 F182 
 355      366A A71D 
 355      D087 F1E5 
 355      B9
 356 0077 E5B6 5E6A 		.ascii	"\345\266^jO\350\205\275B\2152h\304\024\370\003\250\372\006\313"
 356      4FE8 85BD 
 356      428D 3268 
 356      C414 F803 
 356      A8FA 06CB 
 357               		.text
 358               		.section	.gnu.lto_.decls.2dce011,"",@progbits
 359 0000 789C B558 		.ascii	"x\234\265XyP\024g"
 359      7950 1467 
 360 0008 16EF AF7B 		.string	"\026\357\257{\270f8\fK\022\262\313n,\313T\261\265\033\304\\KR\265\233TL\355nv+\301\2121\3
 360      B866 380C 
 360      4B12 B2CB 
 360      6E2C CB54 
 360      B1B5 1BC4 
 361 0109 5C37 286C 		.ascii	"\\7(lu\261x\354\331\352e\266\2241Iv\260\355\025\200?\246\260"
 361      75B1 78EC 
 361      D9EA 65B6 
 361      9431 4976 
 361      B0ED 1580 
 362 0120 D5EB 203E 		.ascii	"\325\353 >\\S\201qZ\234\313\363v\360\270\376:\205\237`\306!\020"
 362      5C53 8171 
 362      5A9C CBF3 
 362      76F0 B8FE 
 362      3A85 9F60 
 363 0137 C9FA 2B11 		.ascii	"\311\372+\021\355\253J\220\263\n\016\203\214\007\276\306\275"
 363      EDAB 4A90 
 363      B30A 0E83 
 363      8C07 BEC6 
 363      BD
 364 0148 C12D 8A09 		.ascii	"\301-\212\t\367\325\263\214K\205\"6\251?W3\216/\201\370\202<"
 364      F7D5 B38C 
 364      4B85 2236 
 364      A93F 5733 
 364      8E2F 81F8 
 365 015e ABF0 F332 		.ascii	"\253\360\3632\\\237\340\250o\354\363\0258\3731>\257\202\274\016"
 365      5C9F E0A8 
 365      6FEC F315 
 365      38FB 313E 
 365      AF82 BC0E 
 366 0172 1284 A84B 		.ascii	"\022\204\250K\037Dc\306\376N2N0\032\244W9\326\257\316\254g\225"
 366      1F44 63C6 
 366      FE4E 324E 
 366      301A A457 
 366      39D6 AFCE 
 367 0189 07EE 798D 		.ascii	"\007\356y\215\"\366\305\371\032e\261-c\372\312\003\317\212\307"
 367      22F6 C5F9 
 367      1A65 B12D 
 367      63FA CA03 
 367      CF8A C7
 368 019c A2BC 49FA 		.ascii	"\242\274I\372o\200\fp\366\343Z\315\311\234yfg\220\325L\232\257"
 368      6F80 0C70 
 368      F6E3 5ACD 
 368      C99C 7966 
 368      6790 D54C 
 369 01b2 C579 BCC5 		.ascii	"\305y\274\305|Iy\304~\260\317?\"j\357U\226\013"
 369      7C49 79C4 
 369      7EB0 CF3F 
 369      226A EF55 
 369      960B 
 370 01c4 ECFB 4F20 		.string	"\354\373O 5\234\354O\252\025\266q\236\305+\315\256\275\232\341\331w\346~\336\323o\202t*\3
 370      359C EC4F 
 370      AA15 B671 
 370      9EC5 2BCD 
 370      AEBD 9AE1 
 371 02c5 713F 2DB5 		.string	"q?-\265\177(\255\256\334\325;\225y~\013\021\\\tX(&QV\"o)V\214\336\225\177\251M\353\276\00
 371      7F28 ADAE 
 371      DCD5 3B95 
 371      797E 0B11 
 371      5C09 5828 
 372 02f5 CE80 CE9A 		.string	"\316\200\316\232I+q\037B\003\b\336l\210V\006\321\032!|%\255\020\273\004\030\233^\351\226t
 372      492B 711F 
 372      4203 08DE 
 372      6C88 5606 
 372      D11A 217C 
 373 03b2 CEEA 6567 		.string	"\316\352eg\365Jg\215\304\331\330\027\327r=\205b\352l\346FO\031\257\201\022\220&\013\325\3
 373      F54A 678D 
 373      C4D9 D817 
 373      D772 3D85 
 373      62EA 6CE6 
 374 03ec BFBD 6934 		.string	"\277\275i4\225G\376Z\326\3319>\244\263\333\300X\253\314\"\030\367j\262\334\242\234\255?\3
 374      9547 FE5A 
 374      D6D9 393E 
 374      A4B3 DBC0 
 374      58AB CC22 
 375 04e0 B1B8 0EE7 		.string	"\261\270\016\347\243D\321\032\013j<\206\241Srh\247\224\241\365\222\320\026\222+\3075\302\
 375      A344 D11A 
 375      0B6A 3C86 
 375      A153 7268 
 375      A794 A1F5 
 376 0546 F0EA 9779 		.ascii	"\360\352\227y\365+y\r\022^\363\303\031#^\3024\357p\272g'f\247"
 376      F52B 790D 
 376      125E F3C3 
 376      1923 5EC2 
 376      34EF 70BA 
 377 055e E40A 7F47 		.ascii	"\344\n\177GK\024\227p\352K'\007\371\272D*tQ\252P\312\360\205"
 377      4B14 9770 
 377      EA4B 2707 
 377      F9BA 442A 
 377      7451 AA50 
 378 0575 131A 6096 		.ascii	"\023\032`\226\003\314\346\007\350k\347-\f\002\0226bCJb\303\204"
 378      03CC E607 
 378      E86B E72D 
 378      0C02 1236 
 378      6243 4A62 
 379 058b 586D 61CB 		.ascii	"Xma\313\016$$\b\217N\330e\3420\224\371\263\346\337\030\3272\177"
 379      0E24 2408 
 379      8F4E D865 
 379      E230 94F9 
 379      B3E6 DF18 
 380 05a2 178F BBDB 		.ascii	"\027\217\273\333R\001(4\"{\034Qz\034%\036\233\367\265\315x\n"
 380      5201 2834 
 380      227B 1C51 
 380      7A1C 251E 
 380      9BF7 B5CD 
 381 05b8 7BA8 C7D2 		.ascii	"{\250\307\322\222\371r\332\231~R&Nf\337\331\354\352\210\304U"
 381      92F9 72DA 
 381      997E 5226 
 381      4E66 DFD9 
 381      ECEA 88C4 
 382 05cd 4262 4C8A 		.ascii	"BbL\212:'\251r\233+c\221\331.E\r tE\346pE\311\341\032\341p\246"
 382      3A27 A972 
 382      9B2B 6391 
 382      D92E 450D 
 382      2074 45E6 
 383 05e9 A8B9 4D27 		.ascii	"\250\271M'\024Q\016{J\033\312uB5]\354\274\3225\341\004\204\320"
 383      1451 0E7B 
 383      4A1B CA75 
 383      4235 5DEC 
 383      BCD2 35E1 
 384 0600 75A2 0577 		.ascii	"u\242\005wJ\216\244w\350\204&\372xxr\342\037\370\351\017\360"
 384      4A8E A477 
 384      E884 26FA 
 384      7878 72E2 
 384      1FF8 E90F 
 385 0615 148D D32A 		.ascii	"\024\215\323*m\255(n\342\205#\024pn\357\236Z\204\02170\342G\212"
 385      6DAD 286E 
 385      E285 2314 
 385      706E EF9E 
 385      5A84 1137 
 386 062d F85F 3F6A 		.ascii	"\370_?j7Uimi\031\372\r\213g\347\337\022\305\326XP\3401\006}/"
 386      3755 696D 
 386      6919 FA0D 
 386      8B67 E7DF 
 386      12C5 D658 
 387 0647 0584 2690 		.ascii	"\005\204&\220\006\257\344\230n\221\230\022k\353\353tB\237\243"
 387      06AF E498 
 387      6E91 9812 
 387      6BEB EB74 
 387      429F A3
 388 065a 3054 CC6F 		.ascii	"0T\314oS^j\262S\364\346\275-\261\003\210q\250\352\344\341$\246"
 388      535E 6AB2 
 388      53F4 E6BD 
 388      2DB1 0388 
 388      71A8 EAE4 
 389 0671 BE45 284C 		.ascii	"\276E(L\332(\334\001\n\223J\nw\t\205\224\356\226r\017\341\362"
 389      DA28 DC01 
 389      0A93 4A0A 
 389      7709 8594 
 389      EE96 720F 
 390 0687 6351 B86F 		.ascii	"cQ\270o\217\3024\275yi\250+\333\215Q\350VQ\270g\2430\003\024"
 390      8FC2 34BD 
 390      7969 A82B 
 390      DB8D 51E8 
 390      5651 B867 
 391 069f EE29 29CC 		.ascii	"\356))\314\022\n\337\244w\217\272\t\023\217Ea\336\036\205\237"
 391      120A DFA4 
 391      778F BA09 
 391      138F 4561 
 391      DE1E 859F 
 392 06b3 E8CD B185 		.ascii	"\350\315\261\205\356\235N\214\302}\025\2059\033\205\007@aNIa"
 392      EE9D 4E8C 
 392      C27D 1585 
 392      391B 8507 
 392      4061 4E49 
 393 06c8 8150 C848 		.ascii	"\201P\310H\311\332\342!\314P\n\273\207\216^wy!O\034\201\267\331"
 393      C9DA E221 
 393      CC50 0ABB 
 393      878E 5E77 
 393      7921 4F1C 
 394 06df 9D30 2867 		.ascii	"\2350(g\254\206\354\004\037R+\212\r\344Cl\t\211\374\013\240\365"
 394      AC86 EC04 
 394      1F52 2B8A 
 394      0DE4 436C 
 394      0989 FC0B 
 395 06f5 A0AC 309B 		.ascii	"\240\2540\233\027\0224\304D\177mn\202\016L\344\344\212\326\311"
 395      1712 34C4 
 395      447F 6D6E 
 395      820E 4CE4 
 395      E48A D6C9 
 396 0709 2562 BC2B 		.ascii	"%b\274+\231\210X\236\032\220\372\b\326\3607\216\250wvL\226y\342"
 396      9988 589E 
 396      1A90 FA08 
 396      D6F0 378E 
 396      A877 764C 
 397 0720 0D79 FC63 		.ascii	"\ry\374cl~\001\377Sg\352\367\236\260\223\210\347\351V\242`\333"
 397      6C7E 01FF 
 397      5367 EAF7 
 397      9EB0 9388 
 397      E7E9 56A2 
 398 0736 C0BC 4ED8 		.ascii	"\300\274N\330A\335\347\335\277s[\013\356\023\362\340\3152\206"
 398      41DD E7DD 
 398      BF73 5B0B 
 398      EE13 F2E0 
 398      CD32 86
 399 0749 1244 2B22 		.ascii	"\022D+\"\300\304E\004\360:\201\007'I\204\303B\301x\267\227\220"
 399      C0C4 4504 
 399      F03A 8107 
 399      2749 84C3 
 399      42C1 78B7 
 400 075f 416D 548C 		.ascii	"AmT\214\374\324\250\241[~oX\3369Zx\307\213n\371S\361\026?\243"
 400      FCD4 A8A1 
 400      5B7E 6F58 
 400      DE39 5A78 
 400      C78B 6EF9 
 401 0778 E16E 8713 		.ascii	"\341n\207\023}\354\212\2277\246\246=\035\177Ol\345\331\367\304"
 401      7DEC 8A97 
 401      37A6 A63D 
 401      1D7F 4F6C 
 401      E5D9 F7C4 
 402 078c 169E B0CF 		.ascii	"\026\236\260\317\357lk\366\024\262\251\247\330\257\333;4\302"
 402      EF6C 6BF6 
 402      14B2 A9A7 
 402      D8AF DB3B 
 402      34C2 
 403 079e 7EBA C84C 		.ascii	"~\272\310L*\272*\b\245t\261\267O\254\3268\266\372\205d5\220\030"
 403      2ABA 2A08 
 403      A574 B1B7 
 403      4FAC D638 
 403      B6FA 8564 
 404 07b5 DD3E 9BB3 		.ascii	"\335>\233\263\337\231\356\366\273m\273}\031\235\312{K:\200\326"
 404      DF99 EEF6 
 404      BB6D BB7D 
 404      199D CA7B 
 404      4B3A 80D6 
 405 07c9 C45F F86E 		.ascii	"\304_\370n\326\t\371"
 405      D609 F9
 406 07d0 2CF7 5FBE 		.ascii	",\367_\276\213j$\213\350S\305vj;\344f'\357C\362\365%\357\217"
 406      8B6A 248B 
 406      E853 C576 
 406      6A3B E466 
 406      27EF 43F2 
 407 07e8 BEE2 97A3 		.ascii	"\276\342\227\243]\374r\362\263\222K\266h=W\376YW\377\225(&9c"
 407      5DFC 72F2 
 407      B392 4BB6 
 407      683D 57FE 
 407      5957 FF95 
 408 0800 DB68 0753 		.ascii	"\333h\007S\260YX\201\275\256\304\037\203dKg=|\332K\024]1\206"
 408      B059 5881 
 408      BDAE C41F 
 408      8364 4B67 
 408      3D7C DA4B 
 409 0818 63EF 3966 		.ascii	"c\3579f\013\276wjv<\r\357\343V\204wp\333\034\033\302?K\203W+"
 409      0BBE 776A 
 409      763C 0DEF 
 409      E356 8477 
 409      70DB 1C1B 
 410 0832 9C85 0E92 		.ascii	"\234\205\016\222 ~\270\240\347\357\310\337\207\332o8\215\260"
 410      207E B8A0 
 410      E7EF C8DF 
 410      87DA 6F38 
 410      8DB0 
 411 0844 FD34 50DD 		.ascii	"\3754P\335\315\333^\245\330\035\307\331\217q\017\304"
 411      CDDB 5EA5 
 411      D81D C7D9 
 411      8F71 0FC4 
 412 0854 E528 4670 		.string	"\345(Fp\325\2202\236\341\"\177>}JL\247\360~(\231\307\214\366\222\204ne\tE\3557\032*\234p\
 412      D590 329E 
 412      E122 7F3E 
 412      7D4A 4CA7 
 412      F07E 2899 
 413 0955 8745 8F0C 		.ascii	"\207E\217\f\350\"q\362?\3706\\\273\222\263\235\217\366\002\350"
 413      E822 71F2 
 413      3FF8 365C 
 413      BB92 B39D 
 413      8FF6 02E8 
 414 0969 A722 C2E6 		.ascii	"\247\"\302\346 \224\275\220\316\375\310\367\223\363N\264\243"
 414      2094 BD90 
 414      CEFD C8F7 
 414      93F3 4EB4 
 414      A3
 415 097a 46C8 8862 		.ascii	"F\310\210b\333\371\360\374\033\322\026\305\244\243H\fd\001\032"
 415      DBF9 F0FC 
 415      1BD2 16C5 
 415      A4A3 480C 
 415      6401 1A
 416 098d D50F 7AB6 		.ascii	"\325\017z\266y)\207\272HU\345\022\305P\343\005h\334\355\351\335"
 416      7929 87BA 
 416      4855 E512 
 416      C550 E305 
 416      68DC EDE9 
 417 09a2 8754 2D84 		.ascii	"\207T-\204?\033e\225C\2641\360\331.\272A\205.e\350R\202N<]|\305"
 417      3F1B 6595 
 417      43B4 31F0 
 417      D92E BA41 
 417      852E 65E8 
 418 09bd 4985 3EA6 		.ascii	"I\205>\246B\2271t\031A\307^\254\254\327\250\320\301J\356\345"
 418      4297 3174 
 418      1941 C75E 
 418      ACAC D7A8 
 418      D0C1 4AEE 
 419 09d2 0C5C 4EC0 		.ascii	"\f\\N\300[onyZ\205=\253\262\\\301\300\025\004|\341@J\226\233"
 419      5B6F 6E79 
 419      5A85 3DAB 
 419      B25C C1C0 
 419      1504 7CE1 
 420 09ea 0A8D E74C 		.ascii	"\n\215\347LF\177\313\320\337:\210\361\204\312v%CW\022t\366\375"
 420      467F CBD0 
 420      DF3A 88F1 
 420      84CA 7625 
 420      4357 1274 
 421 0a00 F144 B56D 		.ascii	"\361D\265m<,\212\177\2030t\025A\247\247^\261\272\253\320\373"
 421      3C2C 8A7F 
 421      8330 7415 
 421      41A7 A75E 
 421      B1BA ABD0 
 422 0a15 54E8 C30C 		.ascii	"T\350\303\f}\230\240\223\343\352\026\274\204\t:\001\303\375u"
 422      7D98 A093 
 422      E3EA 16BC 
 422      8409 3A01 
 422      C3FD 75
 423 0a28 DDBC BFA2 		.ascii	"\335\274\277\242\321\340g\256Z\3563@\\\317.:\242\265\367\243"
 423      D1E0 67AE 
 423      5AEE 3340 
 423      5CCF 2E3A 
 423      A2B5 F7A3 
 424 0a3c 58C3 DBFD 		.ascii	"X\303\333\375Q\354\236H,W\377\007\247V\325-u\214L\035!S\227w"
 424      51EC 9E48 
 424      2C57 FF07 
 424      A756 D52D 
 424      758C 4C1D 
 425 0a54 66C8 4385 		.ascii	"f\310C\205\036P\245\245\236\241\3531Z(>WY\345\212\330t\220\031"
 425      1E50 A5A5 
 425      9EA1 EB31 
 425      5A28 3E57 
 425      59E5 8AD8 
 426 0a6b 107B 106A 		.ascii	"\020{\020j\"C\200\007\342Mr\235\3146\214\316\370\323\\\032\341"
 426      2243 8007 
 426      E24D 729D 
 426      CC36 8CCE 
 426      F8D3 5C1A 
 427 0a80 2632 060D 		.ascii	"&2\006\r\320\346\215x\220ai\267(}*\357\315\314{\263\203\022v"
 427      D0E6 8D78 
 427      9061 69B7 
 427      287D 2AEF 
 427      CDCC 7BB3 
 428 0a97 AAD0 2D0C 		.ascii	"\252\320-\f\215\317\256\177y\177\355\322U+Wr.1\346\bK\220\336"
 428      8DCF AE7F 
 428      797F EDD2 
 428      552B 5772 
 428      2E31 E608 
 429 0aae A237 BE11 		.ascii	"\2427\276\021\2621*r}\224a\303\322u\346pS\364R\377\317\202^\373"
 429      B231 2A72 
 429      7D94 61C3 
 429      D275 E670 
 429      53F4 52FF 
 430 0ac6 6D88 C1B2 		.ascii	"m\210\301\262\301\024\036\022m\211\t3G\206\374! 0\304\022\031"
 430      C114 1E12 
 430      6D89 0933 
 430      4786 FC21 
 430      2030 C412 
 431 0adb 196E FCD8 		.ascii	"\031n\374\330`\216\b1l\212\n\"\177^\\\037\021\363\242\352~\210"
 431      608E 0831 
 431      6C8A 0A22 
 431      7F5E 5C1F 
 431      11F3 A2EA 
 432 0af1 39C2 181E 		.ascii	"9\302\030\036\023f\002\3050\260\037\3601\347\025\025\375J\320"
 432      1366 02C5 
 432      30B0 1FF0 
 432      31E7 1515 
 432      FD4A D0
 433 0b04 AB7A CB67 		.ascii	"\253z\313gzS\204!4\334\364l\2709t\305\206\310\260\320\230\350"
 433      7A53 8421 
 433      34DC F46C 
 433      B839 74C5 
 433      86C8 B0D0 
 434 0b1a 1501 012B 		.ascii	"\025\001\001+\214\221\021\353\314\353e\\\224\204\363\320\033"
 434      8C91 11EB 
 434      CCEB 655C 
 434      9484 F3D0 
 434      1B
 435 0b2b A38C 2B5F 		.ascii	"\243\214+_\323\307l\f3XL\256\230-\254,\306\377\017\335\030\213"
 435      D3C7 6C0C 
 435      3358 4CAE 
 435      982D AC2C 
 435      C6FF 0FDD 
 436 0b41 393C 8438 		.ascii	"9<\2048\004*Z \021f\216\306,\236S\260\335\020\272\316\020a\264"
 436      042A 5A20 
 436      1166 8EC6 
 436      2C9E 53B0 
 436      DD10 BACE 
 437 0b58 9823 2302 		.ascii	"\230##\002\003\214\234\233\215\251\023\321{j\215\305\020ey\217"
 437      038C 9C9B 
 437      8DA9 13D1 
 437      7B6A 8DC5 
 437      1065 798F 
 438 0b6c 403F 346F 		.ascii	"@?4o0E\005\272\255\372\330d\374d\325\007\253\002\335\337{{\215"
 438      3045 05BA 
 438      ADFA D864 
 438      FC64 D507 
 438      AB02 DDDF 
 439 0b83 29CA 6C08 		.ascii	")\312l\b_c\212\b{j-\340>0\031M\346M\246\325\006\343'&\313/\214"
 439      5F63 8A08 
 439      7B6A 2DE0 
 439      3E30 194D 
 439      E64D A6D5 
 440 0b9e 18A8 A76E 		.ascii	"\030\250\247n\364\033\311=\235^\277\311d\264DF\351W\0069G\233"
 440      F41B C93D 
 440      9D5E BFC9 
 440      64B4 4446 
 440      E957 0639 
 441 0bb4 D747 18C2 		.ascii	"\327G\030\30251\321\2460o\323g\026S\024\254\302\377\245\337d"
 441      3531 D1A6 
 441      306F D367 
 441      1653 14AC 
 441      C2FF A5DF 
 442 0bc9 8E36 837F 		.ascii	"\2166\203\177\031\372R\240B\355u\255\355\372u\335;\006\213\341"
 442      19FA 52A0 
 442      42ED 75AD 
 442      EDFA 75DD 
 442      3B06 8BE1 
 443 0bdd ED98 75EB 		.ascii	"\355\230u\3530-0\243'\311\326\321;k\314\237\233\0025\253V\177"
 443      302D 30A3 
 443      27C9 D6D1 
 443      3B6B CC9F 
 443      9B02 35AB 
 444 0bf3 1888 CCEE 		.ascii	"\030\210\314\356\026\303z\032\303\273\021\026\024\352(|\310\321"
 444      16C3 7A1A 
 444      C3BB 1116 
 444      14EA 287C 
 444      C8D1 
 445 0c05 7BC1 EFBC 		.ascii	"{\301\357\274\275v\215\376\335\367?t\332\bv\002\2356\256}\347"
 445      BD76 8DFE 
 445      DDF7 3F74 
 445      DA08 7602 
 445      9D36 AE7D 
 446 0c1a 8340 E768 		.ascii	"\203@\347h\013T+P\003\031\216\362\210\211\300\304MaK\361\352"
 446      0B54 2B50 
 446      0319 8EF2 
 446      8889 C0C4 
 446      4D61 4BF1 
 447 0c2f BF70 0A07 		.ascii	"\277p\n\007\033"
 447      1B
 448               		.text
 449               		.section	.gnu.lto_.symtab.2dce011,"",@progbits
 450 0000 7573 655F 		.string	"use_rs485"
 450      7273 3438 
 450      3500 
 451 000a 00        		.string	""
 452 000b 04        		.ascii	"\004"
 453 000c 00        		.string	""
 454 000d 0100      		.string	"\001"
 455 000f 00        		.string	""
 456 0010 00        		.string	""
 457 0011 00        		.string	""
 458 0012 00        		.string	""
 459 0013 00        		.string	""
 460 0014 00        		.string	""
 461 0015 0201 00   		.string	"\002\001"
 462 0018 00        		.string	""
 463 0019 4368 6563 		.string	"CheckCRC0"
 463      6B43 5243 
 463      3000 
 464 0023 00        		.string	""
 465 0024 00        		.string	""
 466 0025 00        		.string	""
 467 0026 00        		.string	""
 468 0027 00        		.string	""
 469 0028 00        		.string	""
 470 0029 00        		.string	""
 471 002a 00        		.string	""
 472 002b 00        		.string	""
 473 002c 00        		.string	""
 474 002d 00        		.string	""
 475 002e DA00      		.string	"\332"
 476 0030 00        		.string	""
 477 0031 00        		.string	""
 478 0032 4461 7461 		.string	"DataBuffer0"
 478      4275 6666 
 478      6572 3000 
 479 003e 00        		.string	""
 480 003f 04        		.ascii	"\004"
 481 0040 00        		.string	""
 482 0041 4000      		.string	"@"
 483 0043 00        		.string	""
 484 0044 00        		.string	""
 485 0045 00        		.string	""
 486 0046 00        		.string	""
 487 0047 00        		.string	""
 488 0048 00        		.string	""
 489 0049 00        		.string	""
 490 004a 0100      		.string	"\001"
 491 004c 00        		.string	""
 492 004d 4D42 5365 		.string	"MBSerialSend"
 492      7269 616C 
 492      5365 6E64 
 492      00
 493 005a 00        		.string	""
 494 005b 00        		.string	""
 495 005c 00        		.string	""
 496 005d 00        		.string	""
 497 005e 00        		.string	""
 498 005f 00        		.string	""
 499 0060 00        		.string	""
 500 0061 00        		.string	""
 501 0062 00        		.string	""
 502 0063 00        		.string	""
 503 0064 00        		.string	""
 504 0065 DF00      		.string	"\337"
 505 0067 00        		.string	""
 506 0068 00        		.string	""
 507 0069 4350 5430 		.string	"CPT0"
 507      00
 508 006e 00        		.string	""
 509 006f 04        		.ascii	"\004"
 510 0070 00        		.string	""
 511 0071 1200      		.string	"\022"
 512 0073 00        		.string	""
 513 0074 00        		.string	""
 514 0075 00        		.string	""
 515 0076 00        		.string	""
 516 0077 00        		.string	""
 517 0078 00        		.string	""
 518 0079 1901 00   		.string	"\031\001"
 519 007c 00        		.string	""
 520 007d 7055 4452 		.string	"pUDR0"
 520      3000 
 521 0083 00        		.string	""
 522 0084 04        		.ascii	"\004"
 523 0085 00        		.string	""
 524 0086 0200      		.string	"\002"
 525 0088 00        		.string	""
 526 0089 00        		.string	""
 527 008a 00        		.string	""
 528 008b 00        		.string	""
 529 008c 00        		.string	""
 530 008d 00        		.string	""
 531 008e 1F01 00   		.string	"\037\001"
 532 0091 00        		.string	""
 533 0092 5561 7274 		.string	"UartReceivePacket"
 533      5265 6365 
 533      6976 6550 
 533      6163 6B65 
 533      7400 
 534 00a4 00        		.string	""
 535 00a5 00        		.string	""
 536 00a6 00        		.string	""
 537 00a7 00        		.string	""
 538 00a8 00        		.string	""
 539 00a9 00        		.string	""
 540 00aa 00        		.string	""
 541 00ab 00        		.string	""
 542 00ac 00        		.string	""
 543 00ad 00        		.string	""
 544 00ae 00        		.string	""
 545 00af E200      		.string	"\342"
 546 00b1 00        		.string	""
 547 00b2 00        		.string	""
 548 00b3 6368 6563 		.string	"check_modbus_packet"
 548      6B5F 6D6F 
 548      6462 7573 
 548      5F70 6163 
 548      6B65 7400 
 549 00c7 00        		.string	""
 550 00c8 00        		.string	""
 551 00c9 00        		.string	""
 552 00ca 00        		.string	""
 553 00cb 00        		.string	""
 554 00cc 00        		.string	""
 555 00cd 00        		.string	""
 556 00ce 00        		.string	""
 557 00cf 00        		.string	""
 558 00d0 00        		.string	""
 559 00d1 00        		.string	""
 560 00d2 E600      		.string	"\346"
 561 00d4 00        		.string	""
 562 00d5 00        		.string	""
 563 00d6 5F5F 7665 		.string	"__vector_18"
 563      6374 6F72 
 563      5F31 3800 
 564 00e2 00        		.string	""
 565 00e3 00        		.string	""
 566 00e4 00        		.string	""
 567 00e5 00        		.string	""
 568 00e6 00        		.string	""
 569 00e7 00        		.string	""
 570 00e8 00        		.string	""
 571 00e9 00        		.string	""
 572 00ea 00        		.string	""
 573 00eb 00        		.string	""
 574 00ec 00        		.string	""
 575 00ed EF00      		.string	"\357"
 576 00ef 00        		.string	""
 577 00f0 00        		.string	""
 578 00f1 5F5F 7665 		.string	"__vector_20"
 578      6374 6F72 
 578      5F32 3000 
 579 00fd 00        		.string	""
 580 00fe 00        		.string	""
 581 00ff 00        		.string	""
 582 0100 00        		.string	""
 583 0101 00        		.string	""
 584 0102 00        		.string	""
 585 0103 00        		.string	""
 586 0104 00        		.string	""
 587 0105 00        		.string	""
 588 0106 00        		.string	""
 589 0107 00        		.string	""
 590 0108 F400      		.string	"\364"
 591 010a 00        		.string	""
 592 010b 00        		.string	""
 593 010c 5F5F 7665 		.string	"__vector_19"
 593      6374 6F72 
 593      5F31 3900 
 594 0118 00        		.string	""
 595 0119 00        		.string	""
 596 011a 00        		.string	""
 597 011b 00        		.string	""
 598 011c 00        		.string	""
 599 011d 00        		.string	""
 600 011e 00        		.string	""
 601 011f 00        		.string	""
 602 0120 00        		.string	""
 603 0121 00        		.string	""
 604 0122 00        		.string	""
 605 0123 F900      		.string	"\371"
 606 0125 00        		.string	""
 607 0126 00        		.string	""
 608 0127 5F5F 7665 		.string	"__vector_9"
 608      6374 6F72 
 608      5F39 00
 609 0132 00        		.string	""
 610 0133 00        		.string	""
 611 0134 00        		.string	""
 612 0135 00        		.string	""
 613 0136 00        		.string	""
 614 0137 00        		.string	""
 615 0138 00        		.string	""
 616 0139 00        		.string	""
 617 013a 00        		.string	""
 618 013b 00        		.string	""
 619 013c 00        		.string	""
 620 013d FE00      		.string	"\376"
 621 013f 00        		.string	""
 622 0140 00        		.string	""
 623               		.text
 624               		.section	.gnu.lto_.opts,"",@progbits
 625 0000 272D 666E 		.ascii	"'-fno-math-errno' '-fno-signed-zeros' '-fno-trapping-math' '"
 625      6F2D 6D61 
 625      7468 2D65 
 625      7272 6E6F 
 625      2720 272D 
 626 003c 2D66 6E6F 		.ascii	"-fno-trapv' '-fno-openmp' '-fno-openacc' '-mn-flash=1' '-mno"
 626      2D74 7261 
 626      7076 2720 
 626      272D 666E 
 626      6F2D 6F70 
 627 0078 2D73 6B69 		.ascii	"-skip-bug' '-mrelax' '-mcall-prologues' '-mmcu=avr5' '-gdwar"
 627      702D 6275 
 627      6727 2027 
 627      2D6D 7265 
 627      6C61 7827 
 628 00b4 662D 3227 		.ascii	"f-2' '-Os' '-fu"
 628      2027 2D4F 
 628      7327 2027 
 628      2D66 75
 629 00c3 6E73 6967 		.string	"nsigned-char' '-fpack-struct' '-fshort-enums' '-flto' '-fmerge-all-constants' '-ffast-mat
 629      6E65 642D 
 629      6368 6172 
 629      2720 272D 
 629      6670 6163 
 630               		.text
 631               		.comm	__gnu_lto_v1,1,1
 632               		.comm	__gnu_lto_slim,1,1
 633               		.ident	"GCC: (AVR_8_bit_GNU_Toolchain_3.6.0_1734) 5.4.0"
DEFINED SYMBOLS
                            *ABS*:00000000 mbfanction0.c
C:\Users\apapk\AppData\Local\Temp\ccCttc9Z.s:2      *ABS*:0000003e __SP_H__
C:\Users\apapk\AppData\Local\Temp\ccCttc9Z.s:3      *ABS*:0000003d __SP_L__
C:\Users\apapk\AppData\Local\Temp\ccCttc9Z.s:4      *ABS*:0000003f __SREG__
C:\Users\apapk\AppData\Local\Temp\ccCttc9Z.s:5      *ABS*:00000000 __tmp_reg__
C:\Users\apapk\AppData\Local\Temp\ccCttc9Z.s:6      *ABS*:00000001 __zero_reg__
                            *COM*:00000001 __gnu_lto_v1
                            *COM*:00000001 __gnu_lto_slim

NO UNDEFINED SYMBOLS
