   1               		.file	"MBServer.c"
   2               	__SP_H__ = 0x3e
   3               	__SP_L__ = 0x3d
   4               	__SREG__ = 0x3f
   5               	__tmp_reg__ = 0
   6               	__zero_reg__ = 1
   7               		.text
   8               	.Ltext0:
   9               		.section	.gnu.lto_.profile.2dcc0fe,"",@progbits
  10 0000 789C 6361 		.string	"x\234ca`d`e`"
  10      6064 6065 
  10      6000 
  11 000a 92C7 188B 		.string	"\222\307\030\213"
  11      00
  12 000f 0344 0145 		.ascii	"\003D\001E"
  13               		.text
  14               		.section	.gnu.lto_.icf.2dcc0fe,"",@progbits
  15 0000 789C 6361 		.string	"x\234ca`d"
  15      6064 00
  16 0007 017F 0604 		.string	"\001\177\006\004\340ex\263\372\312D.\306\345\353\357'1\235\371zi3\007K\377\355g\2239\330\
  16      E065 78B3 
  16      FACA 442E 
  16      C6E5 EBEF 
  16      2731 9DF9 
  17 0061 00        		.string	""
  18 0062 7354 293A 		.ascii	"sT):"
  19               		.text
  20               		.section	.gnu.lto_.jmpfuncs.2dcc0fe,"",@progbits
  21 0000 789C 4D4E 		.string	"x\234MN9\016\302@\f\234\361:\312BH\370"
  21      390E C240 
  21      0C9C F13A 
  21      CA42 48F8 
  21      00
  22 0011 1F4D B515 		.string	"\037M\265\025\r\005\337"
  22      0D05 DF00 
  23 0019 5A7E 4095 		.ascii	"Z~@\225'\320\206:U$*$\020\353\265Dp\341c\016\215\025\204\325"
  23      27D0 863A 
  23      5524 2A24 
  23      10EB B544 
  23      70E1 630E 
  24 0031 80A5 3610 		.ascii	"\200\2456\0202\244\3042(\322\027\215\222L5\020C^\352L+\337\302"
  24      32A4 C432 
  24      28D2 178D 
  24      924C 3510 
  24      435E EA4C 
  25 0048 CFF4 98DA 		.ascii	"\317\364\230\332\247\354\003X\361\304\035 \275d\365jQ\375\303"
  25      A7EC 0358 
  25      F1C4 1D20 
  25      BD64 F56A 
  25      51FD C3
  26 005b 6BA0 C984 		.ascii	"k\240\311\204{\017\257\3731\232\227\214<\273\250<\340\301\n\003"
  26      7B0F AFFB 
  26      319A 978C 
  26      3CBB A83C 
  26      E0C1 0A03 
  27 006f 2CBB B5E8 		.ascii	",\273\265\350\316\232af\275\215\327\271\361X\345\305\254\333"
  27      CE9A 6166 
  27      BD8D D7B9 
  27      F158 E5C5 
  27      ACDB 
  28 0081 1FED 37BE 		.ascii	"\037\3557\276\203v\037s"
  28      8376 1F73 
  29               		.text
  30               		.section	.gnu.lto_.inline.2dcc0fe,"",@progbits
  31 0000 789C 8D8F 		.ascii	"x\234\215\217\315\r\3020\f\205\237S\213\246?I\212\004\210[\305"
  31      CD0D C230 
  31      0C85 9F53 
  31      8BA6 3F49 
  31      8A04 885B 
  32 0015 228C 904D 		.ascii	"\"\214\220M\030\001\301\b\031\201;\027F`\004Fa\004\234\206\224"
  32      1801 C108 
  32      1981 3B17 
  32      4660 0446 
  32      6104 9C86 
  33 002a E686 0F8E 		.ascii	"\346\206\017\216\365\336\027\3770\b1.\351\231\242\007\234%\""
  33      F5DE 17FF 
  33      3008 312E 
  33      E999 A207 
  33      9C25 22
  34 003d 2D5A B57B 		.ascii	"-Z\265{\337\t\253\333\250\240^\216\243M\030\016$)\272\366q*\315"
  34      DF09 ABDB 
  34      A8A0 5E8E 
  34      A34D 180E 
  34      2429 BAF6 
  35 0054 4A3E 53F0 		.ascii	"J>S\360\252\223\232\241k\001c\033\325\006\237@\211:\352\245\244"
  35      AA93 9AA1 
  35      6B01 631B 
  35      D506 9F40 
  35      893A EAA5 
  36 0069 D16F 72CF 		.ascii	"\321or\317Y_\366T\b\276\201\331\222\232 \212\211KR\222^\342-"
  36      595F F654 
  36      08BE 81D9 
  36      929A 208A 
  36      894B 5292 
  37 0080 B892 3122 		.ascii	"\270\2221\"\317c:\324N$\251\262\302&\301=\232u^ \333|\033yf\202"
  37      CF63 3AD4 
  37      4E24 A9B2 
  37      C226 C13D 
  37      9A75 5E20 
  38 009a 0FDE C09A 		.ascii	"\017\336\300\232\357A\277\313\365\3638Q\226\207}6\207\353\271"
  38      EF41 BFCB 
  38      F5F3 3851 
  38      9687 7D36 
  38      87EB B9
  39 00ad 6C91 7682 		.ascii	"l\221v\202\373\203\301\007\177\025$\233"
  39      FB83 C107 
  39      7F15 249B 
  40               		.text
  41               		.section	.gnu.lto_.pureconst.2dcc0fe,"",@progbits
  42 0000 789C 6361 		.string	"x\234ca`d\220d``\340a\220b\224`\221b\227\342\220\342\224\342b\341\226\340\221\340e\345\22
  42      6064 9064 
  42      6060 E061 
  42      9062 9460 
  42      9162 97E2 
  43 0025 158C 019A 		.ascii	"\025\214\001\232"
  44               		.text
  45               		.section	.gnu.lto_memrevercy.2dcc0fe,"",@progbits
  46 0000 789C 7D93 		.ascii	"x\234}\223OHTA\034\307\34773o\367\355\037w74)X\302\203\"v\310"
  46      4F48 5441 
  46      1CC7 E737 
  46      336F F7ED 
  46      1F77 3734 
  47 001b A063 75E9 		.ascii	"\240cu\351\322\251K]\352\350?H\310\f\323N\202\263\377\334H\350"
  47      D2A9 4B5D 
  47      EAE8 3F48 
  47      C80C D34E 
  47      82B3 FFDC 
  48 0031 5024 16AE 		.ascii	"P$\026\256\036B4\255t-+3j3j+E\261S\207\016\351\301CPlf\tZn\277"
  48      1E42 34AD 
  48      742D 2B33 
  48      6A33 6A2B 
  48      45B1 5387 
  49 0050 DFCC 5BD8 		.ascii	"\337\314[\330\"\032\0363o~\357\373\371\315\357\317<\311\200\321"
  49      221A 1E33 
  49      6F7E EFFB 
  49      F9CD EFCF 
  49      3CC9 80D1 
  50 0064 A894 8CED 		.ascii	"\250\224\214\355\305\365\020m\\\f8c\021\233\203\244E\320\362"
  50      C5F5 106D 
  50      5C0C 3863 
  50      119B 83A4 
  50      45D0 F2
  51 0077 DC96 5C30 		.ascii	"\334\226\\0\246\274\026N~\013\020S6\260..\244\005]\\23\276\363"
  51      A6BC 164E 
  51      7E0B 1053 
  51      36B0 2E2E 
  51      A405 5D5C 
  52 008f 5F1C 6693 		.ascii	"_\034f\223\253\323\274fX\341\370\230\370v:\242\022\273\022\310"
  52      ABD3 BC66 
  52      58E1 F898 
  52      F876 3AA2 
  52      12BB 12C8 
  53 00a3 E6B9 D1C0 		.ascii	"\346\271\321\3000\324\240\352e~#\023\\\347\t\001@\320\273\334"
  53      30D4 A0EA 
  53      657E 2313 
  53      5CE7 0901 
  53      40D0 BBDC 
  54 00b7 7CCA 475B 		.ascii	"|\312G[\016!\334\216\375\310>\001\261\033\030\276\277\231\333"
  54      0E21 DC8E 
  54      FDC8 3E01 
  54      B11B 18BE 
  54      BF99 DB
  55 00ca 1C10 D543 		.ascii	"\034\020\325CJE\225\272\272S\211\204\0200\n\002\375\301-\b\303"
  55      4A45 95BA 
  55      BA53 8984 
  55      1030 0A02 
  55      FDC1 2D08 
  56 00df 0884 199A 		.ascii	"\b\204\031\232\030\214A5\252\243\333\335K\\\354\321\344\326L"
  56      188C 4135 
  56      AAA3 DBDD 
  56      4B5C ECD1 
  56      E4D6 4C
  57 00f2 76C4 76C8 		.ascii	"v\304v\310g;\210\224p\333\220\007\302\260\2378\311\340\016T\223"
  57      673B 8894 
  57      70DB 9007 
  57      C2B0 9F38 
  57      C9E0 0E54 
  58 0107 7871 72AB 		.ascii	"xqr\253\207\213J\r\216\016\017\204\253n\022\227Ie\003q\225\211"
  58      878B 4A0D 
  58      8E0E 0F84 
  58      AB6E 1297 
  58      4965 0371 
  59 011d 5410 7BB7 		.ascii	"T\020{\267\230\245\201\322\241\271\027O\003\242Fc\357{.+\313"
  59      98A5 81D2 
  59      A1B9 174F 
  59      03A2 4663 
  59      EF7B 2E2B 
  60 0132 E16E 24B9 		.ascii	"\341n$\271\232P6a\023\377\300V\322\333\327J\\q*R\005\244\241"
  60      9A50 3661 
  60      13FF C056 
  60      D2DB D74A 
  60      5C71 2A52 
  61 0149 0AC6 A1CA 		.ascii	"\n\306\241\312\224\b&\301\205\345\345\005\353\370\361\214\312"
  61      9408 26C1 
  61      85E5 E505 
  61      EBF8 F18C 
  61      CA
  62 015a E763 2A73 		.ascii	"\347c*s\335\375\245o\303.\003F_$P\334\026f`\271p\0027P\3766U"
  62      DDFD A56F 
  62      C32E 0346 
  62      5F24 50DC 
  62      1666 60B9 
  63 0175 C2C3 08F3 		.ascii	"\302\303\b\363\342\253\313G\223\237\246\022\022\005h\n\222&D"
  63      E2AB CB47 
  63      939F A612 
  63      1205 680A 
  63      9226 44
  64 0188 60A9 F6C4 		.ascii	"`\251\366\304XNw\346+\307E\254@43\230\f\350 \360#F\332\233\230"
  64      584E 77E6 
  64      2BC7 45AC 
  64      4034 3398 
  64      0CE8 20F0 
  65 01a1 5D74 5367 		.ascii	"]tSg$\236|\017\302Z\212\375\024\253\020]K\276J\235$mL\340\003"
  65      249E 7C0F 
  65      C25A 8AFD 
  65      14AB 105D 
  65      4BBE 4A9D 
  66 01ba 6C15 62FD 		.ascii	"l\025b\375.\263\267c\302\215V4E7/\255\2031z\212\375\t]\263\215"
  66      2EB3 B763 
  66      C28D 5634 
  66      4537 2FAD 
  66      8331 7A8A 
  67 01d3 ECDB 8BFE 		.ascii	"\354\333\213\376AHE\250\024\247\250#\310\302}:\007\246`\020\030"
  67      4148 45A8 
  67      14A7 A823 
  67      C8C2 7D3A 
  67      07A6 6010 
  68 01e8 46A4 0EEB 		.ascii	"F\244\016\353x0+t\301\364\271\013\251N\343\322\033\303\036\222"
  68      7830 2B74 
  68      C1F4 B90B 
  68      A94E E3D2 
  68      1BC3 1E92 
  69 01fc C96D F63E 		.ascii	"\311m\366>'\216>'\016\277\226\370\f\365\223\033c\t\332I\324\353"
  69      278E 3E27 
  69      0EBF 96F8 
  69      0CF5 931B 
  69      6309 DA49 
  70 0212 8802 68A2 		.ascii	"\210\002h\242^nn\345\204\271\223\371\274\200\007\030DQFA\235"
  70      5E6E 6EE5 
  70      84B9 93F9 
  70      BC80 0718 
  70      4451 4641 
  71 0227 5140 67E4 		.ascii	"Q@g\3445\246PQ\002\240C\017:\241?\244\320Q\331\273\\F\322\277"
  71      35A6 5051 
  71      02A0 430F 
  71      3AA1 3FA4 
  71      D051 D9BB 
  72 023f 133D F867 		.ascii	"\023=\370g\242\217P\215\3364\220\376\274\344\376\017R8`Z#\036"
  72      A28F 508D 
  72      DE34 90FE 
  72      BCE4 FE0F 
  72      5238 605A 
  73 0255 9D45 F776 		.ascii	"\235E\367v\377\025\247\302\245\230>\222S\311\371\264\3274\r\340"
  73      FF15 A7C2 
  73      A598 3E92 
  73      53C9 F9B4 
  73      D734 0DE0 
  74 0269 3102 2BC0 		.ascii	"1\002+\300\013=E\221\356\2414\355\0161c\324U\233\350\376\340"
  74      0B3D 4591 
  74      EEA1 34ED 
  74      0E31 63D4 
  74      559B E8FE 
  75 027e 94C8 C2BA 		.ascii	"\224\310\302\272\026\377\246\026:\230AG\313\020_\210\225\033"
  75      16FF A616 
  75      3A98 4147 
  75      CB10 5F88 
  75      951B 
  76 0290 0D06 60D1 		.ascii	"\r\006`\321\325Y\303C\360f\360\327\002}\213>\017:G\273\370\204"
  76      D559 C343 
  76      F066 F0D7 
  76      027D 8B3E 
  76      0F3A 47BB 
  77 02a6 7769 FA28 		.ascii	"wi\372(I\365\255\317q\272\326\214\225\237i\256\257mim\254\357"
  77      49F5 ADCF 
  77      71BA D68C 
  77      959F 69AE 
  77      AF6D 696D 
  78 02bc 385F 7BEC 		.ascii	"8_{\354\310\211\246\266\013Mm\373\032\230l\254k\257\263\032Z"
  78      C889 A6B6 
  78      0B4D 6DFB 
  78      1A98 6CAC 
  78      6BAF B31A 
  79 02d1 3BCE B6CB 		.ascii	";\316\266\313\366\246\226s\320\374\033\200.Fk"
  79      F6A6 9673 
  79      D0FC 1B80 
  79      2E46 6B
  80               		.text
  81               		.section	.gnu.lto_modbus_ok.2dcc0fe,"",@progbits
  82 0000 789C 6553 		.ascii	"x\234eS[KTQ\024\336\337\336\3472W5(!8\017B\230\b\221A\377\240"
  82      5B4B 5451 
  82      14DE DFDE 
  82      E732 5735 
  82      2821 380F 
  83 001b F77A D0DE 		.ascii	"\367z\320\336\003\323\207\201\"\320\354\241\227\331\316\231I"
  83      03D3 8781 
  83      22D0 ECA1 
  83      97D9 CE99 
  83      49
  84 002c 2504 21B4 		.ascii	"%\004!\264\253DD\215\2265YiM\371p\210\302\227\201\240\233\224"
  84      AB44 448D 
  84      9635 5969 
  84      4DF9 7088 
  84      C297 81A0 
  85 0042 8565 2425 		.ascii	"\205e$%\206\216\330E\302\246\265\316\021\233h?\354\313\332\337"
  85      868E D845 
  85      C2A6 B5CE 
  85      119B 683F 
  85      ECCB DADF 
  86 0056 F7AD B53E 		.ascii	"\367\255\265>\3666\004\004\217F%\304\016Z\367\361!$ \205\350"
  86      F636 0404 
  86      8F46 25C4 
  86      0E5A F7F1 
  86      2124 2085 
  87 006b 0C49 690B 		.ascii	"\fIi\013\241#t\245cJ\232\2747xo\300\344k3\270\2668d\301\346\220"
  87      A123 74A5 
  87      634A 9ABC 
  87      3778 6FC0 
  87      E46B 33B8 
  88 0085 0D92 D321 		.ascii	"\r\222\323!\210\244T\206i\331H\342\233\\\2238\325\3377SQ\237"
  88      88A4 5486 
  88      69D9 48E2 
  88      9B5C 9338 
  88      D5DF 3753 
  89 009b D53A A5DF 		.ascii	"\325:\245\337\177:\2679=\344!C\262%)\260\333\301.\207\222\"\213"
  89      7F3A B739 
  89      3DE4 2143 
  89      B225 29B0 
  89      DBC1 2E87 
  90 00b2 7A42 3E29 		.ascii	"zB>)\375\360*WdF\001L|\266T\030\214\362Q\242\212\216WO~\037\216"
  90      FDF0 2A57 
  90      6446 014C 
  90      7CB6 5418 
  90      8CF2 51A2 
  91 00cd A8AD 10B4 		.ascii	"\250\255\020\264\177~a\261\337\256\273\302\232\372\364\026\255"
  91      7F7E 61B1 
  91      DFAE BBC2 
  91      9AFA F416 
  91      AD
  92 00de 324A E11A 		.ascii	"2J\341\032\024k\016\303\301\020\034A!\201\353\250#\364x\266w"
  92      146B 0EC3 
  92      C110 1C41 
  92      2181 EBA8 
  92      23F4 78B6 
  93 00f3 5EA9 6D3E 		.ascii	"^\251m>\363K\366\314xx\235\371n\0233\005F\002fP\r\327\206\033"
  93      F34B F6CC 
  93      7878 9DF9 
  93      6E13 3305 
  93      4602 6650 
  94 010b A863 F0C4 		.ascii	"\250c\360\304\331\276\241J\265\335'\236\037\\|QQ{\231\211\336"
  94      D9BE A14A 
  94      B5DD 279E 
  94      1F5C 7C51 
  94      517B 9989 
  95 0120 4C47 5A7B 		.ascii	"LGZ{\2355\314\275Y\316\345A\320\331\321\337\375q+\255i\324 \207"
  95      9D35 CCBD 
  95      59CE E541 
  95      D0D9 D1DF 
  95      FD71 2BAD 
  96 0138 5AEE 9544 		.ascii	"Z\356\225Do\301\"\207\300\221\\\243\247K%W{S\365\223\253f\005"
  96      6FC1 2287 
  96      C091 5CA3 
  96      A74B 2557 
  96      7B53 F593 
  97 014f 38AB A4C9 		.ascii	"8\253\244\311\260h2\311I"
  97      B068 32C9 
  97      49
  98 0158 2A20 2C18 		.string	"* ,\030\031\0057\021\243\260\025\347I\210%\026\023EI\213\372\f\327{\235`eWY\2249\237_\230
  98      1905 3711 
  98      A3B0 15E7 
  98      4988 2516 
  98      1345 498B 
  99 0259 8E7C DB1B 		.ascii	"\216|\333\033\241\360XWa4\022\204\201\207p\314\221\305j\276\266"
  99      A1F0 5857 
  99      6134 1284 
  99      8187 70CC 
  99      91C5 6ABE 
 100 026e 2672 1112 		.ascii	"&r\021\022$>\271^}(\321\334p\370HKsG{\303\336=M\255m\307Z\333"
 100      243E B95E 
 100      7D28 D1DC 
 100      70F8 484B 
 100      7347 7BC3 
 101 028a 761E 14E1 		.ascii	"v\036\024\341\375m\035\355G\233\022\307[e\242\305\342\365@\343"
 101      FD6D 1DED 
 101      479B 12C7 
 101      5B65 A2C5 
 101      E2F5 40E3 
 102 029e 1FBB E41A 		.ascii	"\037\273\344\032\305"
 102      C5
 103               		.text
 104               		.section	.gnu.lto_Modbus_enable.2dcc0fe,"",@progbits
 105 0000 789C 7552 		.ascii	"x\234uR\315K\033A\024\237\337\314fwm)xR\244A\274\211\027m\251"
 105      CD4B 1B41 
 105      149F DFCC 
 105      6677 6D29 
 105      7852 A441 
 106 0019 8267 EF5E 		.ascii	"\202g\357^\364?H\353A\260\b\221z\315d\223m\264\207\202\007s\023"
 106      F43F 48EB 
 106      41B0 0891 
 106      7ACD 6493 
 106      6DB4 8782 
 107 0030 DB83 2469 		.ascii	"\333\203$ik\255\255Z\202\227\030\324\"\024\304\203\240x\251\036"
 107      6BAD AD5A 
 107      8297 18D4 
 107      2214 C483 
 107      A078 A91E 
 108 0044 8204 0FF1 		.ascii	"\202\004\017\361\253-\005\223\2767\033\304C\234\303\316\2747"
 108      AB2D 0593 
 108      BE37 1BC4 
 108      439C C3CE 
 108      BC37 
 109 0056 EFF7 F1DE 		.ascii	"\357\367\361\336\254% x\365J!\332io\345@\tP\030w%\350R\273\020"
 109      AC25 2078 
 109      F54A 21DA 
 109      696F E540 
 109      0950 1877 
 110 006f 3189 18AE 		.ascii	"1\211\030\256\345\215D1U\312\313\256\214\246\365\313O)\235-\300"
 110      E58D 4431 
 110      55CA CBAE 
 110      8CA6 F5CB 
 110      4F29 9D2D 
 111 0084 5742 D4A4 		.ascii	"WB\324\244a\021\310\240\213\252\336}\367\316\\\325\006A\347\334"
 111      6111 C8A0 
 111      8BAA DE7D 
 111      F7CE 5CD5 
 111      0641 E7DC 
 112 0098 CEC6 163A 		.ascii	"\316\306\026:\027\264\366\264\276l\326\312W@\026\212\020x\026"
 112      17B4 F6B4 
 112      BE6C D6CA 
 112      5740 168A 
 112      1078 16
 113 00ab C693 B0A0 		.ascii	"\306\223\260\240\204@\016\235\\|\262\\\235}d'\231\276# \305\007"
 113      8440 0E9D 
 113      5C7C B25C 
 113      9D7D 6427 
 113      99BE 2320 
 114 00c1 D86C 7169 		.ascii	"\330lqi\250\240k\265\204\3263O\263\262I\021JZ\374\261\301X\207"
 114      A8A0 6BB5 
 114      84D6 334F 
 114      B3B2 4911 
 114      4A5A FCB1 
 115 00d8 8F42 548C 		.ascii	"\217BT\214\215sI\233*\301\273\252\274}\314x\"N\373\305]\347J"
 115      8D73 499B 
 115      2AC1 BBAA 
 115      BC7D CC78 
 115      224E FBC5 
 116 00ef FA4A 1953 		.ascii	"\372J\031S\371\374\331\221\023\273\321SZ7Sn\232Z\340t\371\347"
 116      F9FC D991 
 116      13BB D153 
 116      5A37 536E 
 116      9A5A E074 
 117 0105 FEE6 8379 		.ascii	"\376\346\203y\314\305\265\311[\370D}\177D\230l,b\036Tq\260~\270"
 117      CCC5 B5C9 
 117      5BF8 447D 
 117      7F44 986C 
 117      2C62 1E54 
 118 011d 1862 1E0B 		.ascii	"\030b\036\013\333\300g\272*\241\370\357\315\357\r\305B\t\245"
 118      DBC0 67BA 
 118      2AA1 F8EF 
 118      CDEF 0DC5 
 118      4209 A5
 119 0130 EE6A 858C 		.ascii	"\356j\205\214\326q|\367\364a\020V8~\177\272\372G\262H\222Fg\343"
 119      D671 7CF7 
 119      F461 1056 
 119      387E 7FBA 
 119      FA47 B248 
 120 0148 0BC2 5832 		.ascii	"\013\302X2\022\313$At\211\277v\300e\005t+\233?^\273\214\247\347"
 120      12CB 2441 
 120      7489 BF76 
 120      C065 0574 
 120      2B9B 3F5E 
 121 0160 C0D7 4031 		.ascii	"\300\327@1\215z_\367\222}#2\242\240b\357\"U=\257\333s\022\312"
 121      8D7A 5FF7 
 121      927D 2332 
 121      A2A0 62EF 
 121      2255 3DAF 
 122 0178 E6D4 2DFE 		.ascii	"\346\324-\376\326\253\323`.\3164M\253\301\\\\\254\322\\V\214"
 122      D6AB D360 
 122      2ECE 344D 
 122      ABC1 5C5C 
 122      ACD2 5C56 
 123 018d CE9A D171 		.ascii	"\316\232\321qD\031^a\317bV\363#T$!\351\031Z\306F#=/\307_D^M\364"
 123      4419 5E61 
 123      CF62 56F3 
 123      2354 2421 
 123      E919 5AC6 
 124 01ab 0C0E 0C8F 		.ascii	"\f\016\f\217D'G\242\335\317E(:\321\333\337\367\037\303?\300I"
 124      4427 47A2 
 124      DDCF 4528 
 124      3AD1 DBDF 
 124      F71F C33F 
 125               		.text
 126               		.section	.gnu.lto_Modbus_disable.2dcc0fe,"",@progbits
 127 0000 789C 7591 		.string	"x\234u\221;K\003A\024\205\357\235\331< \244U\213\024\266i\214\277\301\336F\377A4\205\240\
 127      3B4B 0341 
 127      1485 EF9D 
 127      D93C 20A4 
 127      558B 14B6 
 128 0054 41AE 632A 		.string	"A\256c*\003T\373e\303\001\031\200\036dH\247\"\210\220b\230\302w\366\315\320^vNX4/h\335\23
 128      0354 FB65 
 128      C301 1980 
 128      1E64 48A7 
 128      2288 9062 
 129 00a7 5C8F F1C6 		.ascii	"\\\217\361\306\250p\007\355\246\233\215H\021\321,\303\256\007"
 129      A870 07ED 
 129      A69B 8D48 
 129      11D1 2CC3 
 129      AE07 
 130 00b9 9ACC E00C 		.ascii	"\232\314\340\f%\334\\=s\230j\313H\375\323\325\351\022\313\341"
 130      25DC 5C3D 
 130      7398 6ACB 
 130      48FD D3D5 
 130      E912 CBE1 
 131 00cd 969E D185 		.ascii	"\226\236\321\205\b\031\234\343.Fp\007#\344\272\2079\374M #\334"
 131      0819 9CE3 
 131      2E46 7007 
 131      23E4 BA87 
 131      39FC 4D20 
 132 00e3 A71B 6950 		.ascii	"\247\033iP\266\272\006\233G\325\227\016\261\"\307//6\326\265"
 132      B6BA 069B 
 132      47D5 970E 
 132      B122 C72F 
 132      2F36 D6B5 
 133 00f7 3FC4 831E 		.ascii	"?\304\203\036\261H\304.\342\323|\265\271d\244\271F\262\007\275"
 133      B148 C42E 
 133      E2D3 7CB5 
 133      B964 A4B9 
 133      46B2 07BD 
 134 010b DE08 298C 		.ascii	"\336\b)\214+\203n7\252\037*\030JF\251\307(\023\203\364\351/\277"
 134      2B83 6E37 
 134      AA1F 2A18 
 134      4A46 A9C7 
 134      2813 83F4 
 135 0122 12FB 94FE 		.ascii	"\022\373\224\376f\345z-\254R\266\220\222x\036\026vB\376K;$\032"
 135      66E5 7A2D 
 135      AC52 B690 
 135      9278 1E16 
 135      7642 FE4B 
 136 0139 31E0 1917 		.ascii	"1\340\031\027k\267\232\234\366\376\302\245\327\002z\314\276\351"
 136      6BB7 9A9C 
 136      F6FE C2A5 
 136      D702 7ACC 
 136      BEE9 
 137 014b A978 6C66 		.ascii	"\251xlfv2>?\027\033\035\031O$\027\022\311\241\t\370\001\244v"
 137      7632 3E3F 
 137      171B 1D19 
 137      4F24 1712 
 137      C9A1 09F8 
 138 0162 9823      		.ascii	"\230#"
 139               		.text
 140               		.section	.gnu.lto_ServerReadInputRegister.2dcc0fe,"",@progbits
 141 0000 789C 9D53 		.string	"x\234\235SMOSA\024\235\373\346=Z\312Gq\001\306\244\0136\210D\245\0207.\\\271w#\277@h\027$
 141      4D4F 5341 
 141      149D FBE6 
 141      3D5A CA47 
 141      7101 C6A4 
 142 0037 8A82 D4A2 		.ascii	"\212\202\324\242\276\"\bb\023\203\306\225\211`5D\2121-VY\030"
 142      BE22 0862 
 142      1383 C695 
 142      8960 3544 
 142      8A31 2D56 
 143 004d 5AEF 9DD7 		.ascii	"Z\357\235\327\230\030j\"\316b\336\233\231{\3569\367\314\035\225"
 143      9818 6A22 
 143      CE62 DE9B 
 143      997B EE39 
 143      F7CC 1D95 
 144 0061 01A3 B1AC 		.ascii	"\001\243\261\2542v\004\277\373i\301\031(\214uZ\025\300Ca\005"
 144      3276 04BF 
 144      FB69 C119 
 144      288C 755A 
 144      15C0 4361 
 145 0076 E655 C00B 		.ascii	"\346U\300\013\337\225\035\005\346\272\327#J]P\340X\323\257s\021"
 145      DF95 1D05 
 145      E6BA D723 
 145      4A5D 50E0 
 145      58D3 AF73 
 146 008b 3240 E78C 		.ascii	"2@\347\214\345\024"
 146      E514 
 147 0091 9985 4110 		.string	"\231\205A\020\3520j!\267m\3303\212\316\001\b\364:\025\037,\241\245\002\025\270\034\213.n\
 147      EA30 6A21 
 147      B76D D833 
 147      8ACE 0108 
 147      F43A 151F 
 148 0192 0C76 0AB9 		.string	"\fv\n\271_\f\017\360Z\357\223d<\214\276y\037T\033\307I\257X\0012e\n\002"
 148      5F0C 0FF0 
 148      5AEF 9364 
 148      3C8C BE79 
 148      1F54 1BC7 
 149 01af 871D F97A 		.string	"\207\035\371zF\207\3231\253\231S\364\343\271\r\246\241\021\013z\b^\266\016\276\314\304\31
 149      4687 D331 
 149      AB99 53F4 
 149      E3B9 0DA6 
 149      A111 0B7A 
 150 01d7 FE2E 464F 		.ascii	"\376.FO\314\236\310k\021\215Xn\tDP\315L^\315\252\036\213\330"
 150      CC9E C86B 
 150      118D 586E 
 150      0944 50CD 
 150      4C5E CDAA 
 151 01ee 9D47 49C6 		.ascii	"\235GI\306#\224\221\225\305C\024\234x\026[\233L\313vRA\205Y\004"
 151      2394 9195 
 151      C543 149C 
 151      7816 5B9B 
 151      4CCB 7652 
 152 0206 AC83 7FAB 		.ascii	"\254\203\177\253\353\253\277\204\370\375\\\365s\216Q\003\321"
 152      EBAB BF84 
 152      F8FD 5CF5 
 152      738E 5103 
 152      D1
 153 0217 CCB2 4651 		.ascii	"\314\262FQ\245`\205\3072\312\267\325\235Q\314 \r\343h\247g\250"
 153      A560 85C7 
 153      32CA B7D5 
 153      9D51 CC20 
 153      0DE3 68A7 
 154 022d 2AAF FA9F 		.ascii	"*\257\372\237e>),\363\251\224Iw\013\0068\221\301$\374\361Q3\031"
 154      653E 292C 
 154      F3A9 9449 
 154      770B 0638 
 154      91C1 24FC 
 155 0245 2D28 EB3F 		.ascii	"-(\353?\031c\205\031\347$\243\354\252g\304h\221\367\220\n\324"
 155      1963 8519 
 155      E724 A3EC 
 155      AA67 C468 
 155      91F7 900A 
 156 025a EF35 FF7C 		.ascii	"\3575\377|\341\374\0132?\241\340\2714\376w\227\251\300`\321\264"
 156      E1FC 0B32 
 156      3FA1 E0B9 
 156      34FE 7797 
 156      A9C0 60D1 
 157 026f 7420 7C6B 		.ascii	"t |k\317|K\205\371^H>\225\370\226\251\036\033\303Gf\364VR\372"
 157      CF7C 4B85 
 157      F95E 483E 
 157      95F8 96A9 
 157      1E1B C347 
 158 0288 DD5D 5D96 		.ascii	"\335]]\226#\263\341%\266\037\236e7?l\226\231\3224\210\203\303"
 158      23B3 E125 
 158      B61F 9E65 
 158      373F 6C96 
 158      99D2 3488 
 159 029e CF4B 755E 		.ascii	"\317Ku^\316\222\370P\372\345\005\310g\231\"\b\032Vu\266\265\331"
 159      CE92 F850 
 159      FAE5 05C8 
 159      6799 2208 
 159      1A56 75B6 
 160 02b4 79AE CDD5 		.ascii	"y\256\315\325\334\321\356<u\262\311\355\271\344\366\324\267\260"
 160      DCD1 EE3C 
 160      75B2 C9ED 
 160      B9E4 F6D4 
 160      B7B0 
 161 02c6 A233 2E8F 		.ascii	"\2423.\217\273\275]ki\3538\177Qiuq\217\373\302/\324\021\243="
 161      BBBD 5D6B 
 161      69EB 387F 
 161      5169 7571 
 161      8FFB C22F 
 162               		.text
 163               		.section	.gnu.lto_ServerWriteSingleRegister.2dcc0fe,"",@progbits
 164 0000 789C 9D93 		.string	"x\234\235\223ML\023A\024\307\347\355t\373I)\036\300\230\364\300A\322\240\301B\274x\360\34
 164      4D4C 1341 
 164      14C7 E7ED 
 164      74FB 4929 
 164      1EC0 98F4 
 165 004b 297A A2F5 		.string	")z\242\365\275\331\215\211\261&\312\034fvf\336\177\376\277\367f\326\302\200QSU\306\016\34
 165      BDD9 8D89 
 165      B126 CA1C 
 165      6676 66DE 
 165      7FFE BFF7 
 166 00a1 89E6 37E6 		.ascii	"\211\3467\346\272\\4U\240\002\247\375\251\351\325r\276\017\030"
 166      BA5C 3455 
 166      A002 A7FD 
 166      A9E9 D572 
 166      BE0F 18
 167 00b4 7ECF 8C7E 		.string	"~\317\214~\316y|=B\264\t1T)\270\3069\334\007\216\347A/x!\016^\206K\f\036\200\017\243\277\
 167      CE79 7C3D 
 167      42B4 0931 
 167      5429 B8C6 
 167      39DC 078E 
 168 01b5 1CF4 9AE9 		.ascii	"\034\364\232\351\365vo\216\333\2153\3050\356;a\004\0320\277'"
 168      F576 6F8E 
 168      DB8D 33C5 
 168      30EE 3B61 
 168      041A 30BF 
 169 01ca 1062 5968 		.ascii	"\020bYh\313\017\366\035! \214\034\356\230K8\tF\005\370;\214\226"
 169      CB0F F61D 
 169      2120 8C1C 
 169      EE98 4B38 
 169      0946 05F8 
 170 01e1 193B 6AB2 		.ascii	"\031;j\262\210\006L\324\005I\244\0315i>h\343I\217\277\2160\236"
 170      8806 4CD4 
 170      0549 A419 
 170      3569 3E68 
 170      E349 8FBF 
 171 01f8 2246 4126 		.ascii	"\"FA&\017)\360\343\336J|\362\223<\337\202\371\217\241 \013\341"
 171      0F29 F0E3 
 171      DE4A 7CF2 
 171      933C DF82 
 171      F98F A120 
 172 020e ADF6 25CD 		.ascii	"\255\366%\315E\376an\ts\216QwS\371Y\225\242\312\300\016\317d"
 172      45FE 616E 
 172      0973 8E51 
 172      7753 F959 
 172      95A2 CAC0 
 173 0225 54DB 5647 		.ascii	"T\333VG^1\202T\214\243\225\316h\225I\375\317\230\317Kc\276\220"
 173      5E31 8254 
 173      8CA3 95CE 
 173      6895 49FD 
 173      CF98 CF4B 
 174 023c 9874 D5A0 		.ascii	"\230t\325\240\203\037\035\f\303\354\212j8\332\020k\227\216\343"
 174      831F 1D0C 
 174      C3EC 8A6A 
 174      38DA 106B 
 174      978E E3
 175 024f A51D 27A4 		.ascii	"\245\035'\244\243|d\223\344h3\n\361-\3550\034\235a\274\342_\231"
 175      A37C 6493 
 175      E468 330A 
 175      F12D ED30 
 175      1C9D 61BC 
 176 0266 AF9B 99BB 		.ascii	"\257\233\231\273pCr,W\376/\307Ti\216\264\344 \025\274$\016\227"
 176      7043 722C 
 176      57FE 2FC7 
 176      5469 8EB4 
 176      E420 15BC 
 177 027d 61F8 7DD1 		.ascii	"a\370}\321\314\334\215\034\273t\234.\3558#\035-\344\370\212\034"
 177      CCDC 8D1C 
 177      BB74 9C2E 
 177      ED38 231D 
 177      2DE4 F88A 
 178 0292 DDEC 0B68 		.ascii	"\335\354\013h\372[y\374\237\357\337]\244k\201Y|\250\270WX[^s"
 178      FA5B 79FC 
 178      9FEF DF5D 
 178      A46B 8159 
 178      7CA8 B857 
 179 02aa 1BAF 4785 		.ascii	"\033\257G\205\327\340\rs\217\306\313Y\016\177\251\005\t,\377"
 179      D7E0 0D73 
 179      8FC6 CB59 
 179      0E7F A905 
 179      092C FF
 180 02bd E70D 9260 		.ascii	"\347\r\222`i\253\31657\372\317_hj\274\324\342?~\354d x9\020<"
 180      69AB CE35 
 180      37FA CF5F 
 180      686A BCD4 
 180      E23F 7EEC 
 181 02d7 7486 594F 		.ascii	"t\206YO7\005\003--<\0308\25347\341p\361'\376\360\260\314"
 181      3705 032D 
 181      2D3C 1838 
 181      AB34 37E1 
 181      70F1 27FE 
 182               		.text
 183               		.section	.gnu.lto_modbus_get_id.2dcc0fe,"",@progbits
 184 0000 789C 6361 		.string	"x\234ca`d"
 184      6064 00
 185 0007 81EF 402C 		.string	"\201\357@,\001\304\342 \0163\003#\023\003C#\007\023#P\262\201\203\221\241\236\211\261\236
 185      01C4 E220 
 185      0E33 0323 
 185      1303 4323 
 185      0713 2350 
 186 004c 7533 2E67 		.string	"u3.g\324d"
 186      D464 00
 187 0053 2A7D B4F1 		.string	"*}\264\361\337T^\266\226\006 P"
 187      DF54 5EB6 
 187      9606 2050 
 187      00
 188 0060 2900      		.string	")"
 189 0062 CAAC 6064 		.string	"\312\254`d\003Y\267>\350@\303\377\377\315\r\r\237\r:\224\231\231\030@&0|"
 189      0359 B73E 
 189      E840 C3FF 
 189      FFCD 0D0D 
 189      9F0D 3A94 
 190 007e A960 F8C8 		.string	"\251`\370\310\004\244\230\23716\355\373\270_\006\244\276\231\031d\355\264\326C\347\331\27
 190      04A4 989F 
 190      3136 EDFB 
 190      B85F 06A4 
 190      BE99 1964 
 191 00bf 8B33 31AE 		.string	"\21331\256\002:{%\243\fXr\367\345{\313Y\f\327\203\234\323\020\017\264\221q5\343|FF-\220\2
 191      023A 7B25 
 191      A30C 5872 
 191      F7E5 7BCB 
 191      590C D783 
 192 00f1 7610 D0AD 		.string	"v\020\320\255@\226XNf\222~n~JRi\261\276\257SpjQYj\221^2\003"
 192      4096 584E 
 192      6692 7E6E 
 192      7E4A 5269 
 192      B1BE AF53 
 193 010f D8FE 591D 		.ascii	"\330\376Y\035"
 194               		.text
 195               		.section	.gnu.lto_modbus_write_ok.2dcc0fe,"",@progbits
 196 0000 789C 4590 		.ascii	"x\234E\220\275/\203Q\024\306\317so[o}\264\265\370H\336\301\322"
 196      BD2F 8351 
 196      14C6 CF73 
 196      6F5B 6F7D 
 196      B4B5 F848 
 197 0017 3416 95F8 		.ascii	"4\026\225\370\017L\026\013\376\002thB$-\006K\257\326+B\210\244"
 197      0F4C 160B 
 197      FE02 7468 
 197      4224 2D06 
 197      4BAF D62B 
 198 002e 6930 5808 		.ascii	"i0X\b\365]\026a\362\032\272\261X\f\006R\013\rA\342#\221\360:"
 198      F55D 1661 
 198      F21A BAB1 
 198      580C 0652 
 198      0B0D 41E2 
 199 0046 F725 7197 		.ascii	"\367%q\227s\317\315\357y\236s\256\207@\372\fs\ts\255\327\215"
 199      73CF CDEF 
 199      799E 73AE 
 199      8740 FA0C 
 199      7309 73AD 
 200 005c 2408 A271 		.ascii	"$\b\242qC\200_\225\001J\t\244\360&\276\004\262\271\371\353@s"
 200      4380 5F95 
 200      014A 09A4 
 200      F026 BE04 
 200      B2B9 F9EB 
 201 0072 5EA9 B4BA 		.ascii	"^\251\264\272)\226:N\225\325`I\"G\020\332L\264\232\254F\036\315"
 201      2996 3A4E 
 201      95D5 6049 
 201      2247 10DA 
 201      4CB4 9AAC 
 202 0089 4C1E E667 		.ascii	"L\036\346g\313R6\202\370~\237_<\364G\326\264Jek\225d\t6 \377"
 202      CB52 3682 
 202      F87E 9F5F 
 202      3CF4 47D6 
 202      B44A 656B 
 203 00a3 55DA 039B 		.ascii	"U\332\003\233\210h\270\350|\330\301WaI@'^<\237-W\351V \304\355"
 203      8868 B8E8 
 203      7CD8 C157 
 203      6149 4027 
 203      5E3C 9F2D 
 204 00bd FACC FB66 		.ascii	"\372\314\373f\2454]\333\223\225\247\307\352\360\252\266\265\027"
 204      A534 5DDB 
 204      9395 A7C7 
 204      EAF0 AAB6 
 204      B517 
 205 00cf 2683 96B2 		.ascii	"&\203\226\262\307\233,)\261\363k\275\r\023[0\335\375\230.\035"
 205      C79B 2C29 
 205      B1F3 6BBD 
 205      0D13 5B30 
 205      DDFD 982E 
 206 00e4 7CE7 6A7C 		.ascii	"|\347j|\023\212O\023v\021\326Cs\352\036|\372\013\n]\266r\234"
 206      138A 4F13 
 206      7611 D643 
 206      73EA 1E7C 
 206      FA0B 0A5D 
 207 00fb 8CB2 73BE 		.ascii	"\214\262s\276\363\243[\303\313\273\363<\036w2z\326$\275\b.\262"
 207      F3A3 5BC3 
 207      CBBB F33C 
 207      1E77 327A 
 207      D624 BD08 
 208 0111 84B4 0E73 		.ascii	"\204\264\016su\354\302\306\323\237\227s\206\236P\302@\201\003"
 208      75EC C2C6 
 208      D39F 9773 
 208      869E 50C2 
 208      4081 03
 209 0124 EF60 D94B 		.ascii	"\357`\331K\223\001\215d\244\207\211\343\343\207\253\212\324\227"
 209      9301 8D64 
 209      A487 89E3 
 209      E387 AB8A 
 209      D497 
 210 0136 9A52 2A64 		.ascii	"\232R*dI\217#8\021\373H\221\3063\222\245^*C\374\t\310Md\204\343"
 210      498F 2338 
 210      11FB 4891 
 210      C633 92A5 
 210      5E2A 43FC 
 211 0150 EA06 E2BD 		.ascii	"\352\006\342\275\321\301\241\376\336\221d\264\263\275;\226\030"
 211      D1C1 A1FE 
 211      DE91 64B4 
 211      B3BD 3B96 
 211      18
 212 0161 8D25 5AFA 		.ascii	"\215%Z\372H\304\373\375=\211\221\344pw|,\366\003\"\361\202\341"
 212      48C4 FBFD 
 212      3D89 91E4 
 212      7077 7C2C 
 212      F603 22F1 
 213               		.text
 214               		.section	.gnu.lto_modbus_read_ok.2dcc0fe,"",@progbits
 215 0000 789C 5590 		.string	"x\234U\220\315KTa\024\306\317\363\036\357\314\250\371\321\"K\030H\002\031$\310\300\377\24
 215      CD4B 5461 
 215      14C6 CFF3 
 215      1EEF CCA8 
 215      F9D1 224B 
 216 00c1 AB67 0949 		.string	"\253g\tI\314#I\262\",\"%\364z\361\341\001\363\345P\371\275\370x\275\366L\271s^\225\204W\2
 216      CC23 49B2 
 216      222C 2225 
 216      F47A F1E1 
 216      01F3 E550 
 217 0137 0E34 463C 		.ascii	"\0164F<\fD\307*\247\023#\215\367Qx\352\275}\262\n\265+\260)0"
 217      0C44 C72A 
 217      A713 238D 
 217      F751 78EA 
 217      BD7D B20A 
 218 0150 E4E2 E6EC 		.ascii	"\344\342\346\354\203R\235\376\026\303\240,I\004\233\361*g\020"
 218      8352 9DFE 
 218      16C3 A02C 
 218      4904 9BF1 
 218      2A67 10
 219 0163 0B27 50F5 		.ascii	"\013'P\365\360\313aC\0049x-\320\256\300\032J\356\tD\337\340\372"
 219      F0CB 6143 
 219      0439 782D 
 219      D0AE C01A 
 219      4AEE 0944 
 220 017a 6B5E 63A4 		.ascii	"k^c\244\211\213`c\343\350c<\177j\357Z\333\354\262\023\030\215"
 220      898B 6063 
 220      E3E8 633C 
 220      7F6A EF5A 
 220      DBEC B213 
 221 0190 BF86 3C85 		.ascii	"\277\206<\205\226\216\3131:\210,\204\2470\250\020\222\262e0\323"
 221      968E CB31 
 221      3A88 2C84 
 221      A730 A810 
 221      92B2 6530 
 222 01a5 D739 343C 		.ascii	"\32794<\320\227\033\351\274u\243'\235\275\223\316^\353'\247\177"
 222      D097 1BE9 
 222      BC75 A327 
 222      9DBD 93CE 
 222      5EEB 27A7 
 223 01ba 3877 7BD4 		.ascii	"8w{\324d\006j{\263\271\221\321\236\314X\372\0372\237\253\\"
 223      6406 6A7B 
 223      B3B9 91D1 
 223      9ECC 58FA 
 223      1F32 9FAB 
 224               		.text
 225               		.section	.gnu.lto_GetInpRegsUSHORT.2dcc0fe,"",@progbits
 226 0000 789C 6552 		.string	"x\234eR[kSA\020\236\331=\267\334\232\233x\201\200\365\241\224\202\264\202\377\300wA\364\0
 226      5B6B 5341 
 226      109E D93D 
 226      B7DC 9A9B 
 226      7881 80F5 
 227 002d 632D 9652 		.string	"c-\226RD\352\245\332\246U!\364\301 U\241\026\212\222\276x\001)Z1\344!\226J@l\343\314\331\
 227      44EA A5DA 
 227      A655 21F4 
 227      C120 55A1 
 227      168A 92BE 
 228 006a C839 02E9 		.string	"\3109\002\351P9\bY\201Y\374%\266\004\276j5+\321M\3412\205\266\357\033\313\343!\336\"\306h
 228      5039 0859 
 228      8159 FC25 
 228      B604 BE6A 
 228      352B D14D 
 229 00cf C047 D8CD 		.ascii	"\300G\330\315\344\302\237\267\237\003\362\240\227\370br\364Z"
 229      E4C2 9FB7 
 229      9F03 F2A0 
 229      97F8 6272 
 229      F45A 
 230 00e1 D75D CEAB 		.ascii	"\327]\316\253,\fG]U\311uRC\234\326\271\377z\002\223\327J\333"
 230      2C0C 475D 
 230      55C9 7552 
 230      439C D6B9 
 230      FF7A 0293 
 231 00f8 3723 D675 		.ascii	"7#\326uE_'>\306.\326Er\236\240E6\221\221\231\223\025\325j\345"
 231      455F 273E 
 231      C62E D645 
 231      729E A045 
 231      3691 9199 
 232 0111 55A5 6C7D 		.ascii	"U\245l}\030\2559{\00456\310\033u6hi\232\034,\0166\005p\3708@"
 232      18AD 397B 
 232      0435 36C8 
 232      1B75 3668 
 232      699A 1C2C 
 233 012c C10A 3216 		.ascii	"\301\n2\026\342\020\006.\024\341e\007\207(\023cL\21431A\301N"
 233      E210 062E 
 233      14E1 6507 
 233      8728 1363 
 233      4C8C 3331 
 234 0143 024F 051A 		.ascii	"\002O\005\032\334\036~\n\372\311u\034*\226V&MV\223\227<\332\242"
 234      DC1E 7E0A 
 234      FAC9 751C 
 234      2A96 5626 
 234      4D56 9397 
 235 015a FB72 C5E6 		.ascii	"\373r\305\346\321:\236\323r\271\376\321\316n\251\202R1\302nH"
 235      D13A 9ED3 
 235      72B9 FED1 
 235      CE6E A982 
 235      5231 C26E 
 236 016f EDA9 B6BC 		.ascii	"\355\251\266\274\272\030\234\300\361\234\362p\003g\351\246f\330"
 236      BA18 9CC0 
 236      F19C F270 
 236      0367 E9A6 
 236      66D8 
 237 0181 3396 7002 		.ascii	"3\226p\002\201\352n\214\324\245.k\344i\214\353\230\037\263\364"
 237      81EA 6E8C 
 237      D4A5 2E6B 
 237      E469 8CEB 
 237      981F B3F4 
 238 0195 DE24 A8FD 		.ascii	"\336$\250\375NM\0248G\271D)\016\327\205&1\017\017\247t\245\252"
 238      4E4D 1438 
 238      47B9 4429 
 238      0ED7 8526 
 238      310F 0FA7 
 239 01ac 0FDA 8433 		.ascii	"\017\332\2043\355\216_\311!\315\2042\351wPC\201v\017\206\347"
 239      ED8E 5FC9 
 239      21CD 8432 
 239      E977 5043 
 239      8176 0F86 
 240 01c1 A1F9 66A9 		.ascii	"\241\371f\251\020&\261H\327I98\357\351|\272\253\263j\350\324"
 240      1026 B148 
 240      D749 3938 
 240      EFE9 7CBA 
 240      ABB3 6AE8 
 241 01d6 2065 73F5 		.ascii	" es\365\206_=D\020\245\217-l.\231Z\247\203\317\320\227\264\210"
 241      865F 3D44 
 241      10A5 8F2D 
 241      6C2E 995A 
 241      A783 CFD0 
 242 01ed 9A14 261E 		.ascii	"\232\024&\036\254\241'\220\257\200\020md\373\366\234O\211\220"
 242      ACA1 2790 
 242      AF80 106D 
 242      64FB F69C 
 242      4F89 90
 243 0200 DF1D 833B 		.ascii	"\337\035\203;3\350 \330\307xR\276\202(\035\264\373\213y\376\242"
 243      33E8 20D8 
 243      C778 52BE 
 243      8228 1DB4 
 243      FB8B 79FE 
 244 0215 EDFE E2FF 		.ascii	"\355\376\342\377\031\212\371\206\236\357\032\372\344\017>At-"
 244      198A F986 
 244      9EEF 1AFA 
 244      E40F 3E41 
 244      742D 
 245 0227 E6AB 2F25 		.ascii	"\346\253/%\351\tN@\r\375\211&\371-4\004\275Dz\016{\317e\372\373"
 245      E909 4E40 
 245      0DFD 8926 
 245      F92D 3404 
 245      BD44 7A0E 
 246 0240 CE5F 1CE8 		.ascii	"\316_\034\350\277|\251\357\370\261S\351\301+\351\301\336\323"
 246      BF7C A9EF 
 246      F8B1 53E9 
 246      C12B E9C1 
 246      DED3 
 247 0252 6066 2E0C 		.ascii	"`f.\f\244\257\2123\231\277pL\bz"
 247      A4AF 8A33 
 247      99BF 704C 
 247      087A 
 248               		.text
 249               		.section	.gnu.lto_GetInpRegsFLOAT.2dcc0fe,"",@progbits
 250 0000 789C 7D53 		.ascii	"x\234}S]HTA\024\2363s\367\336]\327\335|\352\007\026\362!\021"
 250      5D48 5441 
 250      149E 3373 
 250      F7DE 5DD7 
 250      DD7C EA07 
 251 0018 454A 91C2 		.ascii	"EJ\221\302\347^z\352\241z\352)4%\204\262\262\037z\333\321\365"
 251      E75E 7AEA 
 251      A17A EA29 
 251      3425 84B2 
 251      B21F 7ADB 
 252 002e A645 510A 		.ascii	"\246EQ\n.&[FQj?\376gnf]-\267\310\262\0025\242\002s\311J\"\\\263"
 252      2E26 5B46 
 252      516A 3FFE 
 252      676E 665D 
 252      2DB7 C8B2 
 253 004c EC07 DDCE 		.ascii	"\354\007\335\316\271\367\242f\321<\314\3349\363}\3379\337\231"
 253      B9F7 A266 
 253      D13C CCDC 
 253      39F3 7DDF 
 253      39DF 99
 254 005f B90A 0346 		.ascii	"\271\n\003Fc\237\302\330\006\\W\320F0\340\214\22589\340\241t"
 254      639F C2D8 
 254      065C 57D0 
 254      4630 E08C 
 254      9538 39E0 
 255 0075 02F3 73F0 		.ascii	"\002\363s\360\303W>\313\341yYKHLs\035!\nncOj\243^\332\002$\343"
 255      C357 3ECB 
 255      E179 594B 
 255      484C 731D 
 255      210A 6E63 
 256 0091 764A 6F1C 		.ascii	"vJo\034\324\322\352%\216\321\376\211\234P\203\001\272\340,\316"
 256      D4D2 EA25 
 256      8ED1 FE89 
 256      9C50 8301 
 256      BAE0 2CCE 
 257 00a5 1934 800F 		.ascii	"\0314\200\017\352\301\207\352\320\bi\210\r|\214\204\023\305*"
 257      EAC1 87EA 
 257      D008 6988 
 257      0D7C 8C84 
 257      13C5 2A
 258 00b8 60F8 FDAE 		.ascii	"`\370\375\256%8\244\245^\222\262T\312x\222\024\272\020p\005\004"
 258      2538 A4A5 
 258      5E92 B254 
 258      CA78 9214 
 258      BA10 7005 
 259 00cd F1B2 7D90 		.ascii	"\361\262}\220\351c\030`p\025R\t<]\365\343\204W\2546\211\247\006"
 259      E963 1860 
 259      7015 5209 
 259      3C5D F5E3 
 259      8457 AC36 
 260 00e4 A251 25E5 		.ascii	"\242Q%\345\2424\2444^F\274\345\322(I\326\205\002\327,\362BRF"
 260      A234 A434 
 260      5E46 BCE5 
 260      D228 49D6 
 260      8502 D72C 
 261 00fc E8EE A9DE 		.ascii	"\350\356\251\336\313\016\221j2#\r\357_\271\220\211\303x\021\361"
 261      CB0E 916A 
 261      3223 0DEF 
 261      5FB9 9089 
 261      C378 11F1 
 262 0110 842C A603 		.ascii	"\204,\246\003\232\376\311\034k\235\253\366\250e\204N\206fH\201"
 262      9AFE C91C 
 262      6B9D ABF6 
 262      A865 844E 
 262      8666 4881 
 263 0124 EB90 42B6 		.ascii	"\353\220B\266\320M\013\250\330%\240H\363VC\306\343\001i\f\253"
 263      D04D 0BA8 
 263      D825 A048 
 263      F356 43C6 
 263      E301 690C 
 264 0139 835D 9F9D 		.ascii	"\203]\237\235^\216u\253\330\032,\\\301O\315A\223J\223\206\023"
 264      5E8E 75AB 
 264      D81A 2C5C 
 264      C14F CD41 
 264      934A 9386 
 265 014e 73E2 E474 		.ascii	"s\342\344t\343\344\3620j\023\233$A\026\343\270\210q(\r\306F*"
 265      E3E4 F230 
 265      6A13 9B24 
 265      4116 E3B8 
 265      8871 280D 
 266 0165 5DA4 1F10 		.ascii	"]\244\037\020\324\372\240\336\367T\243^'\230\006\302\341O\257"
 266      D4FA A0DE 
 266      F754 A35E 
 266      2798 06C2 
 266      E14F AF
 267 0178 34FF ACAC 		.ascii	"4\377\254\254\2202\tc\307\204U\351\304\343\341\373\tup\266D\232"
 267      9032 0963 
 267      C784 55E9 
 267      C4E3 E1FB 
 267      0975 70B6 
 268 018e 7115 DAF0 		.ascii	"q\025\332\360\352Z\311\t\264C\0350\324\235*\037Zi\311*\001\354"
 268      EA5A C909 
 268      B443 1D30 
 268      D49D 2A1F 
 268      5A69 C92A 
 269 01a4 EB38 046A 		.ascii	"\3538\004jUk\357\300\020j\364\307g\214e\224I\003\016\035\310"
 269      556B EFC0 
 269      106A F4C7 
 269      678C 6594 
 269      4903 0E1D 
 270 01b9 4548 F0E8 		.ascii	"EH\360\350\220f\201\b\007\031>K)\303\212i\030&T\310\026rb\311"
 270      9066 8108 
 270      0719 3E4B 
 270      29C3 8A69 
 270      1826 54C8 
 271 01d1 1825 CCCF 		.ascii	"\030%\314\317\004\n-\256\337m\326\337\361\355a4\021\353\247\261"
 271      040A 2DAE 
 271      DF6D D6DF 
 271      F1ED 6134 
 271      11EB A7B1 
 272 01e5 5F17 8966 		.ascii	"_\027\211fK\351\240\347\301\227\001u\301\201\002\235\350\340"
 272      4BE9 A0E7 
 272      C197 0175 
 272      C181 029D 
 272      E8E0 
 273 01f7 86E9 E026 		.ascii	"\206\351\340&:@\304\314\203G\025\211\213\020\230\317\006t\221"
 273      3A40 C4CC 
 273      8347 1589 
 273      8B10 98CF 
 273      0674 91
 274 020a C50F A01B 		.ascii	"\305\017\240\033o\"\234\322\376\335(O\234\323u\205\301\277\264"
 274      6F22 9CD2 
 274      FEDD 284F 
 274      9CD3 7585 
 274      C1BF B4
 275 021d 882D 7611 		.ascii	"\210-v\021&\017n\201\037\317{G\333bn\252Y\200\002\335\340\323"
 275      260F 6E81 
 275      1FCF 7B47 
 275      DB62 6EAA 
 275      5980 02DD 
 276 0233 85D7 F474 		.ascii	"\205\327\364t|\2566\301r\352^\242\262\375?V\\p{\336J\217}\031"
 276      7CAE 36C1 
 276      72EA 5EA2 
 276      B2FD 3F56 
 276      5C70 7BDE 
 277 024b 236F B925 		.ascii	"#o\271%\344A|\325\205\366\032\307\372l\235\232\347\266\352\270"
 277      E441 7CD5 
 277      85F6 1AC7 
 277      FA6C 9D9A 
 277      E7B6 EAB8 
 278 025f 03EB D918 		.ascii	"\003\353\331\030p\273\2072x\256\211g5KK\217\233O1\335g?\322\341"
 278      70BB 8732 
 278      78AE 8967 
 278      354B 4B8F 
 278      9B4F 31DD 
 279 0277 FA5F FD9A 		.ascii	"\372_\375\232Xkvw\260F\377\316\027=\357\363Fe2\021\214?\2377"
 279      586B 7677 
 279      B046 FFCE 
 279      173D EFF3 
 279      4665 3211 
 280 028f DC85 2C7A 		.ascii	"\334\205,z\304\275\220\202\025`\242\322$;\323\333\326\323\335"
 280      C4BD 9082 
 280      1560 A2D2 
 280      243B D3DB 
 280      D6D3 DD
 281 02a2 22BD C114 		.ascii	"\"\275\301\024\bo\n\235w\232/\324\034\320\007\351\2108)\237U"
 281      086F 0A9D 
 281      779A 2FD4 
 281      1CD0 07E9 
 281      8838 299F 
 282 02b7 BB72 3A65 		.ascii	"\273r:e\205\371\217\303=\310\231\347\223\036\241\320`\337k\207"
 282      85F9 8FC3 
 282      3DC8 99E7 
 282      931E A1D0 
 282      60DF 6B87 
 283 02cb 19C1 9620 		.ascii	"\031\301\226 \347\314\250Q\345\2609\n\203\373\310\231\200R#v"
 283      E7CC A851 
 283      E5B0 390A 
 283      83FB C899 
 283      8052 2376 
 284 02df D46B 3781 		.ascii	"\324k7\201\364'\351\2060\331\362\335\205y\353\366\354\315\317"
 284      F427 E986 
 284      30D9 F2DD 
 284      8579 EBF6 
 284      ECCD CF
 285 02f2 3B74 60DD 		.ascii	";t`\335\346\215\333\n\212\017\027\024\257\335\311\034\205E\371"
 285      E68D DB0A 
 285      8A0F 1714 
 285      AFDD C91C 
 285      8545 F9
 286 0305 0547 B4C2 		.ascii	"\005G\264\302\242\035\371\271\007sU\\\213\013v9\255eM\346o\376"
 286      A21D F9B9 
 286      0773 555C 
 286      8B0B 7639 
 286      AD65 4DE6 
 287 031b 2E7F C2   		.ascii	".\177\302"
 288               		.text
 289               		.section	.gnu.lto_GetInpRegsLONG.2dcc0fe,"",@progbits
 290 0000 789C 6D53 		.string	"x\234mS[KTQ\024\336\353\3543\347\034\307q\264\2272\030\310\207\006Q\304\013A\370Z/A\020t\
 290      5B4B 5451 
 290      14DE EBEC 
 290      33E7 1CC7 
 290      71B4 9732 
 291 0074 0F85 06CC 		.string	"\017\205\006\314+\201\027~H\253\022|\250l\017\361EIG\210\214\333\330Hc\324I[\200\f\3346\r
 291      2B81 177E 
 291      48AB 127C 
 291      A86C 0FF1 
 291      4549 4788 
 292 00d7 837B 9049 		.string	"\203{\220I\340\305\372\345\213N\276\303$^\036\216Fe\367Ma\ba\254D\234\001aTd\350\\\206\37
 292      E0C5 FAE5 
 292      8B4E BEC3 
 292      245E 1E8E 
 292      4665 F74D 
 293 0127 37D9 4237 		.ascii	"7\331B7\355\240`\227$\212 \260\246\347j\217V\320F"
 293      EDA0 6097 
 293      248A 20B0 
 293      A6E7 6A8F 
 293      56D0 46
 294 013a C034 B46E 		.string	"\3004\264nb\263]\t\225\261\226\225A\225\347\232\371\233B#{(=:\276d\b\250\303\344\ntnL\016
 294      62B3 5D09 
 294      95B1 9695 
 294      4195 E79A 
 294      F99B 4223 
 295 023b BD64 7116 		.string	"\275dq\026t#\036\221(\355\377\215J\211K\370\026\340\031x\377-\342P\242\b\223\007}\340\305
 295      7423 1E91 
 295      28ED FF8D 
 295      4A89 4BF8 
 295      16E0 1978 
 296 02af 14FE E593 		.string	"\024\376\345\223\036\241\260\320\201\t\233\031\261\036\376z\216\314\340%r\346\300g4\004\2
 296      1EA1 B0D0 
 296      8109 9B19 
 296      B11E FE7A 
 296      8ECC E025 
 297 0303 853E 711E 		.ascii	"\205>q\036"
 298               		.text
 299               		.section	.gnu.lto_.symbol_nodes.2dcc0fe,"",@progbits
 300 0000 789C 5DCF 		.string	"x\234]\317\313\r\0021\f\004\320q\274\331\3777\r"
 300      CB0D 0231 
 300      0C04 D071 
 300      BCD9 FF37 
 300      0D00 
 301 0012 9551 8AA3 		.string	"\225Q\212\243=\300\225\026\220\266\211\345\2108S\003H\034\251\001\221,B\302\234F~\023KN\0
 301      3DC0 9516 
 301      90B6 89E5 
 301      8838 5303 
 301      481C A901 
 302 0034 985A 80C3 		.ascii	"\230Z\200\303\025\b1\373\243\347@V\350\217,\340\035\300\266\243"
 302      1508 31FB 
 302      A3E7 4056 
 302      E88F 2CE0 
 302      1DC0 B6A3 
 303 0048 755C 2231 		.ascii	"u\\\"1\337\027'\277\t}c\242\333\226\227\332\b\253\332\260$\032"
 303      DF17 27BF 
 303      097D 63A2 
 303      DB96 97DA 
 303      08AB DAB0 
 304 005e 12B1 1A52 		.ascii	"\022\261\032RI5d\222i\310%\327PH\241\241\224RC%\225\002rR/\020"
 304      4935 6492 
 304      69C8 25D7 
 304      5048 A1A1 
 304      9452 4325 
 305 0078 BEE3 C3A5 		.ascii	"\276\343\303\2454H\243\346^\332\337\231i\300t{\021S\217G\314"
 305      3448 A3E6 
 305      5EDA DF99 
 305      69C0 747B 
 305      1153 8F47 
 306 008d DCE1 B27B 		.ascii	"\334\341\262{\256\270p\230\366!+\3029zM\030\357![`\214}\367I"
 306      AEB8 7098 
 306      F621 2BC2 
 306      397A 4D18 
 306      EF21 5B60 
 307 00a5 BC01 8888 		.ascii	"\274\001\210\210M\323"
 307      4DD3 
 308               		.text
 309               		.section	.gnu.lto_.refs.2dcc0fe,"",@progbits
 310 0000 789C 4D8B 		.ascii	"x\234M\213I\016\300 \f\304\306\031\022\n\352\362\254\376\377"
 310      490E C020 
 310      0CC4 C619 
 310      120A EAF2 
 310      ACFE FF
 311 0013 4785 5B2F 		.ascii	"G\205[/\226e\311M\350\225\024\020=\\\321H\250\312\003\007N\334"
 311      9665 C94D 
 311      E895 1410 
 311      3D5C D148 
 311      A8CA 0307 
 312 0029 F1F2 91E3 		.ascii	"\361\362\221\343\027&>\2312\\\373\2747\236\005}9\231\001J"
 312      1726 3E99 
 312      325C FBBC 
 312      379E 057D 
 312      3999 014A 
 313               		.text
 314               		.section	.gnu.lto_.decls.2dcc0fe,"",@progbits
 315 0000 789C 8D58 		.string	"x\234\215XkP\024W\026\356\333=\274\006\006T\314k\213\252\265v\311J\2526\212\311&\261R\273
 315      6B50 1457 
 315      16EE DB3D 
 315      BC06 0654 
 315      CC6B 8BAA 
 316 0081 7DF3 41A0 		.string	"}\363A\240\213+"
 316      8B2B 00
 317 0088 29E1 E8E5 		.string	")\341\350\345\007R\tr\n\244\016\244\001\344\"H+\326\001r\013\244\003\344\016\310]\220n\22
 317      0752 0972 
 317      0AA4 0EA4 
 317      01E4 2248 
 317      2BD6 0172 
 318 0158 F23E C864 		.string	"\362>\310d\220\367\230\355\326\227\330nc\363T\240\322/\307\251\315\305\030\234\227\356\33
 318      90F7 98ED 
 318      D697 D86E 
 318      63F3 54A0 
 318      D22F C7A9 
 319 022a E5A2 00   		.string	"\345\242"
 320 022d 6E1F 56D7 		.ascii	"n\037V\327\321\332\353W$I\243P\001\322\243\375H \020`\030\240"
 320      D1DA EB57 
 320      2449 A350 
 320      01D2 A3FD 
 320      4820 1060 
 321 0243 C7BF D009 		.ascii	"\307\277\320\t6r\372\007\354\002p\t\001n\016AE.\204\222;\271"
 321      3672 FA07 
 321      EC02 7009 
 321      016E 0E41 
 321      452E 8492 
 322 0259 E97A 975E 		.ascii	"\351z\227^\210#\317"
 322      8823 CF
 323 0260 671C 3D36 		.string	"g\034=6?x5F\217xh6\333\317\357\362\206\346X=\032\005\f\327\237\270\275\221GAzb\332\266Q/\
 323      3F78 3546 
 323      8F78 6836 
 323      DBCF EFF2 
 323      86E6 583D 
 324 0361 D111 659A 		.string	"\321\021e\232\341\021\337J\321up\260\022\375\t\306\036\336Pp\326 d \227n\224J\233\343\365
 324      E111 DF4A 
 324      D175 70B0 
 324      12FD 09C6 
 324      1EDE 5070 
 325 03cd 4134 51D0 		.string	"A4Q\320\032\262\362\244\254q\313\234+\357\fdm\025\202\235\017U\003\244\006\002\236&y\222\
 325      1AB2 F2A4 
 325      AC71 CB9C 
 325      2BEF 0C64 
 325      6D15 829D 
 326 0450 BC0E 0350 		.ascii	"\274\016\003P\275b\253^m\253\201\330\332r\354\310>?\241\301\365"
 326      BD62 AB5E 
 326      6DAB 81D8 
 326      DA72 ECC8 
 326      3E3F A1C1 
 327 0465 DCF7 3DEC 		.ascii	"\334\367=\354{\352\343\354k\244s\377\250+\261@\347L\210\013\264"
 327      7BEA E3EC 
 327      6BA4 73FF 
 327      A82B B140 
 327      E74C 880B 
 328 047a 73E7 05DB 		.ascii	"s\347\005\333%\344\202i\023\211\314\217rd\036\364\037\317wgd"
 328      25E4 8269 
 328      1389 CC8F 
 328      7264 1EF4 
 328      1FCF 7767 
 329 048f ED32 59C0 		.ascii	"\3552Y\300\240\363\n\331\363j\262\027\t\331\323-5\227}\204\316"
 329      A0F3 0AD9 
 329      F36A B217 
 329      09D9 D32D 
 329      3597 7D84 
 330 04a4 574D D416 		.ascii	"WM\324\026\312+yh\240\337\317\331y\211v\266\\\352\311"
 330      CA2B 7968 
 330      A0DF CFD9 
 330      7989 76B6 
 330      5CEA C9
 331 04b7 7115 D62B 		.string	"q\025\326+\204\354e\231loab\273\027#\233\376\032#\013\030\324\254\220mV\223m%d\353zN\245\
 331      84EC 6599 
 331      6C6F 6162 
 331      BB17 239B 
 331      FE1A 230B 
 332 05b8 5708 E3F5 		.string	"W\b\343\365\344x\363S\325\b\343i\215\220\277wS\266\273\320FU\\\\Y\234.\320\"A\207\263\255
 332      E478 F353 
 332      D508 E369 
 332      8D90 BF77 
 332      53B6 BBD0 
 333 0611 9D60 E54E 		.ascii	"\235`\345NmG\266\227:POT\363\365\224D\352\2763Rk\327\245\261"
 333      6D47 B697 
 333      3A50 4F54 
 333      F3F5 9444 
 333      EABE 3352 
 334 0629 9DA1 23F3 		.ascii	"\235\241#\363\334W\273\225s\f\200\350\236B\343\236:V\335$V'w"
 334      DC57 BB95 
 334      730C 80E8 
 334      9E42 E39E 
 334      3A56 DD24 
 335 0640 56F7 FA0A 		.ascii	"V\367\372\n\235\324\323\242\302\201b\272\025\004\310\261\252"
 335      9DD4 D3A2 
 335      C281 62BA 
 335      1504 C8B1 
 335      AA
 336 0651 CFEC 5EE3 		.ascii	"\317\354^\343\351j\005<'<\376'\363\310H\336\020\r4: \016\355"
 336      E96A 053C 
 336      273C FE27 
 336      F3C8 48DE 
 336      100D 343A 
 337 0668 A95F 6DD9 		.ascii	"\251_m\331\263\302\026L0\350\231B\341\031;,P\0171_\236w*\005"
 337      B3C2 164C 
 337      30E8 9942 
 337      E119 3B2C 
 337      500F 315F 
 338 0680 099B 84DF 		.ascii	"\t\233\204\337_\360}\304\326\002f\252\375\331\301,\035\265e{"
 338      5FF0 7DC4 
 338      D602 66AA 
 338      FDD9 C12C 
 338      1DB5 657B 
 339 0694 7A81 B705 		.ascii	"z\201\267\005\343\367\250W\261\323+\333\351'v\006\332\323:\374"
 339      E3F7 A857 
 339      B1D3 2BDB 
 339      E927 7606 
 339      DAD3 3AFC 
 340 06a8 843D C22B 		.ascii	"\204=\302+n\331\277\321\r/~e\343\0267\027\033\336\020\3413(\373"
 340      6ED9 BFD1 
 340      0D2F 7E65 
 340      E316 3717 
 340      1BDE 10E1 
 341 06bf 9EDC 78BC 		.ascii	"\236\334x\274\321\227\021jO\201l\255B\030\202\006\024J\0032%"
 341      D197 116A 
 341      4F81 6CAD 
 341      4218 8206 
 341      144A 0332 
 342 06d4 07A1 74BF 		.ascii	"\007\241t\277\2773\317](\246\224\256$\257\331\340\373\366\036"
 342      BF33 CF5D 
 342      28A6 94AE 
 342      24AF D9E0 
 342      FBF6 1E
 343 06e7 49CA C6A5 		.ascii	"I\312\306\245\210!\037\312\037\201T5\022O\306\253\352\037\350"
 343      8821 1FCA 
 343      1F81 5435 
 343      124F C6AB 
 343      EA1F E8
 344 06fa 81DF 15FC 		.ascii	"\201\337\025\374\333\270\002J\332\265\326 TP\035e\217\n\312\f"
 344      DBB8 024A 
 344      DAB5 D620 
 344      5450 1D65 
 344      8F0A CA0C 
 345 070e 344F 6DB8 		.ascii	"4Om\270\235\372\260\357\0174O%\234\267\267\0236K>\364\365'\320"
 345      9DFA B0EF 
 345      0F34 4F25 
 345      9CB7 B713 
 345      364B 3EF4 
 346 0725 7C9A 7AE8 		.ascii	"|\232z\350;}\"v\215UYc\324E\326j\0362\026M\f@\253x\222\216\007"
 346      3B7D 2276 
 346      8D55 5963 
 346      D445 D66A 
 346      1E32 164D 
 347 0740 522B 8A3D 		.ascii	"R+\212=\307ld\007\377\247tjV\362\001(\201\307\3605\374\030y\020"
 347      C76C 6407 
 347      FFA7 746A 
 347      56F2 0128 
 347      81C7 F035 
 348 0758 4677 9F4B 		.ascii	"Fw\237K\256\366\006oH&\264NK\310\301E\f\302(\024\317\374Q\306"
 348      AEF6 066F 
 348      4826 B44E 
 348      4BC8 C145 
 348      0CC2 2814 
 349 0770 C613 7F12 		.ascii	"\306\023\177\022\211?\245\353\257\364\363\302\031\352Ob|\305"
 349      893F A5EB 
 349      AFF4 F3C2 
 349      19EA 4F62 
 349      7CC5 
 350 0782 101C B3B4 		.ascii	"\020\034\263\264\321\336Z\321\304\007\251*\017\310\320\265\274"
 350      D1DE 5AD1 
 350      C407 A92A 
 350      0FC8 D0B5 
 350      BC
 351 0793 BAF0 B89B 		.ascii	"\272\360\270\233\271\277J\217=J\030\3665\221\314\277\3705\001"
 351      B9BF 4A8F 
 351      3D4A 18F6 
 351      3591 CCBF 
 351      F835 01
 352 07a6 F8A6 87AB 		.ascii	"\370\246\207\253\212\365\232:s\035\257\016\301z^\2563\267\345"
 352      8AF5 9A3A 
 352      731D AF0E 
 352      C17A 5EAE 
 352      33B7 E5
 353 07b9 6FAC 3380 		.ascii	"o\2543\200;YP-\355H\t\204\271]\241\303\257Q\322\013\223\223D"
 353      3B59 502D 
 353      ED48 0984 
 353      B95D A1C3 
 353      AF51 D20B 
 354 07d0 9C49 21CE 		.ascii	"\234I!\316\f\036\314\313\344\205k\224\377\255\373\275%^L\307"
 354      0C1E CCCB 
 354      E485 6B94 
 354      FFAD FBBD 
 354      255E 4CC7 
 355 07e4 A194 B12B 		.ascii	"\241\224\261+\211\016\034\304\rL\207\234W\033\210\206\215D\303"
 355      890E 1CC4 
 355      0D4C 879C 
 355      571B 8886 
 355      8D44 C3
 356 07f7 C334 FB90 		.ascii	"\3034\373\220\247\206\"\316r\305\332&J\021\337\001\2759s}\276"
 356      A786 22CE 
 356      72C5 DA26 
 356      4A11 DF01 
 356      BD39 737D 
 357 080c 4E83 7EAE 		.ascii	"N\203~\256Aof\350\315\004\335\365\354p\023\257A\343tS\320[\030"
 357      416F 66E8 
 357      CD04 DDF5 
 357      EC70 13AF 
 357      41E3 7453 
 358 0823 7A0B D59D 		.ascii	"z\013\325\235s\253Z\033,<\231\nz+Co%h\207}p\253A\203\306\321"
 358      73AB 5A1B 
 358      2C3C 990A 
 358      7A2B 436F 
 358      2568 877D 
 359 083d 52D0 DB   		.ascii	"R\320\333"
 360 0840 187A 1B41 		.string	"\030z\033A7\234\263\037\364\035i\342F\372\f\304[R}\377s\017\215\366\0374\023\227\312\264\
 360      379C B31F 
 360      F41D 69E2 
 360      46FA 0CC4 
 360      5B52 7DFF 
 361 0941 04C7 7648 		.string	"\004\307vH\205\330u\313J\311v\232\3562\351Z5\023\235j \236\373\372\223\022<\204\033$\236|
 361      85D8 75CB 
 361      4AC9 769A 
 361      EE32 E95A 
 361      3513 9D6A 
 362 09b1 FB68 0EB5 		.ascii	"\373h\016\265T\327\224{\243"
 362      54D7 947B 
 362      A3
 363 09ba 4048 A2A0 		.string	"@H\242\240@\232C\266\022\253\022\273C\340{\351K\2465c\264<YiZ\344\357\345Z1\257\343\b\036
 363      409A 43B6 
 363      12AB 12BB 
 363      43E0 7BE9 
 363      4BA6 3563 
 364 0abb 86FF 8DC0 		.ascii	"\206\377\215\300\367\021ki\216\274\342P5\314X\025x\207\233@\341"
 364      F711 6B69 
 364      8EBC E250 
 364      35CC 5815 
 364      7887 9B40 
 365 0ad0 72EF 897E 		.ascii	"r\357\211~\037!\235L\263.}[\355\016o\024\304\364\253\352\211"
 365      1F21 9D4C 
 365      B32E 7D5B 
 365      ED0E 6F14 
 365      C4F4 ABEA 
 366 0ae5 7A38 43CE 		.ascii	"z8C\316(\005\005\265\374=\356&F\353e\243\332#\352,$B=1Z\007F"
 366      2805 05B5 
 366      FC3D EE26 
 366      46EB 65A3 
 366      DA23 EA2C 
 367 0b00 6B69 486D 		.ascii	"kiHm\315y%^x\272\262\345\b\325k\016\250sl\272\316\221\351\352"
 367      CD79 255E 
 367      78BA B2E5 
 367      08D5 6B0E 
 367      A873 6CBA 
 368 0b18 4EDA 5EEE 		.ascii	"N\332^\356\256\231\334S\232\243\265\201\241\033\bz\365\271\234"
 368      AE99 DC53 
 368      9AA3 B581 
 368      A11B 087A 
 368      F5B9 9C
 369 0b2b 1CED E157 		.ascii	"\034\355\341W\241I\205\363\f}\236\036\304?\364_\365Qfw\031\371"
 369      A149 85F3 
 369      0C7D 9E1E 
 369      C43F F45F 
 369      F551 6677 
 370 0b41 8A50 C2D5 		.ascii	"\212P\302\325\250\016?nxN\237=o\334\347\223&q\036Vs\264e\262"
 370      A80E 3F6E 
 370      784E 9F3D 
 370      6FDC E793 
 370      2671 1E56 
 371 0b59 D162 8CF8 		.ascii	"\321b\214\3708|il\314\242X\323\222q\013\315Qb\334\270\240o&\177"
 371      387C 696C 
 371      CCA2 58D3 
 371      9271 0BCD 
 371      5162 DCB8 
 372 0b71 F84E B8C9 		.ascii	"\370N\270\311\262D\214\n\217\263X#\3151\341\037M\b\016\267\304"
 372      B244 8C0A 
 372      8FB3 5823 
 372      CD31 E11F 
 372      4D08 0EB7 
 373 0b86 C444 452C 		.ascii	"\304DE,6\231\243\303M\313c'\223\237w\027E[\337\325\364\207\233"
 373      3699 A3C3 
 373      4DCB 6327 
 373      939F 7717 
 373      455B DFD5 
 374 0b9d A323 A2AC 		.ascii	"\243#\242\254\221\"\f\214\004\375\023\026s\236\330\316\244\017"
 374      9122 0C8C 
 374      04FD 1316 
 374      739E D8CE 
 374      A40F 
 375 0baf 8D16 FD12 		.ascii	"\215\026\375\022qI\254\270\\\214\215\370\366\365(\363\202\211"
 375      7149 ACB8 
 375      5C8C 8DF8 
 375      F6F5 28F3 
 375      8289 
 376 0bc1 4B62 2217 		.ascii	"Kb\"\027X\343&\316\372,L\214\205\336\t\021\234\027\3552\306|"
 376      58E3 26CE 
 376      FA2C 4C8C 
 376      85DE 0911 
 376      9C17 ED32 
 377 0bd7 6D98 459F 		.ascii	"m\230E\237\304h\323\202(\321\315\370\031\330\360e}\221\3468\334"
 377      C468 D382 
 377      28D1 CDF8 
 377      19D8 F065 
 377      7D91 E638 
 378 0bec F906 1D16 		.ascii	"\371\006\035\026*\232\"gD/\265ZB\305E\3468\213\030\373\026\355"
 378      2A9A 2267 
 378      442F B55A 
 378      42C5 45E6 
 378      388B 18FB 
 379 0c02 FF32 D66C 		.ascii	"\3772\326l\021\303\314\321\213\242D\371\215\201\251_$Z\214\346"
 379      11C3 CCD1 
 379      8BA2 44F9 
 379      8D81 A95F 
 379      245A 8CE6 
 380 0c16 483F D6FA 		.ascii	"H?\326\372/\006\202I_\326\216\005\205\320\0345]\264\200^\030"
 380      2F06 8249 
 380      5FD6 8E05 
 380      85D0 1C35 
 380      5DB4 805E 
 381 0c2b 1B37 2FEC 		.ascii	"\0337/\354\237!\241s\375\224\216/f\206L\231\353\253\264g\206"
 381      9F21 A173 
 381      FD94 8E2F 
 381      6686 4C99 
 381      EBAB B467 
 382 0c40 CC9E 4EDC 		.ascii	"\314\236N\334|\377=\243\305?b\261\030\361\265\221i[j\212\370"
 382      7CFF 3DA3 
 382      C53F 62B1 
 382      18F1 B591 
 382      695B 6A8A 
 383 0c55 5AB4 BCA5 		.ascii	"Z\264\274\245\362w\311\202\205\246\350\b\2139&:\030\2423z\236"
 383      F277 C982 
 383      85A6 E808 
 383      8B39 263A 
 383      18A2 337A 
 384 0c6a 2916 A847 		.ascii	")\026\250G\210\346\345\342\034\202\365!\0011\233\242\302\304"
 384      88E6 E5E2 
 384      1C82 F521 
 384      0131 9BA2 
 384      C2C4 
 385 0c7c E848 CFCF 		.ascii	"\350H\317\317\254\013\215\221&\213\311{*\374@c\241\030\033\354"
 385      AC0B 8D91 
 385      268B C97B 
 385      2AFC 4063 
 385      A118 1BEC 
 386 0c90 B674 DED4 		.ascii	"\266t\336\324\320`\2035:\316\274(Z\214\034\007\301\217\365\262"
 386      D060 8335 
 386      3ACE BC28 
 386      5A8C 1C07 
 386      C18F F5B2 
 387 0ca4 C689 C6D8 		.ascii	"\306\211\306\330\270\277M\376\300{\231\325\024m1[\2765.6{\305"
 387      B8BF 4DFE 
 387      C07B 99D5 
 387      146D 315B 
 387      BE35 2E36 
 388 0cba 598C A6C8 		.ascii	"Y\214\246\310XcT\214\374\264\330lXh\245\346\215\0211\221b\200"
 388      5863 548C 
 388      FCB4 D86C 
 388      5868 A5E6 
 388      8D11 3191 
 389 0cd0 C5B4 E885 		.ascii	"\305\264\350\205\020\306\205\212\313\254b\234Eo\244\374#\215"
 389      10C6 858A 
 389      CBAC 629C 
 389      456F A4FC 
 389      238D 
 390 0ce2 4645 6B54 		.ascii	"FEkT\314\210\263\267\230\363\017\2356e\252q\306\3549\363\346"
 390      CC88 B3B7 
 390      98F3 0F9D 
 390      3665 AA71 
 390      C6EC 39F3 
 391 0cf7 1A43 A74D 		.ascii	"\032C\247M\017\203\237\377x.7EYE\260\312\036\242b\336\3722t\306"
 391      0F83 9FFF 
 391      782E 3745 
 391      5945 B0CA 
 391      1EA2 62DE 
 392 0d0f DC69 C6B0 		.ascii	"\334i\306\260\031\263\247\317\234\206q3\302\346N\013\305X\035"
 392      19B3 A7CF 
 392      9C86 7133 
 392      C2E6 4E0B 
 392      C558 1D
 393 0d22 F6E3 FF4D 		.ascii	"\366\343\377M\"z\\"
 393      227A 5C
 394               		.text
 395               		.section	.gnu.lto_.symtab.2dcc0fe,"",@progbits
 396 0000 4D6F 6462 		.string	"Modbus_enable"
 396      7573 5F65 
 396      6E61 626C 
 396      6500 
 397 000e 00        		.string	""
 398 000f 00        		.string	""
 399 0010 00        		.string	""
 400 0011 00        		.string	""
 401 0012 00        		.string	""
 402 0013 00        		.string	""
 403 0014 00        		.string	""
 404 0015 00        		.string	""
 405 0016 00        		.string	""
 406 0017 00        		.string	""
 407 0018 00        		.string	""
 408 0019 C800      		.string	"\310"
 409 001b 00        		.string	""
 410 001c 00        		.string	""
 411 001d 4D6F 6462 		.string	"Modbus_disable"
 411      7573 5F64 
 411      6973 6162 
 411      6C65 00
 412 002c 00        		.string	""
 413 002d 00        		.string	""
 414 002e 00        		.string	""
 415 002f 00        		.string	""
 416 0030 00        		.string	""
 417 0031 00        		.string	""
 418 0032 00        		.string	""
 419 0033 00        		.string	""
 420 0034 00        		.string	""
 421 0035 00        		.string	""
 422 0036 00        		.string	""
 423 0037 CB00      		.string	"\313"
 424 0039 00        		.string	""
 425 003a 00        		.string	""
 426 003b 5365 7276 		.string	"ServerReadInputRegister"
 426      6572 5265 
 426      6164 496E 
 426      7075 7452 
 426      6567 6973 
 427 0053 00        		.string	""
 428 0054 00        		.string	""
 429 0055 00        		.string	""
 430 0056 00        		.string	""
 431 0057 00        		.string	""
 432 0058 00        		.string	""
 433 0059 00        		.string	""
 434 005a 00        		.string	""
 435 005b 00        		.string	""
 436 005c 00        		.string	""
 437 005d 00        		.string	""
 438 005e D100      		.string	"\321"
 439 0060 00        		.string	""
 440 0061 00        		.string	""
 441 0062 5365 7276 		.string	"ServerWriteSingleRegister"
 441      6572 5772 
 441      6974 6553 
 441      696E 676C 
 441      6552 6567 
 442 007c 00        		.string	""
 443 007d 00        		.string	""
 444 007e 00        		.string	""
 445 007f 00        		.string	""
 446 0080 00        		.string	""
 447 0081 00        		.string	""
 448 0082 00        		.string	""
 449 0083 00        		.string	""
 450 0084 00        		.string	""
 451 0085 00        		.string	""
 452 0086 00        		.string	""
 453 0087 D700      		.string	"\327"
 454 0089 00        		.string	""
 455 008a 00        		.string	""
 456 008b 6D6F 6462 		.string	"modbus_get_id"
 456      7573 5F67 
 456      6574 5F69 
 456      6400 
 457 0099 00        		.string	""
 458 009a 00        		.string	""
 459 009b 00        		.string	""
 460 009c 00        		.string	""
 461 009d 00        		.string	""
 462 009e 00        		.string	""
 463 009f 00        		.string	""
 464 00a0 00        		.string	""
 465 00a1 00        		.string	""
 466 00a2 00        		.string	""
 467 00a3 00        		.string	""
 468 00a4 DA00      		.string	"\332"
 469 00a6 00        		.string	""
 470 00a7 00        		.string	""
 471 00a8 6D6F 6462 		.string	"modbus_write_ok"
 471      7573 5F77 
 471      7269 7465 
 471      5F6F 6B00 
 472 00b8 00        		.string	""
 473 00b9 00        		.string	""
 474 00ba 00        		.string	""
 475 00bb 00        		.string	""
 476 00bc 00        		.string	""
 477 00bd 00        		.string	""
 478 00be 00        		.string	""
 479 00bf 00        		.string	""
 480 00c0 00        		.string	""
 481 00c1 00        		.string	""
 482 00c2 00        		.string	""
 483 00c3 DE00      		.string	"\336"
 484 00c5 00        		.string	""
 485 00c6 00        		.string	""
 486 00c7 6D6F 6462 		.string	"modbus_read_ok"
 486      7573 5F72 
 486      6561 645F 
 486      6F6B 00
 487 00d6 00        		.string	""
 488 00d7 00        		.string	""
 489 00d8 00        		.string	""
 490 00d9 00        		.string	""
 491 00da 00        		.string	""
 492 00db 00        		.string	""
 493 00dc 00        		.string	""
 494 00dd 00        		.string	""
 495 00de 00        		.string	""
 496 00df 00        		.string	""
 497 00e0 00        		.string	""
 498 00e1 E000      		.string	"\340"
 499 00e3 00        		.string	""
 500 00e4 00        		.string	""
 501 00e5 4765 7449 		.string	"GetInpRegsUSHORT"
 501      6E70 5265 
 501      6773 5553 
 501      484F 5254 
 501      00
 502 00f6 00        		.string	""
 503 00f7 00        		.string	""
 504 00f8 00        		.string	""
 505 00f9 00        		.string	""
 506 00fa 00        		.string	""
 507 00fb 00        		.string	""
 508 00fc 00        		.string	""
 509 00fd 00        		.string	""
 510 00fe 00        		.string	""
 511 00ff 00        		.string	""
 512 0100 00        		.string	""
 513 0101 E400      		.string	"\344"
 514 0103 00        		.string	""
 515 0104 00        		.string	""
 516 0105 4765 7449 		.string	"GetInpRegsFLOAT"
 516      6E70 5265 
 516      6773 464C 
 516      4F41 5400 
 517 0115 00        		.string	""
 518 0116 00        		.string	""
 519 0117 00        		.string	""
 520 0118 00        		.string	""
 521 0119 00        		.string	""
 522 011a 00        		.string	""
 523 011b 00        		.string	""
 524 011c 00        		.string	""
 525 011d 00        		.string	""
 526 011e 00        		.string	""
 527 011f 00        		.string	""
 528 0120 E800      		.string	"\350"
 529 0122 00        		.string	""
 530 0123 00        		.string	""
 531 0124 4765 7449 		.string	"GetInpRegsLONG"
 531      6E70 5265 
 531      6773 4C4F 
 531      4E47 00
 532 0133 00        		.string	""
 533 0134 00        		.string	""
 534 0135 00        		.string	""
 535 0136 00        		.string	""
 536 0137 00        		.string	""
 537 0138 00        		.string	""
 538 0139 00        		.string	""
 539 013a 00        		.string	""
 540 013b 00        		.string	""
 541 013c 00        		.string	""
 542 013d 00        		.string	""
 543 013e F300      		.string	"\363"
 544 0140 00        		.string	""
 545 0141 00        		.string	""
 546 0142 4461 7461 		.string	"DataBuffer0"
 546      4275 6666 
 546      6572 3000 
 547 014e 00        		.string	""
 548 014f 02        		.ascii	"\002"
 549 0150 00        		.string	""
 550 0151 00        		.string	""
 551 0152 00        		.string	""
 552 0153 00        		.string	""
 553 0154 00        		.string	""
 554 0155 00        		.string	""
 555 0156 00        		.string	""
 556 0157 00        		.string	""
 557 0158 00        		.string	""
 558 0159 0801 00   		.string	"\b\001"
 559 015c 00        		.string	""
 560 015d 7055 4452 		.string	"pUDR0"
 560      3000 
 561 0163 00        		.string	""
 562 0164 02        		.ascii	"\002"
 563 0165 00        		.string	""
 564 0166 00        		.string	""
 565 0167 00        		.string	""
 566 0168 00        		.string	""
 567 0169 00        		.string	""
 568 016a 00        		.string	""
 569 016b 00        		.string	""
 570 016c 00        		.string	""
 571 016d 00        		.string	""
 572 016e 0E01 00   		.string	"\016\001"
 573 0171 00        		.string	""
 574 0172 7573 655F 		.string	"use_rs485"
 574      7273 3438 
 574      3500 
 575 017c 00        		.string	""
 576 017d 02        		.ascii	"\002"
 577 017e 00        		.string	""
 578 017f 00        		.string	""
 579 0180 00        		.string	""
 580 0181 00        		.string	""
 581 0182 00        		.string	""
 582 0183 00        		.string	""
 583 0184 00        		.string	""
 584 0185 00        		.string	""
 585 0186 00        		.string	""
 586 0187 1001 00   		.string	"\020\001"
 587 018a 00        		.string	""
 588 018b 6368 6563 		.string	"check_modbus_packet"
 588      6B5F 6D6F 
 588      6462 7573 
 588      5F70 6163 
 588      6B65 7400 
 589 019f 00        		.string	""
 590 01a0 02        		.ascii	"\002"
 591 01a1 00        		.string	""
 592 01a2 00        		.string	""
 593 01a3 00        		.string	""
 594 01a4 00        		.string	""
 595 01a5 00        		.string	""
 596 01a6 00        		.string	""
 597 01a7 00        		.string	""
 598 01a8 00        		.string	""
 599 01a9 00        		.string	""
 600 01aa F700      		.string	"\367"
 601 01ac 00        		.string	""
 602 01ad 00        		.string	""
 603 01ae 5561 7274 		.string	"UartReceivePacket"
 603      5265 6365 
 603      6976 6550 
 603      6163 6B65 
 603      7400 
 604 01c0 00        		.string	""
 605 01c1 02        		.ascii	"\002"
 606 01c2 00        		.string	""
 607 01c3 00        		.string	""
 608 01c4 00        		.string	""
 609 01c5 00        		.string	""
 610 01c6 00        		.string	""
 611 01c7 00        		.string	""
 612 01c8 00        		.string	""
 613 01c9 00        		.string	""
 614 01ca 00        		.string	""
 615 01cb FA00      		.string	"\372"
 616 01cd 00        		.string	""
 617 01ce 00        		.string	""
 618 01cf 4D42 5365 		.string	"MBSerialSend"
 618      7269 616C 
 618      5365 6E64 
 618      00
 619 01dc 00        		.string	""
 620 01dd 02        		.ascii	"\002"
 621 01de 00        		.string	""
 622 01df 00        		.string	""
 623 01e0 00        		.string	""
 624 01e1 00        		.string	""
 625 01e2 00        		.string	""
 626 01e3 00        		.string	""
 627 01e4 00        		.string	""
 628 01e5 00        		.string	""
 629 01e6 00        		.string	""
 630 01e7 FF00      		.string	"\377"
 631 01e9 00        		.string	""
 632 01ea 00        		.string	""
 633               		.text
 634               		.section	.gnu.lto_.opts,"",@progbits
 635 0000 272D 666E 		.ascii	"'-fno-math-errno' '-fno-signed-zeros' '-fno-trapping-math' '"
 635      6F2D 6D61 
 635      7468 2D65 
 635      7272 6E6F 
 635      2720 272D 
 636 003c 2D66 6E6F 		.ascii	"-fno-trapv' '-fno-openmp' '-fno-openacc' '-mn-flash=1' '-mno"
 636      2D74 7261 
 636      7076 2720 
 636      272D 666E 
 636      6F2D 6F70 
 637 0078 2D73 6B69 		.ascii	"-skip-bug' '-mrelax' '-mcall-prologues' '-mmcu=avr5' '-gdwar"
 637      702D 6275 
 637      6727 2027 
 637      2D6D 7265 
 637      6C61 7827 
 638 00b4 662D 3227 		.ascii	"f-2' '-Os' '-fu"
 638      2027 2D4F 
 638      7327 2027 
 638      2D66 75
 639 00c3 6E73 6967 		.string	"nsigned-char' '-fpack-struct' '-fshort-enums' '-flto' '-fmerge-all-constants' '-ffast-mat
 639      6E65 642D 
 639      6368 6172 
 639      2720 272D 
 639      6670 6163 
 640               		.text
 641               		.comm	__gnu_lto_v1,1,1
 642               		.comm	__gnu_lto_slim,1,1
 643               		.ident	"GCC: (AVR_8_bit_GNU_Toolchain_3.6.0_1734) 5.4.0"
DEFINED SYMBOLS
                            *ABS*:00000000 MBServer.c
C:\Users\apapk\AppData\Local\Temp\ccinNmgO.s:2      *ABS*:0000003e __SP_H__
C:\Users\apapk\AppData\Local\Temp\ccinNmgO.s:3      *ABS*:0000003d __SP_L__
C:\Users\apapk\AppData\Local\Temp\ccinNmgO.s:4      *ABS*:0000003f __SREG__
C:\Users\apapk\AppData\Local\Temp\ccinNmgO.s:5      *ABS*:00000000 __tmp_reg__
C:\Users\apapk\AppData\Local\Temp\ccinNmgO.s:6      *ABS*:00000001 __zero_reg__
                            *COM*:00000001 __gnu_lto_v1
                            *COM*:00000001 __gnu_lto_slim

NO UNDEFINED SYMBOLS
