   1               		.file	"Button.c"
   2               	__SP_H__ = 0x3e
   3               	__SP_L__ = 0x3d
   4               	__SREG__ = 0x3f
   5               	__tmp_reg__ = 0
   6               	__zero_reg__ = 1
   7               		.text
   8               	.Ltext0:
   9               		.section	.gnu.lto_.profile.2dcfa44,"",@progbits
  10 0000 789C 6361 		.string	"x\234ca`d`e`"
  10      6064 6065 
  10      6000 
  11 000a 921D 8CB1 		.string	"\222\035\214\261"
  11      00
  12 000f 0275 00   		.string	"\002u"
  13 0012 F2        		.ascii	"\362"
  14               		.text
  15               		.section	.gnu.lto_.icf.2dcfa44,"",@progbits
  16 0000 789C 6361 		.string	"x\234ca`d"
  16      6064 00
  17 0007 015B 0604 		.string	"\001[\006\004\340b8\272\375J"
  17      E062 38BA 
  17      FD4A 00
  18 0012 D3A4 ED8B 		.string	"\323\244\355\213\35723\203IV0\311\276\245\177\321\037&\0160\3119c\372\236\215\334\\\0137L
  18      EF32 3383 
  18      4956 30C9 
  18      BEA5 7FD1 
  18      1F26 0E30 
  19 0042 00        		.string	""
  20 0043 83ED 1CC5 		.ascii	"\203\355\034\305"
  21               		.text
  22               		.section	.gnu.lto_.jmpfuncs.2dcfa44,"",@progbits
  23 0000 789C 6361 		.string	"x\234ca`d"
  23      6064 00
  24 0007 0113 0604 		.string	"\001\023\006\004`\007aFF\306z\016\020\301\t\"\230\200B\\@\006#\210\301\304T\tR\306\r\223\
  24      6007 6146 
  24      46C6 7A0E 
  24      10C1 0922 
  24      9880 425C 
  25 002b 5FC9 0309 		.ascii	"_\311\003\t"
  26               		.text
  27               		.section	.gnu.lto_.inline.2dcfa44,"",@progbits
  28 0000 789C 6361 		.string	"x\234ca`d"
  28      6064 00
  29 0007 8175 0C08 		.string	"\201u\f\b\300\316\300\240\245\311\310\300\344\267\341!\013\003\333\002y&\210 \027'P\214oC
  29      C0CE C0A0 
  29      A5C9 C8C0 
  29      E4B7 E121 
  29      0B03 DB02 
  30 004a 9A04 94E2 		.string	"\232\004\224\342f\340\024\204ig\373\240\207\256\212\207AP"
  30      66E0 1484 
  30      6967 FBA0 
  30      87AE 8A87 
  30      4150 00
  31 005d A85D E6C1 		.string	"\250]\346\301-F\270\024\003"
  31      2D46 B814 
  31      0300 
  32 0067 F09B 1373 		.ascii	"\360\233\023s"
  33               		.text
  34               		.section	.gnu.lto_.pureconst.2dcfa44,"",@progbits
  35 0000 789C 6361 		.string	"x\234ca`d\020b```g\220b\337\305\310\261\213\221s\027#\227\004\267\024\217\024"
  35      6064 1062 
  35      6060 6067 
  35      9062 DFC5 
  35      C8B1 8B91 
  36 001e 1ED6 02EF 		.ascii	"\036\326\002\357"
  37               		.text
  38               		.section	.gnu.lto_debounce_keys.2dcfa44,"",@progbits
  39 0000 789C 9596 		.ascii	"x\234\225\226\337oTE\024\307\347\314\334{w\273\335-\264\245?"
  39      DF6F 5445 
  39      14C7 E7CC 
  39      DC7B 77BB 
  39      DD2D B4A5 
  40 0015 6CB7 ED06 		.ascii	"l\267\355\006\322&\013\245\022}\361\301\304\350\203\177\200\177"
  40      D226 0BA5 
  40      127D F1C1 
  40      C4E8 837F 
  40      807F 
  41 0027 800F F844 		.ascii	"\200\017\370Db4\321\372\334\331_ \232\360d\027C \304 \026\025"
  41      6234 D1FA 
  41      DCD9 5F20 
  41      9AF0 6417 
  41      4320 C420 
  42 003d 2D6B 455D 		.ascii	"-kE]\253\270.\265\nT*\362\033_h\037H\300&vM5\226@\327s\316\334"
  42      ABB8 2EB5 
  42      0A54 2AF2 
  42      1B5F 681F 
  42      48C0 2676 
  43 0059 8E97 66DB 		.ascii	"\216\227f\333\270\373pv\346\354\231\357\347\314\2313\367\256"
  43      B8FB 7076 
  43      E6EC 99EF 
  43      E7CC 9933 
  43      F7AE 
  44 006b 2340 D0E7 		.ascii	"#@\320\347\365\006!\232\361\373Y\232\204\004H!Ra)\225\020:\342"
  44      F506 219A 
  44      F1FB 599A 
  44      8404 4821 
  44      5261 2995 
  45 0082 A089 2A70 		.ascii	"\240\211*p\310\345H\227\\\036\271\\\360\310\345\001J\3500\210"
  45      C8E5 4897 
  45      5C1E B95C 
  45      F0C8 E501 
  45      4AE8 3088 
  46 0096 11A9 1CD7 		.ascii	"\021\251\034\327\203\021\370K>\224P\336w\247(\223c\032?\267\217"
  46      8311 F84B 
  46      3E94 50DE 
  46      77A7 2893 
  46      631A 3FB7 
  47 00ab EF55 FA44 		.ascii	"\357U\372D\tr(W\225\314\0230\006I\201a\307/\234=\323\2446\003"
  47      0972 2857 
  47      95CC 1330 
  47      0649 8161 
  47      C72F 9C3D 
  48 00c3 8D6F BC7D 		.ascii	"\215o\274}@\273\375\307\264N\353\322\351\341\254.\245\0229\005"
  48      40BB FDC7 
  48      B44E EBD2 
  48      E9E1 AC2E 
  48      A512 3905 
  49 00d7 7002 14AE 		.ascii	"p\002\024\256\202'\343\260+\316k1t\276\2602\032\363\262\244\236"
  49      8227 E3B0 
  49      2BCE 6B31 
  49      74BE B032 
  49      1AF3 B2A4 
  50 00ec 800F A1DF 		.ascii	"\200\017\241\337\350\302G\340a2@\236\361\027J\272Z\315\350\322"
  50      E8C2 47E0 
  50      6132 409E 
  50      F117 4ABA 
  50      5ACD E8D2 
  51 0100 C453 E565 		.ascii	"\304S\345eg\227\0229%=2!4*L\246\201\246\021\0325\222\211\nZ\027"
  51      6797 1239 
  51      253D 3221 
  51      342A 4CA6 
  51      81A6 111A 
  52 011a 2367 1399 		.ascii	"#g\023\231Md\232\311\264\220i%\323F\246\235\003;h\330I\246\213"
  52      4D64 9AC9 
  52      B490 6925 
  52      D346 A69D 
  52      033B 68D8 
  53 0131 4C37 9938 		.ascii	"L7\2318\351\364\320\250\227F}d\0224\335Jf\033\231~2\003d\222"
  53      E9F4 D0A8 
  53      9746 7D64 
  53      1234 DD4A 
  53      661B 997E 
  54 0149 64B6 53C8 		.ascii	"d\266S\310\016\032\r\322h'\231!\232\n\261\310\245\252H\374Rw"
  54      0E1A 0DD2 
  54      6827 9921 
  54      9A0A B1C8 
  54      A5AA 48FC 
  55 015f A0BC 74EA 		.ascii	"\240\274t\352@7m\020w\237\317\225gCK2\247\034\256\333D\265X\211"
  55      4037 6D10 
  55      779F CF95 
  55      6743 4B32 
  55      A71C AEDB 
  56 0177 9AE9 34CD 		.ascii	"\232\3514\315\177\177\367\366!y\024\216\244\262)\255\033s\312"
  56      7F7F F7F6 
  56      2179 148E 
  56      A4B2 29AD 
  56      1B73 CA
  57 018a 8593 1087 		.ascii	"\205\223\020\207\217\001\253\007\237\300Q\300\220\352\335\233"
  57      8F01 AB07 
  57      9FC0 51C0 
  57      90EA DD9B 
  58 019a C71A 6889 		.ascii	"\307\032h\211\204E\001\237\342OH\270\377\326\312\234K\210\214"
  58      8445 019F 
  58      E24F 48B8 
  58      FFD6 CA9C 
  58      4B88 8C
  59 01ad 22CA C9D1 		.ascii	"\"\312\311\321i\307\250&q69\226{\2215\201\004\307\255\340)\024"
  59      69C7 A826 
  59      7136 3996 
  59      7B91 3581 
  59      04C7 ADE0 
  60 01c3 C4C5 E93F 		.ascii	"\304\305\351?\367=m\226\206p59V<3\017\243\213\324\363`\346\r"
  60      F73D 6D96 
  60      8670 3539 
  60      563C 330F 
  60      A38B D4F3 
  61 01da 2856 2C2E 		.ascii	"(V,.\374\026\032y\250\337\324z3\002\366+s\252\013\331\371\213"
  61      FC16 1A79 
  61      A8DF D47A 
  61      3302 F62B 
  61      73AA 0BD9 
  62 01f0 8D04 D129 		.ascii	"\215\004\321)\362\273P\300n2\230\317V1!\243\022A!\234g\356\373"
  62      F2BB 50C0 
  62      6E32 98CF 
  62      5631 21A3 
  62      1241 219C 
  63 0207 9446 0645 		.ascii	"\224F\006E\202!Q\364\212y\220\334\025x`\350\241\237\363\205w"
  63      8221 51F4 
  63      8A79 90DC 
  63      1578 60E8 
  63      A19F F385 
  64 021c 1E33 01B1 		.ascii	"\0363\001\261`)=.\345\243\211y\373\025pb\367f\256NE81\366\003"
  64      6029 3D2E 
  64      E5A3 8979 
  64      FB15 7062 
  64      F766 AE4E 
  65 0235 7C8E 894D 		.ascii	"|\216\211Mpb\247Mb\231\007~\"M\f\216\005+\260\t\275L\006\377"
  65      7062 A74D 
  65      6299 077E 
  65      224D 0C8E 
  65      052B B009 
  66 024d FCFE 2FE5 		.ascii	"\374\376/\345\013K\371\022)(\304*\227\266\030\331\346ZJ\262\266"
  66      0B4B F912 
  66      2928 C42A 
  66      97B6 18D9 
  66      E65A 4AB2 
  67 0262 D257 56A9 		.ascii	"\322WV\251\270&\337\026\316\2679X\313VN\271e\343\224\327\001"
  67      B826 DF16 
  67      CEB7 3958 
  67      CB56 4EB9 
  67      65E3 94D7 
  68 0277 7D6D 4193 		.ascii	"}mA\223\234r+\263\366^{\315H\267\261tk0\201vN\240\355\321\223"
  68      9C72 2BB3 
  68      F65E 7BCD 
  68      48B7 B174 
  68      6B30 8176 
  69 0290 6AE7 8EA9 		.ascii	"j\347\216\251\214\366\231\230\216:z\346\033\3333\337\372[]\335"
  69      8CF6 9998 
  69      8E3A 7AE6 
  69      1BDB 33DF 
  69      FA5B 5DDD 
  70 02a4 5727 C33A 		.ascii	"W'\303:\376k\306:T\317X\325\357x_\235\254R\310\373M\337U\207"
  70      FE6B C63A 
  70      54CF 58D5 
  70      EF78 5F9D 
  70      AC52 C8FB 
  71 02bc 54C9 4A7D 		.ascii	"T\311J}\277\346,\2729\301.s\235\036\370\367%\216\376\340\375"
  71      BFE6 2CBA 
  71      39C1 2E73 
  71      9D1E F8F7 
  71      258E FEE0 
  72 02d1 E9A9 8552 		.ascii	"\351\251\205R\265Qe\213:\273\346\376\364\242\020\241\377\361"
  72      B551 658B 
  72      3ABB E6FE 
  72      F4A2 10A1 
  72      FFF1 
  73 02e3 D17D 0CEA 		.ascii	"\321}\f\352\r\206$\320\273q\255\326\241NY\352\017\\\253\204\251"
  73      0D86 24D0 
  73      BB71 ADD6 
  73      A14E 59EA 
  73      0F5C AB84 
  74 02f8 D5C1 41A3 		.ascii	"\325\301A\243\273\265\216ZM[\251\037Wk\365\274\310(eT\016M.\235"
  74      BBB5 8E5A 
  74      4D5B A91F 
  74      576B F5BC 
  74      C828 6554 
  75 0310 77CD 532C 		.ascii	"w\315S,\f?a\330\034doev\033\214\302\200\361\205\342r\314\004"
  75      0C3F 61D8 
  75      1C64 6F65 
  75      761B 8CC2 
  75      80F1 85E2 
  76 0327 0838 07E6 		.ascii	"\b8\007\346\365Q\241\327\032>Q\323K\213\007{\326ko\247v{\237"
  76      F551 A1D7 
  76      1A3E 51D3 
  76      4B8B 077B 
  76      D66B 6FA7 
  77 033e B7ED 7DC1 		.ascii	"\267\355}\301<H\357\376=Wd\002\300\0230\303\204\212t\214~\276"
  77      3C48 EFFE 
  77      3D57 6402 
  77      C013 30C3 
  77      848A 748C 
  78 0354 70D8 7FD2 		.ascii	"p\330\177\322\364\327\201\370\331\".\372[\316\373g4`\204.g\246"
  78      F4D7 81F8 
  78      D922 2EFA 
  78      5BCE FB67 
  78      3460 842E 
  79 036a 6695 4156 		.ascii	"f\225AV\001f\371\331\235\316\277\027\255s+\277X\316%>\245\001"
  79      0166 F9D9 
  79      9DCE BF17 
  79      AD73 2BBF 
  79      58CE 253E 
  80 0380 AE9E F251 		.ascii	"\256\236\362Q\201j\271\253\325:\\o\265~\265\210\313\246Z\357"
  80      816A B9AB 
  80      D53A 5C6F 
  80      B57E B588 
  80      CBA6 5AEF 
  81 0394 7FB0 FC87 		.ascii	"\177\260\374\2074\251o\201+\346\255\223/\034y\306@\223u4\306"
  81      34A9 6F81 
  81      2BE6 AD93 
  81      2F1C 79C6 
  81      4093 7534 
  82 03a9 55DB 18D7 		.ascii	"U\333\030\327\202\215\261\rU\270\023\370\n\315H#\274\035\177"
  82      828D B10D 
  82      55B8 13F8 
  82      0ACD 4823 
  82      BC1D 7F
  83 03bc 085E A11D 		.ascii	"\b^\241\035\265@nm\320u\013\272\261\346\n\r\242P\360\n\355d\320"
  83      B540 6E6D 
  83      D075 0BBA 
  83      B1E6 0A0D 
  83      A250 F00A 
  84 03d3 6030 6408 		.ascii	"`0d\b\275\033_\241u\2507-\365\026\037\316\020\237\004\376\337"
  84      BD1B 5FA1 
  84      75A8 372D 
  84      F516 1FCE 
  84      109F 04FE 
  85 03e8 52F7 205D 		.ascii	"R\367 ]ZvH\216\217g\021;[\340\2638\366\362\236\335\217?\367\306"
  85      5A76 488E 
  85      8F67 113B 
  85      5BE0 B338 
  85      F6F2 9EDD 
  86 0400 F0F0 ABAF 		.ascii	"\360\360\253\257\f\275$`\317\2777F\375P"
  86      0CBD 2460 
  86      CFBF 3746 
  86      FD50 
  87               		.text
  88               		.section	.gnu.lto_get_key_press.2dcfa44,"",@progbits
  89 0000 789C 9591 		.string	"x\234\225\221\315K\033Q\024\305\357yo\234I\033S\262\250\024!X\005Q\342\242U\374\017\374\0
  89      CD4B 1B51 
  89      14C5 EF79 
  89      6F9C 491B 
  89      53B2 A814 
  90 0070 2515 92B8 		.ascii	"%\025\222\270Ru\205\331\374\207\303G\321%c\322\346h\247\332\234"
  90      5275 85D9 
  90      FC87 C347 
  90      D125 63D2 
  90      E668 A7DA 
  91 0085 2D96 91D3 		.ascii	"-\226\221\323D\236\"\364G\320\033a5\226\020\345\316c\267\270"
  91      449E 22F4 
  91      47D0 1B61 
  91      3596 10E5 
  91      CE63 B7B8 
  92 0099 18D4 6110 		.ascii	"\030\324a\020\277\037T\257j\017\272?\211\312xa\243Y\202\"\364"
  92      BF1F 54AF 
  92      6A0F BA3F 
  92      89CA 7861 
  92      A359 8222 
  93 00ae 9D4A 18F8 		.ascii	"\235J\030\370\214niv\327\377\344Cv\326\360j\0270\237|\201-\277"
  93      8C6E 6976 
  93      D7FF E443 
  93      76D6 F06A 
  93      1730 9F7C 
  94 00c5 B936 5836 		.ascii	"\2716X6\236\2271f\243oW=\324\254\202\005\2215\371b[\n\216<\210"
  94      9E97 3166 
  94      A36F 573D 
  94      D4AC 8205 
  94      9135 F962 
  95 00de 6AA2 A373 		.ascii	"j\242\243s\305\233\376\205T\305{,\020FQ+[\024\267\266\217\233"
  95      C59B FE85 
  95      54C5 7B2C 
  95      1046 512B 
  95      5B14 B7B6 
  96 00f4 3BDA 0AE6 		.ascii	";\332\n\346c{N+1\275X-\355\007-\356\306Wt\360s\031\026\235\240"
  96      637B 4E2B 
  96      31BD 582D 
  96      ED07 2DEE 
  96      C657 74F0 
  97 010d 3237 D329 		.ascii	"27\323)\272\214\326\3343\227\253T\235K\225\323\332\037js\363"
  97      BA8C D6DC 
  97      3397 AB54 
  97      9D4B 95D3 
  97      DA1F 6A73 
  98 0122 ECA7 93AC 		.ascii	"\354\247\223\254\233w\306\204\271\366\236G\220\362Y\326\335\013"
  98      9B77 C684 
  98      B9F6 9E47 
  98      90F2 59D6 
  98      DD0B 
  99 0134 16B0 9032 		.ascii	"\026\260\2202)\251[X\345\354V\300\311`\r\00505\363\373\355%\032"
  99      29A9 5B58 
  99      E5EC 56C0 
  99      C960 0D05 
  99      3035 F3FB 
 100 014b D826 2667 		.ascii	"\330&&g\264E.\224?$O\301E\337\371|\361i\243\307\276\207\327\267"
 100      B445 2E94 
 100      3F24 4FC1 
 100      45DF F97C 
 100      F169 A3C7 
 101 0163 5BAF F51B 		.ascii	"[\257\365\033\257k\273Aq|3\333G\373\346\367\240\226n\251\033"
 101      AF6B BB41 
 101      717C 33DB 
 101      47FB E6F7 
 101      A096 6EA9 
 102 0178 4C65 1649 		.ascii	"Le\026I\244\371\226\177\221v\375'\322\357~\244?8\322S\244\313"
 102      A4F9 967F 
 102      9176 FD27 
 102      D2EF 7EA4 
 102      3F38 D253 
 103 018e F3AF 6F66 		.ascii	"\363\257of\227\033\252)\276,\356\t\215\306\207\236\017\274\231"
 103      971B AA29 
 103      BE2C EE09 
 103      8DC6 879E 
 103      0FBC 99
 104 01a1 9A1A 1F7B 		.ascii	"\232\032\037{6L\201\221\330\364\313\304\253\311\021kx4NN\"\226"
 104      364C 8191 
 104      D8F4 CBC4 
 104      ABC9 116B 
 104      7834 4E4E 
 105 01b7 189F 9826 		.ascii	"\030\237\230&k2\026\247\277\356\300\310\215"
 105      6B32 16A7 
 105      BFEE C0C8 
 105      8D
 106               		.text
 107               		.section	.gnu.lto_get_key_rpt.2dcfa44,"",@progbits
 108 0000 789C 9591 		.ascii	"x\234\225\221\261K[Q\024\306\317w\357\313{\321D\311\"EP\321E"
 108      B14B 5B51 
 108      14C6 CF77 
 108      EFCB 7BD1 
 108      44C9 2245 
 109 0017 8948 ADF4 		.ascii	"\211H\255\364?\350\237\320\271 \0322\004\215b\265\203SnLR\352"
 109      3FE8 9FD0 
 109      B920 1A32 
 109      048D 62B5 
 109      8353 6E4C 
 110 002d 6691 842E 		.ascii	"f\221\204.\345-\026c\253\246ZE\\$D\\\353P\234Zj\t\250P2$E\027"
 110      E52D 1663 
 110      ABA6 5A45 
 110      5C24 445C 
 110      EB50 9C5A 
 111 0049 5B4D CF79 		.ascii	"[M\317y\221t,\336\341\335\367\316=\337\357{\347\273\026\201d"
 111      9174 2CDE 
 111      E1DD F7CE 
 111      3DDF EF7B 
 111      E7BB 1681 
 112 005e 3D53 4483 		.ascii	"=SD\203\274?\220\017M\340\317\244_\201\017\215\037\224PH\340"
 112      BC3F 900F 
 112      4DE0 CFA4 
 112      5F81 0F8D 
 112      1F94 5048 
 113 0073 4ADD 282C 		.ascii	"J\335(,g\227N\333\303\253\306,\230\037G_\202\351|\021\031MTW"
 113      6797 4EDB 
 113      C3AB C62C 
 113      981F 475F 
 113      82E9 7C11 
 114 008b 84C7 5D78 		.ascii	"\204\307]x\324\305j\254\"\314\235g\345\374J@\207@\374\376\375"
 114      D4C5 6AAC 
 114      22CC 9D67 
 114      E5FC 4A40 
 114      8740 FCFE 
 115 00a0 F8AA DA32 		.ascii	"\370\252\3322\360NT\346w\310h\226 \017\375O%\f\254a@\232\313"
 115      F04E 54E6 
 115      77C8 6896 
 115      200F FD4F 
 115      250C AC61 
 116 00b7 5BB7 D936 		.ascii	"[\267\3316;mx\365\n\230O\336\303\226\337,<-\232z=e\214;\362M"
 116      3B6D 78F5 
 116      0A98 4FDE 
 116      C396 DF2C 
 116      3C2D 9A7A 
 117 00d1 B56A 56C1 		.ascii	"\265jV\301\202\310|\236\330\226\202#\017\242\252\350\250\246"
 117      82C8 7C9E 
 117      D896 8223 
 117      0FA2 AAE8 
 117      A8A6 
 118 00e3 78D3 1748 		.ascii	"x\323\027H\226\334\016\2010\212:\331\"\177px\026\354\353q\315"
 118      96DC 0E81 
 118      308A 3AD9 
 118      227F 7078 
 118      16EC EB71 
 119 00f8 9BDE 8C56 		.ascii	"\233\336\214Vb\372ks\373$`q7>\240\217\237\353\260\350\034\245"
 119      62FA 6B73 
 119      FB24 6071 
 119      373E A08F 
 119      9FEB B0E8 
 120 010e DCEB 21D1 		.ascii	"\334\353!\321\245\264\346\236\\\246t\354\\\252\214\326\336P\373"
 120      A5B4 E69E 
 120      5CA6 74EC 
 120      5CAA 8CD6 
 120      DE50 FB
 121 0121 FB95 AF4E 		.ascii	"\373\225\257N\342\306\2742&\304\265E\036A\312\225t\371s\300\305"
 121      E2C6 BC32 
 121      26C4 B545 
 121      1E41 CA95 
 121      74F9 73C0 
 122 0136 DBA4 494A 		.ascii	"\333\244IJ\335\302&g\267\001N\006\005\270`j\352\317\313K4\260"
 122      DDC2 2667 
 122      B701 4E06 
 122      05B8 606A 
 122      EACF CB4B 
 123 014c 3E26 A7B4 		.ascii	">&\247\264Ee(oH\236\202\213\236sm\275\273\321c\337\303\353c\323"
 123      4565 286F 
 123      489E 828B 
 123      9E73 6DBD 
 123      BBD1 63DF 
 124 0164 6BEB CEEB 		.ascii	"k\353\316\353\332nP\034\317\314\366\320\236\371=\250\333M\352"
 124      DA6E 501C 
 124      CFCC F6D0 
 124      9EF9 3DA8 
 124      DB4D EA
 125 0177 27A6 328B 		.ascii	"'\2462\213$\322\335f\244\375\377\211t\307\213t\227#\375\211\205"
 125      24D2 DD66 
 125      A4FD FF89 
 125      74C7 8B74 
 125      9723 FD89 
 126 018c E2DE CCDD 		.ascii	"\342\336\314\335\354rCU\305\227\305=m\223\261\361\341'/\346\346"
 126      EC72 4355 
 126      C597 C53D 
 126      6D93 B1F1 
 126      E127 2FE6 
 127 01a1 A6A7 1E46 		.ascii	"\246\247\036F\310?\021\235\037\215\217\315NX\221\311\0309\361"
 127      C83F 119D 
 127      1F8D 8FCD 
 127      4E58 91C9 
 127      1839 F1
 128 01b4 687C FAF9 		.ascii	"h|\372\371<Y\263\321\030\375\005gv\310x"
 128      3C59 B3D1 
 128      18FD 0567 
 128      76C8 78
 129               		.text
 130               		.section	.gnu.lto_get_key_short.2dcfa44,"",@progbits
 131 0000 789C 6550 		.ascii	"x\234eP;/DQ\020\236\357\234\273\367\336\315]\262\215\210d#\024"
 131      3B2F 4451 
 131      109E EF9C 
 131      BBF7 DECD 
 131      5DB2 8D88 
 132 0017 221A 8FF8 		.ascii	"\"\032\217\370\007~\202? \210BX\022\217B\265g\355\336\204N\""
 132      077E 823F 
 132      2088 4258 
 132      128F 42B5 
 132      67ED DE84 
 133 002d 4423 DB10 		.ascii	"D#\333\020\353\375l4\310\212\226J\024\022d\023o\005B\207kfWB"
 133      EBFD 6C34 
 133      C88A 964A 
 133      1412 6413 
 133      6F05 4287 
 134 0045 E214 73CE 		.ascii	"\342\024s\316|\363}\337\314\031\213@r\036\371\252\341\273\\\022"
 134      7CF3 7DDF 
 134      CC19 8B40 
 134      721E F9AA 
 134      E1BB 5C12 
 135 0059 4D50 4449 		.ascii	"MPDIW\201Q\343\202\022\n\t\274\253O\205\311\251\211\313\322\272"
 135      5781 51E3 
 135      8212 0A09 
 135      BCAB 4F85 
 135      C9A9 89CB 
 136 006f 0563 46CD 		.ascii	"\005cF\315\325\321Y$\235=\200\257\211\002Eh\216\2411\306j,\240"
 136      D5D1 5924 
 136      9D3D 80AF 
 136      8902 4568 
 136      8EA1 31C6 
 137 0086 8E99 D7F9 		.ascii	"\216\231\327\371\354\234\247\243 ~_\234\274?\207k\347Ee\202\250"
 137      EC9C A7A3 
 137      207E 5F9C 
 137      BC3F 876B 
 137      E745 6582 
 138 009b D12C 4116 		.ascii	"\321,A\026\372W%\036XD\255\220\363\233_S%v\332\360\251\022c\256"
 138      FA57 251E 
 138      5844 AD90 
 138      F39B 5F53 
 138      2576 DAF0 
 139 00b3 2CC1 9631 		.ascii	",\301\2261\327[\017L\020\244\214\331n\272W\021\315*X\034TH\202"
 139      D75B 0F4C 
 139      10A4 8CD9 
 139      6EBA 5711 
 139      CD2A 581C 
 140 00ca 0D31 70E4 		.ascii	"\r1p\344\351J\bK\331+8\323\263\270\320\213\342K\337\"\231\333"
 140      E94A 084B 
 140      D92B 38D3 
 140      B3B8 D08B 
 140      E24B DF22 
 141 00e0 2F13 4B36 		.ascii	"/\023K6\246\nn\230\335;\274\216TWf\314L\225\257\265\214\360\272"
 141      A60A 6E98 
 141      DD3B BC8E 
 141      5457 66CC 
 141      4C95 AFB5 
 142 00f7 B675 EA59 		.ascii	"\266u\352Y\314\3062\2529\256p\237\033\344\2467wb\"Li\315\244"
 142      CCC6 32AA 
 142      39AE 709F 
 142      1BE4 A637 
 142      7762 224C 
 143 010e 693F 77E2 		.ascii	"i?w\342\274)_[\205?\356\356>\235;\211O3fL\224\261q\351\313\360"
 143      BC29 5F5B 
 143      853F EEEE 
 143      3E9D 3B89 
 143      4F33 664C 
 144 0128 533A 7FEC 		.ascii	"S:\177\354e0\2334I\301CX\343U\256\202\027\205ud\300\266\243\257"
 144      6530 9B34 
 144      49C1 4358 
 144      E355 AE82 
 144      1785 7564 
 145 0140 4ED1 D462 		.ascii	"N\321\324b_\311\277\354b\036b\350o\335Ii\233\363\324\307O\335"
 145      5FC9 BFEC 
 145      621E 62E8 
 145      6FDD 4969 
 145      9BF3 D4C7 
 146 0156 2D50 9CBF 		.ascii	"-P\234\277\2240\243t\007\253\230y\377\306\262\003\305\213\304"
 146      9430 A374 
 146      07AB 9879 
 146      FFC6 B203 
 146      C58B C4
 147 0169 0612 C464 		.ascii	"\006\022\304d\237\305\017P?d*,\212\313\374\357\222\336\356\216"
 147      9FC5 0F50 
 147      3F64 2A2C 
 147      8ACB FCEF 
 147      92DE EE8E 
 148 017d 8696 E1A1 		.ascii	"\206\226\341\241\241\376\276\372Nr{\272F\332\342\355\203=Vgo"
 148      A1FE BEFA 
 148      4E72 7BBA 
 148      46DA E2ED 
 148      833D 5667 
 149 0192 3739 F1AE 		.ascii	"79\361\256x\377\300\b}\003\262\312\233\315"
 149      78FF C008 
 149      7D03 B2CA 
 149      9BCD 
 150               		.text
 151               		.section	.gnu.lto_get_key_long.2dcfa44,"",@progbits
 152 0000 789C 6D8E 		.ascii	"x\234m\216\273J\003Q\020\206\347\237\263lV4\262\235\026)\322"
 152      BB4A 0351 
 152      1086 E79F 
 152      B36C 5634 
 152      B29D 1629 
 153 0015 8534 5EF0 		.ascii	"\2054^\360\r|\004_@T,$^\020ca\265\243\273\013\226\202\344\r\224"
 153      0D7C 045F 
 153      4054 2C24 
 153      5E10 6361 
 153      B5A3 BB0B 
 154 002e AC17 9094 		.ascii	"\254\027\220\224\351\366\r\2545\020%\020\b\242\020\213\224\353"
 154      E9F6 0DAC 
 154      3510 2510 
 154      08A2 108B 
 154      94EB 
 155 0040 3A67 156C 		.ascii	":g\025l\234f\316\234\363\375\337\031\207@\266\252\332\346\265"
 155      9C66 CE9C 
 155      F3FD DF19 
 155      8740 B6AA 
 155      DAE6 B5
 156 0053 CFD9 C110 		.ascii	"\317\331\301\020\230\350\324c\350\255x\240\200\021`\302\031\343"
 156      98E8 D463 
 156      E8AD 78A0 
 156      8011 60C2 
 156      19E3 
 157 0065 B275 F132 		.ascii	"\262u\3612[o\213\234\311\353\360y&JR\304\206(g\302J\005K\025"
 157      5B6F 8B9C 
 157      C9EB F079 
 157      264A 52C4 
 157      8628 67C2 
 158 007d 4DA3 8DBA 		.ascii	"M\243\215\272\222\303Ar5m|\220\236\373\217\223\361T\355\332\246"
 158      92C3 4172 
 158      356D 7C90 
 158      9EFB 8F93 
 158      F154 EDDA 
 159 0092 24F3 C568 		.ascii	"$\363\305h\004\t\314_\312:p\203\232\205\007\235\257V\331\215"
 159      0409 CC5F 
 159      CA3A 7083 
 159      9A85 079D 
 159      AF56 D98D 
 160 00a6 44AB 6AC5 		.ascii	"D\253j\305\372r\013\327\256\371\260\226J\236\207\"\235\345\017"
 160      FA72 0BD7 
 160      AEF9 B096 
 160      4A9E 8722 
 160      9DE5 0F
 161 00b9 2EE9 769A 		.ascii	".\351v\232p4\013\267\020\320\330\302\364\311\332\314\bQ\372t"
 161      7034 0BB7 
 161      10D0 D8C2 
 161      F4C9 DACC 
 161      0851 FA74 
 162 00cd 6893 A171 		.ascii	"h\223\241q\324\332\355\276\367JA&\347\"~l8g\025\342\016\001\205"
 162      D4DA EDBE 
 162      F74A 4126 
 162      E722 7E6C 
 162      3867 15E2 
 163 00e4 8663 6368 		.ascii	"\206cch\004\347\007v\377\203\325\210\373\002v,\374\006\376\205"
 163      04E7 0776 
 163      FF83 D588 
 163      FB02 762C 
 163      FC06 FE85 
 164 00f8 A9F8 565D 		.ascii	"\251\370V]J\224ww6\027W\217\233\315\203\375\205-\362\032\333"
 164      4A94 7777 
 164      3617 578F 
 164      9BCD 83FD 
 164      852D F21A 
 165 010d 27EB 7B1B 		.ascii	"'\353{\033G\215o6H`k"
 165      478D 6F36 
 165      4860 6B
 166               		.text
 167               		.section	.gnu.lto_get_key_rpt_l.2dcfa44,"",@progbits
 168 0000 789C 6550 		.ascii	"x\234eP\273J\003Q\020\235s\357fwM\214\244\323\"\205]\260\361"
 168      BB4A 0351 
 168      109D 73EF 
 168      6677 4D8C 
 168      A4D3 2285 
 169 0017 817F E027 		.ascii	"\201\177\340'\370\003\242b!\361Q\030\013\253\275y,h'\210v\222"
 169      F803 A262 
 169      21F1 5118 
 169      0BAB BD79 
 169      2C68 2788 
 170 002d 4631 BE09 		.ascii	"F1\276\t\251\002\026\301\0170\037\020P\t$\210XD\321B0Yg6\202"
 170      A902 16C1 
 170      0F30 1F10 
 170      5009 2488 
 170      5844 D142 
 171 0046 8297 CBCC 		.ascii	"\202\227\313\314\2353\347\034f\256E 9\025N#\234\207\245\320\004"
 171      9D33 E71C 
 171      66AE 4520 
 171      3915 4E23 
 171      9C87 A5D0 
 172 005b 4594 7515 		.ascii	"E\224u\025\0305.\310S\360\360\241\272\n{\373\273\017Cc'\306\344"
 172      1835 2EC8 
 172      53F0 F0A1 
 172      BA0A 7BFB 
 172      BB0F 4363 
 173 0072 CC63 AB31 		.ascii	"\314c\2531X(\325\340k\242@\021\246\223\230L\262\032'\030cf\253"
 173      5828 D5E0 
 173      6BA2 4011 
 173      A693 984C 
 173      B21A 2718 
 174 0089 593A 8AE9 		.ascii	"Y:\212\351\004\210\337\367\365\217\316@\352XT&H\030\315\022\224"
 174      0488 DFF7 
 174      F58F CE40 
 174      EA58 5426 
 174      4818 CD12 
 175 009e A07F 55E2 		.ascii	"\240\177U\342\201S\244\204\334,\367\366\343v\301\360\031\025"
 175      8153 A484 
 175      DC2C F7F6 
 175      E376 C1F0 
 175      1915 
 176 00b0 63EE 9CC1 		.ascii	"c\356\234\301\2261\257gk&\b\362\306T\246>UL\261\n\232\203\262"
 176      9631 AF67 
 176      6B26 08F2 
 176      C654 A63E 
 176      554C B10A 
 177 00c7 2444 2006 		.ascii	"$D \006\266<\035\t\256\264\243\2413u\304\205^\025'\335\306\355"
 177      B63C 1D09 
 177      AEB4 A3A1 
 177      3375 C485 
 177      5E15 27DD 
 178 00dd 41F9 2629 		.ascii	"A\371&)\236y-+\035\370\267u\347]\371Z\207\263V\253/\r\307\353"
 178      9E79 2D2B 
 178      1DF8 B775 
 178      E75D F95A 
 178      87B3 56AB 
 179 00f5 9A6D 6312 		.ascii	"\232mc\022\214\355\210\236\341\227B\363.V\304a\326d\005\267p"
 179      8CED 889E 
 179      E197 42F3 
 179      2E56 C461 
 179      D664 05B7 
 180 010a C15F 720E 		.ascii	"\301_r\016^\030\227(\202\332\310\2759}S\315\276R\367\354~m1\364"
 180      5E18 9728 
 180      82DA C8BD 
 180      397D 53CD 
 180      BE52 F7EC 
 181 0122 B7CF 37C2 		.ascii	"\267\3177\302u\376\353\247\357\204\024\373/\305e\224\236`\365"
 181      75FE EBA7 
 181      EF84 14FB 
 181      2FC5 6594 
 181      9E60 F5
 182 0135 ABE8 BFB1 		.ascii	"\253\350\277\261\"\201\342\017\301\025<b\262\317\342g\250\037"
 182      2281 E20F 
 182      C115 3C62 
 182      B2CF E267 
 182      A81F 
 183 0147 3285 0B73 		.ascii	"2\205\013s\233\267\215\257,/L\314lf2\353k\343\213\344\246\227"
 183      9BB7 8DAF 
 183      2C2F 4CCC 
 183      6C66 32EB 
 183      6BE3 8BE4 
 184 015d B6E6 56E7 		.ascii	"\266\346V\3477\322\337/o\207\205"
 184      37D2 DF2F 
 184      6F87 85
 185               		.text
 186               		.section	.gnu.lto_key_handler_init.2dcfa44,"",@progbits
 187 0000 789C 7D94 		.ascii	"x\234}\224\311o\323@\024\306\347\315\324N\024\023\332\033\227"
 187      C96F D340 
 187      14C6 E7CD 
 187      D44E 1413 
 187      DA1B 97
 188 0013 1C90 7A2A 		.ascii	"\034\220z*\225\200#g\016\374\001\374\007\300\t\t\301\245\234"
 188      9580 2367 
 188      0EFC 01FC 
 188      07C0 0909 
 188      C1A5 9C
 189 0026 3359 0CB4 		.ascii	"3Y\f\264b\227(\233\240\307\206R\272\220B1-\324\244\t\225\240"
 189      6297 289B 
 189      A0C7 8652 
 189      BA90 4231 
 189      2DD4 A409 
 190 003c 12FB 0989 		.ascii	"\022\373\t\211M`P[Jh\315V5\t\357\315\270.\204\006\037\2365\343"
 190      4D60 505B 
 190      4A68 CD56 
 190      3509 EFCD 
 190      B82E 8406 
 191 0054 EFFD E69B 		.ascii	"\357\375\346\233\317\03671`t\225\005c\315x\337@\003\301\2003"
 191      CF1E 3731 
 191      6074 9505 
 191      63CD 78DF 
 191      4003 C180 
 192 0069 968A 72C0 		.ascii	"\226\212r\300\2072\n,\311!\t\337x\205C\341\260\347\360\266^\211"
 192      8732 0A2C 
 192      C921 09DF 
 192      7885 43E1 
 192      B0E7 F0B6 
 193 007f D79B 0F97 		.ascii	"\327\233\017\227\205\314\271`ck\215+\n\203^hc({7\\=\0237\263"
 193      85CC B960 
 193      636B 8D2B 
 193      0A83 5E68 
 193      6328 7B37 
 194 0098 24DB A81F 		.ascii	"$\333\250\037B\016LZjp\247+k\265\214\224\213[\217\266\266pf\013"
 194      420E 4C5A 
 194      6A70 A72B 
 194      6BB5 8C94 
 194      8B5B 8FB6 
 195 00b0 1054 0C2A 		.ascii	"\020T\f*&\225\030\025\213\n\332R\334\257\034o\302\203\302R\227"
 195      2695 1815 
 195      8B0A DA52 
 195      DCAF 1C6F 
 195      C283 C252 
 196 00c5 3725 8894 		.ascii	"7%\210\224\021d\246\333.<\212\370\334\026\034h\321\354\300\303"
 196      1164 A6DB 
 196      2E3C 8AF8 
 196      DC16 1C68 
 196      D1EC C0C3 
 197 00d9 CE66 3DDC 		.ascii	"\316f=\334\204\303'\266\367\305\354\201K\251,Z\024\320\007\t"
 197      84C3 27B6 
 197      F7C5 EC81 
 197      4BA9 2C5A 
 197      14D0 0709 
 198 00ed B802 0974 		.ascii	"\270\002\ttr\025z\200y\220Y65Jh\332\305\327\237\275\365\324."
 198      7215 7A80 
 198      7990 5936 
 198      354A 68DA 
 198      C5D7 9FBD 
 199 0104 E007 403F 		.ascii	"\340\007@?Jq\305n \315\377h\327\220\206\f\246\354\315\177\f\354"
 199      4A71 C56E 
 199      20CD FF68 
 199      D790 860C 
 199      A6EC CD7F 
 200 011a 19D8 D2FF 		.ascii	"\031\330\322\377~\341WL\373i\307\341\351O\371]\253\200\201\020"
 200      7EE1 574C 
 200      FB69 C7E1 
 200      E94F F95D 
 200      AB80 8110 
 201 012e 3018 D8F9 		.ascii	"0\030\330\371\031\330\t\272/\214\371\017\f\352\006\210\302P\235"
 201      19D8 09BA 
 201      2F8C F90F 
 201      0CEA 0688 
 201      C250 9D
 202 0141 9B46 AC61 		.ascii	"\233F\254ae\306$\255?4\221\b\324\245c\371iK\033)RP3\343\337O"
 202      65C6 24AD 
 202      3F34 9108 
 202      D4A5 63F9 
 202      694B 1B29 
 203 015b 4454 7B4A 		.ascii	"DT{JJ\213\b\327CB\036\t\177F\213o\001F\364\352~9$\236u\227\253"
 203      4A8B 08D7 
 203      4342 1E09 
 203      7F46 8B6F 
 203      0146 F4EA 
 204 0176 41F2 2522 		.ascii	"A\362%\">s\372\026\255\277\2107B\342MM\254\316\276\235\215k\242"
 204      3E73 FA16 
 204      ADBF 8837 
 204      42E2 4D4D 
 204      ACCE BE9D 
 205 018d 01A3 9AB8 		.ascii	"\001\243\232\270\324u\377\3346\275\353\030J\236\217\316\345\204"
 205      D475 FFDC 
 205      36BD EB18 
 205      4A9E 8FCE 
 205      E584 
 206 019f A6CE 13B5 		.ascii	"\246\316\023\265\362\364\370\253u\253\333\274\025\"\235\272\310"
 206      F2F4 F8AB 
 206      75AB DBBC 
 206      1522 9DBA 
 206      C8
 207 01b0 2CDD 3F52 		.ascii	",\335?R\234:\024\325\221\001\334\256\213\254!lLef\2418\355\227"
 207      9C3A 14D5 
 207      9101 DCAE 
 207      8BAC 216C 
 207      4C65 66A1 
 208 01c7 8BA7 44A0 		.ascii	"\213\247D\240\017\023hR\037\227\343\314\275\214$+\362\210\224"
 208      0F13 6852 
 208      1F97 E3CC 
 208      BD8C 242B 
 208      F288 94
 209 01da 2D38 D789 		.ascii	"-8\327\211\037\275\212r\372E1FT\251\346\r\270\203'e\\q\357\326"
 209      1FBD 8A72 
 209      FA45 3146 
 209      54A9 E60D 
 209      B883 2765 
 210 01f2 2569 6092 		.ascii	"%i`\222\023\312T\332?YZ\261\365\017\027\326\346\272!\367\036"
 210      13CA 54DA 
 210      3F59 5AB1 
 210      F50F 17D6 
 210      E6BA 21F7 
 211 0207 7243 D0E3 		.ascii	"rC\320\343\306 \2766\250\020\202&W@3\220v\317\357 \216\376\027"
 211      C620 BE36 
 211      A810 8226 
 211      5740 3390 
 211      76CF EF20 
 212 021e E071 62D8 		.ascii	"\340qb\330\035\337\267w\367\226\355\007;:\016\354\337\274\207"
 212      1DDF B777 
 212      F796 ED07 
 212      3B3A 0EEC 
 212      DFBC 87
 213 0231 FD06 7AC9 		.ascii	"\375\006z\311Sv"
 213      5376 
 214               		.text
 215               		.section	.gnu.lto_.symbol_nodes.2dcfa44,"",@progbits
 216 0000 789C 55CC 		.ascii	"x\234U\314\261\r\203@\f\205\341g\373\314\035G*\026@Lj\024!\352"
 216      B10D 8340 
 216      0C85 E167 
 216      FBCC 1D47 
 216      2A16 404C 
 217 0018 CC90 3152 		.ascii	"\314\2201R\322\321d\006\240f\006\024\302Uv\363\353}\205\003\b"
 217      D2D1 6406 
 217      A066 0614 
 217      C255 76F3 
 217      EB7D 8503 
 218 002d 0BAE E3CA 		.ascii	"\013\256\343\312\200\327\027\270\362\031z@\201\261\005D\205\206"
 218      80D7 17B8 
 218      F219 7A40 
 218      81B1 0544 
 218      8586 
 219 003f BB81 4B49 		.ascii	"\273\201KI\212k(\233\365\336\034\215\334\003N\306\036j\023\017"
 219      8A6B 289B 
 219      F5DE 1C8D 
 219      DC03 4EC6 
 219      1E6A 130F 
 220 0053 D982 87C6 		.ascii	"\331\202\207\306\324\303\303*\007RG<\247\243\223\234\360^O\222"
 220      D4C3 C32A 
 220      0752 473C 
 220      A7A3 939C 
 220      F05E 4F92 
 221 0067 1C31 FFDB 		.ascii	"\0341\377\333$\354\333I\370\001\342\277)A"
 221      24EC DB49 
 221      F801 E2BF 
 221      2941 
 222               		.text
 223               		.section	.gnu.lto_.refs.2dcfa44,"",@progbits
 224 0000 789C 05C1 		.ascii	"x\234\005\301K\n\302@\020@\301\367\246\273g\374$\201\b\242\340"
 224      4B0A C240 
 224      1040 C1F7 
 224      A6BB 67FC 
 224      2481 08A2 
 225 0015 4241 1105 		.ascii	"BA\021\005\027\036\312\373\237\301\252D~\300\001,\332\3166\023"
 225      171E CAFB 
 225      9FC1 AA44 
 225      7EC0 012C 
 225      DACE 3613 
 226 0029 8BB1 E251 		.ascii	"\213\261\342QOx&/\346\025o\326\235zXO\353\205o\372\307\376\215"
 226      4F78 262F 
 226      E615 6FD6 
 226      9D7A 584F 
 226      EB85 6FFA 
 227 0040 4136 B2CC 		.ascii	"A6\262\314\021\033z\243\227}\270\305\346\2364&\333d\314\326\302"
 227      111B 7AA3 
 227      977D B8C5 
 227      E69E 3426 
 227      DB64 CCD6 
 228 0055 1FCC DE03 		.ascii	"\037\314\336\003a"
 228      61
 229               		.text
 230               		.section	.gnu.lto_.decls.2dcfa44,"",@progbits
 231 0000 789C 8D54 		.ascii	"x\234\215T]LTG\024\276\347\336uw\275\354.\204\264\215\017\373"
 231      5D4C 5447 
 231      14BE E7DE 
 231      7577 BDEC 
 231      2E84 B48D 
 232 0016 404C 4CE9 		.ascii	"@LL\351\203\bi\332\222\276\324\264I\233\276\364\255>mB\020\266"
 232      8308 69DA 
 232      92BE D4B4 
 232      499B BEF4 
 232      AD3E 6D42 
 233 002c B0E9 BA4B 		.ascii	"\260\351\272K\226K\323\276\264\203\2021\230Z\233TE\003\325h\263"
 233      964B D3BE 
 233      B483 8231 
 233      985A 9B54 
 233      4503 D568 
 234 0041 8080 2C05 		.ascii	"\200\200,\005\371Q\204"
 234      F951 84
 235 0048 05D1 15F0 		.string	"\005\321\025\360\017\374A\212XZI\321j[\032\177@mK\317\374\334\335\341\306\007'{v\346\314\
 235      0FFC 418A 
 235      585A 49D1 
 235      6A5B 1A7F 
 235      406D 4BCF 
 236 0149 D5D4 A048 		.string	"\325\324\240H\304\246\024\220\233\020#r\210\335\3379\267\270\340\320p\3538\376\371I\343\3
 236      C4A6 1490 
 236      9B10 2372 
 236      88DD DF39 
 236      B7B8 E0D0 
 237 021f 74C9 AC40 		.string	"t\311\254@\007\255"
 237      07AD 00
 238 0226 FC08 3651 		.ascii	"\374\b6Q\204?/U\272\261\b\263\264\bK\037\216\023RK(\006\303\240"
 238      843F 2F55 
 238      BAB1 08B3 
 238      B408 4B1F 
 238      8E13 524B 
 239 023e 2595 AE45 		.ascii	"%\225\256E.B'/BMG\225]\253\007\266\315\252\271\305y;\247\211"
 239      2E42 272F 
 239      424D 4795 
 239      5DAB 07B6 
 239      CDAA B9C5 
 240 0256 D7BD 4CB6 		.ascii	"\327\275L\266!\207\215q\034Oq\034\2279\272\030\307\355\236\255"
 240      2187 8D71 
 240      1C4F 711C 
 240      9739 BA18 
 240      C7ED 9EAD 
 241 026a 95AB B526 		.ascii	"\225\253\265&\316q\365\353\206\375*?\217x\237\314\321\235\342"
 241      CE71 F5EB 
 241      86FD 2A3F 
 241      8F78 9FCC 
 241      D19D E2
 242 027d E896 397A 		.ascii	"\350\2269z\030\307\225_\347\243N\255\233s\354\033\332\373\310"
 242      18C7 955F 
 242      E7A3 4EAD 
 242      9B73 EC1B 
 242      DAFB C8
 243 0290 2538 AECB 		.ascii	"%8\256\313\034\275)\216^\231\343\004\343\210\335\335{\313\246"
 243      1CBD 298E 
 243      5E99 E304 
 243      E388 DDDD 
 243      7BCB A6
 244 02a3 0D73 8E99 		.ascii	"\rs\216\231gU;u\301qK\3468\231\3428)s\3641\216\311\241\332\036"
 244      6755 3B75 
 244      C171 4BE6 
 244      3899 E238 
 244      2973 F431 
 245 02bc 8F36 C139 		.ascii	"\2176\3019\366\234?r\324#8\026\247T\022C\222\215\354f\235J\221"
 245      F69C 3F72 
 245      D423 3816 
 245      A754 1243 
 245      928D EC66 
 246 02d3 9C92 49FA 		.ascii	"\234\222I\372\031\311\301\245\371\177\034\332mN26\272\320\346"
 246      19C9 C1A5 
 246      F97F 1CDA 
 246      6D4E 3236 
 246      BAD0 E6
 247 02e6 D1F1 B66C 		.ascii	"\321\361\266l{\201\333\202\361g.\374\320\270j\335\021Ru\204\304"
 247      7B81 DB82 
 247      F167 2EFC 
 247      D0B8 6ADD 
 247      1152 7584 
 248 02fb 9B76 A924 		.ascii	"\233v\251$\027\342x\360\003<a\362\002\f\320\2540\b\353\020Q\327"
 248      17E2 78F0 
 248      033C 61F2 
 248      020C D0AC 
 248      3008 EB10 
 249 0311 FF30 9AA6 		.ascii	"\3770\232\246\375\301\323u\317>\030\005\204\223\303$\376M\r\205"
 249      FDC1 D375 
 249      CF3E 1805 
 249      8493 C324 
 249      FE4D 0D85 
 250 0325 D37B 3364 		.ascii	"\323{3d\201\0171\370i\006?\3209\230\260k\177s\370\367\361o\243"
 250      810F 31F8 
 250      6906 3FD0 
 250      3998 B06B 
 250      7F73 F8F7 
 251 033c 3A87 93E9 		.ascii	":\207\223\351\f\2421\364\260\005=\314\320g\030\272\241\367l\""
 251      0CA2 31F4 
 251      B005 3DCC 
 251      D067 18BA 
 251      A1F7 6C22 
 252 0350 4D7B C4D1 		.ascii	"M{\304\321\027\272\257\f\230\332\233\223\332\317Z\340g\031<\301"
 252      17BA AF0C 
 252      98DA 9B93 
 252      DACF 5AE0 
 252      6719 3CC1 
 253 0364 E0DD 8FDB 		.ascii	"\340\335\217\333\242vm\231\303\333\267\237\034S\205\366K\273"
 253      A276 6D99 
 253      C3DB B79F 
 253      1C53 85F6 
 253      4BBB 
 254 0376 4CED E72C 		.ascii	"L\355\347,\360s\f>\302\340\277\334\230\032\267i\333\370[\362"
 254      F073 0C3E 
 254      C2E0 BFDC 
 254      981A B769 
 254      DBF8 5BF2 
 255 038a DDDD D1BA 		.ascii	"\335\335\321\2724\221\2755\231}\324\002\037e\3601\n\327\232\257"
 255      3491 BD35 
 255      997D D402 
 255      1F65 F031 
 255      0AD7 9AAF 
 256 039e 7674 3AB1 		.ascii	"vt:\261\364\364\247\037 xHd\034\340\"\350\ns\026\336a\343\035"
 256      F4F4 A71F 
 256      2078 4864 
 256      1CE0 22E8 
 256      0A73 16DE 
 257 03b5 E21B B4D7 		.ascii	"\342\033\264\327z\224$\r]P\340<\"/\340\271Q\227\236\335\362b"
 257      7A94 240D 
 257      5D50 E03C 
 257      222F E0B9 
 257      5197 9EDD 
 258 03cb 3C1D 9F8D 		.ascii	"<\035\237\215L\035Tt'\026\316\327\247\241\373\222\016\031\350"
 258      4C1D 5474 
 258      2716 CED7 
 258      A7A1 FB92 
 258      0E19 E8
 259 03de 8E8C 3C7D 		.ascii	"\216\214<}\354p\325\320w\3432!z\255\207\351\273\214\024\227\200"
 259      EC70 D5D0 
 259      77E3 3221 
 259      7AAD 87E9 
 259      BB8C 1497 
 260 03f3 528E 838B 		.ascii	"R\216\203\213\275\227\330ct\342\257\206\346\364\025\321\261\025"
 260      BD97 D863 
 260      74E2 AF86 
 260      E6F4 15D1 
 260      B115 
 261 0405 D113 227A 		.ascii	"\321\023\"z\202E\317=k=\341\341\231\355\350\366\356xZi\327\231"
 261      8245 CF3D 
 261      6B3D E1E1 
 261      99ED E8F6 
 261      EE78 5A69 
 262 041b 7001 CE94 		.ascii	"p\001\316\224\261W\231\370\r^\270\302\357\334\303\232\352E\215"
 262      B157 99F8 
 262      0D5E B8C2 
 262      EFDC C39A 
 262      EA45 8D
 263 042e A31D E836 		.ascii	"\243\035\3506\376V\267\313\305u\347\243{m\351\324S\227\266\223"
 263      FE56 B7CB 
 263      C575 E7A3 
 263      7B6D E9D4 
 263      5397 B693 
 264 0442 15D9 56B7 		.ascii	"\025\331V\267'\261?\r\262E\315\242\346\313\255\340\365\327a\222"
 264      27B1 3F0D 
 264      B245 CDA2 
 264      E6CB ADE0 
 264      F5D7 6192 
 265 0456 7D0B ACF1 		.ascii	"}\013\254\361\002~E\247q\354d\375s\236\314\033\370\021L35?!\341"
 265      027E 45A7 
 265      71EC 64FD 
 265      739E CC1B 
 265      F811 4C33 
 266 046e 1497 F3DF 		.ascii	"\024\227\363\337\361G\371\231\273\005\365F`\324\327q\371\032"
 266      F147 F999 
 266      BB05 F546 
 266      60D4 D771 
 266      F91A 
 267 0480 137F 1332 		.ascii	"\023\177\0232\315-0\007\001\333'\027n\332V\324\212~\351\251\375"
 267      CD2D 3007 
 267      01DB 2717 
 267      6EDA 56D4 
 267      8A7E E9A9 
 268 0495 CE88 5AD1 		.ascii	"\316\210Z\321\336]\354\337\034\256\b\025\371\013>\365\177Q\356"
 268      DE5D ECDF 
 268      1CAE 0815 
 268      F90B 3EF5 
 268      7F51 EE
 269 04a8 FCE0 A38F 		.ascii	"\374\340\243\217\263\336\313\313S\334\301\300\346\r\357V\030"
 269      B3DE CBCB 
 269      53DC C1C0 
 269      E60D EF56 
 269      18
 270 04b9 4638 9453 		.ascii	"F8\224S\244\270K\374\006]/(\213\370\313\313\035\025\201\220\221"
 270      A4B8 4BFC 
 270      065D 2F28 
 270      8BF8 CBCB 
 270      1D15 8190 
 271 04ce 5F60 1414 		.ascii	"_`\024\024\275\355+\213\204K\"\205[\262>\t\004\375\345Y\331\237"
 271      BDED 2B8B 
 271      844B 2285 
 271      5BB2 3E09 
 271      04FD E559 
 272 04e4 E7BF F99A 		.ascii	"\347\277\371\232\257\320\330\342\017\372\312\215\212\342@\330"
 272      AFD0 D8E2 
 272      0FFA CA8D 
 272      8AE2 40D8 
 273 04f4 F756 4EAE 		.ascii	"\367VN\256\317\b\207\203E\245\205\201\220\257\360\263H>\373["
 273      CF08 8783 
 273      45A5 8581 
 273      90AF F0B3 
 273      483E FB5B 
 274 0508 5F12 AA58 		.ascii	"_\022\252X\277b\336\027\b\025\005+\212\375\b,F\376\234R%\315"
 274      BF62 DE17 
 274      0815 052B 
 274      8AFD 082C 
 274      46FE 9C52 
 275 051e CC1A 2933 		.ascii	"\314\032)3\222\n\312K\303\021\303ez\301p\250\304-\205\025\004"
 275      920A CA4B 
 275      C311 C365 
 275      7AC1 70A8 
 275      C42D 8515 
 276 0533 33E8 A8B4 		.ascii	"3\350\250\2640T\034\364G\n\002\241\200\261\232\241\214B\303\257"
 276      3054 1CF4 
 276      470A 02A1 
 276      80B1 9AA1 
 276      8C42 C3AF 
 277 0547 1519 B968 		.ascii	"\025\031\271hy\253\223;\321\020\342\020P\033*\211\374\017s\343"
 277      79AB 933B 
 277      D110 E210 
 277      501B 2A89 
 277      FC0F 73E3 
 278 055b BF7E      		.ascii	"\277~"
 279               		.text
 280               		.section	.gnu.lto_.symtab.2dcfa44,"",@progbits
 281 0000 6465 626F 		.string	"debounce_keys"
 281      756E 6365 
 281      5F6B 6579 
 281      7300 
 282 000e 00        		.string	""
 283 000f 00        		.string	""
 284 0010 00        		.string	""
 285 0011 00        		.string	""
 286 0012 00        		.string	""
 287 0013 00        		.string	""
 288 0014 00        		.string	""
 289 0015 00        		.string	""
 290 0016 00        		.string	""
 291 0017 00        		.string	""
 292 0018 00        		.string	""
 293 0019 AB00      		.string	"\253"
 294 001b 00        		.string	""
 295 001c 00        		.string	""
 296 001d 6765 745F 		.string	"get_key_press"
 296      6B65 795F 
 296      7072 6573 
 296      7300 
 297 002b 00        		.string	""
 298 002c 00        		.string	""
 299 002d 00        		.string	""
 300 002e 00        		.string	""
 301 002f 00        		.string	""
 302 0030 00        		.string	""
 303 0031 00        		.string	""
 304 0032 00        		.string	""
 305 0033 00        		.string	""
 306 0034 00        		.string	""
 307 0035 00        		.string	""
 308 0036 B400      		.string	"\264"
 309 0038 00        		.string	""
 310 0039 00        		.string	""
 311 003a 6765 745F 		.string	"get_key_rpt"
 311      6B65 795F 
 311      7270 7400 
 312 0046 00        		.string	""
 313 0047 00        		.string	""
 314 0048 00        		.string	""
 315 0049 00        		.string	""
 316 004a 00        		.string	""
 317 004b 00        		.string	""
 318 004c 00        		.string	""
 319 004d 00        		.string	""
 320 004e 00        		.string	""
 321 004f 00        		.string	""
 322 0050 00        		.string	""
 323 0051 B600      		.string	"\266"
 324 0053 00        		.string	""
 325 0054 00        		.string	""
 326 0055 6765 745F 		.string	"get_key_short"
 326      6B65 795F 
 326      7368 6F72 
 326      7400 
 327 0063 00        		.string	""
 328 0064 00        		.string	""
 329 0065 00        		.string	""
 330 0066 00        		.string	""
 331 0067 00        		.string	""
 332 0068 00        		.string	""
 333 0069 00        		.string	""
 334 006a 00        		.string	""
 335 006b 00        		.string	""
 336 006c 00        		.string	""
 337 006d 00        		.string	""
 338 006e B800      		.string	"\270"
 339 0070 00        		.string	""
 340 0071 00        		.string	""
 341 0072 6765 745F 		.string	"get_key_long"
 341      6B65 795F 
 341      6C6F 6E67 
 341      00
 342 007f 00        		.string	""
 343 0080 00        		.string	""
 344 0081 00        		.string	""
 345 0082 00        		.string	""
 346 0083 00        		.string	""
 347 0084 00        		.string	""
 348 0085 00        		.string	""
 349 0086 00        		.string	""
 350 0087 00        		.string	""
 351 0088 00        		.string	""
 352 0089 00        		.string	""
 353 008a BA00      		.string	"\272"
 354 008c 00        		.string	""
 355 008d 00        		.string	""
 356 008e 6765 745F 		.string	"get_key_rpt_l"
 356      6B65 795F 
 356      7270 745F 
 356      6C00 
 357 009c 00        		.string	""
 358 009d 00        		.string	""
 359 009e 00        		.string	""
 360 009f 00        		.string	""
 361 00a0 00        		.string	""
 362 00a1 00        		.string	""
 363 00a2 00        		.string	""
 364 00a3 00        		.string	""
 365 00a4 00        		.string	""
 366 00a5 00        		.string	""
 367 00a6 00        		.string	""
 368 00a7 BC00      		.string	"\274"
 369 00a9 00        		.string	""
 370 00aa 00        		.string	""
 371 00ab 6B65 795F 		.string	"key_handler_init"
 371      6861 6E64 
 371      6C65 725F 
 371      696E 6974 
 371      00
 372 00bc 00        		.string	""
 373 00bd 00        		.string	""
 374 00be 00        		.string	""
 375 00bf 00        		.string	""
 376 00c0 00        		.string	""
 377 00c1 00        		.string	""
 378 00c2 00        		.string	""
 379 00c3 00        		.string	""
 380 00c4 00        		.string	""
 381 00c5 00        		.string	""
 382 00c6 00        		.string	""
 383 00c7 BE00      		.string	"\276"
 384 00c9 00        		.string	""
 385 00ca 00        		.string	""
 386               		.text
 387               		.section	.gnu.lto_.opts,"",@progbits
 388 0000 272D 666E 		.ascii	"'-fno-math-errno' '-fno-signed-zeros' '-fno-trapping-math' '"
 388      6F2D 6D61 
 388      7468 2D65 
 388      7272 6E6F 
 388      2720 272D 
 389 003c 2D66 6E6F 		.ascii	"-fno-trapv' '-fno-openmp' '-fno-openacc' '-mn-flash=1' '-mno"
 389      2D74 7261 
 389      7076 2720 
 389      272D 666E 
 389      6F2D 6F70 
 390 0078 2D73 6B69 		.ascii	"-skip-bug' '-mrelax' '-mcall-prologues' '-mmcu=avr5' '-gdwar"
 390      702D 6275 
 390      6727 2027 
 390      2D6D 7265 
 390      6C61 7827 
 391 00b4 662D 3227 		.ascii	"f-2' '-Os' '-fu"
 391      2027 2D4F 
 391      7327 2027 
 391      2D66 75
 392 00c3 6E73 6967 		.string	"nsigned-char' '-fpack-struct' '-fshort-enums' '-flto' '-fmerge-all-constants' '-ffast-mat
 392      6E65 642D 
 392      6368 6172 
 392      2720 272D 
 392      6670 6163 
 393               		.text
 394               		.comm	__gnu_lto_v1,1,1
 395               		.comm	__gnu_lto_slim,1,1
 396               		.ident	"GCC: (AVR_8_bit_GNU_Toolchain_3.6.0_1734) 5.4.0"
DEFINED SYMBOLS
                            *ABS*:00000000 Button.c
C:\Users\apapk\AppData\Local\Temp\ccr8bSbf.s:2      *ABS*:0000003e __SP_H__
C:\Users\apapk\AppData\Local\Temp\ccr8bSbf.s:3      *ABS*:0000003d __SP_L__
C:\Users\apapk\AppData\Local\Temp\ccr8bSbf.s:4      *ABS*:0000003f __SREG__
C:\Users\apapk\AppData\Local\Temp\ccr8bSbf.s:5      *ABS*:00000000 __tmp_reg__
C:\Users\apapk\AppData\Local\Temp\ccr8bSbf.s:6      *ABS*:00000001 __zero_reg__
                            *COM*:00000001 __gnu_lto_v1
                            *COM*:00000001 __gnu_lto_slim

NO UNDEFINED SYMBOLS
