   1               		.file	"event.c"
   2               	__SP_H__ = 0x3e
   3               	__SP_L__ = 0x3d
   4               	__SREG__ = 0x3f
   5               	__tmp_reg__ = 0
   6               	__zero_reg__ = 1
   7               		.text
   8               	.Ltext0:
   9               		.section	.gnu.lto_.profile.2dce2a1,"",@progbits
  10 0000 789C 6361 		.string	"x\234ca`d`a`"
  10      6064 6061 
  10      6000 
  11 000a 92FC DC00 		.string	"\222\374\334"
  12 000e 00        		.string	""
  13 000f 9300      		.string	"\223"
  14 0011 25        		.ascii	"%"
  15               		.text
  16               		.section	.gnu.lto_.icf.2dce2a1,"",@progbits
  17 0000 789C 6361 		.string	"x\234ca`d"
  17      6064 00
  18 0007 0129 0604 		.string	"\001)\006\004`a8\260i\373}\016\306\226\277\033f\3622\315Z}\341\034'3\230d"
  18      6061 38B0 
  18      69FB 7D0E 
  18      C696 BF1B 
  18      66F2 32CD 
  19 0024 00        		.string	""
  20 0025 A3E3 0BE9 		.ascii	"\243\343\013\351"
  21               		.text
  22               		.section	.gnu.lto_.jmpfuncs.2dce2a1,"",@progbits
  23 0000 789C 6361 		.string	"x\234ca`d"
  23      6064 00
  24 0007 0125 0604 		.string	"\001%\006\004`a`bdd\256\257gda\004\002\376z `\202\2100C(\006"
  24      6061 6062 
  24      6464 AEAF 
  24      6764 6104 
  24      02FE 7A20 
  25 0023 555A 0554 		.ascii	"UZ\005T"
  26               		.text
  27               		.section	.gnu.lto_.inline.2dce2a1,"",@progbits
  28 0000 789C 6361 		.string	"x\234ca`d"
  28      6064 00
  29 0007 013F 0604 		.string	"\001?\006\004`\001\"fF\006&\306\027\354\f\354\035\352L 1F\006v6\240\020\313\002y\006\256\
  29      6001 2266 
  29      4606 26C6 
  29      17EC 0CEC 
  29      1DEA 4C20 
  30 0033 2E0F 0751 		.ascii	".\017\007Q"
  31               		.text
  32               		.section	.gnu.lto_.pureconst.2dce2a1,"",@progbits
  33 0000 789C 6361 		.string	"x\234ca`d\340d```a\220b\224b\222b\226\002"
  33      6064 E064 
  33      6060 6061 
  33      9062 9462 
  33      9262 9602 
  34 0015 02B1 00   		.string	"\002\261"
  35 0018 81        		.ascii	"\201"
  36               		.text
  37               		.section	.gnu.lto_task_callback_register.2dce2a1,"",@progbits
  38 0000 789C 5D50 		.string	"x\234]P=K\003A\020\235\267{\371"
  38      3D4B 0341 
  38      109D B77B 
  38      F900 
  39 000e 2367 E157 		.ascii	"#g\341W\221\302.\004\321\b\376\023\033k\023R\004\305\306`\233"
  39      91C2 2E04 
  39      D108 FE13 
  39      1B6B 1352 
  39      04C5 C660 
  40 0023 CDC5 434D 		.ascii	"\315\305CM+\246\020BD\b\36131\245\330\204\200\bQ\210\350\037"
  40      2BA6 1042 
  40      4408 F133 
  40      31A5 D884 
  40      8008 5188 
  41 0039 08A2 29AC 		.ascii	"\b\242)\254NPR\2109gW+\247\231\235\331yo\336"
  41      4E50 5288 
  41      3967 572B 
  41      A799 9DD9 
  41      796F DE
  42 004c 1B8B 403A 		.string	"\033\213@:2\234&9O\351B\022\004Q>,\300]\025\006\345\004r\370\024\337\002\355\355\376\225\
  42      329C 2639 
  42      4FE9 4212 
  42      0451 3E2C 
  42      C05D 1506 
  43 014d 7B87 783F 		.ascii	"{\207x?"
  44               		.text
  45               		.section	.gnu.lto_task_register.2dce2a1,"",@progbits
  46 0000 789C 9592 		.ascii	"x\234\225\222\317k\023A\024\307\347;3\273\033m\312*X\244\020"
  46      CF6B 1341 
  46      14C7 E73B 
  46      33BB 1B6D 
  46      CA2A 58A4 
  47 0015 4410 893D 		.ascii	"D\020\211=\324\024z"
  47      D414 7A
  48 001c F2DF F03F 		.string	"\362\337\360?hC\016E\211\242A\360\324ib\320\226\366hA%\264\n\241j\265q\253\266\306\037\02
  48      6843 0E45 
  48      89A2 41F0 
  48      D469 62D0 
  48      96F6 6841 
  49 011d 493E BF12 		.ascii	"I>\277\022\354\\\357t\257pRG[\021a\036.\247]9]3\315f\301\230"
  49      EC5C EF74 
  49      AF70 5247 
  49      5B11 611E 
  49      2EA7 5D39 
  50 0137 3FEE 7A6C 		.ascii	"?\356zl?\205L\367\243\260hZ\007\334\330\203u\210\320\346\032"
  50      3F85 4CF7 
  50      A3B0 685A 
  50      07DC D883 
  50      7588 D0E6 
  51 014c 495A 5403 		.ascii	"IZT\003\371\233\301\370\tV\220{\262X_\3628SeG\333|\373\356Z|"
  51      F99B C1F8 
  51      0956 907B 
  51      B258 5FF2 
  51      3853 6547 
  52 0166 0AA5 116E 		.ascii	"\n\245\021n\326OSx\005J\3731\r\304\273\337^}_P\251^\216\350\t"
  52      D64F 5378 
  52      054A FB31 
  52      0DC4 BBDF 
  52      5E7D 5F50 
  53 017f A6B0 63AD 		.ascii	"\246\260c\255x\212T\201\262eo4\336\333\366\356Q\344`\301\212"
  53      788A 5481 
  53      B265 6F34 
  53      DEDB F6EE 
  53      51E4 60C1 
  54 0194 F832 5864 		.ascii	"\3702Xd\221cE\301\304\251=\211\312?\362s\036\213\\<\263\"\233"
  54      9163 45C1 
  54      C4A9 3D89 
  54      CA3F F273 
  54      1E8B 5C3C 
  55 01ab 4E95 451E 		.ascii	"N\225E\036\2136\302\211#\3777\221\306s+R,z\201\024\355U~U\267"
  55      8B36 C289 
  55      23FF 3791 
  55      C673 2B52 
  55      2C7A 8114 
  56 01c4 3A39 230D 		.ascii	":9#\r\201\227\004\254\"_\253j\366\332\2775\344\361\251q\374\354"
  56      8197 04AC 
  56      225F AB6A 
  56      F6DA BF35 
  56      E4F1 A971 
  57 01da D060 2A73 		.ascii	"\320`*s)\223\315\235L\013\235\033\270xF\347.\237\317\354K\237"
  57      2993 CD9D 
  57      4C0B 9D1B 
  57      B878 46E7 
  57      2E9F CFEC 
  58 01f0 CBE6 0686 		.ascii	"\313\346\006\206\262\231\0132=\370\027\002\206\363c"
  58      B299 0B32 
  58      3DF8 1702 
  58      86F3 63
  59               		.text
  60               		.section	.gnu.lto_task_set_type.2dce2a1,"",@progbits
  61 0000 789C 2D50 		.ascii	"x\234-PMKBA\024\2353\363,A\343\025\024\265p\321\316\\\224\205"
  61      4D4B 4241 
  61      149D 33F3 
  61      2C41 E315 
  61      14B5 70D1 
  62 0018 FFA4 7F50 		.ascii	"\377\244\177P\341\"\222\b\222\240\225\243\3660\332\264*(\020"
  62      E122 9208 
  62      92A0 95A3 
  62      F630 DAB4 
  62      2A28 10
  63 002b 2B10 EDD3 		.ascii	"+\020\355\323lQ\264\b\036\202\004\021D\265\214 \f\\\270zB\341"
  63      6C51 B408 
  63      1E82 0411 
  63      44B5 8C20 
  63      0C5C B87A 
  64 0041 4A5F F73E 		.ascii	"J_\367>\233\315\235{\347\234s\317\031C@\360IP\231\240:\316\215"
  64      9BCD 9D7B 
  64      E79C 73CF 
  64      1943 40F0 
  64      4950 99A0 
  65 0058 1290      		.ascii	"\022\220"
  66 005a 42A4 FD12 		.string	"B\244\375\0224\325~\210\224D\n\277\262+Q\3135\357e\244\244\351|\325sJ\227mXJ\bWz*\002%D\b
  66      34D5 7E88 
  66      9444 0ABF 
  66      B22B 51CB 
  66      35EF 65A4 
  67 015b 24AD 7C09 		.ascii	"$\255|\t"
  68               		.text
  69               		.section	.gnu.lto_task_set_id.2dce2a1,"",@progbits
  70 0000 789C 2D50 		.ascii	"x\234-PMKBA\024\2353\3634!\303\202>6\022\355\304EY\370O\372\007"
  70      4D4B 4241 
  70      149D 33F3 
  70      3421 C382 
  70      3E36 12ED 
  71 001b 562E 2469 		.ascii	"V.$i\223\264u|\366(\204\226\026\004b\004\242\225in\204\026\301"
  71      93B4 757C 
  71      F628 8496 
  71      1604 6204 
  71      A295 696E 
  72 0032 43B0 2082 		.ascii	"C\260 \202\240V-\204(p\341J!q\225\257{\237\315\346\316\275s\316"
  72      A056 2D84 
  72      2870 E14A 
  72      2171 95AF 
  72      7B9F CDE6 
  73 004a B9E7 8C21 		.ascii	"\271\347\214! \370$\251,R]\342F\tH!2>\t\232j\037DZ\"\215\241"
  73      20F8 24A9 
  73      2C52 5DE2 
  73      4609 4821 
  73      323E 099A 
  74 0065 FC95 681D 		.ascii	"\374\225h\035u\357e\270\254\351|\266sJWlXJ\bG\272*\002e\204\t"
  74      75EF 65B8 
  74      ACE9 7CB6 
  74      734A 576C 
  74      584A 0847 
  75 007f D576 4676 		.ascii	"\325vFv\340GZ\n`\322[\377\2450\315\255\304,\265\227\271n!\240"
  75      E047 5A0A 
  75      60D2 5BFF 
  75      A530 CDAD 
  75      C42C B597 
  76 0097 0210 742F 		.ascii	"\002\020t/]\274\227\374\241\222\326\246\326\371\005\255,\245"
  76      5DBC 97FC 
  76      A192 D6A6 
  76      D6F9 05AD 
  76      2CA5 
  77 00a9 700D 457A 		.ascii	"p\rEz\270B\020\025\004\005\215\004n\020\"t\263|\322Sj\336e\232"
  77      B842 1015 
  77      0405 8D04 
  77      6E10 2274 
  77      B37C D253 
  78 00c1 678F 35E3 		.ascii	"g\2175\343\237\331\231c\246\201\352\204\031\rb\235y\206\300-"
  78      9FD9 9963 
  78      A681 EA84 
  78      190D 629D 
  78      7986 C02D 
  79 00d5 420C FE6A 		.ascii	"B\f\376j\214\3633\336C\266\27521\213\032\274\034\275\276ik\307"
  79      8CF3 33DE 
  79      43B6 BD32 
  79      318B 1ABC 
  79      1CBD BE69 
  80 00eb C96A 3DDC 		.ascii	"\311j=\334\250J\017%\246Md\233y\242\357\246\032H*\252\013\363"
  80      A84A 0F25 
  80      A64D 649B 
  80      79A2 EFA6 
  80      1A48 2AAA 
  81 0101 7C90 5F66 		.ascii	"|\220_f\032\351\235Z\255\327)N\244\\/\243\247\347c\177\021\205"
  81      1AE9 9D5A 
  81      ADD7 294E 
  81      A45C 2FA3 
  81      A7E7 637F 
  82 0117 0C2F 88D2 		.ascii	"\f/\210\322fO\226\262\326\311<\277v\036\276\233*\262\312\006"
  82      664F 96B2 
  82      D6C9 3CBF 
  82      761E BE9B 
  82      2AB2 CA06 
  83 012b EF50 C4D8 		.ascii	"\357P\304\330UE\003\221,%\353\301\264?\f\226u?\260/\311\024\001"
  83      5545 0391 
  83      2C25 EBC1 
  83      B43F 0C96 
  83      753F B02F 
  84 0142 FCC9 C456 		.ascii	"\374\311\304V$~\020\337K\255m\013#\025\333\337\225\211\235?\034"
  84      247E 10DF 
  84      4BAD 6D0B 
  84      2315 DBDF 
  84      9589 9D3F 
  85 0157 DF79 F7   		.ascii	"\337y\367"
  86               		.text
  87               		.section	.gnu.lto_.symbol_nodes.2dce2a1,"",@progbits
  88 0000 789C 6361 		.string	"x\234ca`dpc"
  88      6064 7063 
  88      00
  89 0009 0226 867A 		.string	"\002&\206z\006\206\t\347\030@\324\256\006E\240"
  89      0686 09E7 
  89      1840 D4AE 
  89      0645 A000 
  90 0019 633D 23AA 		.string	"c=#\252"
  90      00
  91 001e 533D 13AA 		.string	"S=\023\252"
  91      00
  92 0023 733D 338A 		.string	"s=3\212"
  92      00
  93 0028 0300      		.string	"\003"
  94 002a 26B6 0F3C 		.ascii	"&\266\017<"
  95               		.text
  96               		.section	.gnu.lto_.refs.2dce2a1,"",@progbits
  97 0000 789C 6361 		.string	"x\234ca`\004B "
  97      6004 4220 
  97      00
  98 0009 00        		.string	""
  99 000a 00        		.string	""
 100 000b 3900      		.string	"9"
 101 000d 07        		.ascii	"\007"
 102               		.text
 103               		.section	.gnu.lto_.decls.2dce2a1,"",@progbits
 104 0000 789C 8D93 		.ascii	"x\234\215\223]L\034U\024\307\357\177fJ\227\355\2604\2054<\354"
 104      5D4C 1C55 
 104      14C7 EF7F 
 104      664A 97ED 
 104      B034 8534 
 105 0016 0321 6B42 		.ascii	"\003!kB|\240%\276\350\233\211\211\032\037|\243\257\353\002\033"
 105      7CA0 25BE 
 105      E89B 8989 
 105      1A1F 7CA3 
 105      AFEB 021B 
 106 002a BBE9 0615 		.ascii	"\273\351\006\0256ML|\270-h\b\tj\325\n\261\222\242&R\351\026v"
 106      364D 4C7C 
 106      B82D 6808 
 106      096A D50A 
 106      B192 A226 
 107 0042 6B65 0B6C 		.ascii	"ke\013lui\313Bm\345\2334\264U\033\"\266\321\230\230\332\244V"
 107      7569 CB42 
 107      6DE5 9B34 
 107      B455 1B22 
 107      B6D1 9898 
 108 0059 ACF5 DC8F 		.ascii	"\254\365\334\217\331\031\352n\342M\316\334{\356\374\3179\277"
 108      D919 EA6E 
 108      E24D CEDC 
 108      7BEE FCCF 
 108      39BF 
 109 006b 73E7 8EC5 		.ascii	"s\347\216\305\300\304\250-c\354(\315\317\223\373\220\3066Z\357"
 109      C0C4 A82D 
 109      63EC 28CD 
 109      CF93 FB90 
 109      C636 5AEF 
 110 007f 63EE B0C8 		.ascii	"c\356\260\310f\310\346\310\226\311V\331\177\207x_\246\343v\221"
 110      66C8 E6C8 
 110      96C9 56D9 
 110      7F87 785F 
 110      A6E3 7691 
 111 0093 5593 5D24 		.ascii	"U\223]$\313\222e\310D\2451=\317\024\211\027\271}E\342\203dM\236"
 111      CB92 65C8 
 111      44A5 313D 
 111      CF14 8917 
 111      B97D 45E2 
 112 00ab 3C82 6582 		.ascii	"<\202e\202\354\254\3167\256s\316\025\311\271\\\202)\350a\232"
 112      ECAC CE37 
 112      AE73 CE15 
 112      C9B9 5C82 
 112      29E8 619A 
 113 00bf D0F3 7291 		.ascii	"\320\363r\221\370\325\377\021\357\324/v&\017\f\f\374\331\227"
 113      F8D5 FF11 
 113      EFD4 2F76 
 113      260F 0C0C 
 113      FCD9 97
 114 00d2 B4AF 630D 		.ascii	"\264\257c\r\006\324a\323\244\016\035b\345x\320K\222\2011\357"
 114      06D4 61D3 
 114      A40E 1D62 
 114      E578 D04B 
 114      9281 31EF 
 115 00e6 9633 69DF 		.ascii	"\2263i\337\211\203.\001gR\231 \277\237\034\312\225O7\211\330"
 115      8983 2E01 
 115      6752 9920 
 115      BF9F 1CCA 
 115      954F 3789 
 116 00fb 320A 7C28 		.ascii	"2\n|(T\022e\341\t\205\0060\034\006\346I\354\240\300;4\214\256"
 116      5412 65E1 
 116      0985 0630 
 116      1C06 E649 
 116      ECA0 C03B 
 117 0112 A1BB 5FBB 		.ascii	"\241\273_\273\221\336\f\230\324:\255\177\274\177\342\331\206"
 117      91DE 0C98 
 117      D43A AD7F 
 117      BC7F E2D9 
 117      86
 118 0123 24A7 F12E 		.ascii	"$\247\361.\347\306S\356\021M?\274\227\253\274k`\227\037\006\271"
 118      E7C6 53EE 
 118      114D 3FBC 
 118      97AB BC6B 
 118      6097 1F06 
 119 0138 4BBF 5F19 		.ascii	"K\277_\031\330An\265\037;\311]\354J}l\252\267\026\271\347\357"
 119      D841 6EB5 
 119      1F3B C95D 
 119      EC4A 7D6C 
 119      AAB7 16B9 
 120 014e A486 6CE5 		.ascii	"\244\206l\345\232\344\216\r\365\376b\232u\262\300'\231\365t\245"
 120      9AE4 8E0D 
 120      F5FE 629A 
 120      75B2 C027 
 120      99F5 74A5 
 121 0162 F998 5CFF 		.ascii	"\371\230\\\377qt`\301g>.\327\177/\365\337\017\230O\312\365O\233"
 121      7174 60C1 
 121      673E 2ED7 
 121      7F2F F5DF 
 121      0F98 4FCA 
 122 0179 A726 022A 		.ascii	"\247&\002*\274\214\334\311L6\277M\325\332K\356\203\364\350\240"
 122      BC8C DCC9 
 122      4C36 BF4D 
 122      D5DA 4BEE 
 122      83F4 E8A0 
 123 018d 653E 2D95 		.ascii	"e>-\225\277\035\332\370 `\276 \326\025\371k\371u\037BU\241P\250"
 123      BF1D DAF8 
 123      2060 BE20 
 123      D615 F96B 
 123      F975 1F42 
 124 01a5 DEB6 6B2C 		.ascii	"\336\266k,\273\252\376S\316\017\363\233ky\373x\017\347\235&\262"
 124      BBAA FE53 
 124      CE0F F39B 
 124      6B79 FB78 
 124      0FE7 9D26 
 125 01ba B091 8289 		.ascii	"\260\221\202\211\f\252p\022A\f#\310\260\207.\n\032\305m9\242"
 125      0CAA 7012 
 125      410C 23C8 
 125      B087 2E0A 
 125      1AC5 6D39 
 126 01cf FAEE E678 		.ascii	"\372\356\346x\215\341Kz\177Z\274O\353\200/\320\200I\324c\f!L"
 126      8DE1 4B7A 
 126      7F5A BC4F 
 126      EB80 2FD0 
 126      8049 D463 
 127 01e6 908D 939D 		.ascii	"\220\215\223\235EH\036\220,\224\033\217\277\311sS@\223\2153\217"
 127      4548 1E90 
 127      2C94 1B8F 
 127      BFC9 7353 
 127      4093 8D33 
 128 01fb 5649 A250 		.ascii	"VI\242PF\2113ItIu\320\217\021\255~\"\210\275\244=\365\250\366"
 128      4689 3349 
 128      7449 75D0 
 128      8F11 AD7E 
 128      2288 BDA4 
 129 0213 CC4E 414F 		.ascii	"\314NAO\302\321\255\302aW\370\271`\317\245_\342\334'\024L\340"
 129      C2D1 ADC2 
 129      6157 F8B9 
 129      60CF A55F 
 129      E2DC 2714 
 130 0229 EAAF D723 		.ascii	"\352\257\327#r,p\356\357\017\340k\324\270L\347\251\233st$JZJ"
 130      722C 70EE 
 130      EF0F E06B 
 130      D4B8 4CE7 
 130      A99B 7374 
 131 0241 C63C 9A0F 		.ascii	"\306<\232\017e\025\316k\201}\2735\005\023jz~\003\361\327\323"
 131      6515 CE6B 
 131      817D BB35 
 131      0513 6A7A 
 131      7E03 F1D7 
 132 0256 BD45 8EF4 		.ascii	"\275E\216\364\315\326\226\204S\236\263\220\002\346\236\367l\311"
 132      CDD6 9684 
 132      539E B390 
 132      02E6 9EF7 
 132      6CC9 
 133 0268 F366 450F 		.ascii	"\363fE\017[\265\332\353\347\206\374\240_\221^\321\tPu[\337Z\357"
 133      5BB5 DAEB 
 133      E786 FCA0 
 133      5F91 5ED1 
 133      0950 755B 
 134 027f EEB3 2CC1 		.ascii	"\356\263,\301\222U,\2647x\365\237Z\333\313\224\331\302tQ1\221"
 134      9255 2CB4 
 134      3778 F59F 
 134      5ADB CB94 
 134      D9C2 7451 
 135 0295 F0E4 C8AF 		.ascii	"\360\344\310\257\033e2\230\366p\0012\272k\372\334\017\2255\305"
 135      1B65 3298 
 135      F670 0132 
 135      BA6B FADC 
 135      0F95 35C5 
 136 02a9 FBCF CBFE 		.ascii	"\373\317\313\376\247e\377$\375\371\243\324i\324\r\362\301\024"
 136      A765 FF24 
 136      FDF9 A3D4 
 136      69D4 0DF2 
 136      C114 
 137 02bb BFF9 FE4C 		.ascii	"\277\371\376L#\335\211C\024e\b\031N\270\260\264\024\323\020\256"
 137      23DD 8943 
 137      1465 0819 
 137      4EB8 B0B4 
 137      14D3 10AE 
 138 02cf D34F 3A83 		.ascii	"\323O:\203:\361\367u\366\335\r\230m(\325\302F\366\316g\206\334"
 138      3AF1 F775 
 138      F6DD 0D98 
 138      6D28 D5C2 
 138      46F6 CE67 
 139 02e5 A32B 7649 		.ascii	"\243+vI\201\365\376\225\273\244\366\350~|\253\366\206\257\336"
 139      81F5 FE95 
 139      BBA4 F6E8 
 139      7E7C ABF6 
 139      86AF DE
 140 02f8 3B86 4207 		.ascii	";\206B\007\227\325\346;\3357\256\225\352\340;\331\301\025\247"
 140      97D5 E63B 
 140      DD37 AE95 
 140      EAE0 3BD9 
 140      C115 A7
 141 030b 83A9 B1F9 		.ascii	"\203\251\261\371[\001\325An\004\375\\\310I\202Y\227~\326K?'\351"
 141      5B01 D541 
 141      6E04 FD5C 
 141      C849 8259 
 141      977E D64B 
 142 0322 6FBF 3D90 		.ascii	"o\277=\220\2514\337\220\364#\311\315\224\337\241R\360\027\016"
 142      A934 DF90 
 142      F423 C9CD 
 142      94DF A152 
 142      F017 0E
 143 0335 7F3F 5A5E 		.ascii	"\177?Z^\200ZPP\274\223\257o/\001\265$\241\026\035\250\205\313"
 143      805A 5050 
 143      BC93 AF6F 
 143      2F01 B524 
 143      A116 1DA8 
 144 034b 3DB7 1DA8 		.ascii	"=\267\035\250l5\005rn\t\r\346]\252y/\325\262\244\232<2\365^\271"
 144      6C35 0572 
 144      6E09 0DE6 
 144      5DAA 792F 
 144      D5B2 A49A 
 145 0364 D903 89B5 		.ascii	"\331\003\211\265x\353\330q\375ir+\336\034+n\216\025o\216U\324"
 145      78EB D871 
 145      FD69 722B 
 145      DE1C 2B6E 
 145      8E15 6F8E 
 146 037a B1DD 8948 		.ascii	"\261\335\211H\307\201pK$\036o\216\264\034\b\267G_\216u$\242\355"
 146      C781 704B 
 146      241E 6F8E 
 146      B41C 08B7 
 146      475F 8E75 
 147 0391 BEE7 5E6C 		.ascii	"\276\347^l\252}\246\261\221\031\261V+\361\372\253\321\212\350"
 147      AA7D A6B1 
 147      9119 B156 
 147      2BF1 FAAB 
 147      D18A E8
 148 03a4 C168 5B22 		.ascii	"\301h[\"\274?\322\326\032\217\266oWQ\315\345-\257\264%\"\261"
 148      BC3F D2D6 
 148      1A8F B66F 
 148      5751 CDE5 
 148      2DAF B425 
 149 03ba B668 7BB9 		.ascii	"\266h{\271\336\t'\354x\254y\217T7\354g\036\247\205UH\215SBy\035"
 149      DE09 27EC 
 149      78AC 798F 
 149      5437 EC67 
 149      1EA7 8555 
 150 03d4 D144 58E4 		.ascii	"\321DX\344\337Q\360b\255\377\002\017F\341t"
 150      DF51 F062 
 150      ADFF 020F 
 150      46E1 74
 151               		.text
 152               		.section	.gnu.lto_.symtab.2dce2a1,"",@progbits
 153 0000 7461 736B 		.string	"task_callback_register"
 153      5F63 616C 
 153      6C62 6163 
 153      6B5F 7265 
 153      6769 7374 
 154 0017 00        		.string	""
 155 0018 00        		.string	""
 156 0019 00        		.string	""
 157 001a 00        		.string	""
 158 001b 00        		.string	""
 159 001c 00        		.string	""
 160 001d 00        		.string	""
 161 001e 00        		.string	""
 162 001f 00        		.string	""
 163 0020 00        		.string	""
 164 0021 00        		.string	""
 165 0022 C700      		.string	"\307"
 166 0024 00        		.string	""
 167 0025 00        		.string	""
 168 0026 7461 736B 		.string	"task_register"
 168      5F72 6567 
 168      6973 7465 
 168      7200 
 169 0034 00        		.string	""
 170 0035 00        		.string	""
 171 0036 00        		.string	""
 172 0037 00        		.string	""
 173 0038 00        		.string	""
 174 0039 00        		.string	""
 175 003a 00        		.string	""
 176 003b 00        		.string	""
 177 003c 00        		.string	""
 178 003d 00        		.string	""
 179 003e 00        		.string	""
 180 003f CE00      		.string	"\316"
 181 0041 00        		.string	""
 182 0042 00        		.string	""
 183 0043 7461 736B 		.string	"task_set_type"
 183      5F73 6574 
 183      5F74 7970 
 183      6500 
 184 0051 00        		.string	""
 185 0052 00        		.string	""
 186 0053 00        		.string	""
 187 0054 00        		.string	""
 188 0055 00        		.string	""
 189 0056 00        		.string	""
 190 0057 00        		.string	""
 191 0058 00        		.string	""
 192 0059 00        		.string	""
 193 005a 00        		.string	""
 194 005b 00        		.string	""
 195 005c D300      		.string	"\323"
 196 005e 00        		.string	""
 197 005f 00        		.string	""
 198 0060 7461 736B 		.string	"task_set_id"
 198      5F73 6574 
 198      5F69 6400 
 199 006c 00        		.string	""
 200 006d 00        		.string	""
 201 006e 00        		.string	""
 202 006f 00        		.string	""
 203 0070 00        		.string	""
 204 0071 00        		.string	""
 205 0072 00        		.string	""
 206 0073 00        		.string	""
 207 0074 00        		.string	""
 208 0075 00        		.string	""
 209 0076 00        		.string	""
 210 0077 D500      		.string	"\325"
 211 0079 00        		.string	""
 212 007a 00        		.string	""
 213               		.text
 214               		.section	.gnu.lto_.opts,"",@progbits
 215 0000 272D 666E 		.ascii	"'-fno-math-errno' '-fno-signed-zeros' '-fno-trapping-math' '"
 215      6F2D 6D61 
 215      7468 2D65 
 215      7272 6E6F 
 215      2720 272D 
 216 003c 2D66 6E6F 		.ascii	"-fno-trapv' '-fno-openmp' '-fno-openacc' '-mn-flash=1' '-mno"
 216      2D74 7261 
 216      7076 2720 
 216      272D 666E 
 216      6F2D 6F70 
 217 0078 2D73 6B69 		.ascii	"-skip-bug' '-mrelax' '-mcall-prologues' '-mmcu=avr5' '-gdwar"
 217      702D 6275 
 217      6727 2027 
 217      2D6D 7265 
 217      6C61 7827 
 218 00b4 662D 3227 		.ascii	"f-2' '-Os' '-fu"
 218      2027 2D4F 
 218      7327 2027 
 218      2D66 75
 219 00c3 6E73 6967 		.string	"nsigned-char' '-fpack-struct' '-fshort-enums' '-flto' '-fmerge-all-constants' '-ffast-mat
 219      6E65 642D 
 219      6368 6172 
 219      2720 272D 
 219      6670 6163 
 220               		.text
 221               		.comm	__gnu_lto_v1,1,1
 222               		.comm	__gnu_lto_slim,1,1
 223               		.ident	"GCC: (AVR_8_bit_GNU_Toolchain_3.6.0_1734) 5.4.0"
DEFINED SYMBOLS
                            *ABS*:00000000 event.c
C:\Users\apapk\AppData\Local\Temp\ccMgqLre.s:2      *ABS*:0000003e __SP_H__
C:\Users\apapk\AppData\Local\Temp\ccMgqLre.s:3      *ABS*:0000003d __SP_L__
C:\Users\apapk\AppData\Local\Temp\ccMgqLre.s:4      *ABS*:0000003f __SREG__
C:\Users\apapk\AppData\Local\Temp\ccMgqLre.s:5      *ABS*:00000000 __tmp_reg__
C:\Users\apapk\AppData\Local\Temp\ccMgqLre.s:6      *ABS*:00000001 __zero_reg__
                            *COM*:00000001 __gnu_lto_v1
                            *COM*:00000001 __gnu_lto_slim

NO UNDEFINED SYMBOLS
