   1               		.file	"freq.c"
   2               	__SP_H__ = 0x3e
   3               	__SP_L__ = 0x3d
   4               	__SREG__ = 0x3f
   5               	__tmp_reg__ = 0
   6               	__zero_reg__ = 1
   7               		.text
   8               	.Ltext0:
   9               		.section	.gnu.lto_.profile.2dcff24,"",@progbits
  10 0000 789C 6361 		.string	"x\234ca`d`e`"
  10      6064 6065 
  10      6000 
  11 000a 922D 8CF1 		.string	"\222-\214\361"
  11      00
  12 000f 026B 00   		.string	"\002k"
  13 0012 F0        		.ascii	"\360"
  14               		.text
  15               		.section	.gnu.lto_.icf.2dcff24,"",@progbits
  16 0000 789C 6361 		.string	"x\234ca`d"
  16      6064 00
  17 0007 015B 0604 		.string	"\001[\006\004\340b\330\261r\252\007\343\216\243\357\347\3621\255<\270u\036\033\363\212\27
  17      E062 D8B1 
  17      72AA 07E3 
  17      8EA3 EFE7 
  17      F231 AD3C 
  18 004e B804 1FB2 		.ascii	"\270\004\037\262"
  19               		.text
  20               		.section	.gnu.lto_.jmpfuncs.2dcff24,"",@progbits
  21 0000 789C 6361 		.string	"x\234ca`d"
  21      6064 00
  22 0007 0115 0604 		.string	"\001\025\006\004\340b`dd\254\007\2123\201hf\006\006\026\006\006V\006\006\016\006\006N\006
  22      E062 6064 
  22      64AC 078A 
  22      3381 6866 
  22      0606 1606 
  23 002c 276A 0171 		.ascii	"'j\001q"
  24               		.text
  25               		.section	.gnu.lto_.inline.2dcff24,"",@progbits
  26 0000 789C 6361 		.string	"x\234ca`d"
  26      6064 00
  27 0007 815B 0C08 		.string	"\201[\f\b\300\305\300\300#\302\310\310 "
  27      C0C5 C0C0 
  27      23C2 C8C8 
  27      2000 
  28 0015 9462 E679 		.string	"\224b\346y\020\313\300\266@\236\211\201\355\300nF\026\2204#\003\007;#\003\023\327\004?\21
  28      10CB C0B6 
  28      409E 8981 
  28      EDC0 6E46 
  28      1690 3423 
  29 0085 00        		.string	""
  30 0086 5F66 19AB 		.ascii	"_f\031\253"
  31               		.text
  32               		.section	.gnu.lto_.pureconst.2dcff24,"",@progbits
  33 0000 789C 6361 		.string	"x\234ca`d\020c``\340b\220b\224b\222b\226b\331\305\310*\305!\305)\305#\305+\005"
  33      6064 1063 
  33      6060 E062 
  33      9062 9462 
  33      9262 9662 
  34 0022 1787 0204 		.ascii	"\027\207\002\004"
  35               		.text
  36               		.section	.gnu.lto_PWM_start.2dcff24,"",@progbits
  37 0000 789C 7D92 		.ascii	"x\234}\222\315k\023A\030\306\347\231\331nv\2631\355A\360\022"
  37      CD6B 1341 
  37      18C6 E799 
  37      D96E 76B3 
  37      31ED 41F0 
  38 0015 C483 507A 		.ascii	"\304\203PzQ<\371\177\370'X*\024DP\360\340\251\263\3710V\212P"
  38      513C F97F 
  38      F827 582A 
  38      1444 50F0 
  38      E0A9 B3F9 
  39 002d A85B 6B9B 		.ascii	"\250[k\233\346T\332Z\265\251\037\255M+\204@\365`\305*X=\364 "
  39      E654 DA5A 
  39      B5A9 1FAD 
  39      4D2B 8440 
  39      F560 C52A 
  40 0045 1E82 0862 		.ascii	"\036\202\bb4\221"
  40      3491 
  41 004b 88B6 5DDF 		.string	"\210\266]\337w'\004\365\320\201\235\231w\366y~\363\2763c\t\bnG\225\020G\204\371\204\022\2
  41      7727 04F5 
  41      D081 9D99 
  41      77F6 797E 
  41      F3BE 3363 
  42 014c 961C 045B 		.ascii	"\226\034\004[\"\030!X\334,\215\245\332\362\306\314\324\270cR"
  42      2218 2158 
  42      DC2C 8DA5 
  42      DAF2 C6CC 
  42      D4B8 6352 
  43 0160 D1E0 786F 		.ascii	"\321\340xo,\337\035\331}\255=&<\350\020\036\022\201$k\215\335"
  43      2CDF 1DD9 
  43      7DAD 3D26 
  43      3CE8 101E 
  43      1281 246B 
  44 0176 1792 2D0E 		.ascii	"\027\222-\016z\360\310l\337\254w\210\237Z[\303\266!\372,\377"
  44      7AF0 C86C 
  44      DFAC 7788 
  44      9F5A 5BC3 
  44      B621 FA2C 
  45 018b 3219 4CCB 		.ascii	"2\031L\313\177\210\217;\304eC\f^\216\226mCt\261\022\0213\267"
  45      7F88 8F3B 
  45      C465 430C 
  45      5E8E 966D 
  45      4374 B112 
  46 01a2 AF6E A75D 		.ascii	"\257n\247]S\266\223Q1R\255\027G\346\343\254R\220x\022\251\322"
  46      53B6 9351 
  46      3152 AD17 
  46      47E6 E3AC 
  46      5290 7812 
  47 01b8 DFF3 3BD2 		.ascii	"\337\363;\322\210\\\322\261\257\324>\25389\246\267\206\227#\256"
  47      885C D2B1 
  47      AFD4 3EAB 
  47      3839 A6B7 
  47      8697 23AE 
  48 01cc 0DAD B331 		.ascii	"\r\255\2631\254\"E\302\266\017F\347\221\224}A\333\227\240%\262"
  48      AC22 45C2 
  48      B60F 46E7 
  48      9194 7D41 
  48      DB97 A025 
  49 01e1 96DF BF3D 		.ascii	"\226\337\277=\315N\027a\250P\376\357\220;\367\031\217\356\323"
  49      CD4E 1761 
  49      A850 FEEF 
  49      903B F719 
  49      8FEE D3
  50 01f4 DF19 2F26 		.ascii	"\337\031/&Lx\215\353\031\371}c\324\372\253d\027\353T\362ZT\362"
  50      4C78 8DEB 
  50      19F9 7D63 
  50      D4FA AB64 
  50      17EB 54F2 
  51 020b D3E8 1A12 		.ascii	"\323\350\032\022\3423\322\225w\026\363\242'_\227\364\374\350"
  51      E233 D295 
  51      7716 F3A2 
  51      275F 97F4 
  51      FCE8 
  52 021d F178 E707 		.ascii	"\361x\347\007\317\236<wi\340\342\211~\341\362xy\340B\377\225"
  52      CF9E 3C77 
  52      69E0 E289 
  52      7EE1 F278 
  52      79E0 42FF 
  53 0232 3FF3 EF05 		.ascii	"?\363\357\005\233"
  53      9B
  54               		.text
  55               		.section	.gnu.lto_PWM_stop.2dcff24,"",@progbits
  56 0000 789C 7D91 		.string	"x\234}\221\277J\003A\020\306\347\333\215\227@\f\2266)l,\322\250\317\342#(\n\202\215\276\2
  56      BF4A 0341 
  56      10C6 E7DB 
  56      8D97 400C 
  56      9636 296C 
  57 00e8 872C 6547 		.ascii	"\207,eG\027\242\371\217v\3044f\210\330kg\342}y\247\220\315D\202"
  57      17A2 F98F 
  57      76C4 3466 
  57      88D8 6B67 
  57      E27D 79A7 
  58 0100 5E0C 24EF 		.ascii	"^\f$\357n\246G\374r\333\230\250\020\216\007\2042\023~O\303\203"
  58      6EA6 47FC 
  58      72DB 98A8 
  58      108E 0784 
  58      3213 7E4F 
  59 0116 A312 D87B 		.ascii	"\243\022\330{\225\354\017\361\356\355|\255?\235-\362\307mwG\375"
  59      95EC 0FF1 
  59      EEED 7CAD 
  59      3F9D 2DF2 
  59      C76D 7747 
  60 012b 2156 07C4 		.ascii	"!V\007\304\023&\372\210{\254\326;!!\370_\321\346\207\"~\313\350"
  60      1326 FA88 
  60      7BAC D63B 
  60      2121 F85F 
  60      D1E6 8722 
  61 0142 E2C2 CCE4 		.ascii	"\342\302\314\344\374\362\334\322\304,}\003\245_\223I"
  61      FCF2 DCD2 
  61      C42C 7D03 
  61      A55F 9349 
  62               		.text
  63               		.section	.gnu.lto_soft_PWM_start.2dcff24,"",@progbits
  64 0000 789C 7D93 		.ascii	"x\234}\223\317k\023Q\020\307\337\274\267\311n\262M\242 x\311"
  64      CF6B 1351 
  64      10C7 DFBC 
  64      B7C9 6EB2 
  64      4DA2 2078 
  65 0015 C183 507A 		.ascii	"\301\203PzQ\374W\374\023,\025\004\021\024<x\352K6I1hO\032ZM\f"
  65      51FC 57FC 
  65      132C 1504 
  65      1114 3C78 
  65      EA4B 3649 
  66 0030 82D2 566B 		.ascii	"\202\322Vk\2731&\265\376Hc\250\nR\211?\260\247\036\254\3305\030"
  66      BB31 26B5 
  66      FE48 63A8 
  66      0A52 893F 
  66      B0A7 1EAC 
  67 0047 D028 D548 		.ascii	"\320(\325HI\273\316\354\213\221\006tag\367\275\375\316gf\276"
  67      49BB CEEC 
  67      8B91 0674 
  67      6167 F7BD 
  67      FDCE 6766 
  68 005c BCD5 1830 		.ascii	"\274\325\0300\272f\005c\373\231\272\231`\300\031\213\031\034"
  68      BA66 0563 
  68      FB99 BA99 
  68      60C0 198B 
  68      191C 
  69 006e F0A3 3480 		.ascii	"\360\2434\200\215r\030\205\037|\233Cm\314Y\344CS\022\257\367"
  69      8D72 1885 
  69      1F7C 9B43 
  69      6DCC 59E4 
  69      4353 12AF 
  70 0083 1BE3 424E 		.ascii	"\033\343BNW!\211\251.\367(\f\246`\bUO\335v5\262\311\223\002\200"
  70      5721 89A9 
  70      2EF7 280C 
  70      A660 0855 
  70      4FDD 7635 
  71 009c 92DE B456 		.ascii	"\222\336\264Vr&-9\354\301\245\333\231\310\231\"\f\f\337\333+"
  71      7226 2D39 
  71      ECC1 A5DB 
  71      99C8 9922 
  71      0C0C DFDB 
  72 00b1 AB99 C0E0 		.ascii	"\253\231\300\340M)\343Rn\357\223\")\004\334\002\201<\230\201"
  72      4D29 E352 
  72      6EEF 9322 
  72      2904 DC02 
  72      813C 9881 
  73 00c5 284C 4394 		.ascii	"(LC\224\341\026\203\3330H\362\017\205\235\313!\177\202\312\037"
  73      E116 83DB 
  73      3048 F20F 
  73      859D CB21 
  73      7F82 CA1F 
  74 00d9 5045 6116 		.ascii	"PEa\026\3744\302\374\321\252t]K\312\342\221\227|/\307,MP\320"
  74      FC34 C2FC 
  74      D1AA 745D 
  74      4BCA E291 
  74      977C 2FC7 
  75 00f1 2918 1482 		.ascii	")\030\024\202@\024\023_}\003\024B\024\302\364%B\201\261\2267"
  75      4014 135F 
  75      7D03 1442 
  75      14C2 F425 
  75      4281 B196 
  76 0106 C437 8E0F 		.ascii	"\3047\216\017\341@m+\355X>\302[\202\206\310$ku\235\206\360{\215"
  76      E140 6D2B 
  76      ED58 3EC2 
  76      5B82 86C8 
  76      246B 759D 
  77 011e 3F6F D993 		.ascii	"?o\331\223a\265<\210\313g\013\316\327`\036r\261\004\372\241\303"
  77      61B5 3C88 
  77      CB67 0BCE 
  77      D760 1E72 
  77      B104 FAA1 
  78 0133 1CF6 7E07 		.ascii	"\034\366~\007{g0\017y`\016X\277\374\n%\024\355u\302\316\nJ\327"
  78      7B67 300F 
  78      7960 0E58 
  78      BFFC 0A25 
  78      14ED 75C2 
  79 014b 4003 1B95 		.ascii	"@\003\033\225X0\003$\371\037\254\2000D\220x\323\316G\273\362"
  79      5830 0324 
  79      F91F AC80 
  79      3044 9078 
  79      D3CE 47BB 
  80 0160 F4F8 1387 		.ascii	"\364\370\023\207\253Vl\300\365\306\273J\212{\3511)M\"\334\355"
  80      AB56 6CC0 
  80      F5C6 BB4A 
  80      8A7B E931 
  80      294D 22DC 
  81 0175 118A 4840 		.ascii	"\021\212H@\311\243\374\205\231 \245\350\300\341\236*\277i\337"
  81      C9A3 FC85 
  81      9920 A5E8 
  81      C0E1 9E2A 
  81      BF69 DF
  82 0188 F843 CC96 		.ascii	"\370C\314\226K\315.\261@\362\267/&'\264]\304R\217XV\304\235\346"
  82      4BCD 2EB1 
  82      40F2 B72F 
  82      2627 B45D 
  82      C452 8F58 
  83 01a0 7A33 A488 		.ascii	"z3\244\210>XP\304\255\364\352\262Pc\353(Y\217\325\033\246\242"
  83      3E58 50C4 
  83      ADF4 EAB2 
  83      5063 EB28 
  83      598F D51B 
  84 01b6 B6C8 C2EB 		.ascii	"\266\310\302\353\215R\233\377\035\363~\017\271\330\347\231\241"
  84      8D52 9BFF 
  84      1DF3 7E0F 
  84      B9D8 E799 
  84      A1
  85 01c7 F27B A74A 		.ascii	"\362{\247J\303\246\037\364y\366O\330C\3173\003\305\361\357c\316"
  85      C3A6 1FF4 
  85      79F6 4FD8 
  85      43CF 3303 
  85      C5F1 EF63 
  86 01dc A580 429A 		.ascii	"\245\200B\232\226\bR\211+\251N\267\303\001\334D\316\\c)\3539"
  86      9608 5289 
  86      2BA9 4EB7 
  86      C301 DC44 
  86      CE5C 6329 
  87 01f2 E303 893E 		.ascii	"\343\003\211>yU,;\365\221+U\b%\327^\235/\373\273\022\231\320"
  87      7955 2C3B 
  87      F591 2B55 
  87      0825 D75E 
  87      9D2F FBBB 
  88 0209 E131 4431 		.ascii	"\3411D1]\025X\003\245\013\243\22423\335\021\"\270EFZ\313u\241"
  88      5D15 5803 
  88      A50B A394 
  88      3233 DD11 
  88      22B8 4546 
  89 0221 5C72 012A 		.ascii	"\\r\001*}3\374\354\\\374d(\203\212\344\351\227\316Z\305\277\313"
  89      7D33 FCEC 
  89      5CFC 6428 
  89      838A E4E9 
  89      97CE 5AC5 
  90 0237 F6A5 DE58 		.ascii	"\366\245\336XUo\254\b\373\f\361\352U\357\230z?`\213\343\317\200"
  90      556F AC08 
  90      FB0C F1EA 
  90      55EF 987A 
  90      3F60 8BE3 
  91 024d 07D8 3C79 		.ascii	"\007\330<y\342\330\341\343gFN\037\032f\001z\236\03595|\3567\341"
  91      E2D8 E1E3 
  91      6746 4E1F 
  91      1A66 017A 
  91      9E1D 3935 
  92 0265 BE35 4E   		.ascii	"\2765N"
  93               		.text
  94               		.section	.gnu.lto_soft_PWM_stop.2dcff24,"",@progbits
  95 0000 789C 7D92 		.string	"x\234}\222KKBA\024\307\317\2311\275d\256\333\270h\323\302M\365U\352#\024\005A\233\372\002
  95      4B4B 4241 
  95      14C7 CF99 
  95      31BD 64AE 
  95      DBB8 68D3 
  96 0056 0FDD FDD2 		.ascii	"\017\335\375\322\341\200\344\352\032Cz\024\032\202\237\241\037"
  96      E180 E4EA 
  96      1A43 7A14 
  96      1A82 9FA1 
  96      1F
  97 0067 5F58 9361 		.ascii	"_X\223aq\301\3103_B\320\271\255.q\221,`\210\003\264\230M\001"
  97      71C1 C833 
  97      5F42 D0B9 
  97      AD2E 7191 
  97      2C60 8803 
  98 007f 4CA0 0F48 		.ascii	"L\240\017Hv\237\371X\3668\203R"
  98      769F F958 
  98      F638 8352 
  99 008b 36A0 1E31 		.string	"6\240\0361\211N\231*=V\020\255V@\210\312H\205\3652\bq\344\322\270\244\321\244\0010m\332\0
  99      894E 992A 
  99      3D56 10AD 
  99      5640 88CA 
  99      4885 F532 
 100 018c 93C3 B3   		.ascii	"\223\303\263"
 101               		.text
 102               		.section	.gnu.lto___vector_7.2dcff24,"",@progbits
 103 0000 789C 7D8F 		.string	"x\234}\217?K\003A\020\305\347\315\344b \250\205\210M\n\301*M\304\257bc\257D\b\330\030\354
 103      3F4B 0341 
 103      10C5 E7CD 
 103      E462 20A8 
 103      8588 4D0A 
 104 005c 6A30 1A18 		.ascii	"j0\032\030\362\210\021\357$7\\\3568=\017O+\256\033!\024\242\224"
 104      F288 11EF 
 104      2437 5CEE 
 104      383D 0F4F 
 104      2BAE 1B21 
 105 0073 C710 4207 		.ascii	"\307\020B\007eR\327\343\365\317\376d>0\327|\366\211.\362\226"
 105      6552 D7E3 
 105      F5CF FE64 
 105      3E30 D77C 
 105      F689 2EF2 
 106 0088 74B9 1CB9 		.ascii	"t\271\034\2714\365\235;Xzc\217)\024\210]D\357c\306\007k\221\004"
 106      34F5 9D3B 
 106      587A 638F 
 106      2914 885D 
 106      44EF 63C6 
 107 00a0 F1F7 6EAF 		.ascii	"\361\367n\257\357Y\227/\226\333\n\343\333\211O\016\205a\001{"
 107      EF59 972F 
 107      96DB 0AE3 
 107      DB89 4F0E 
 107      8561 017B 
 108 00b4 C7FD 62A6 		.ascii	"\307\375b\246\026T\r^\206\243\3516\216\232\201N#8E\t'(i\350\031"
 108      1654 0D5E 
 108      86A3 E936 
 108      8E9A 814E 
 108      2338 4509 
 109 00cd DAA0 04FE 		.ascii	"\332\240\004\376W>#I\006\273\013\256\016\305\332\201\034\316"
 109      573E 2349 
 109      06BB 0BAE 
 109      0EC5 DA81 
 109      1CCE 
 110 00df D5A9 792D 		.ascii	"\325\251y-\230\345?\330\205\302\024A\317p\361\375\254\271m\340"
 110      98E5 3FD8 
 110      85C2 1441 
 110      CF70 F1FD 
 110      ACB9 6DE0 
 111 00f3 297A C576 		.ascii	")z\305v4\360\376\264\356\241\313\350\022\305\215\332\352\342"
 111      34F0 FEB4 
 111      EEA1 CBE8 
 111      12C5 8DDA 
 111      EAE2 
 112 0105 7ABD BA59 		.ascii	"z\275\272YY#\257^\335\252\321/\331\004c\360"
 112      5923 AF5E 
 112      DDAA D12F 
 112      D904 63F0 
 113               		.text
 114               		.section	.gnu.lto_frequency_measurement_start.2dcff24,"",@progbits
 115 0000 789C 7DD2 		.ascii	"x\234}\322\315NSA\024\007\360\363\237!\355M\257\215l\f,\272\320"
 115      CD4E 5341 
 115      1407 F0F3 
 115      9F21 ED4D 
 115      AF8D 6C0C 
 116 0017 B022 068D 		.ascii	"\260\"\006\215/\301\003\360\b\020ML\334\300\013t.\355\r_\301"
 116      2FC1 03F0 
 116      0810 4D4C 
 116      DCC0 0B74 
 116      2EED 0D5F 
 117 002c 15AD 2128 		.ascii	"\025\255!(\254\b\240(\345\233\212J\351B\243\013%l\331\020\026"
 117      AC08 A028 
 117      E59B 8A4A 
 117      E942 A30B 
 117      256C D910 
 118 0041 4549 8D35 		.ascii	"EI\2155\226`LJ9\247\003\205\026p\026s3w\316\374\316\271\347N"
 118      9660 4C4A 
 118      39A7 0385 
 118      1670 1673 
 118      3377 CEFC 
 119 0059 0381 64DC 		.ascii	"\003\201d\334\322Da~6\311B\023\024\221\347(\360\246q@Q\205(\016"
 119      D244 617E 
 119      36C9 4213 
 119      1491 E728 
 119      F0A6 7140 
 120 0071 5549 21DB 		.ascii	"UI!\333\227K\253\326)\303cwrL\233\351\f|>ZV\025\2050\205V\342"
 120      974B ABD6 
 120      29C3 6377 
 120      724C 9BE9 
 120      0C7C 3E5A 
 121 008c B0BD F9E3 		.ascii	"\260\275\371\343D8\020\227\260\333v\023\323\bH\252\271\216\214"
 121      4438 1097 
 121      B0DB 7613 
 121      D308 48AA 
 121      B98E 8C
 122 009f 2997 63C6 		.ascii	")\227c\306\214>\030l\t\007\311\327pd\n\311\344\312"
 122      8C3E 186C 
 122      0907 C9D7 
 122      7064 0AC9 
 122      E4CA 
 123 00b1 4454 A868 		.string	"DT\250h\277\025?t\016\331bj5\"\307\331M\372\331o\301\242\362\265\202\244\3713\371\374\231
 123      BF15 3F74 
 123      0ED9 626A 
 123      3522 C7D9 
 123      4DFA D96F 
 124 01b2 BD99 44BB 		.ascii	"\275\231D\273DWnz\201o \361\005u\237<\356\274\377\250\347a\367"
 124      4457 6E7A 
 124      816F 20F1 
 124      0575 9F3C 
 124      EEBC FFA8 
 125 01c9 BD2E 3A01 		.ascii	"\275.:\001\270]\006\037"
 125      B85D 061F 
 126               		.text
 127               		.section	.gnu.lto_frequency_measurement_stop.2dcff24,"",@progbits
 128 0000 789C 7591 		.ascii	"x\234u\221\273NBA\020\206\347\337=\\\"AK\033\n\215\025\215\227"
 128      BB4E 4241 
 128      1086 E7DF 
 128      3D5C 2241 
 128      4B1B 0A8D 
 129 0017 CE27 F001 		.ascii	"\316'\360\001|\004\215&&6\372\002\354\021N\b\332*\222x\241\""
 129      7C04 8D26 
 129      2636 FA02 
 129      EC11 4E08 
 129      DA2A 9278 
 130 002d E095 4B85 		.ascii	"\340\225K\205\205\021)\264Ty\002\243\t^\022#F\214\211\021p\366"
 130      8511 29B4 
 130      5479 02A3 
 130      095E 1223 
 130      468C 8911 
 131 0043 AC12 2D9C 		.ascii	"\254\022-\234b'\2633\377\367Ov-\002\351(s\nr\356\327\205$\b\""
 131      6227 B333 
 131      FFF7 4F76 
 131      2D02 E928 
 131      730A 72EE 
 132 005c DB2F C0B7 		.ascii	"\333/\300\267\312\017\212\bD\360&Z\002\325x\375H\204\263\212"
 132      CA0F 8A08 
 132      44F0 265A 
 132      02D5 78FD 
 132      4884 B38A 
 133 0070 E3DA B91D 		.ascii	"\343\332\271\035U\271\n\034I\324\021.\205\220E\230x\354\246\330"
 133      55B9 0A1C 
 133      49D4 112E 
 133      8590 4598 
 133      78EC A6D8 
 134 0084 5E0B 7A63 		.ascii	"^\013zczl\3004\221\203W[\345'+\252\323\211*\265>\226\032\362"
 134      7A6C C034 
 134      9183 575B 
 134      E527 2BAA 
 134      D389 2AB5 
 135 009c 59E4 4878 		.ascii	"Y\344Hx\364A\324p\031/\202\223\254\243\332l\234\235J\255b\\\322"
 135      F441 D470 
 135      192F 8293 
 135      ACA3 DA6C 
 135      9C9D 4AAD 
 136 00b3 A95E F89A 		.ascii	"\251^\370\232\302\221\002\232\376\232\331\\\367\233RA\327\255"
 136      C291 029A 
 136      FE9A D95C 
 136      F79B 5241 
 136      D7AD 
 137 00c5 D578 5F1A 		.ascii	"\325x_\032[v\314V*\340H\211]\204\260\203\020\333\356!\215\337"
 137      5B76 CC56 
 137      2AE0 4889 
 137      5D84 B083 
 137      10DB EE21 
 138 00db 0476 C23E 		.ascii	"\004v\302>w\264C\341\274\353p\377~\231\360\032\244\255\347\237"
 138      77B4 43E1 
 138      BCEB 70FF 
 138      7E99 F01A 
 138      A4AD E79F 
 139 00ef 3692 DBE2 		.ascii	"6\222\333\342\017\362\240\213<d\344\017\343c\271\235\032\327"
 139      0FF2 A08B 
 139      3C64 E40F 
 139      E363 B99D 
 139      1AD7 
 140 0101 8CA8 B458 		.ascii	"\214\250\264XV.\325V,\203y\326\233>\334\235\324z\\\f4#\337e\024"
 140      562E D556 
 140      2C83 79D6 
 140      9B3E DC9D 
 140      D47A 5C0C 
 141 011a 98C1 FAE8 		.ascii	"\230\301\372\350\247\327\210=F\2378\316\\\365\2325\007Q4\026"
 141      A7D7 883D 
 141      469F 38CE 
 141      5CF5 9A35 
 141      0751 3416 
 142 012e 497C EFF8 		.ascii	"I|\357\370/\254\3040F\320#\226*\305\t=\355~F\203_\213\3705\003"
 142      2FAC C430 
 142      46D0 2396 
 142      2AC5 093D 
 142      ED7E 4683 
 143 0147 F373 5323 		.ascii	"\363sS#\263\2133\013\303\323\364\005\322\223\225\t"
 143      B38B 330B 
 143      C3D3 F405 
 143      D293 9509 
 144               		.text
 145               		.section	.gnu.lto_get_frequency.2dcff24,"",@progbits
 146 0000 789C 9552 		.ascii	"x\234\225RMkSA\024\235\373f\336G\362\362\222\b.D\262\310\246"
 146      4D6B 5341 
 146      149D FB66 
 146      DE47 F2F2 
 146      9208 2E44 
 147 0017 8B6E 74A3 		.ascii	"\213nt\243\342\317\020\177B\245\202\320\215U\327\231|\274TQ\334"
 147      E2CF 107F 
 147      42A5 82D0 
 147      8D55 D799 
 147      7CBC 5451 
 148 002c 9945 68A8 		.ascii	"\231Eh\250E\241Uc\223\330\306\232\372A,\306\225\037D\332U\021"
 148      45A1 5563 
 148      93D8 C69A 
 148      FA41 2CC6 
 148      951F 44DA 
 149 0042 3442 140D 		.ascii	"4B\024\r\245\tJuQ\343\275o^\242\225n\372\0263\271'g\3169\367"
 149      A509 4A75 
 149      51E3 BD6F 
 149      5EA2 956E 
 149      FA16 33B9 
 150 005b CE08 068C 		.ascii	"\316\b\006\214\276\003\202\261\203\270\037\243\302`\2401\226"
 150      BE03 82B1 
 150      83B8 1FA3 
 150      C260 A031 
 150      96
 151 006c B434 8D33 		.ascii	"\2644\2153&\203\370\227\fq\320\t\022j\323\001\217I\013XB\343"
 151      2683 F897 
 151      0C71 D009 
 151      126A D301 
 151      8F49 0B58 
 152 0082 4287 04FC 		.ascii	"B\207\004\374\320"
 152      D0
 153 0087 7634 68F4 		.string	"v4h\364\267\353\221\357\232\313\361<\226\357\266^\025l*\001\242X\026\267\027\327\305\350\
 153      B7EB 91EF 
 153      9ACB F13C 
 153      96EF B65E 
 153      156C 2A01 
 154 0188 FB08 998D 		.string	"\373\b\231\215\364\330_\325R\247\366\313!U\201\306\213\376\260\272t\371\234\"t\327fmE\026
 154      F4D8 5FD5 
 154      52A7 F6CB 
 154      2155 81C6 
 154      8BFE B0BA 
 155 0258 27C1 A7AB 		.string	"'\301\247\2537qw\304\322q|\343\330+>p{\342\334\330\321\263\223\343\347\217\234a\306\344\3
 155      3771 77C4 
 155      D271 7CE3 
 155      D82B 3E70 
 155      7BE2 DCD8 
 156 027d CAB0 47D9 		.ascii	"\312\260G\331"
 157               		.text
 158               		.section	.gnu.lto___vector_10.2dcff24,"",@progbits
 159 0000 789C 9594 		.string	"x\234\225\224Oh\023Q\020\306\337\274\267\233\335mLS\357=\364\322CQ\364\340U\361\350\335\2
 159      4F68 1351 
 159      10C6 DFBC 
 159      B79B DD6D 
 159      4C53 EF3D 
 160 00ab D05B AF6A 		.string	"\320[\257j\013\243Q\n9tax\351\365\371%!:\201*\263\027\276\347b\275\327\245LJ\277>\030\367
 160      0BA3 510A 
 160      3974 6178 
 160      E9F5 F925 
 160      213A 812A 
 161 0193 C003 AC24 		.ascii	"\300\003\254$k\240\222\377py\030\272L\242\013j\263\025H\277M"
 161      6BA0 92FF 
 161      7079 18BA 
 161      4CA2 0B6A 
 161      B315 48BF 
 162 01a8 F5FF C12F 		.ascii	"\365\377\301/\3733\357lms\020\0365\307\024\320*Q?3\301\362\254"
 162      FB33 EF6C 
 162      6D73 101E 
 162      35C7 14D0 
 162      2A51 3F33 
 163 01bf D9D2 3332 		.ascii	"\331\32232,\240\225\247\005\217\321S\267pJy6\233Vv\035\355j\267"
 163      2CA0 95A7 
 163      058F D153 
 163      B770 4A79 
 163      369B 5676 
 164 01d7 E2E7 ADF9 		.ascii	"\342\347\255\371\213!\377\264\356Rr\335\322*\016\n\375\243%\210"
 164      8B21 FFB4 
 164      EE52 72DD 
 164      D22A 0E0A 
 164      FDA3 2588 
 165 01eb 275A E33D 		.ascii	"'Z\343=\t\361f\024\236C*\033\265\362E\253]o\333\260=\r\331\236"
 165      09F1 6614 
 165      9E43 2A1B 
 165      B5F2 45AB 
 165      5D6F DBB0 
 166 0203 A1D0 F64D 		.ascii	"\241\320\366Mp\200\301s=\261\215\211\325\240u\003\333\017\315"
 166      7080 C173 
 166      3DB1 8D89 
 166      D5A0 7503 
 166      DB0F CD
 167 0216 0F85 6751 		.ascii	"\017\205gQ8T\252\255\006\242\251t\355\307\370tL/r\232\234\253"
 167      3854 AAAD 
 167      06A2 A974 
 167      EDC7 F874 
 167      4C2F 729A 
 168 022c F38B 4BB1 		.ascii	"\363\213K\261\337\213\274O-r)\\\344\027\177\321YH7\247\006\035"
 168      DF8B BC4F 
 168      2D72 295C 
 168      E417 7FD1 
 168      5948 37A7 
 169 0242 70FC 4B88 		.ascii	"p\374K\210O\220\364\257\034\"e5\373\032\307\271\342'G\007N\366"
 169      4F90 F4AF 
 169      1C22 6535 
 169      FB1A C7B9 
 169      E227 4707 
 170 0258 EF3D 71FA 		.ascii	"\357=q\372\370\251=\307\2308st\340\027i\370n\017"
 170      F8A9 3DC7 
 170      9838 7374 
 170      E017 69F8 
 170      6E0F 
 171               		.text
 172               		.section	.gnu.lto___vector_13.2dcff24,"",@progbits
 173 0000 789C 9592 		.ascii	"x\234\225\222OKBA\024\305\357\231y\376O\350\003\264\bZ\tQ}\213"
 173      4F4B 4241 
 173      14C5 EF99 
 173      79FE 4FE8 
 173      03B4 085A 
 174 0018 F67D 04A3 		.ascii	"\366}\004\243 hS\233\226\216\351\303\\\266\310]\270\n\265\177"
 174      2068 539B 
 174      968E E9C3 
 174      5CB6 C85D 
 174      B80A B57F 
 175 002c 6A65 E2CE 		.ascii	"je\342\316\\G\355\223\240$\024\302\205\222-\315\356}/,\310\215"
 175      5C47 ED93 
 175      A024 14C2 
 175      8592 2DCD 
 175      EE7D 2F2C 
 176 0042 B398 61EE 		.ascii	"\263\230a\356;\363;g\356<\213@2\366\024Q\230\327E\331x\b\274"
 176      3BF3 3B67 
 176      EE3C 8B40 
 176      32F6 1451 
 176      98D7 45D9 
 177 0059 8DFB 95D2 		.ascii	"\215\373\225\322D&h\3614\243aI\311\002\353\215\037\024S\332B"
 177      4426 68F1 
 177      34A3 6149 
 177      C902 EB8D 
 177      1F14 53DA 
 178 006e 0C9F 6AA8 		.ascii	"\f\237j\250\320H\265k*\2223<^N>\374&_\207\315'G\312A\023r\210"
 178      D048 B56B 
 178      2A92 333C 
 178      5E4E 3EFC 
 178      265F 87CD 
 179 0089 10CB 5AE5 		.ascii	"\020\313Z\345\257\243\2607)\262y\367#\362\360\212\177q\255nF"
 179      AFA3 B037 
 179      29B2 79F7 
 179      23F2 F08A 
 179      7F71 AD6E 
 180 009e A384 31CF 		.ascii	"\243\2041\317+\315\205\200&[\334x\362\312D\324s@}\305\213n\243"
 180      2BCD 8580 
 180      265B DC78 
 180      F2CA 44D4 
 180      7340 7DC5 
 181 00b5 9129 77EE 		.ascii	"\221)w\356<r4\2415c3v\343\3217P\266V\020\227Z\255\333\364\305"
 181      3C72 34A1 
 181      3563 3376 
 181      E3D1 3750 
 181      B656 1097 
 182 00ce 86E6 C098 		.ascii	"\206\346\300\230Y\256\2459\210\224\273\311\326C(\213\343\270"
 182      59AE A539 
 182      8894 BBC9 
 182      D643 288B 
 182      E3B8 
 183 00e0 894B 5DE3 		.ascii	"\211K]\343\224\323\0270\307!\316\220\005\265\221\310x]\250\345"
 183      94D3 1730 
 183      C721 CE90 
 183      05B5 91C8 
 183      785D A8E5 
 184 00f4 722B A9FB 		.ascii	"r+\251\373rP\270\032\3009+\305\032\"\231\302\345b\354r\311.\314"
 184      7250 B81A 
 184      C039 2BC5 
 184      1A22 99C2 
 184      E562 EC72 
 185 010b 7628 FDCE 		.ascii	"v(\375\316\241\317\365\232\206U\034\263J\222\370\025\311\247"
 185      A1CF F59A 
 185      8655 1CB3 
 185      4A92 F815 
 185      C9A7 
 186 011d 44F4 1753 		.ascii	"D\364\027S\264\337\n~\311\013\214\200\262\b\235\256i\267k\203"
 186      B4DF 0A7E 
 186      C90B 8C80 
 186      B208 9DAE 
 186      69B7 6B83 
 187 0131 5237 1EF8 		.ascii	"R7\036\370I?n\2315\241eVZz\376?\200\007\327\034\340\312\tp\303"
 187      493F 6E99 
 187      35A1 6556 
 187      5A7A FE3F 
 187      8007 D71C 
 188 014a 01FE 723C 		.ascii	"\001\376r< T\334\026\rz]\367u&\201\325d\360\355\030\\e\260C\222"
 188      2054 DC16 
 188      0D7A 5DF7 
 188      7526 81D5 
 188      64F0 ED18 
 189 0163 E4FC C7E9 		.ascii	"\344\374\307\351w\354\327\253\253\302s\256\323\343G&\246\204"
 189      77EC D7AB 
 189      ABC2 73AE 
 189      D3E3 4726 
 189      A684 
 190 0175 B6B7 A2CB 		.ascii	"\266\267\242\313\233\273\033;K\353\364\r\314I\327\345"
 190      9BBB 1B3B 
 190      4BEB F40D 
 190      CC49 D7E5 
 191               		.text
 192               		.section	.gnu.lto_.symbol_nodes.2dcff24,"",@progbits
 193 0000 789C 558D 		.ascii	"x\234U\2159\016\2000\020\003\235@\270\317p\325\274\324P\320P"
 193      390E 8030 
 193      1003 9D40 
 193      B8CF 70D5 
 193      BCD4 50D0 
 194 0015 F11E DE80 		.ascii	"\361\036\336\200x\023\001\004\322nci\344Y\373P8\340N\027\004"
 194      7813 0104 
 194      D26E 6369 
 194      E459 FB50 
 194      38E0 4E17 
 195 002a B613 70B1 		.ascii	"\266\023p\261O\243\003%\225\004\025\265\0045=\t,\375\017\254"
 195      4FA3 0325 
 195      9504 15B5 
 195      0435 3D09 
 195      2CFD 0FAC 
 196 003e F30D 1A1A 		.ascii	"\363\r\032\032\3210\031\026\353\326L\256\236\324-\003\371\242"
 196      D130 1916 
 196      EBD6 4CAE 
 196      9ED4 2D03 
 196      F9A2 
 197 0050 6328 8D54 		.ascii	"c(\215T\277F\342\275F\317\350/<\033\003c\001p\001x\241)i"
 197      BF46 E2BD 
 197      46CF E82F 
 197      3C1B 0363 
 197      0170 0178 
 198               		.text
 199               		.section	.gnu.lto_.refs.2dcff24,"",@progbits
 200 0000 789C 158A 		.ascii	"x\234\025\212\311\001\2000\b\004g#\001\005\254\311\376\273\n"
 200      C901 8030 
 200      0804 6723 
 200      0105 ACC9 
 200      FEBB 0A
 201 0013 3EE7 30C4 		.ascii	">\3470\304\007\254-\277\024f\017\271H\243\202\352hb\354\326\220"
 201      07AC 2DBF 
 201      1466 0FB9 
 201      48A3 82EA 
 201      6862 ECD6 
 202 0028 DFCA 9497 		.ascii	"\337\312\224\227\242\367\213k~\334\224\376\307\003:\f\001\211"
 202      A2F7 8B6B 
 202      7EDC 94FE 
 202      C703 3A0C 
 202      0189 
 203               		.text
 204               		.section	.gnu.lto_.decls.2dcff24,"",@progbits
 205 0000 789C 8D56 		.ascii	"x\234\215V[L\024W\030\236\177\316\n8\270\2541hL\273\017\304\304"
 205      5B4C 1457 
 205      189E 7FCE 
 205      0A38 B8AC 
 205      3168 4CBB 
 206 0017 601F A45A 		.ascii	"`\037\244Z\0235}2ib\237Z\373R}!\331\254\313h\267]vqw\226\350"
 206      1335 7D32 
 206      6962 9F5A 
 206      FB52 7D21 
 206      D9AC CB68 
 207 0032 DB78 C17A 		.ascii	"\333x\301z\255(h\251"
 207      AD28 68A9 
 208 003a F142 F006 		.string	"\361B\360\006\212\272\212\"\342\r\357\334\005\264(\342\035P\024\264k1\326K\214\375\317ev\
 208      8ABA 8A22 
 208      E20D EFDC 
 208      05B4 28E2 
 208      1D50 14B4 
 209 013b FA66 F440 		.ascii	"\372f\364@\274\242\033H\222u\310x\210\276\021\007\026\031\034"
 209      BCA2 1B48 
 209      9275 C878 
 209      88BE 1107 
 209      1619 1C
 210 014e 55E2 91EF 		.ascii	"U\342\221\357\215\306\273\354\327\004\241CrL\037\304\230"
 210      8DC6 BBEC 
 210      D704 A143 
 210      724C 1FC4 
 210      98
 211 015f 282D 5842 		.string	"(-XBA\b\220\r\r\222\005\330\220\002\326&\304\b\016\261\372k\257\367\236\264\023\\:\276\33
 211      4108 900D 
 211      0D92 05D8 
 211      9002 D626 
 211      C408 0EB1 
 212 0260 E151 4A28 		.ascii	"\341QJ(\262Y\262\346\325a\007\247\253\271\231\252/E\177\033u"
 212      B259 B2E6 
 212      D561 07A7 
 212      ABB9 99AA 
 212      2F45 7F1B 
 213 0275 8023 26D7 		.ascii	"\200#&\327\021+W%\343\272\376\254\266\317A\n8\327\266}\003\333"
 213      112B 5725 
 213      E3BA FEAC 
 213      B6CF 410A 
 213      38D7 B67D 
 214 028b ED02 E3A5 		.ascii	"\355\002\343\245\201A\365\03631\216Y1\252\030Faa\367\n\033)\341"
 214      8141 F51E 
 214      3331 8E59 
 214      31AA 1846 
 214      6161 F70A 
 215 02a2 186D 45AD 		.ascii	"\030mE\255\227\023\005\306\266\321\026\035\307M\214\343V\214"
 215      9713 05C6 
 215      B6D1 161D 
 215      C74D 8CE3 
 215      568C 
 216 02b4 6A86 B1EA 		.ascii	"j\206\261\352\365\221\022\007\211p\214HoWq\n9\301;Ko=,\037\206"
 216      F591 1207 
 216      8970 8C48 
 216      6F57 710A 
 216      39C1 3B4B 
 217 02cd 5580 932C 		.ascii	"U\200\223,\212\216\354\276\3272\214\234\347\323\267\372\352\n"
 217      8A8E ECBE 
 217      D732 8C9C 
 217      E7D3 B7FA 
 217      EA0A 
 218 02df 653A 7D1A 		.ascii	"e:}\032\247\341\024\260*m:p\"\222L\032\271\307\203\225\235\r"
 218      A7E1 14B0 
 218      2A6D 3A70 
 218      2292 4C1A 
 218      B9C7 8395 
 219 02f5 0CA0 867A 		.ascii	"\f\240\206z\234\341\036\345\347\376\250O&W\271\307\311\326=;"
 219      9CE1 1EE5 
 219      E7FE A84F 
 219      2657 B9C7 
 219      C9D6 3D3B 
 220 0309 09F5 3847 		.ascii	"\t\3658G=\316r\217\325\207\366\235\222\311\r\356\261\261\247"
 220      3DCE 728F 
 220      D587 F69D 
 220      92C9 0DEE 
 220      B1B1 A7
 221 031c FB02 508F 		.ascii	"\373\002P\217\013\324\343<\367x\277\245,\252\220>\356\261\354"
 221      0BD4 E33C 
 221      F778 BFA5 
 221      2CAA 903E 
 221      EEB1 EC
 222 032f CE86 7C07 		.ascii	"\316\206|\007\365\270d\310,8\366t+\211W9\270\214\361P\313v\313"
 222      F5B8 64C8 
 222      2C38 F674 
 222      2B89 5739 
 222      B88C F150 
 223 0346 5CB1 593A 		.ascii	"\\\261Y:\312N]WD\332\316\\\224\361\241\347\317\240>p\302\310"
 223      CA4E 5D57 
 223      44DA CE5C 
 223      94F1 A1E7 
 223      CFA0 3E70 
 224 035c 1B5C 041B 		.ascii	"\033\\\004\033\355\231\251\253c\251{\274\256\246u8y\316e,\251"
 224      ED99 A9AB 
 224      63A9 7BBC 
 224      AEA6 7538 
 224      79CE 652C 
 225 0371 DBAB 83C0 		.ascii	"\333\253\203\300\351\354\220u\304\321g\260\374\327\233\371\257"
 225      E9EC 9075 
 225      C4D1 67B0 
 225      FCD7 9BF9 
 225      AF
 226 0382 B782 3430 		.ascii	"\267\20240\220\212\346\373\371\211d-\377d{\267\366-\266\t\220"
 226      908A E6FB 
 226      F989 642D 
 226      FF64 7BB7 
 226      F62D B609 
 227 0397 A24B 5690 		.ascii	"\242KV\220F\023\244\321\n\322\304@\362\266\254\3305\202\224\n"
 227      4613 A4D1 
 227      0AD2 C440 
 227      F2B6 ACD8 
 227      3582 940A 
 228 03ab 90C7 91DB 		.ascii	"\220\307\221\333\203\226O?\"c\347^\261\354\334\346\362s\013\004"
 228      8396 4F3F 
 228      2263 E75E 
 228      B1EC DCE6 
 228      F273 0B04 
 229 03bf D9D1 E5F6 		.ascii	"\331\321\345\366<\275f1\206\310\324\005\232M\272f+]\013\243\273"
 229      3CBD 6631 
 229      86C8 D405 
 229      9A4D BA66 
 229      2B5D 0BA3 
 230 03d4 B9BA AFD6 		.ascii	"\271\272\257\326A*9\335\372\256\306\247\261*3\334\273\321\247"
 230      412A 39DD 
 230      FAAE C6A7 
 230      B12A 33DC 
 230      BBD1 A7
 231 03e7 7362 456D 		.ascii	"sbEm\343%\273V\264\251\312\254\343U>\370\177\237\330\237\203"
 231      E325 BB56 
 231      B4A9 CAAC 
 231      E355 3EF8 
 231      7F9F D89F 
 232 03fc AAD4 BEBE 		.ascii	"\252\324\276\276b\3630\241u"
 232      62F3 30A1 
 232      75
 233 0405 6066 9E7E 		.string	"`f\236~v1F\310\324\tZce\272\206ej\265\252mgjwl\036xI\310\271OR{#\236\332\016>X\370n\311Q\
 233      7631 46C8 
 233      D409 5A63 
 233      65BA 8665 
 233      6AB5 AA6D 
 234 0506 90E8 08FE 		.string	"\220\350\b\376\3662\332\206\266\2526BV\023F[xe]T\021\030\221T\252\232\002<\376\017\300c\0
 234      F632 DA86 
 234      B6AA 3642 
 234      5613 465B 
 234      7865 5D54 
 235 0589 E9FF 32B7 		.ascii	"\351\3772\267Lz\354\346\216\352\372(\232\367\347\250-J\363\376"
 235      4C7A ECE6 
 235      8EEA FA28 
 235      9AF7 E7A8 
 235      2D4A F3FE 
 236 059d 37E6 3D5D 		.ascii	"7\346=]\344\375\031\016>\245\203\030.\r\377a\316w\256\220\346"
 236      E4FD 190E 
 236      3EA5 8318 
 236      2E0D FF61 
 236      CE77 AE90 
 237 05b2 0E6A 49DF 		.ascii	"\016jI\337~\377c\3327\223'KIa\257_\233<\325\245\271<_g\346\004"
 237      7EFF 63DA 
 237      3793 274B 
 237      4961 AF5F 
 237      9B3C D5A5 
 238 05cc 03F3 83EE 		.ascii	"\003\363\203\356\354\264y^\237\032J\233\260p\372\324/2\335Z\266"
 238      ECB4 795E 
 238      9F1A 4A9B 
 238      B070 FAD4 
 238      2F32 DD5A 
 239 05e1 EACB 0C69 		.ascii	"\352\313\fi\341,o sZ\306\244L-\020\360y~r{\375\231\356\334\340"
 239      E12C 6F20 
 239      735A C6A4 
 239      4C2D 10F0 
 239      797E 727B 
 240 05fa 74F6 3371 		.ascii	"t\3663q\276?<q\320x\246\327\357\361\205\263T\f\314B\202\214\237"
 240      BE3F 3C71 
 240      D078 A6D7 
 240      EFF1 85B3 
 240      540C CC42 
 241 0611 A464 9F77 		.ascii	"\244d\237w\356\227\363\202\352\202\f\217\224\304u\004rRB\201"
 241      EE97 F382 
 241      EA82 0C8F 
 241      94C4 7504 
 241      7252 4281 
 242 0625 799A 2BA6 		.ascii	"y\232+\246\312n\351\006r\024\227+W\365h\201\240kZ\242?\340\361"
 242      CA6E E906 
 242      7214 972B 
 242      57F5 6881 
 242      A06B 5AA2 
 243 063c 05FC 6A92 		.ascii	"\005\374j\222?\340\365\373\274~5!\344\235\357w\373l\341\220\232"
 243      3FE0 F5FB 
 243      BC7E 3521 
 243      E49D EF77 
 243      FB6C E190 
 244 0651 354A 5DA8 		.ascii	"5J]\250\251A\354\371\026\271r\275!\357\\\237:\314\357\376E\315"
 244      A941 ECF9 
 244      16B9 72BD 
 244      21EF 5C9F 
 244      3ACC EFFE 
 245 0667 FA9C D285 		.ascii	"\372\234\322\205U\277g\221+[u\207\302A5[\365k\234\352\263\017"
 245      55BF 6791 
 245      2B5B 7587 
 245      C241 355B 
 245      F56B 9CEA 
 246 067d CD05 72EC 		.ascii	"\315\005r\354\363U\315\025\233N\216\251\230<\311\362>\305\241"
 246      F355 CD15 
 246      9B4E 8EA9 
 246      983C C9F2 
 246      3EC5 A1
 247 0690 79B3 D5A0 		.ascii	"y\263\325\240+\220;\317\345\t\204\375Z\"M\344t\227f\367\270s"
 247      2B90 3BCF 
 247      E509 84FD 
 247      5A22 4DE4 
 247      7497 66F7 
 248 06a6 3484 E3A3 		.ascii	"4\204\343\243c\202j(\354\323\\C\234\0251\234\353\366\261\002"
 248      6382 6A28 
 248      ECD3 5C43 
 248      9C15 319C 
 248      EBF6 B102 
 249 06ba 4CF9 CAA5 		.ascii	"L\371\312\245\375\013\177\242\253\230"
 249      FD0B 7FA2 
 249      AB98 
 250               		.text
 251               		.section	.gnu.lto_.symtab.2dcff24,"",@progbits
 252 0000 5057 4D5F 		.string	"PWM_start"
 252      7374 6172 
 252      7400 
 253 000a 00        		.string	""
 254 000b 00        		.string	""
 255 000c 00        		.string	""
 256 000d 00        		.string	""
 257 000e 00        		.string	""
 258 000f 00        		.string	""
 259 0010 00        		.string	""
 260 0011 00        		.string	""
 261 0012 00        		.string	""
 262 0013 00        		.string	""
 263 0014 00        		.string	""
 264 0015 B300      		.string	"\263"
 265 0017 00        		.string	""
 266 0018 00        		.string	""
 267 0019 5057 4D5F 		.string	"PWM_stop"
 267      7374 6F70 
 267      00
 268 0022 00        		.string	""
 269 0023 00        		.string	""
 270 0024 00        		.string	""
 271 0025 00        		.string	""
 272 0026 00        		.string	""
 273 0027 00        		.string	""
 274 0028 00        		.string	""
 275 0029 00        		.string	""
 276 002a 00        		.string	""
 277 002b 00        		.string	""
 278 002c 00        		.string	""
 279 002d B600      		.string	"\266"
 280 002f 00        		.string	""
 281 0030 00        		.string	""
 282 0031 736F 6674 		.string	"soft_PWM_start"
 282      5F50 574D 
 282      5F73 7461 
 282      7274 00
 283 0040 00        		.string	""
 284 0041 00        		.string	""
 285 0042 00        		.string	""
 286 0043 00        		.string	""
 287 0044 00        		.string	""
 288 0045 00        		.string	""
 289 0046 00        		.string	""
 290 0047 00        		.string	""
 291 0048 00        		.string	""
 292 0049 00        		.string	""
 293 004a 00        		.string	""
 294 004b B800      		.string	"\270"
 295 004d 00        		.string	""
 296 004e 00        		.string	""
 297 004f 736F 6674 		.string	"soft_PWM_stop"
 297      5F50 574D 
 297      5F73 746F 
 297      7000 
 298 005d 00        		.string	""
 299 005e 00        		.string	""
 300 005f 00        		.string	""
 301 0060 00        		.string	""
 302 0061 00        		.string	""
 303 0062 00        		.string	""
 304 0063 00        		.string	""
 305 0064 00        		.string	""
 306 0065 00        		.string	""
 307 0066 00        		.string	""
 308 0067 00        		.string	""
 309 0068 BA00      		.string	"\272"
 310 006a 00        		.string	""
 311 006b 00        		.string	""
 312 006c 5F5F 7665 		.string	"__vector_7"
 312      6374 6F72 
 312      5F37 00
 313 0077 00        		.string	""
 314 0078 00        		.string	""
 315 0079 00        		.string	""
 316 007a 00        		.string	""
 317 007b 00        		.string	""
 318 007c 00        		.string	""
 319 007d 00        		.string	""
 320 007e 00        		.string	""
 321 007f 00        		.string	""
 322 0080 00        		.string	""
 323 0081 00        		.string	""
 324 0082 C900      		.string	"\311"
 325 0084 00        		.string	""
 326 0085 00        		.string	""
 327 0086 6672 6571 		.string	"frequency_measurement_start"
 327      7565 6E63 
 327      795F 6D65 
 327      6173 7572 
 327      656D 656E 
 328 00a2 00        		.string	""
 329 00a3 00        		.string	""
 330 00a4 00        		.string	""
 331 00a5 00        		.string	""
 332 00a6 00        		.string	""
 333 00a7 00        		.string	""
 334 00a8 00        		.string	""
 335 00a9 00        		.string	""
 336 00aa 00        		.string	""
 337 00ab 00        		.string	""
 338 00ac 00        		.string	""
 339 00ad CB00      		.string	"\313"
 340 00af 00        		.string	""
 341 00b0 00        		.string	""
 342 00b1 7469 6D65 		.string	"timer_ovf_count"
 342      725F 6F76 
 342      665F 636F 
 342      756E 7400 
 343 00c1 00        		.string	""
 344 00c2 04        		.ascii	"\004"
 345 00c3 00        		.string	""
 346 00c4 0100      		.string	"\001"
 347 00c6 00        		.string	""
 348 00c7 00        		.string	""
 349 00c8 00        		.string	""
 350 00c9 00        		.string	""
 351 00ca 00        		.string	""
 352 00cb 00        		.string	""
 353 00cc E300      		.string	"\343"
 354 00ce 00        		.string	""
 355 00cf 00        		.string	""
 356 00d0 6361 7074 		.string	"capture_count"
 356      7572 655F 
 356      636F 756E 
 356      7400 
 357 00de 00        		.string	""
 358 00df 04        		.ascii	"\004"
 359 00e0 00        		.string	""
 360 00e1 0100      		.string	"\001"
 361 00e3 00        		.string	""
 362 00e4 00        		.string	""
 363 00e5 00        		.string	""
 364 00e6 00        		.string	""
 365 00e7 00        		.string	""
 366 00e8 00        		.string	""
 367 00e9 E500      		.string	"\345"
 368 00eb 00        		.string	""
 369 00ec 00        		.string	""
 370 00ed 6672 6571 		.string	"frequency_measurement_stop"
 370      7565 6E63 
 370      795F 6D65 
 370      6173 7572 
 370      656D 656E 
 371 0108 00        		.string	""
 372 0109 00        		.string	""
 373 010a 00        		.string	""
 374 010b 00        		.string	""
 375 010c 00        		.string	""
 376 010d 00        		.string	""
 377 010e 00        		.string	""
 378 010f 00        		.string	""
 379 0110 00        		.string	""
 380 0111 00        		.string	""
 381 0112 00        		.string	""
 382 0113 CD00      		.string	"\315"
 383 0115 00        		.string	""
 384 0116 00        		.string	""
 385 0117 6765 745F 		.string	"get_frequency"
 385      6672 6571 
 385      7565 6E63 
 385      7900 
 386 0125 00        		.string	""
 387 0126 00        		.string	""
 388 0127 00        		.string	""
 389 0128 00        		.string	""
 390 0129 00        		.string	""
 391 012a 00        		.string	""
 392 012b 00        		.string	""
 393 012c 00        		.string	""
 394 012d 00        		.string	""
 395 012e 00        		.string	""
 396 012f 00        		.string	""
 397 0130 D000      		.string	"\320"
 398 0132 00        		.string	""
 399 0133 00        		.string	""
 400 0134 7265 7375 		.string	"result_timer_ovf_count"
 400      6C74 5F74 
 400      696D 6572 
 400      5F6F 7666 
 400      5F63 6F75 
 401 014b 00        		.string	""
 402 014c 04        		.ascii	"\004"
 403 014d 00        		.string	""
 404 014e 0200      		.string	"\002"
 405 0150 00        		.string	""
 406 0151 00        		.string	""
 407 0152 00        		.string	""
 408 0153 00        		.string	""
 409 0154 00        		.string	""
 410 0155 00        		.string	""
 411 0156 E800      		.string	"\350"
 412 0158 00        		.string	""
 413 0159 00        		.string	""
 414 015a 7265 7375 		.string	"result_val"
 414      6C74 5F76 
 414      616C 00
 415 0165 00        		.string	""
 416 0166 04        		.ascii	"\004"
 417 0167 00        		.string	""
 418 0168 0200      		.string	"\002"
 419 016a 00        		.string	""
 420 016b 00        		.string	""
 421 016c 00        		.string	""
 422 016d 00        		.string	""
 423 016e 00        		.string	""
 424 016f 00        		.string	""
 425 0170 EA00      		.string	"\352"
 426 0172 00        		.string	""
 427 0173 00        		.string	""
 428 0174 5F5F 7665 		.string	"__vector_10"
 428      6374 6F72 
 428      5F31 3000 
 429 0180 00        		.string	""
 430 0181 00        		.string	""
 431 0182 00        		.string	""
 432 0183 00        		.string	""
 433 0184 00        		.string	""
 434 0185 00        		.string	""
 435 0186 00        		.string	""
 436 0187 00        		.string	""
 437 0188 00        		.string	""
 438 0189 00        		.string	""
 439 018a 00        		.string	""
 440 018b D600      		.string	"\326"
 441 018d 00        		.string	""
 442 018e 00        		.string	""
 443 018f 5F5F 7665 		.string	"__vector_13"
 443      6374 6F72 
 443      5F31 3300 
 444 019b 00        		.string	""
 445 019c 00        		.string	""
 446 019d 00        		.string	""
 447 019e 00        		.string	""
 448 019f 00        		.string	""
 449 01a0 00        		.string	""
 450 01a1 00        		.string	""
 451 01a2 00        		.string	""
 452 01a3 00        		.string	""
 453 01a4 00        		.string	""
 454 01a5 00        		.string	""
 455 01a6 DB00      		.string	"\333"
 456 01a8 00        		.string	""
 457 01a9 00        		.string	""
 458               		.text
 459               		.section	.gnu.lto_.opts,"",@progbits
 460 0000 272D 666E 		.ascii	"'-fno-math-errno' '-fno-signed-zeros' '-fno-trapping-math' '"
 460      6F2D 6D61 
 460      7468 2D65 
 460      7272 6E6F 
 460      2720 272D 
 461 003c 2D66 6E6F 		.ascii	"-fno-trapv' '-fno-openmp' '-fno-openacc' '-mn-flash=1' '-mno"
 461      2D74 7261 
 461      7076 2720 
 461      272D 666E 
 461      6F2D 6F70 
 462 0078 2D73 6B69 		.ascii	"-skip-bug' '-mrelax' '-mcall-prologues' '-mmcu=avr5' '-gdwar"
 462      702D 6275 
 462      6727 2027 
 462      2D6D 7265 
 462      6C61 7827 
 463 00b4 662D 3227 		.ascii	"f-2' '-Os' '-fu"
 463      2027 2D4F 
 463      7327 2027 
 463      2D66 75
 464 00c3 6E73 6967 		.string	"nsigned-char' '-fpack-struct' '-fshort-enums' '-flto' '-fmerge-all-constants' '-ffast-mat
 464      6E65 642D 
 464      6368 6172 
 464      2720 272D 
 464      6670 6163 
 465               		.text
 466               		.comm	__gnu_lto_v1,1,1
 467               		.comm	__gnu_lto_slim,1,1
 468               		.ident	"GCC: (AVR_8_bit_GNU_Toolchain_3.6.0_1734) 5.4.0"
DEFINED SYMBOLS
                            *ABS*:00000000 freq.c
C:\Users\apapk\AppData\Local\Temp\ccWTswJF.s:2      *ABS*:0000003e __SP_H__
C:\Users\apapk\AppData\Local\Temp\ccWTswJF.s:3      *ABS*:0000003d __SP_L__
C:\Users\apapk\AppData\Local\Temp\ccWTswJF.s:4      *ABS*:0000003f __SREG__
C:\Users\apapk\AppData\Local\Temp\ccWTswJF.s:5      *ABS*:00000000 __tmp_reg__
C:\Users\apapk\AppData\Local\Temp\ccWTswJF.s:6      *ABS*:00000001 __zero_reg__
                            *COM*:00000001 __gnu_lto_v1
                            *COM*:00000001 __gnu_lto_slim

NO UNDEFINED SYMBOLS
