   1               		.file	"i2c.c"
   2               	__SP_H__ = 0x3e
   3               	__SP_L__ = 0x3d
   4               	__SREG__ = 0x3f
   5               	__tmp_reg__ = 0
   6               	__zero_reg__ = 1
   7               		.text
   8               	.Ltext0:
   9               		.section	.gnu.lto_.profile.2dcfe98,"",@progbits
  10 0000 789C 6361 		.string	"x\234ca`d`a`"
  10      6064 6061 
  10      6000 
  11 000a 9291 AA00 		.string	"\222\221\252"
  12 000e 0141 00   		.string	"\001A"
  13 0011 89        		.ascii	"\211"
  14               		.text
  15               		.section	.gnu.lto_.icf.2dcfe98,"",@progbits
  16 0000 789C 6361 		.string	"x\234ca`d"
  16      6064 00
  17 0007 016D 0604 		.string	"\001m\006\004`gX\266\354\301\025~\306\355}\033\365\230n\237z5\235\225y\317\215'\347\230X\
  17      6067 58B6 
  17      ECC1 157E 
  17      C6ED 7D1B 
  17      F598 6E9F 
  18 003a 00        		.string	""
  19 003b CF18 1498 		.ascii	"\317\030\024\230"
  20               		.text
  21               		.section	.gnu.lto_.jmpfuncs.2dcfe98,"",@progbits
  22 0000 789C 6361 		.string	"x\234ca`d"
  22      6064 00
  23 0007 010B 0604 		.string	"\001\013\006\004`\007b\240(\023\210\315\f\304,@6\343_&\306\371\277\033\316\360}ajef`\234\
  23      6007 62A0 
  23      2813 88CD 
  23      0CC4 2C40 
  23      36E3 5F26 
  24 003a 00        		.string	""
  25 003b D8EF 082E 		.ascii	"\330\357\b."
  26               		.text
  27               		.section	.gnu.lto_.inline.2dcfe98,"",@progbits
  28 0000 789C 658C 		.ascii	"x\234e\214\261\r\2000\f\004\337\211m\"$\b\005}\230\200\211)\262"
  28      B10D 8030 
  28      0C04 DF89 
  28      6D22 2408 
  28      057D 9880 
  29 0017 029B 300A 		.ascii	"\002\2330\n#\340\024$\n|aYwo3\b%'Z\006@\205\340\364\336\2419"
  29      23E0 1424 
  29      0A7C 6159 
  29      776F 3308 
  29      2527 5A06 
  30 0032 B9C2 E88F 		.ascii	"\271\302\350\217\034\342fh\315\007\265\332\370\016\017\231\314"
  30      1CE2 6668 
  30      CD07 B5DA 
  30      F80E 0F99 
  30      CC
  31 0043 BA2B F692 		.ascii	"\272+\366\222!\374\345T\376\013t6\3019\365\007\212\260X#X\311"
  31      21FC E554 
  31      FE0B 7436 
  31      C139 F507 
  31      8AB0 5823 
  32 0059 5769 0BD7 		.ascii	"Wi\013\327\006\036\332\252\016\322"
  32      061E DAAA 
  32      0ED2 
  33               		.text
  34               		.section	.gnu.lto_.pureconst.2dcfe98,"",@progbits
  35 0000 789C 6361 		.string	"x\234ca`d\020````g\220b\224b\332\305\310,\305\"\305*\305&\005"
  35      6064 1060 
  35      6060 6067 
  35      9062 9462 
  35      DAC5 C82C 
  36 001c 0E42 0189 		.ascii	"\016B\001\211"
  37               		.text
  38               		.section	.gnu.lto_i2c_init.2dcfe98,"",@progbits
  39 0000 789C 5590 		.string	"x\234U\2201O\002A\020\205\347\355\341A"
  39      314F 0241 
  39      1085 E7ED 
  39      E141 00
  40 000f 6B13 4361 		.ascii	"k\023CaK\243\306\332_\341O\220\212\304\177`\301\236r\030c\241"
  40      4BA3 C6DA 
  40      5FE1 4F90 
  40      8AC4 7F60 
  40      C19E 7218 
  41 0025 854A 6180 		.ascii	"\205Ja\200X\201\212rPA\"\t^b\243A\013+;\324\204\202\352P\254"
  41      5881 8A72 
  41      5041 2209 
  41      5E62 A341 
  41      0B2B 3BD4 
  42 003e 8C9E B32C 		.ascii	"\214\236\263,^d\232\311\333y\373\275\311\204\b\244j\223[\234"
  42      5E64 9AC9 
  42      DB79 FBBD 
  42      C984 08A4 
  42      6A93 5B9C 
  43 0052 FB9C 1206 		.ascii	"\373\234\022\006A\020Y\021\001~\225\021PF \203O\361-\340\356"
  43      4110 5911 
  43      017E 9511 
  43      5046 2083 
  43      4FF1 2DE0 
  44 0067 F45B 2259 		.ascii	"\364[\"Y\226\\={\317\220\225\016l\203\310\027c\n\241\214$\261"
  44      965C 3D7B 
  44      CF90 950E 
  44      6C83 C817 
  44      630A A18C 
  45 007d EDB5 FE73 		.ascii	"\355\265\376s4kf\225mA\017Q\201\251\242jk\035\351\373\333R>-"
  45      346B 6695 
  45      6D41 0F51 
  45      81A9 A26A 
  45      6B1D E9FB 
  46 0095 B7C5 0C91 		.ascii	"\267\305\f\2217\3769\024\334\214>\334\221S\230WVf\034\333\356"
  46      37FE 3914 
  46      DC8C 3EDC 
  46      9153 9857 
  46      5666 1CDB 
  47 00aa 6378 246C 		.ascii	"cx$l\203\267`y\377r\340\304\265l\201\365\376{\367$\\B\301\312"
  47      83B7 6079 
  47      FF72 E0C4 
  47      B56C 81F5 
  47      FE7B F724 
  48 00c2 5A52 C66C 		.ascii	"ZR\306lC\340\034\t\234!\301Y\027(\341?A\200P\345\211\n\360\202"
  48      43E0 1C09 
  48      9C21 C159 
  48      1728 E13F 
  48      4180 50E5 
  49 00da 80C3 DD55 		.ascii	"\200\303\335U\315k*\363 \177\327\216O\361.\003\336\225\346uO"
  49      CD6B 2AF3 
  49      207F D78E 
  49      4FF1 2E03 
  49      DE95 E675 
  50 00ef AB0F A6E6 		.ascii	"\253\017\246\346EQ\233\360\234\342\037\257\230\313=O6\274V\366"
  50      4551 9BF0 
  50      9CE2 1FAF 
  50      98CB 3D4F 
  50      36BC 56F6 
  51 0103 8FB7 FCED 		.ascii	"\217\267\374\3554\321\t\210uM\274\3515\2061M\f\241\301\223\001"
  51      34D1 0988 
  51      754D BCE9 
  51      3586 314D 
  51      0CA1 C193 
  52 0118 B63A 5F21 		.ascii	"\266:_!\005\034\337\323\343\315\211O\023\335H\257/\245WR\213"
  52      051C DFD3 
  52      E3CD 894F 
  52      13DD 48AF 
  52      2FA5 5752 
  53 012d 29FA 05FE 		.ascii	")\372\005\376\367\203u"
  53      F783 75
  54               		.text
  55               		.section	.gnu.lto_i2c_disable.2dcfe98,"",@progbits
  56 0000 789C 7D8F 		.string	"x\234}\217\275J\003Q\020\205\347\314\230M\220\025K\233\024\222.M\024\037\305G0U\300w\310\
  56      BD4A 0351 
  56      1085 E7CC 
  56      984D 9015 
  56      4B9B 1492 
  57 00c0 FBAD B6EE 		.string	"\373\255\266\356#8A\031\307(k\354)\006\240\004\301\324\313Y\222\343\246G7\217\2136/x\007\
  57      2338 4119 
  57      C728 6BEC 
  57      2906 A004 
  57      C1D4 CB59 
  58 0105 9D62 5F18 		.ascii	"\235b_\030"
  59               		.text
  60               		.section	.gnu.lto_i2c_busy_wait.2dcfe98,"",@progbits
  61 0000 789C 7552 		.ascii	"x\234uR=OTA\024\275g\346}\261\002\241\320\302\204\202\206\202"
  61      3D4F 5441 
  61      14BD 67E6 
  61      7DB1 02A1 
  61      D0C2 8482 
  62 0016 4613 6369 		.ascii	"F\023ci\343_\360'\210\024$~$\004\243\335\016\373\366\261\306"
  62      E35F F027 
  62      8814 247E 
  62      2404 A3DD 
  62      0EFB F6B1 
  63 002b 04A5 504C 		.ascii	"\004\245PL\024\305\304b\361\213eE\324\215\026\317\335h#h4!\221"
  63      14C5 C462 
  63      F18B 6545 
  63      D48D 16CF 
  63      DD68 2368 
  64 0042 608C 2CBA 		.ascii	"`\214,\272\032C\301\242&j\202\353\275\363V\240q\2127\357\336"
  64      1A43 C1A2 
  64      266A 82EB 
  64      BDF3 56A0 
  64      718A 37EF 
  65 0057 39F7 DC73 		.ascii	"9\367\334s\317\214C Y\216&\332\315{\237\004-\004E4\024(\270\262"
  65      CF8C 4320 
  65      598E 26DA 
  65      CD7B 9F04 
  65      2D04 4534 
  66 006f 69E5 1099 		.ascii	"i\345\020\231T\300\237V\007\276\244\002\270\243/\211\016\272"
  66      54C0 9F56 
  66      07BE A402 
  66      B8A3 2F89 
  66      0EBA 
  67 0081 CA93 235F 		.ascii	"\312\223#_\216<\2457\377}0\255\t@i\245\235\300\365|\244\225K"
  67      8E3C A537 
  67      FF7D 30AD 
  67      0940 69A5 
  67      9DC0 F57C 
  68 0098 8881 EB23 		.ascii	"\210\201\353#\236m\370Cm(\224s\265\222\352\311\033^\037\242\347"
  68      9E6D F843 
  68      6D28 9473 
  68      B592 EAC9 
  68      1B5E 1FA2 
  69 00ad ED66 3246 		.ascii	"\355f2F\304$\re!\204<z\210a\257\263\323\343\372\273\2124\340"
  69      C424 0D65 
  69      2184 3C7A 
  69      8861 AFB3 
  69      D3E3 FABB 
  70 00c4 7058 9FBF 		.ascii	"pX\237\277\274\322.\241B\027\207\357\316]\370\324\256\333 \310"
  70      BCD2 2EA1 
  70      4217 87EF 
  70      CE5D F8D4 
  70      AEDB 20C8 
  71 00d8 CCCF 37D5 		.ascii	"\314\3177\325T\367\rc2&\2369\2353\361PW\2445nA3'n\242\023\223"
  71      54F7 0D63 
  71      3226 9E39 
  71      9D33 F150 
  71      57A4 356E 
  72 00f3 E8B4 DC0C 		.ascii	"\350\264\334\f\256\026\377\\l\363\262\322\275\013\267\321\235"
  72      AE16 FF5C 
  72      6CF3 B2D2 
  72      BD0B B7D1 
  72      9D
  73 0104 F4C5 1D78 		.ascii	"\364\305\035x,\036\222)\034\212M\243\021\232\270\270\277\262"
  73      2C1E 9229 
  73      1C8A 4DA3 
  73      119A B8B8 
  73      BFB2 
  74 0116 E0A4 4092 		.ascii	"\340\244@\222t(\322\216\313\037\327\223?\337&\211\326\254\350"
  74      7428 D28E 
  74      CB1F D793 
  74      3FDF 2689 
  74      D6AC E8
  75 0129 BAE2 4D57 		.ascii	"\272\342MW\221\341\366\226\211\317\270\325XT~\345\213d\315\034"
  75      91E1 F696 
  75      89CF B8D5 
  75      5854 7EE5 
  75      8B64 CD1C 
  76 013d 7759 C267 		.ascii	"wY\302g\230\312\354NAH\325.[\311\223\353\032\302\261\341\332"
  76      98CA EC4E 
  76      4148 D52E 
  76      5BC9 93EB 
  76      1AC2 B1E1 
  77 0152 5357 4E42 		.ascii	"SWNB\355\207\032\\=\233\233+\246\222j`\212\253\253P\377\310\031"
  77      ED87 1A5C 
  77      3D9B 9B2B 
  77      A692 6A60 
  77      8AAB AB50 
  78 0169 44CB C8BE 		.ascii	"D\313\310\276\r\007\222\022\301\327\363\013S*\301O\214x(4G\256"
  78      0D07 9212 
  78      C1D7 F30B 
  78      532A C14F 
  78      8C78 2834 
  79 017f CB3D EA2F 		.ascii	"\313=\352/\b\343\307\203\2663CK\245\325%?\275a\316\030\323\021"
  79      08E3 C783 
  79      B633 434B 
  79      A5D5 253F 
  79      BD61 CE18 
  80 0195 69AF A164 		.ascii	"i\257\241d\364i\244y2\237\004z\340\277H\036\024\305&R\306\347"
  80      F469 A479 
  80      329F 047A 
  80      E0BF 481E 
  80      14C5 2652 
  81 01ab F781 3ADF 		.ascii	"\367\201:\337\262\035\277\203\022q\240\032\312\277\317\276_\326"
  81      B21D BF83 
  81      1271 A01A 
  81      CABF CFBE 
  81      5FD6 
  82 01bd 893C 67BB 		.ascii	"\211<g\273\031\201\275\263k\303\303\213\255I\370D\324\177[\271"
  82      1981 BDB3 
  82      6BC3 C38B 
  82      AD49 F844 
  82      D47F 5BB9 
  83 01d1 F4AC 7502 		.ascii	"\364\254u\002W\207\262\374\030Z0\303\227vO&\300}L\b]f=\367\021"
  83      5787 B2FC 
  83      185A 30C3 
  83      9776 4F26 
  83      C07D 4C08 
  84 01ea 099B CB84 		.ascii	"\t\233\313\2042\375bx\274\231\330N\357\262\327\263\311\354\353"
  84      32FD 6278 
  84      BC99 D84E 
  84      EFB2 D7B3 
  84      C9EC EB
  85 01fd 6C1C DBAE 		.ascii	"l\034\333\256\306+l\251\037\314\205;\330\r\317\372m\325\265$"
  85      C62B 6CA9 
  85      1FCC 853B 
  85      D80D CFFA 
  85      6DD5 B524 
  86 0211 E51E 97BF 		.ascii	"\345\036\227\277X\036\235n\312)\211\234\363\353\363W\374-9\017"
  86      581E 9D6E 
  86      CA29 899C 
  86      F3EB F357 
  86      FC2D 390F 
  87 0225 36E5 3C14 		.ascii	"6\345<\0249\334|)\234R[\345\205\325\322\2576)w\270\373\243M\347"
  87      39DC 7C29 
  87      9C52 5BE5 
  87      85D5 D2AF 
  87      3629 77B8 
  88 023d D922 FD55 		.ascii	"\331\"\375Ul\261kMlf\377RG\373\017\357\355\337\327\273\247\227"
  88      6CB1 6B4D 
  88      6C66 FF52 
  88      47FB 0FEF 
  88      EDDF D7BB 
  89 0253 FCC1 FE63 		.ascii	"\374\301\376c}'N\016:\247\216\f\320_\341d\373\033"
  89      7D27 4E0E 
  89      3AA7 8E0C 
  89      D05F E164 
  89      FB1B 
  90               		.text
  91               		.section	.gnu.lto_i2c_start.2dcfe98,"",@progbits
  92 0000 789C 254E 		.ascii	"x\234%N=K\003Q\020\334\331w\371@/`'H\n\3334*\376\024\177\202"
  92      3D4B 0351 
  92      10DC D977 
  92      F940 2F60 
  92      2748 0ADB 
  93 001a A902 FE87 		.ascii	"\251\002\376\207\3333\367\242\265\240\202\220\244\021\023\277"
  93      DB33 F7A2 
  93      B5A0 8290 
  93      A411 13BF 
  94 002a D094 0716 		.ascii	"\320\224\007\026\307\201\255V\026\222&(\006\021\301\210\261\214"
  94      C781 AD56 
  94      1692 2628 
  94      0611 C188 
  94      B18C 
  95 003c E7BE CB34 		.ascii	"\347\276\3134\303\354\314\316\256G \207\202\222\257\274\354\204"
  95      C3EC CCCE 
  95      AE47 2087 
  95      8292 AFBC 
  95      EC84 
  96 004e 2130 5158 		.ascii	"!0QXf\350T\312\240\200\021\340\227g\214to\034s\255'\212\321\333"
  96      66E8 54CA 
  96      A080 11E0 
  96      9767 8C74 
  96      6F1C 73AD 
  97 0066 8191 7E02 		.ascii	"\201\221~\002k\2102\316[\b=\324Hc/\203\277\303J1r\261\325\271"
  97      6B88 32CE 
  97      5B08 3DD4 
  97      4863 2F83 
  97      BFC3 4A31 
  98 007e 893E 8AEE 		.ascii	"\211>\212\356\324\315V\"Y\326\024y\332x`\217h\222o~\263\222\031"
  98      D4CD 5622 
  98      59D6 1479 
  98      DA78 608F 
  98      6892 6F7E 
  99 0095 239D DE9E 		.ascii	"#\235\336\236\255\270\250v\034\331\364\2614ek\364\013\225\235"
  99      ADB8 A876 
  99      1CD9 F4B1 
  99      3465 6BF4 
  99      0B95 9D
 100 00a8 56EB D99F 		.ascii	"V\353\331\237\313;\250\376y=\276\367\273h\207Q(\262h\r\343\002"
 100      CB3B A8FE 
 100      793D BEF7 
 100      BB68 8751 
 100      28B2 680D 
 101 00be 559C A3AA 		.ascii	"U\234\243\252\267.\321u\221A\347+\252\270\025\306)p\245\326;"
 101      B72E D175 
 101      9141 E72B 
 101      AAB8 15C6 
 101      2970 A5D6 
 102 00d3 9AC9 09DC 		.ascii	"\232\311\t\334\001W\031\307\237\303R0\223}\221%kL\306\372 \256"
 102      0157 19C7 
 102      9FC3 5230 
 102      937D 9125 
 102      6B4C C6FA 
 103 00e9 1190 351E 		.ascii	"\021\2205\036}`7i\027\362\250\303\304\231\372\344\302Nc{\275"
 103      7D60 3769 
 103      17F2 A8C3 
 103      C499 FAE4 
 103      C24E 637B 
 104 00fe B159 5FAB 		.ascii	"\261Y_\253\323?\021LZ\242"
 104      D33F 114C 
 104      5AA2 
 105               		.text
 106               		.section	.gnu.lto_i2c_stop.2dcfe98,"",@progbits
 107 0000 789C 6D52 		.ascii	"x\234mR\337KTA\024\2363\263\277\322U{+Ba\037\022\362A\223\240"
 107      DF4B 5441 
 107      149E 33B3 
 107      BFD2 557B 
 107      2B42 611F 
 108 0019 929E FA1B 		.ascii	"\222\236\372\033z\276\260lw7\275twW\366\207\324\323\316\352\336"
 108      7ABE B06C 
 108      7737 BD74 
 108      7757 F687 
 108      D4D3 CEEA 
 109 002e AD58 A858 		.ascii	"\255X\250X\313\312\037\031\030h\271\346j\233\266\342\303m\301"
 109      CBCA 1F19 
 109      1868 B9E6 
 109      6A9B B6E2 
 109      C36D C1
 110 0041 972C A2CC 		.ascii	"\227,\242\314@\f2\005\211\350a%#$l;3\273\204R\363p\357|3\337"
 110      400C 3205 
 110      89E8 6125 
 110      2324 6C3B 
 110      33BB 8452 
 111 005b 39DF F9CE 		.ascii	"9\337\371\316\031\013\001\"\326\"%$\211\377C\0020\002\b\343\016"
 111      190B 0122 
 111      D622 2524 
 111      89FF 4302 
 111      3002 08E3 
 112 0070 0A78 C91D 		.ascii	"\nx\311\035@b\024b\360\203\356R(\\\331\314\323\246Q\216k\315"
 112      4062 1462 
 112      F083 EE52 
 112      285C D9CC 
 112      D3A6 518E 
 113 0086 E863 7CCC 		.ascii	"\350c|\314\004\203\021R\2422\013\201Qh\"H[\237\372}\273\306\226"
 113      0483 1152 
 113      A232 0B81 
 113      5168 2248 
 113      5B9F FA7D 
 114 009d 1034 57F9 		.ascii	"\0204W\371\022\306\300&\244&\317\231\274T\352\341|\251u\225Z"
 114      12C6 C026 
 114      A426 CF99 
 114      BC54 EAE1 
 114      7CA9 7595 
 115 00b2 0829 CAC8 		.ascii	"\b)\312\310-\212?\266\t\205\355b\346\210\240b\216>\243\360\306"
 115      2D8A 3FB6 
 115      0985 ED62 
 115      E688 A062 
 115      8E3E A3F0 
 116 00c7 BE4D 0D86 		.ascii	"\276M\r\206U \274\237L\2568\313p\036\020\177\337\270\263\340"
 116      5520 BC9F 
 116      4CAE 38CB 
 116      701E 107F 
 116      DFB8 B3E0 
 117 00db 1C86 A178 		.ascii	"\034\206\241x\"\316y\265\301(<\206zx\004\365\2505\016\303\202"
 117      22CE 79B5 
 117      C128 3C86 
 117      7A78 04F5 
 117      A835 0EC3 
 118 00f0 32FC 8BBF 		.ascii	"2\374\213\277\252\025!\024n\001d\360j\035\272\371\311J\376\267"
 118      AA15 2114 
 118      6E01 64F0 
 118      6A1D BAF9 
 118      C94A FEB7 
 119 0104 89EC 2013 		.ascii	"\211\354 \023\267\f,\b\267^\367oH\262\005\\Bng\344f-\253\221"
 119      B70C 2C08 
 119      B75E F76F 
 119      48B2 055C 
 119      426E 67E4 
 120 011c D237 3E67 		.ascii	"\3227>g3\325\215#\302\2159u\257\226g\271\303`V\230\004\206\326"
 120      33D5 8D23 
 120      C28D 3975 
 120      AF96 67B9 
 120      C360 5698 
 121 0133 E009 CA4E 		.ascii	"\340\t\312N\bY\3412\013\215\030\360\376\356D\2126\f\360\253\234"
 121      0859 E132 
 121      0B8D 18F0 
 121      FEEE 448A 
 121      360C F0AB 
 122 0148 1FB4 105E 		.ascii	"\037\264\020^Y\017\260UV\002S\320 \352X[\236\177xx\177\253\314"
 122      590F B055 
 122      5602 53D0 
 122      20EA 585B 
 122      9E7F 7878 
 123 015f D484 5564 		.ascii	"\324\204Ud\220\315*Q\251\275\230I\245\354\254K\356\257\255\230"
 123      90CD 2A51 
 123      A9BD 9849 
 123      A5EC AC4B 
 123      EEAF AD98 
 124 0173 2F0F 883A 		.ascii	"/\017\210:\272\371\332r\356\350\300u\316{\316\032\314\006O\377"
 124      BAF9 DA72 
 124      EEE8 C075 
 124      CE7B CE1A 
 124      CC06 4FFF 
 125 0187 AD04 E99F 		.ascii	"\255\004\351\237^\f\215[Y\274\334\276\351\217\306N]\305C\357"
 125      5E0C 8D5B 
 125      59BC DCBE 
 125      E98F C64E 
 125      5DC5 43EF 
 126 019b 3BE7 2037 		.ascii	";\347 7\343.a\342\331\177C\367\316\017f\240\021r\242\252i\260"
 126      E32E 61E2 
 126      D97F 43F7 
 126      CE0F 66A0 
 126      1172 A2AA 
 127 01b1 A1C5 591C 		.ascii	"\241\305Y\034\344\214\264\271\370\263?m\257\330tTlN\316\365\226"
 127      E48C B4B9 
 127      F8B3 3F6D 
 127      AFD8 7454 
 127      6C4E CEF5 
 128 01c6 6D3E 2FDB 		.ascii	"m>/\3334\227\322u2$'C\376\216\304&F\222G\305/\2200W\322 8B9\237"
 128      3497 D275 
 128      3224 2743 
 128      FE8E C426 
 128      4692 47C5 
 129 01e4 FFB6 6A8F 		.ascii	"\377\266j\217\355\312\234\006\263\227(\225\2620\0071\"\370\006"
 129      EDCA 9C06 
 129      B397 2895 
 129      B230 0731 
 129      22F8 06
 130 01f7 73C8 EE2D 		.ascii	"s\310\356-|\240\362I\211v\341A\031\344\366\202\031\001\276b\005"
 130      7CA0 F249 
 130      8976 E141 
 130      19E4 F682 
 130      1901 BE62 
 131 020c B356 81A5 		.ascii	"\263V\201\245\265\"6\225\340S\253\322\265\363\307\265\023j\213"
 131      B522 3695 
 131      E053 ABD2 
 131      B5F3 C7B5 
 131      136A 8B
 132 021f 4A2C 6E77 		.ascii	"J,nw4\254\252g\224\316P\260=\344\361\273.h\272/\354:v\251\355"
 132      34AC AA67 
 132      94CE 50B0 
 132      3DE4 F1BB 
 132      2E68 BA2F 
 133 0238 5493 E289 		.ascii	"T\223\342\211\370}\272\022\216D\275ZP9\335\322\252D\202A]\355"
 133      F87D BA12 
 133      8E44 BD5A 
 133      5039 DDD2 
 133      AA44 8241 
 134 024e F068 01C5 		.ascii	"\360h\001\305\323\025j\223\237\346\366@\264y\337\271\242\005"
 134      D315 6A93 
 134      9FE6 F640 
 134      B479 DFB9 
 134      A205 
 135 0260 543D EAF5 		.ascii	"T=\352\365)\321\210\246+^\237\356\271\334\322A\252\334\356\210"
 135      29D1 88A6 
 135      2B5E 9FEE 
 135      B9DC D241 
 135      AADC EE88 
 136 0274 A65E 0CBB 		.ascii	"\246^\f\273\275\252\025\267\376\316?\004]\037\216"
 136      BDAA 15B7 
 136      FECE 3F04 
 136      5D1F 8E
 137               		.text
 138               		.section	.gnu.lto_i2c_write.2dcfe98,"",@progbits
 139 0000 789C 5590 		.string	"x\234U\220MKBQ\020\206\347=\347\372\201)\330*\210\273h'nJ\352\237\364\023\262M\020\004mZ\
 139      4D4B 4251 
 139      1086 E73D 
 139      E7FA 8129 
 139      D82A 88BB 
 140 005e 7795 1764 		.string	"w\225\027d\tX\370\026\035\201\372r\243&\302y\305\361\230\313HUp`K\242\256\350Q\by\204y\35
 140      0958 F816 
 140      1D81 FA72 
 140      A326 C279 
 140      C5F1 98CB 
 141 0103 B753 A95B 		.string	"\267S\251[\177\237p\246\t_\317\231\013\377?\302\361\200Pb\002\217\354\374\024O\002Z\"\221
 141      7F9F 70A6 
 141      095F CF99 
 141      0BFF 3FC2 
 141      F180 5062 
 142 015e 2AB8 85D9 		.ascii	"*\270\205\331"
 143               		.text
 144               		.section	.gnu.lto_i2c_read.2dcfe98,"",@progbits
 145 0000 789C 4590 		.ascii	"x\234E\220MK\033Q\024\206\317{\357d\022&\246\325\225\233,\272"
 145      4D4B 1B51 
 145      1486 CF7B 
 145      EF64 1226 
 145      A6D5 959B 
 146 0016 1337 DAD6 		.ascii	"\0237\332\326\177\342?h\263\022\373\037\346&\223\321\326\340"
 146      7FE2 3F68 
 146      B312 FB1F 
 146      E626 93D1 
 146      D6E0 
 147 0028 42A1 B122 		.ascii	"B\241\261\"\232U5~\325\217M\210\212\204\200\335\006\304\205\037"
 147      9A55 357E 
 147      D58F 4D88 
 147      8A84 80DD 
 147      06C4 851F 
 148 003c D096 B606 		.ascii	"\320\226\266\006\021\245\351\207\"\212\211\347\314\204z\027\347"
 148      11A5 E987 
 148      228A 89E7 
 148      CC84 7A17 
 148      E7
 149 004d CE39      		.ascii	"\3169"
 150 004f F33E EF7B 		.string	"\363>\357{9\026\201\344$\024Q'\337\335\322h\002\267\351\230\002\37741\220\253\340\342J\33
 150      3916 81E4 
 150      2414 5127 
 150      DFDD D268 
 150      02B7 E998 
 151 0150 3BD2 19BC 		.string	";\322\031\274\312q\340'\016\345\362\305I\324\2757o\215\351\364\265\335R\274-\254\303\345\
 151      CA71 E027 
 151      0EE5 F2C5 
 151      49D4 BD37 
 151      6F8D E9F4 
 152 01a9 15E8 A4A8 		.ascii	"\025\350\244\250"
 153               		.text
 154               		.section	.gnu.lto_.symbol_nodes.2dcfe98,"",@progbits
 155 0000 789C 55CA 		.string	"x\234U\312\313\r\302@\fE\321k\317\344\303W\224"
 155      CB0D C240 
 155      0C45 D16B 
 155      CFE4 C357 
 155      9400 
 156 0012 95DA 25A4 		.string	"\225\332%\244\005$\232"
 156      0524 9A00 
 157 001a 7629 801A 		.ascii	"v)\200\032 \205 <\221X\330\233\347w\354\212\360$F7\006\323\013"
 157      2085 203C 
 157      9158 D89B 
 157      E777 EC8A 
 157      F024 4637 
 158 0031 221E 7E09 		.ascii	"\"\036~\t\330\232d\030M\377p\367\253\227\240\235\225\374\263"
 158      D89A 6418 
 158      4DFF 70F7 
 158      AB97 A09D 
 158      95FC B3
 159 0044 B79A E160 		.ascii	"\267\232\341`]\206\243\365\t\344d\303\n\340~\206\242\302\374"
 159      5D86 A3F5 
 159      09E4 64C3 
 159      0AE0 7E86 
 159      A2C2 FC
 160 0057 F94A 5158 		.ascii	"\371JQXZ\3062\277#\353\300\255\365NYZ\357u\275\363\003M~/\213"
 160      5AC6 32BF 
 160      23EB C0AD 
 160      F54E 595A 
 160      EF75 BDF3 
 161               		.text
 162               		.section	.gnu.lto_.refs.2dcfe98,"",@progbits
 163 0000 789C 6361 		.string	"x\234ca`\004B "
 163      6004 4220 
 163      00
 164 0009 00        		.string	""
 165 000a 00        		.string	""
 166 000b 3900      		.string	"9"
 167 000d 07        		.ascii	"\007"
 168               		.text
 169               		.section	.gnu.lto_.decls.2dcfe98,"",@progbits
 170 0000 789C B555 		.ascii	"x\234\265U[LTW\024\275\373\336\021\206\313c\254\241\2064\363"
 170      5B4C 5457 
 170      14BD FBDE 
 170      1186 CB63 
 170      ACA1 8634 
 171 0015 41FC 917E 		.ascii	"A\374\221~H}$-\351O\2334\326~\265\375\251_\223\334\f\303To3\016"
 171      487D 242D 
 171      E94F 9B34 
 171      D67E B5FD 
 171      A95F 93DC 
 172 002f 86B9 53CB 		.ascii	"\206\271S\313G\223C\255\021\355G\205\020%>\2216\355 \257\001"
 172      4793 43AD 
 172      11ED 4785 
 172      1025 3E91 
 172      36ED 20AF 
 173 0044 7988 0F98 		.ascii	"y\210\017\230Z\024\020\224\341i)\264bJ\243\251\244\241\211\017"
 173      5A14 1094 
 173      E169 29B4 
 173      624A A3A9 
 173      A4A1 890F 
 174 0058 D450 BACF 		.ascii	"\324P\272\317\343z\357Ph\370\351\t{\3569\373\354\275\366:{\237"
 174      E37A EF50 
 174      68F8 E909 
 174      7BEE 39FB 
 174      ECBD F63A 
 175 006e 7D70 4820 		.ascii	"}pH \321\021L\226\244Op\232)K\322\"\016'\352v\242\320\335\006"
 175      D111 4C96 
 175      A44F 709A 
 175      294B D222 
 175      0E27 EA76 
 176 0086 890F AA6B 		.ascii	"\211\017\252kFiAiG\351@\271\204\322\215\322\2132 \375{P{"
 176      4669 4169 
 176      47E9 40B9 
 176      84D2 8DD2 
 176      8B32 20FD 
 177 009d 4560 C551 		.string	"E`\305Q\006\205\036\304\336\322A\261\035\302\336\275\214O\3132>\224\213*|\326\241d\n\316\
 177      0685 1EC4 
 177      DED2 41B1 
 177      1DC2 DEBD 
 177      8C4F CB32 
 178 019e 7466 AE40 		.ascii	"tf\256@L\321\f$\311\2562?bm\372\2018'\230\037\216\004\254\227"
 178      4CD1 0C24 
 178      C9AE 323F 
 178      626D FA81 
 178      3827 981F 
 179 01b6 D8E0 4BF6 		.ascii	"\330\340K\366k\201P\225\231\"\356\305#\321\260`s\005A@69H6`\223"
 179      6B81 5095 
 179      9922 EEC5 
 179      23D1 B060 
 179      7305 4140 
 180 01d0 0AD8 8720 		.ascii	"\n\330\207 #b\210\022\214\2257\037HW\fV\202?&\272\2533\262\216"
 180      2362 8812 
 180      8C95 371F 
 180      4857 0C56 
 180      823F 26BA 
 181 01e8 D214 C708 		.ascii	"\322\024\307\b\311\006\330\271\036\266\271a3^\022h\202\254\027"
 181      C906 D8B9 
 181      1EB6 B961 
 181      335E 1268 
 181      82AC 17
 182 01fb 653B 537B 		.ascii	"e;S{h\324\265\241\212LG\311\364\363\203\353\307\t\251$\324\036"
 182      68D4 B5A1 
 182      8A4C 47C9 
 182      F4F3 83EB 
 182      C709 A924 
 183 0211 6D20 6A95 		.ascii	"m j\225\003\247\364\323\b\223H\244\0316\240gY\331x\273K)\005"
 183      03A7 F4D3 
 183      0893 48A4 
 183      1936 A067 
 183      59D9 78BB 
 184 0228 16EE EEE1 		.ascii	"\026\356\356\341\353\345\n\207\211\375\235I\366#\206\203a\234"
 184      EBE5 0A87 
 184      89FD 9D49 
 184      F623 8683 
 184      619C 
 185 023a B730 CEDB 		.ascii	"\2670\316\3331Z\030F\371\243\372\222\024\245\202c\f\236\235\276"
 185      315A 1846 
 185      F9A3 FA92 
 185      14A5 8263 
 185      0C9E 9DBE 
 186 024e EB58 05E5 		.ascii	"\353X\005\345\343\277\017\307(\345\030\306j2\016\220X\tz\310"
 186      E3BF 0FC7 
 186      28E5 18C6 
 186      6A32 0E90 
 186      5809 7AC8 
 187 0262 D086 D15A 		.ascii	"\320\206\321Z\255h\255\366h\355,\332\321\371\336\210K\251\346"
 187      AD68 ADF6 
 187      68ED 2CDA 
 187      D1F9 DE88 
 187      4BA9 E6
 188 0275 D1E2 3D53 		.ascii	"\321\342=SO(\343*D96!\223(\202\274\315(_\260@.\330A:\030H\325"
 188      4F28 E32A 
 188      4439 3621 
 188      9328 82BC 
 188      CD28 5FB0 
 189 0291 CCEC C134 		.ascii	"\314\354\3014\245\216\203\324\r-V\247\t\220\350\313\266c_\264"
 189      A58E 83D4 
 189      0D2D 56A7 
 189      0990 E8CB 
 189      B663 5FB4 
 190 02a5 302E DA31 		.ascii	"0.\3321.1\214\350\263\205\323.\245\225c4\036\230\251qbw\270\261"
 190      2E31 8CE8 
 190      B385 D32E 
 190      A595 6334 
 190      1E98 A971 
 191 02bd E7C0 D670 		.ascii	"\347\300\326pn\336p5g\"\335\351J\027\263\225\333\356?\210\313"
 191      6EDE 7035 
 191      6722 DDE9 
 191      4A17 B395 
 191      DBEE 3F88 
 192 02d2 A0E6 B0C6 		.ascii	"\240\346\260\306\210U\221\244,I\244\b~\300\256p\213\256\350\304"
 192      8855 91A4 
 192      2C49 A408 
 192      7EC0 AE70 
 192      8BAE E8C4 
 193 02e6 AEB8 825D 		.ascii	"\256\270\202]!:l\336\305:,\206\035\326e\361r\253<\235\363\263"
 193      213A 6CDE 
 193      C53A 2C86 
 193      1DD6 65F1 
 193      72AB 3C9D 
 194 02fc 438D B203 		.ascii	"C\215\262\003\257)3\310wP\335\300pwE\352\n\245\370\221\226\002"
 194      AF29 33C8 
 194      7750 DDC0 
 194      7077 45EA 
 194      0AA5 F891 
 195 0312 AE82 83BB 		.ascii	"\256\202\203\273\337\353,\371*\203\247`\372yO\356\213\013\204"
 195      DFEB 2CF9 
 195      2A83 A760 
 195      FA79 4FEE 
 195      8B0B 84
 196 0325 6670 D98A 		.ascii	"fp\331\212v\331\236\205n\226\205+gbW\025\245\207gaU,\360|&\213"
 196      76D9 9E85 
 196      6E96 852B 
 196      6762 5715 
 196      A587 6761 
 197 033f 1EC6 E2BA 		.ascii	"\036\306\342\272\311\342\361\203?\333]\242\020\267?\177q'\320"
 197      C9E2 F183 
 197      3FDB 5DA2 
 197      10B7 3F7F 
 197      7127 D0
 198 0352 0AAE 5924 		.ascii	"\n\256Y$\256\331I\3642\022\344\351\354\tU\211s\022\ru\317\243"
 198      AED9 49F4 
 198      3212 E4E9 
 198      EC09 5589 
 198      7312 0D75 
 199 0368 2A23 B1D1 		.ascii	"*#\261\321\344pt,~N]!\023\375\214\303\r\223CO\315\257-kh\017"
 199      E470 742C 
 199      7E4E 5D21 
 199      13FD 8CC3 
 199      0D93 434F 
 200 0382 60CE DBBF 		.ascii	"`\316\333\277\3361\363M\t\336P\"\277G\355\240\317b\321\307X\340"
 200      DE31 F34D 
 200      09DE 5022 
 200      BF47 EDA0 
 200      CF62 D1C7 
 201 0398 6480 31B8 		.ascii	"d\2001\270\266\370$\346\342\217\245\214\313\341\271\201S\251"
 201      B6F8 24E6 
 201      E28F A58C 
 201      CBE1 B981 
 201      53A9 
 202 03aa FCB1 5C8B 		.ascii	"\374\261\\\213\313\376\033s\215\031*\326{\377*\352\215\366}}"
 202      CBFE 1B73 
 202      8D19 2AD6 
 202      7BFF 2AEA 
 202      8DF6 7D7D 
 203 03be CF1E 27A7 		.ascii	"\317\036'\247\035\246\367#N\210Z\231\001\203\230\317[hp\023("
 203      1DA6 F723 
 203      4E88 5A99 
 203      0183 98CF 
 203      5B68 7013 
 204 03d3 E738 A4   		.ascii	"\3478\244"
 205 03d6 B1D8 F85D 		.string	"\261\330\370]\220\225\332\321\363-N\334\243\177\352q\202a\310\020\300\b\250\022[\314\275\
 205      9095 DAD1 
 205      F32D 4EDC 
 205      A37F EA71 
 205      8261 C810 
 206 04d7 B9BB 25A7 		.ascii	"\271\273%\247\276\325\247\351A\335P\003z\376k\270\310\365I\251"
 206      BED5 A7E9 
 206      41DD 5003 
 206      7AFE 6BB8 
 206      C8F5 49A9 
 207 04eb 5457 A087 		.ascii	"TW\240\207\274\371\001\177:\235\347\207C\305\332>\257n\244\320"
 207      BCF9 017F 
 207      3A9D E787 
 207      43C5 DA3E 
 207      AF6E A4D0 
 208 04ff 55C8 F016 		.ascii	"U\310\360\026\031N>+\334\313T\373\212t\303\237L9\347i|\253\310"
 208      194E 3E2B 
 208      DCCB 54FB 
 208      8A74 C39F 
 208      4C39 E769 
 209 0516 EF2D 7845 		.ascii	"\357-xECO=`\350A\rck\005\376\200\267X\363\025\373\360\024\276"
 209      434F 3D60 
 209      E841 0D63 
 209      6B05 FE80 
 209      B758 F315 
 210 052e FFE7 5861 		.ascii	"\377\347XaC\017xX\034<Z\212\210\030\016\275\244i\336\300>oq\b"
 210      430F 7858 
 210      1C3C 5A8A 
 210      8818 0EBD 
 210      A469 DEC0 
 211 0546 4F1A D083 		.ascii	"O\032\320\203~M\373\007\242\260\324\251"
 211      7E4D FB07 
 211      A2B0 D4A9 
 212               		.text
 213               		.section	.gnu.lto_.symtab.2dcfe98,"",@progbits
 214 0000 6932 635F 		.string	"i2c_init"
 214      696E 6974 
 214      00
 215 0009 00        		.string	""
 216 000a 00        		.string	""
 217 000b 00        		.string	""
 218 000c 00        		.string	""
 219 000d 00        		.string	""
 220 000e 00        		.string	""
 221 000f 00        		.string	""
 222 0010 00        		.string	""
 223 0011 00        		.string	""
 224 0012 00        		.string	""
 225 0013 00        		.string	""
 226 0014 B200      		.string	"\262"
 227 0016 00        		.string	""
 228 0017 00        		.string	""
 229 0018 6932 635F 		.string	"i2c_disable"
 229      6469 7361 
 229      626C 6500 
 230 0024 00        		.string	""
 231 0025 00        		.string	""
 232 0026 00        		.string	""
 233 0027 00        		.string	""
 234 0028 00        		.string	""
 235 0029 00        		.string	""
 236 002a 00        		.string	""
 237 002b 00        		.string	""
 238 002c 00        		.string	""
 239 002d 00        		.string	""
 240 002e 00        		.string	""
 241 002f B400      		.string	"\264"
 242 0031 00        		.string	""
 243 0032 00        		.string	""
 244 0033 6932 635F 		.string	"i2c_start"
 244      7374 6172 
 244      7400 
 245 003d 00        		.string	""
 246 003e 00        		.string	""
 247 003f 00        		.string	""
 248 0040 00        		.string	""
 249 0041 00        		.string	""
 250 0042 00        		.string	""
 251 0043 00        		.string	""
 252 0044 00        		.string	""
 253 0045 00        		.string	""
 254 0046 00        		.string	""
 255 0047 00        		.string	""
 256 0048 B900      		.string	"\271"
 257 004a 00        		.string	""
 258 004b 00        		.string	""
 259 004c 6932 635F 		.string	"i2c_stop"
 259      7374 6F70 
 259      00
 260 0055 00        		.string	""
 261 0056 00        		.string	""
 262 0057 00        		.string	""
 263 0058 00        		.string	""
 264 0059 00        		.string	""
 265 005a 00        		.string	""
 266 005b 00        		.string	""
 267 005c 00        		.string	""
 268 005d 00        		.string	""
 269 005e 00        		.string	""
 270 005f 00        		.string	""
 271 0060 BB00      		.string	"\273"
 272 0062 00        		.string	""
 273 0063 00        		.string	""
 274 0064 6932 635F 		.string	"i2c_write"
 274      7772 6974 
 274      6500 
 275 006e 00        		.string	""
 276 006f 00        		.string	""
 277 0070 00        		.string	""
 278 0071 00        		.string	""
 279 0072 00        		.string	""
 280 0073 00        		.string	""
 281 0074 00        		.string	""
 282 0075 00        		.string	""
 283 0076 00        		.string	""
 284 0077 00        		.string	""
 285 0078 00        		.string	""
 286 0079 C400      		.string	"\304"
 287 007b 00        		.string	""
 288 007c 00        		.string	""
 289 007d 6932 635F 		.string	"i2c_read"
 289      7265 6164 
 289      00
 290 0086 00        		.string	""
 291 0087 00        		.string	""
 292 0088 00        		.string	""
 293 0089 00        		.string	""
 294 008a 00        		.string	""
 295 008b 00        		.string	""
 296 008c 00        		.string	""
 297 008d 00        		.string	""
 298 008e 00        		.string	""
 299 008f 00        		.string	""
 300 0090 00        		.string	""
 301 0091 C800      		.string	"\310"
 302 0093 00        		.string	""
 303 0094 00        		.string	""
 304               		.text
 305               		.section	.gnu.lto_.opts,"",@progbits
 306 0000 272D 666E 		.ascii	"'-fno-math-errno' '-fno-signed-zeros' '-fno-trapping-math' '"
 306      6F2D 6D61 
 306      7468 2D65 
 306      7272 6E6F 
 306      2720 272D 
 307 003c 2D66 6E6F 		.ascii	"-fno-trapv' '-fno-openmp' '-fno-openacc' '-mn-flash=1' '-mno"
 307      2D74 7261 
 307      7076 2720 
 307      272D 666E 
 307      6F2D 6F70 
 308 0078 2D73 6B69 		.ascii	"-skip-bug' '-mrelax' '-mcall-prologues' '-mmcu=avr5' '-gdwar"
 308      702D 6275 
 308      6727 2027 
 308      2D6D 7265 
 308      6C61 7827 
 309 00b4 662D 3227 		.ascii	"f-2' '-Os' '-fu"
 309      2027 2D4F 
 309      7327 2027 
 309      2D66 75
 310 00c3 6E73 6967 		.string	"nsigned-char' '-fpack-struct' '-fshort-enums' '-flto' '-fmerge-all-constants' '-ffast-mat
 310      6E65 642D 
 310      6368 6172 
 310      2720 272D 
 310      6670 6163 
 311               		.text
 312               		.comm	__gnu_lto_v1,1,1
 313               		.comm	__gnu_lto_slim,1,1
 314               		.ident	"GCC: (AVR_8_bit_GNU_Toolchain_3.6.0_1734) 5.4.0"
DEFINED SYMBOLS
                            *ABS*:00000000 i2c.c
C:\Users\apapk\AppData\Local\Temp\ccRvwIuV.s:2      *ABS*:0000003e __SP_H__
C:\Users\apapk\AppData\Local\Temp\ccRvwIuV.s:3      *ABS*:0000003d __SP_L__
C:\Users\apapk\AppData\Local\Temp\ccRvwIuV.s:4      *ABS*:0000003f __SREG__
C:\Users\apapk\AppData\Local\Temp\ccRvwIuV.s:5      *ABS*:00000000 __tmp_reg__
C:\Users\apapk\AppData\Local\Temp\ccRvwIuV.s:6      *ABS*:00000001 __zero_reg__
                            *COM*:00000001 __gnu_lto_v1
                            *COM*:00000001 __gnu_lto_slim

NO UNDEFINED SYMBOLS
