   1               		.file	"timer.c"
   2               	__SP_H__ = 0x3e
   3               	__SP_L__ = 0x3d
   4               	__SREG__ = 0x3f
   5               	__tmp_reg__ = 0
   6               	__zero_reg__ = 1
   7               		.text
   8               	.Ltext0:
   9               		.section	.gnu.lto_.profile.2dcd627,"",@progbits
  10 0000 789C 6361 		.string	"x\234ca`d`e`"
  10      6064 6065 
  10      6000 
  11 000a 924B 19CB 		.string	"\222K\031\313"
  11      00
  12 000f 02E5 0128 		.ascii	"\002\345\001("
  13               		.text
  14               		.section	.gnu.lto_.icf.2dcd627,"",@progbits
  15 0000 789C 6361 		.string	"x\234ca`d"
  15      6064 00
  16 0007 815C 0604 		.string	"\201\\\006\004\020bX\3257\361.?\343\244\355\213\35723mjXz\227\233\031L\262\200IV0\3116e\3
  16      1062 58D5 
  16      37F1 2E3F 
  16      E3A4 ED8B 
  16      EF32 336D 
  17 006f FA6E 33A9 		.ascii	"\372n3\251"
  18               		.text
  19               		.section	.gnu.lto_.jmpfuncs.2dcd627,"",@progbits
  20 0000 789C 6361 		.string	"x\234ca`d"
  20      6064 00
  21 0007 016D 0604 		.ascii	"\001m\006\004\340\006b6\006\006v\006\006\016\006\006N\006\006"
  21      E006 6236 
  21      0606 7606 
  21      060E 0606 
  21      4E06 06
  22 001a 2E46 46C6 		.ascii	".FF\306z\220 \017\003\003/\220\342\003\361\005\300J\001$g\001"
  22      7A90 200F 
  22      0303 2F90 
  22      E203 F105 
  22      C04A 0124 
  23 0030 AA        		.ascii	"\252"
  24               		.text
  25               		.section	.gnu.lto_.inline.2dcd627,"",@progbits
  26 0000 789C 6361 		.string	"x\234ca`d"
  26      6064 00
  27 0007 0135 0805 		.string	"\0015\b\005\006\334\f\fz\272\214\fLa\037\346\2632\260-\220g\002\t\2621\260\262"
  27      06DC 0C0C 
  27      7ABA 8C0C 
  27      4C61 1FE6 
  27      B332 B02D 
  28 0024 C558 16C8 		.string	"\305X\026\310\303\205\330\031\330X\201Bl\037\364\340B\034\f,\314@!\246\013\374p!NL\215\\ 
  28      C385 D819 
  28      D858 8142 
  28      6C1F F4E0 
  28      421C 0C2C 
  29 0090 4470 8008 		.string	"Dp\200\b\260C\004\030T\315\030\030\230\034\032\2760\243\032\017&\030"
  29      B043 0418 
  29      54CD 1818 
  29      981C 1ABE 
  29      30A3 1A0F 
  30 00a7 885A 2173 		.ascii	"\210Z!s"
  31               		.text
  32               		.section	.gnu.lto_.pureconst.2dcd627,"",@progbits
  33 0000 789C 6361 		.string	"x\234ca`d\020g``\340f\220`\223`\227\340`\341\224\340\222\340\226\340\221\340\225\340\223\
  33      6064 1067 
  33      6060 E066 
  33      9060 9360 
  33      97E0 60E1 
  34 0023 1236 018A 		.ascii	"\0226\001\212"
  35               		.text
  36               		.section	.gnu.lto_timer0_callback.2dcd627,"",@progbits
  37 0000 789C 9556 		.ascii	"x\234\225VKOSA\024\2363\367\321\333\322\333*b\"\240\211K\331"
  37      4B4F 5341 
  37      149E 33F7 
  37      D1DB D2DB 
  37      2A62 22A0 
  38 0017 50DC 99F8 		.ascii	"P\334\231\370\037\\\270rg\242qa\242\013\215{.\226\252$\352\302"
  38      1F5C B872 
  38      67A2 7161 
  38      A20B 8D7B 
  38      2E96 AA24 
  39 002d 4412 8D4A 		.ascii	"D\022\215J\214\017\360\001\264\nj}V\004\237(\276\005\361\005"
  39      8C0F F001 
  39      B40A 6A7D 
  39      5604 9F28 
  39      BE05 F105 
  40 0041 0826 C644 		.ascii	"\b&\306D05\306D\255\347\314\334\016\267\344\202\336.N\357\234"
  40      3035 C644 
  40      ADE7 CCDC 
  40      0EB7 E482 
  40      DE2E 4EEF 
  41 0056 997E DF99 		.ascii	"\231~\337\231o\2769\267:\003F\237\033a\306b\370\335J\203y\f8"
  41      6FBE 39B7 
  41      3A03 469F 
  41      1B61 C662 
  41      F8DD 4A83 
  42 006d 630D 16E7 		.ascii	"c\r\026\347\032cND\307\020\325 L)\235\033\2242)e\310\224\311"
  42      1A63 4E44 
  42      C710 D520 
  42      4C29 9D1B 
  42      9432 2965 
  43 0084 4394 0A53 		.ascii	"C\224\nS*\304-\365l\311\3510\217P*J\251\b/S\317e\020\245\351"
  43      2AC4 2DF5 
  43      6CC9 E930 
  43      8F50 2A4A 
  43      A908 2F53 
  44 009d 28B7 2915 		.ascii	"(\267)\025\247\224\315c\3529\006q\232\216\003\326\347X\300\352"
  44      A794 CD63 
  44      EA39 0671 
  44      9A8E 03D6 
  44      E758 C0EA 
  45 00b1 B9A6 1B66 		.ascii	"\271\246\033f\310\nG\312\242v,\016\365\360\235\377\346\320\263"
  45      C80A 47CA 
  45      A276 2C0E 
  45      F5F0 9DFF 
  45      E6D0 B3
  46 00c4 7322 CB6B 		.ascii	"s\"\313kZ\035\374|\030\177\024s\332r\220\302"
  46      5A1D FC7C 
  46      187F 1473 
  46      DA72 90C2 
  47 00d4 A20B 5CEC 		.string	"\242\013\\\354\212A+\3240\\6\232\371\263\3376\033i\331R9\tm`\322\326;W\347\234B!\3518\205
  47      8A41 2BD4 
  47      305C 369A 
  47      F9B3 DF36 
  47      1B69 D952 
  48 01d5 145D 8AA2 		.string	"\024]\212\242\033)H\204fW\204\260\004\352\336\331\237\211HJ\200\013\270\222\250\300\335\3
  48      1B29 4884 
  48      6657 84B0 
  48      04EA DED9 
  48      9F89 484A 
  49 02be FE07 FE0D 		.string	"\376\007\376\r\246\277\244\301<,m0\345\222Bu8"
  49      A6BF A4C1 
  49      3C2C 6D30 
  49      E592 4275 
  49      3800 
  50 02d0 0B1E C9A3 		.ascii	"\013\036\311\243\177]l0\345\236\223\217\024\257x{BN.\360;O\356"
  50      7F5D 6C30 
  50      E59E 938F 
  50      14AF 787B 
  50      424E 2EF0 
  51 02e7 7F9E 03EA 		.ascii	"\177\236\003\352<\037\317\270\342\025\b\364\357;=\013\354\023"
  51      3C1F CFB8 
  51      E215 08F4 
  51      EF3B 3D0B 
  51      EC13 
  52 02f9 05FB 54DC 		.ascii	"\005\373T\334\351\ny\247\267N\027\270oO\376\200k\3153\034\236"
  52      E90A 79A7 
  52      B74E 17B8 
  52      6F4F FE80 
  52      6BCD 331C 
  53 030e A9DD 9415 		.ascii	"\251\335\224\025\255\331\261\" \347s\305\371\242\304\232\035"
  53      ADD9 B122 
  53      20E7 73C5 
  53      F9A2 C49A 
  53      1D
  54 031f 41AD F972 		.ascii	"A\255\371r.\323\274\022\246\021o\277A\327\232Tv\324u\311T\227"
  54      2ED3 BC12 
  54      A611 6FBF 
  54      41D7 9A54 
  54      76D4 75C9 
  55 0335 EB92 4501 		.ascii	"\353\222E\001\b\207\374]\362\272\304%\303\245.\251\224\024O\032"
  55      0887 FC5D 
  55      F2BA C425 
  55      C3A5 2EA9 
  55      9414 4F1A 
  56 0349 D387 34E9 		.ascii	"\323\2074\351\022\035\336\314pI\245\307%\266\353\222L\36729Y"
  56      121D DECC 
  56      7049 A5C7 
  56      25B6 EB92 
  56      4CF7 3239 
  57 035e E527 ADE6 		.ascii	"\345'\255\346/\355[%\355\273\031.\251F\240\177\273d\026\330\367"
  57      2FED 5B25 
  57      EDBB 192E 
  57      A946 A07F 
  57      BB64 16D8 
  58 0373 0AF6 8370 		.ascii	"\n\366\203pI\265@\031Y(\241\227\370!\351\376H#\ni\224\nD\021"
  58      49B5 4019 
  58      5928 A197 
  58      F821 E9FE 
  58      4823 0A69 
  59 038b 868A 66AB 		.ascii	"\206\212f\253B$W\203X\361e\321]\023\260\3221\205\377\261\344"
  59      4224 5783 
  59      58F1 65D1 
  59      5D13 B0D2 
  59      3185 FFB1 
  60 03a0 6571 6155 		.ascii	"eqaU@o\215\317\345\255\t\341-\372)|\362x\013\377\304i\237a{\356"
  60      406F 8DCF 
  60      E5AD 09E1 
  60      2DFA 297C 
  60      F278 0BFF 
  61 03ba BD78 3788 		.ascii	"\275x7\210\275LR\333B\023F7m\\\227\330\266q\363\206\255\265\353"
  61      BD4C 52DB 
  61      4213 4637 
  61      6D5C 97D8 
  61      B671 F386 
  62 03d1 D95F 3FD3 		.ascii	"\331_?\323<\004"
  62      3C04 
  63               		.text
  64               		.section	.gnu.lto_schedule_delayed_sleep.2dcd627,"",@progbits
  65 0000 789C 6D90 		.ascii	"x\234m\220?K\303P\024\305\357\271/mCQqsqp-\202\361\233\210~\004"
  65      3F4B C350 
  65      14C5 EFB9 
  65      2F6D 4351 
  65      7173 7170 
  66 001b 8B43 4197 		.ascii	"\213CA\227\342\236\327j\250qp3\233tl\375\3236\031\004\263\205"
  66      E29E D76A 
  66      A871 7033 
  66      9B74 6CFD 
  66      D336 1904 
  67 0031 E258 7072 		.ascii	"\342Xpr\022A\004;\024\207\bul\343}q\021\351].\357\334{\317\371"
  67      1241 043B 
  67      1487 0875 
  67      6CE3 7D71 
  67      11E9 5D2E 
  68 004a F12C 0299 		.ascii	"\361,\002\231\252J[\221\276f\036\212\300D\r\233!\252\266A.\303"
  68      AA4A 5B91 
  68      BE66 1E8A 
  68      C044 0D9B 
  68      21AA B641 
  69 0060 C537 CF18 		.ascii	"\3057\317\030\303\3268\346JGK\275}\234+\335M\340)\242\214s\027"
  69      C3D6 38E6 
  69      4A47 4BBD 
  69      7D9C 2BDD 
  69      4DE0 29A2 
  70 0077 4207 1592 		.ascii	"B\007\025\222\265\367h~\271\\<5k\033\277CtQ4Q\203\275Dg\331\211"
  70      B5F7 687E 
  70      B95C 3C35 
  70      6B1B BF43 
  70      7451 3451 
  71 0091 D6D9 769F 		.ascii	"\326\331v\237-\2424\277\374bij\214\3464\fv\314\252x\004\336\360"
  71      2DA2 34BF 
  71      FC62 696A 
  71      8CE6 340C 
  71      76CC AA78 
  72 00a8 A934 654F 		.ascii	"\2514eO\t\205<\343\370\363\245\344\316\364\231\326\253\242\371"
  72      0985 3CE3 
  72      F8F3 A5E4 
  72      CEF4 99D6 
  72      ABA2 F9
  73 00bb 926A E4C9 		.ascii	"\222j\344\311\350\371\261\334\306UC\347:\343FP\257\261\236\017"
  73      E8F9 B1DC 
  73      C655 43E7 
  73      3AE3 4650 
  73      AFB1 9E0F 
  74 00cf 2F1E 42DF 		.ascii	"/\036B\337vz\006C\357zJ\341\026m\314\363D\334\301\221\215\373"
  74      767A 0643 
  74      EF7A 4AE1 
  74      166D CCF3 
  74      44DC C191 
  75 00e5 D628 2A9B 		.ascii	"\326(*\233\020IAO\316\fC\032l\376g\260\0260X\276\302\"\206\002"
  75      1049 414F 
  75      CE0C 431A 
  75      6CFE 67B0 
  75      1630 58BE 
  76 00fd 06C2 D037 		.ascii	"\006\302\3207\f\b%\360\257O\001\204H&\0234\223W\313\244\344\377"
  76      0C08 25F0 
  76      AF4F 0184 
  76      4826 1334 
  76      9357 CBA4 
  77 0113 96B2 3809 		.ascii	"\226\2628\t\327\322am\3379\256\035\035\324\267\252\364\003B\230"
  77      D7D2 616D 
  77      DF39 AE1D 
  77      1DD4 B7AA 
  77      F403 4298 
  78 0127 7E2D      		.ascii	"~-"
  79               		.text
  80               		.section	.gnu.lto_sleep_timer_reset.2dcd627,"",@progbits
  81 0000 789C 8D91 		.ascii	"x\234\215\221?K\003A\020\305\347\355\346\222CT\354l,l\203\340"
  81      3F4B 0341 
  81      10C5 E7ED 
  81      E692 4354 
  81      EC6C 2C6C 
  82 0016 F931 EC44 		.ascii	"\3711\354D?\202b\021\320F\354o\023=\364\032;\3554\225$\376\211"
  82      3F82 6211 
  82      D046 EC6F 
  82      133D F41A 
  82      3BED 3495 
  83 002d B9A8 8557 		.ascii	"\271\250\205WD\216`#\bVV6b\221\"X\234\220Tr9g\327\024A\2028\315"
  83      448E 6023 
  83      0856 5636 
  83      6291 2258 
  83      9C90 5472 
  84 0049 B06F 66E7 		.ascii	"\260of\347\367f7C \035\217\234&9O\353\203$\b\242\242-\300\252"
  84      F766 3743 
  84      201D 8F9C 
  84      2639 4FEB 
  84      8324 08A2 
  85 0061 B241 AE80 		.ascii	"\262A\256\200\213\236H\004Z{\355P\344+\212\343\355\364D\252j"
  85      8B9E 4804 
  85      5A7B ED50 
  85      E42B 8AE3 
  85      EDF4 44AA 
  86 0076 044F 12A5 		.ascii	"\004O\022\245\302L!T\220'n{o\364\017'\262\273\272m\366\247\210"
  86      C24C 2154 
  86      9027 6E7B 
  86      6FF4 0F27 
  86      B2BB BA6D 
  87 008d 2AB2 1A55 		.ascii	"*\262\032U_\211T\232\356(\325[H\204E\024\233\233\237\202\223"
  87      5F89 549A 
  87      EE28 D55B 
  87      4884 4514 
  87      9B9B 9F82 
  88 00a2 6CA3 D40D 		.ascii	"l\243\324\r\232s\272\225g\034y\255\347\\Wx\222]\3601\f?^sn\242"
  88      9A73 BA95 
  88      671C 79AD 
  88      E75C 5778 
  88      925D F031 
  89 00bc F695 9A62 		.ascii	"\366\225\232b\315g\252\226;O/\017ce\034\027\225\321\005\316\331"
  89      CD67 AA96 
  89      3B4F 2F0F 
  89      6365 1C17 
  89      95D1 05CE 
  90 00d1 EA19 6698 		.ascii	"\352\031f\230x\2012\206\347\b\020.\271\2421qs\3617F\216\300H"
  90      7881 3286 
  90      E708 102E 
  90      B9A2 3171 
  90      73F1 3746 
  91 00e8 9FD5 1198 		.ascii	"\237\325\021\230\f\256\030S\323\030.\036\334\005\276\355\324"
  91      0CAE 1853 
  91      D318 2E1E 
  91      DC05 BEED 
  91      D4
  92 00f9 F4B6 6AD9 		.ascii	"\364\266j\331\223\026\352L\356\233\305\020\300\031\206X\354\241"
  92      9316 EA4C 
  92      EE9B C510 
  92      C019 8658 
  92      ECA1 
  93 010b 31F0 10DC 		.ascii	"1\360\020\334/\r<\374\027z\375\027\364\306@\365\033\343\026\216"
  93      2F0D 3CFC 
  93      177A FD17 
  93      F4C6 40F5 
  93      1BE3 168E 
  94 011f A174 508A 		.ascii	"\241tP\212\276,\r1\277\023\353*\333\032\337(\254:\333\205\315"
  94      BE2C 0D31 
  94      BF13 EB2A 
  94      DB1A DF28 
  94      AC3A DB85 
  95 0134 F5AD F935 		.ascii	"\365\255\3715\372\006\225\315\242\262"
  95      FA06 95CD 
  95      A2B2 
  96               		.text
  97               		.section	.gnu.lto_ready_to_sleep.2dcd627,"",@progbits
  98 0000 789C 2D8E 		.string	"x\234-\216=K\003q\f\306\363\344_\333Cjqs\271Ap\352\240W\360\233\370\021\024\207\202.\322\
  98      3D4B 0371 
  98      0CC6 F3E4 
  98      5FDB 436A 
  98      7173 B941 
  99 00b8 BDDE E773 		.ascii	"\275\336\347s.\234\311\221\310\262z\261\035P{\3748\034,\266p"
  99      2E9C C991 
  99      C8B2 7AB1 
  99      1D50 7BFC 
  99      381C 2CB6 
 100 00cd 5E95 D477 		.ascii	"^\225\324w\270\324\347/\340\247\303\343\273\333\330\013\326\225"
 100      B8D4 E72F 
 100      E0A7 C3E3 
 100      BBDB D80B 
 100      D695 
 101 00df 882B B430 		.ascii	"\210+\2640Oy\270F@\212\373>|\303\037\315)\220\306\340\377\216"
 101      4F79 B846 
 101      408A FB3E 
 101      7CC3 1FCD 
 101      2990 C6E0 
 102 00f5 D2D7 F475 		.ascii	"\322\327\364u\215\347\367\312\333A\245\274\277{\260\261C\277"
 102      8DE7 F7CA 
 102      DB41 A5BC 
 102      BF7B B0B1 
 102      43BF 
 103 0107 B198 56DE 		.ascii	"\261\230V\336"
 104               		.text
 105               		.section	.gnu.lto_timer0_reset.2dcd627,"",@progbits
 106 0000 789C 6D90 		.ascii	"x\234m\220?O\002A\020\305\347\315\036\334\305\250\261\263\261"
 106      3F4F 0241 
 106      10C5 E7CD 
 106      1EDC C5A8 
 106      B1B3 B1
 107 0013 30B1 A2F1 		.ascii	"0\261\242\361\370\024\366\372\0214\024$\332\030\373[\320\213"
 107      F814 F6FA 
 107      1134 1424 
 107      DA18 FB5B 
 107      D08B 
 108 0025 5E43 62A1 		.ascii	"^Cb\241\035\241\004\377 G\347u\027B\250L\254\254h\224D\nbq&X"
 108      1DA1 04FF 
 108      2047 E775 
 108      1742 A84C 
 108      ACAC 6894 
 109 003f C239 7B36 		.ascii	"\3029{6\3040\315d\337\314\274\367\313Z\0042U\222\266.}\323<\024"
 109      C430 CD64 
 109      DFCC BCF7 
 109      CB5A 0432 
 109      5592 B62E 
 110 0057 8189 2A0E 		.ascii	"\201\211*\016CT\355\200<\206\207\037\2361z\227\343\210\013M-"
 110      4354 ED80 
 110      3C86 871F 
 110      9E31 7A97 
 110      E388 0B4D 
 111 006c F5FE 392A 		.ascii	"\365\3769*\352V\f_\021\245\234\271\020\232(\220\254\215\272\363"
 111      EA56 0C5F 
 111      11A5 9CB9 
 111      109A 2890 
 111      AC8D BAF3 
 112 0080 9BB5 FC85 		.ascii	"\233\265\374\205Y\333\376\033\242\205\274\211\352\034\304:M\317"
 112      59DB FE1B 
 112      A285 BC89 
 112      EA1C C43A 
 112      4DCF 
 113 0092 B51E 166B 		.ascii	"\265\036\026k;\026Q\222]~\26345Fu\032\016>l\263+&\267~\357\325"
 113      3B16 5192 
 113      5D7E B334 
 113      3546 751A 
 113      0E3E 6CB3 
 114 00ac 9EB2 AF04 		.ascii	"\236\262\257\004C\236Q\3645\264\275\231\276\322zC\264@b\215<"
 114      439E 51F4 
 114      35B4 BD99 
 114      BED2 7A43 
 114      B440 628D 
 115 00c1 7979 EBAF 		.ascii	"yy\353\2574P\257\350Lg\334\013\353\035\266\262a\3559\f\034\267"
 115      3450 AFE8 
 115      4C67 DC0B 
 115      EB1D B6B2 
 115      61ED 390C 
 116 00d7 6D38 F4BE 		.ascii	"m8\364\276\257\024\036\320\300<\213\304#\334\305\020\005B[\316"
 116      AF14 1ED0 
 116      C03C 8BC4 
 116      23DC C510 
 116      0542 5BCE 
 117 00eb 0C44 32B8 		.ascii	"\fD2\270V\377!\254%\020V WK r\350\b\304\223\201@(\211\213>9\311"
 117      56FF 21AC 
 117      2510 5620 
 117      574B 2072 
 117      E808 C493 
 118 0107 E9CA 6482 		.ascii	"\351\312d\202j\\\3373)\331\317%,N\002\266z\\>t\317\312'\245\323"
 118      6A5C DF33 
 118      29D9 CF25 
 118      2C4E 02B6 
 118      7A5C 3E74 
 119 0120 DD23 FA05 		.ascii	"\335#\372\005h}\177\344"
 119      687D 7FE4 
 120               		.text
 121               		.section	.gnu.lto_timer0_preload_ms.2dcd627,"",@progbits
 122 0000 789C 2550 		.ascii	"x\234%P\273NBA\020\235\263\213@\020\005\013cCabAh|\374\204\037"
 122      BB4E 4241 
 122      109D B38B 
 122      4010 050B 
 122      6343 6162 
 123 001a 604C EC35 		.ascii	"`L\3545\026$\322\250=\003\327\353#\224\006\0221\204X\030PQ\320"
 123      1624 D2A8 
 123      3D03 D7EB 
 123      2394 0612 
 123      3184 5818 
 124 0031 6841 7743 		.ascii	"hAwC\264CLL\254,|\024\267 \026\230h\254\020g\257\323\314\316"
 124      B443 4C4C 
 124      AC2C 7C14 
 124      B720 1698 
 124      68AC 1067 
 125 0049 9939 67CE 		.ascii	"\2319g\316\254\217@&\226$\215I\2360\205&(\242LPAP\016\202\322"
 125      AC8F 4026 
 125      9624 8D49 
 125      9E30 8526 
 125      28A2 4C50 
 126 0062 0A69 7CAB 		.ascii	"\ni|\253\276Bk\307m\252D\205%^mw\226\253\016lM4P\236\n\241\202"
 126      BE42 6BC7 
 126      6DAA 4485 
 126      255E 6D77 
 126      96AB 0E6C 
 127 007d 844C DD0D 		.ascii	"\204L\335\r~\234\310\227\2625`H\217\275vi\330\224\nQ)\257\333"
 127      7E9C C897 
 127      B235 6048 
 127      8FBD 7669 
 127      D894 0A51 
 128 0094 B97C 5847 		.ascii	"\271|XG@\362.^\345^\302\361c\346,\363\3768k[k\234B\213\036N\020"
 128      40F2 2E5E 
 128      E55E C2F1 
 128      63E6 2CF3 
 128      FE38 6B5B 
 129 00af 4315 3112 		.ascii	"C\0251\022\210p\206\270\031\177\277\374\315\217\370\267\314\372"
 129      8870 86B8 
 129      197F BFFC 
 129      CD8F F8B7 
 129      CCFA 
 130 00c1 C9FF A5A8 		.ascii	"\311\377\245\250\301oN\250/8<\030X\314\207s\305\251!\3000\224"
 130      C16F 4EA8 
 130      2F38 3C18 
 130      58CC 8773 
 130      C5A9 21C0 
 131 00d7 707D 443D 		.ascii	"p}D=\317\334\247\222\244]X\215\355\316\301\242\241YZY\032\242"
 131      CFDC A792 
 131      A45D 588D 
 131      EDCE C1A2 
 131      A159 5A59 
 132 00ed 7A7F 54EB 		.ascii	"z\177T\353\370\215?\215\020\316e\245\213l\341m\324\314H\267`"
 132      F88D 3F8D 
 132      10CE 65A5 
 132      8B6C E16D 
 132      D4CC 48B7 
 133 0102 B71E 02A6 		.ascii	"\267\036\002\246;\3449n6?\236\003\351>\3572G\005\333\223\353"
 133      3BE4 396E 
 133      363F 9E03 
 133      E93E EF32 
 133      4705 DB93 
 134 0117 0DDC 6D3F 		.ascii	"\r\334m?\335\206\312(e\330\3035\352\362e\027\242Eh\240\f\331"
 134      DD86 CA28 
 134      65D8 C335 
 134      EAF2 6517 
 134      A245 68A0 
 135 012d 455D 649D 		.ascii	"E]d\235\233y\243\352\375UO\211o\361\024^K.\317l&S\253\353\323"
 135      9B79 A3EA 
 135      FD55 4F89 
 135      6FF1 145E 
 135      4B2E CF6C 
 136 0146 2BA4 521B 		.ascii	"+\244R\033\177\332<uA"
 136      7FDA 3C75 
 136      41
 137               		.text
 138               		.section	.gnu.lto_timer0_expired.2dcd627,"",@progbits
 139 0000 789C 6551 		.string	"x\234eQ=K\003A\020\235\267\273\227\204\220HJ\213+\004+A\342\211\177\302\332\237\240X\b\n\
 139      3D4B 0341 
 139      109D B7BB 
 139      9784 9048 
 139      4A8B 2B04 
 140 009e AEAC 2062 		.string	"\256\254 bf(\364\034\350 \360\264\2569k\255Q\020+(6\260\214!z5Xz\023\354\344\003\262{o\34
 140      6628 F41C 
 140      E820 F0B4 
 140      AE39 6BAD 
 140      5110 2B28 
 141 0163 4AB0 657D 		.ascii	"J\260e}g\t\177O\301\037\215m\330b\276<\314\307d\"_218\320\333"
 141      6709 7F4F 
 141      C11F 8D6D 
 141      D862 BE3C 
 141      CCC7 6422 
 142 017d 313A 30D4 		.ascii	"1:0\324?\222\356\243\037A\357\221\250"
 142      3F92 EEA3 
 142      1F41 EF91 
 142      A8
 143               		.text
 144               		.section	.gnu.lto_timer3s_reset.2dcd627,"",@progbits
 145 0000 789C 6D90 		.string	"x\234m\220\255O\003A\020\305\347\355^\333\203"
 145      AD4F 0341 
 145      10C5 E7ED 
 145      5EDB 8300 
 146 0010 C161 1024 		.ascii	"\301a\020$\250\032\256\177\005\036\376\004>D\223b\b\376\346\n"
 146      A81A AE7F 
 146      051E FE04 
 146      3E44 9362 
 146      08FE E60A 
 147 0024 1738 4330 		.ascii	"\0278C0\340He\313Gi\3538wi\220$(@\020\002AT\024\304\221\024\331"
 147      E048 65CB 
 147      4769 EB38 
 147      7769 9024 
 147      2840 1002 
 148 003f 1EB3 8B69 		.ascii	"\036\263\213iH\307L\366\315\314{\277\254C S[\322\346\244/\230"
 148      48C7 4CF6 
 148      CDCC 7BBF 
 148      AC43 2053 
 148      5BD2 E6A4 
 149 0055 8726 28A2 		.ascii	"\207&(\242\300U\020\225]\220\257\340\343G\r\025\272\207\275X"
 149      C055 1095 
 149      5D90 AFE0 
 149      E347 0D15 
 149      BA87 BD58 
 150 0069 15EB 2CF5 		.ascii	"\025\353,\365\036~\226\270\221 \324D\231\262.\204:\212$k\037"
 150      1E7E 96B8 
 150      9120 D444 
 150      99B2 2E84 
 150      3A8A 246B 
 151 007e 9DD1 E96C 		.ascii	"\235\321\351l\376\300\254-\375\r\321@\336D\265\326\023\316\262"
 151      FEC0 AC2D 
 151      FD0D D140 
 151      DE44 B5D6 
 151      13CE B2
 152 0091 7DE6 D752 		.ascii	"}\346\327Rk\331!J\355\345\267\222\246{\250\016\322\247`\312\354"
 152      6BD9 214A 
 152      EDE5 B792 
 152      A67B A80E 
 152      D2A7 60CA 
 153 00a6 8AC9 59D8 		.ascii	"\212\311Y\330}(\fT\250\005C\236q\374\365R\360\207|\304</Z$\261"
 153      7D28 0C54 
 153      A805 439E 
 153      71FC F552 
 153      F087 7CC4 
 154 00bf 46EE DF3F 		.ascii	"F\356\337?\336M\327p\036\260\325\025.\205\365\002\213vx|\333"
 154      DE4D D770 
 154      1EB0 D515 
 154      2E85 F502 
 154      8B76 787C 
 155 00d4 8E5C AF69 		.ascii	"\216\\\257i8x-\324\032W\250ad#q\ro<D\203\320\2243\003q\362\214"
 155      3878 2DD4 
 155      1A57 A861 
 155      6423 710D 
 155      6F3C 4483 
 156 00ef FF0C CE04 		.ascii	"\377\f\316\004\006'\222\243\t\f9\264\204\341\3060\240-\201\343"
 156      0627 92A3 
 156      090C 39B4 
 156      84E1 C630 
 156      A02D 81E3 
 157 0103 3E39 89E9 		.ascii	">9\211\351\310\244\217j\362\266jR\354\307\245J\234\204k\246R"
 157      C8A4 8F6A 
 157      F2B6 6A52 
 157      ECC7 A54A 
 157      9C84 6BA6 
 158 0118 DEF0 F6CA 		.ascii	"\336\360\366\312;\333\273+\233\364\013C\334\177\001"
 158      3BDB BB2B 
 158      9BF4 0B43 
 158      DC7F 01
 159               		.text
 160               		.section	.gnu.lto_timer3s_expired.2dcd627,"",@progbits
 161 0000 789C 6551 		.ascii	"x\234eQMKBQ\020\235s\357{*\242\342\262\305[\004\255\2040\243"
 161      4D4B 4251 
 161      109D 73EF 
 161      7B2A A2E2 
 161      B2C5 5B04 
 162 0018 3F        		.ascii	"?"
 163 0019 D1BA 9F60 		.string	"\321\272\237`\264\b\n\"\332{\365\371\250vE\330\"\bk\021\366m\006!R\221E\265\b\241U+\211>\
 163      B408 0A22 
 163      DA7B F5F9 
 163      A876 45D8 
 163      2208 6B11 
 164 011a 8007 BBAC 		.string	"\200\007\273\254\361\200d\331\216\376`\030\220\255\025>\374\035"
 164      F180 64D9 
 164      8EFE 6018 
 164      90AD 153E 
 164      FC1D 00
 165 012d 21AB 9BB4 		.ascii	"!\253\233\264\327\341Q\344\023\354b\343\322\247\261\377\2475"
 165      D7E1 51E4 
 165      13EC 62E3 
 165      D2A7 B1FF 
 165      A735 
 166 013f 5B82 B7C7 		.ascii	"[\202\267\307\036b|\007W\233\303\037!\253H\004\311\326\207\241"
 166      1E62 7C07 
 166      579B C31F 
 166      21AB 4804 
 166      C9D6 87A1 
 167 0153 3780 5907 		.ascii	"7\200Y\007\323\245\234W\353\023\200\034,Y\312\257\340\367)\370"
 167      D3A5 9C57 
 167      EB13 801C 
 167      2C59 CAAF 
 167      E0F7 29F8 
 168 0167 A3B1 0F4B 		.ascii	"\243\261\017K\324\362\023|L&\362%}c\243\321\276\251\321\361\221"
 168      D4F2 137C 
 168      4C26 F225 
 168      7D63 A3D1 
 168      BEA9 D1F1 
 169 017c C9F0 307D 		.ascii	"\311\3600}\003\335D\222\215"
 169      03DD 4492 
 169      8D
 170               		.text
 171               		.section	.gnu.lto_make_annoying_beep.2dcd627,"",@progbits
 172 0000 789C 8D92 		.ascii	"x\234\215\222\315k\023A\030\306\347\231\331MbR\255\342\305C\020"
 172      CD6B 1341 
 172      18C6 E799 
 172      D94D 6252 
 172      ADE2 C543 
 173 0015 C143 E945 		.ascii	"\301C\351E+\365\177\360\356\237\240\364PP\020\351\305S&\311\256"
 173      2BF5 7FF0 
 173      EE9F A0F4 
 173      5050 10E9 
 173      C553 26C9 
 174 002a D5E2 C741 		.ascii	"\325\342\307A\264\027%\210\306~\370\321\304\246\306\325TbLi\017"
 174      B417 2588 
 174      C67E F8D1 
 174      C4A6 C6D5 
 174      5462 4C69 
 175 003f A1A2 E245 		.ascii	"\241\242\342E{\320\202-\224\212\211\215U\3246\2763\263Y\321\203"
 175      7BD0 822D 
 175      948A 898D 
 175      55D4 36BE 
 175      33B3 59D1 
 176 0054 3887 9D9D 		.ascii	"8\207\235\235w\336\367\367>\317\314X\fL\r!\030\333I\363A\265"
 176      77DE F7F7 
 176      3ECF CC58 
 176      0C4C 0D21 
 176      18DB 49F3 
 177 006a 0831 70C6 		.ascii	"\b1p\306\222\021\316)*\243\026}:\004l\025\262\314d\203\312d\004"
 177      9211 CE29 
 177      2AA3 167D 
 177      3A04 6C15 
 177      B2CC 6483 
 178 0081 2CC1 8565 		.ascii	",\301\205e#\201/|\203\2432\270\344\361\356\021I\343]\366s\217"
 178      2381 2F7C 
 178      83A3 32B8 
 178      E4F1 EE11 
 178      49E3 5DF6 
 179 0097 1C2D C325 		.ascii	"\034-\303%B\213\353\026\f#\350\246\254\353\305\305|\247\350\004"
 179      428B EB16 
 179      0C23 E8A6 
 179      ACEB C5C5 
 179      7CA7 E804 
 180 00ab A37F E7FB 		.ascii	"\243\177\347\373BaKWV\312\224\224\227vH\341\n`\024\202*\320\033"
 180      4261 4B57 
 180      56CA 9494 
 180      9776 48E1 
 180      0A60 1482 
 181 00c2 474F 9C51 		.ascii	"GO\234Q\200a\f]*y1\277yyk\310Q\370=\006\212q\204\224\376\211"
 181      8061 0C5D 
 181      2A79 31BF 
 181      7979 6BC8 
 181      51F8 3D06 
 182 00dc C365 D96A 		.ascii	"\303e\331j\245\245\314\034X\330\033%q\252\202\325u\337\006\247"
 182      A5A5 CC1C 
 182      58D8 1B25 
 182      71AA 82D5 
 182      75DF 06A7 
 183 00f0 492C A1D2 		.ascii	"I,\241\322\314}x*T\005\241\256\270\225\347\341&w\005\3272f\316"
 183      CC7D 782A 
 183      5405 A1AE 
 183      B895 E7E1 
 183      2677 05D7 
 184 0107 4FD6 6266 		.ascii	"O\326bfYU\353\225\322\372\305p\006\327\222NR\312\230+\004\356"
 184      5955 EB95 
 184      D2FA C570 
 184      06D7 924E 
 184      52CA 982B 
 185 011d 208E DB88 		.ascii	" \216\333\210S\313\273\310\200Rn\254\027\346\267\251\022\201"
 185      53CB BBC8 
 185      8052 6EAC 
 185      17E6 B7A9 
 185      1281 
 186 012f 670C F768 		.ascii	"g\f\367hK\265\250\377n1\\\376\271\351\267\230Q\314W\336\370Z"
 186      4BB5 A8FF 
 186      6E31 5CFE 
 186      B9E9 B798 
 186      51CC 57DE 
 187 0145 EC0F E644 		.ascii	"\354\017\346D\300\314\031\346\217o\363\323a\303\214!O;\357\341"
 187      C0CC 19E6 
 187      8F6F F3D3 
 187      61C3 8C21 
 187      4F3B EFE1 
 188 0159 BC49 172F 		.ascii	"\274I\027/\354R\310\264\260)\245P\235=\035Q)\026\200\373\252"
 188      EC52 C8B4 
 188      B029 A550 
 188      9D3D 1D51 
 188      2916 80FB 
 189 016e 585B 14DA 		.ascii	"X[\024\332b\252\231[~a\377m\321\326\026=o\365m8\261!\317H\271"
 189      62AA 995B 
 189      7E61 FF6D 
 189      D1D6 163D 
 189      6FF5 6D38 
 190 0187 9D62 67A9 		.ascii	"\235bg\251B;\255\275\256F\225*\251\343@\201.sR\213\2322\242\246"
 190      423B ADBD 
 190      AE46 952A 
 190      A9E3 4081 
 190      2E73 528B 
 191 019f 066B F9A8 		.ascii	"\006k\371\250\342PC<h\373\\n\264}&\207>I\337\347\254\"\336\272"
 191      E250 433C 
 191      68FB 5C6E 
 191      B47D 2687 
 191      3E49 DFE7 
 192 01b7 F975 CE6E 		.ascii	"\371u\316n\373\354e\312L10\372\3200\327\262W\207#\306\250\004"
 192      FBEC 65CA 
 192      4C31 30FA 
 192      D030 D7B2 
 192      5787 23C6 
 193 01cd 3C6D A3C1 		.ascii	"<m\243\301-\377\236\352\253\001\374\237\260G\006\366r\310\331"
 193      2DFF 9EEA 
 193      AB01 FC9F 
 193      B047 06F6 
 193      72C8 D9
 194 01e0 6D58 73C0 		.ascii	"mXs\300c-\220\016\342cp\020\377\353\274\0248\2376\340R\346\334"
 194      632D 900E 
 194      E263 7010 
 194      FFEB BC14 
 194      389F 36E0 
 195 01f7 98EF 9CE3 		.ascii	"\230\357\234\343\211/\222\236\277XA\252\354\035Rx}\374uzD\214"
 195      892F 929E 
 195      BF58 41AA 
 195      EC1D 5278 
 195      7DFC 757A 
 196 020d 1E59 C7B1 		.ascii	"\036Y\307\261\376#\373\007\372\217\367\235\334w\224Y\003\247"
 196      FE23 FB07 
 196      FA8F F79D 
 196      DC77 9459 
 196      03A7 
 197 021f 4EF4 FD02 		.ascii	"N\364\375\002\022B\r\376"
 197      1242 0DFE 
 198               		.text
 199               		.section	.gnu.lto___vector_16.2dcd627,"",@progbits
 200 0000 789C 9D55 		.string	"x\234\235UMO\324P\024}\367\365s:\323\031wn0\260qAL\324\275\0137\256\\\372\0234.HtC\334S\0
 200      4D4F D450 
 200      147D F7F5 
 200      733A D319 
 200      776E 30B0 
 201 003b 228A F81D 		.ascii	"\"\212\370\035\214Q\\\240\202\211 \003\304\b\324{\373\332\307"
 201      8C51 5CA0 
 201      8289 2003 
 201      C408 D47B 
 201      FBDA C7
 202 004e 8748 1CBB 		.ascii	"\207H\034\273xmo\357;\347\334\336{Z\225\001\243\343\200\301X"
 202      786D 6FEF 
 202      3BE7 DCDE 
 202      7B5A 9501 
 202      A3E3 80C1 
 203 0063 1CCF CD74 		.ascii	"\034\317\315t\263\215\001g\254\322\344\\a\314\261\"\270\304\024"
 203      B38D 0167 
 203      ACD2 E45C 
 203      61CC B122 
 203      B8C4 14
 204 0076 AED2 B546 		.ascii	"\256\322\265F\327*$\350\261\306u\n\031\024\322E\310\340&\205"
 204      D72A 24E8 
 204      B1C6 750A 
 204      1914 D245 
 204      C8E0 2685 
 205 008a 1214 3245 		.ascii	"\022\0242E(\302-"
 205      28C2 2D
 206 0091 0AC5 2964 		.string	"\n\305)d\361(]\307\350:*\036\307\270-w\330\"\024\027\247\004\2404\307\004V\301\025U\323\r
 206      F128 5DC7 
 206      E83A 2A1E 
 206      C7B8 2D77 
 206      D822 1417 
 207 0192 4B4A B274 		.ascii	"KJ\262t\"\013bS\255o\223\345\253\362\373^/\275Q\004\215\247\300"
 207      220B 6253 
 207      AD6F 93E5 
 207      ABF2 FB5E 
 207      2FBD 5104 
 208 01a9 2D59 AC2A 		.ascii	"-Y\254*\212\315w\314\237\325\n$\275-I\273\220t\355+\302\356\303"
 208      8ACD 77CC 
 208      9FD5 0A24 
 208      BD2D 49BB 
 208      9074 ED2B 
 209 01c0 1D51 4A7E 		.ascii	"\035QJ~f\376\254\261)\360\337\333\326-\333vw\003\260\212\300"
 209      66FE ACB1 
 209      29F0 DFDB 
 209      D62D DB76 
 209      7703 B08A 
 210 01d5 691F 3893 		.ascii	"i\0378\223\237Y\350\017\025\313\347\206\337\233\013\356\322J"
 210      9F59 E80F 
 210      15CB E786 
 210      DF9B 0BEE 
 210      D24A 
 211 01e7 709B A3FB 		.ascii	"p\233\243\373\027\351\326\271(\021T#\305>\2347\023\356C\021\334"
 211      17E9 D6B9 
 211      2811 5423 
 211      C53E 9C37 
 211      13EE 4311 
 212 01fc F329 7A04 		.ascii	"\363)z\004\305\312\364\304\264M{L\320\2407\240\350X\224\024\271"
 212      C5CA F4C4 
 212      B44D 7B4C 
 212      D0A0 37A0 
 212      E858 9414 
 213 0211 FA5B 2351 		.ascii	"\372[#Q\201\231\365E\367,4\030\3531\037H\314\276\r\262\321f\340"
 213      8199 F545 
 213      F72C 3418 
 213      EB31 1F48 
 213      CCBE 0DB2 
 214 0228 FAAF 7C16 		.ascii	"\372\257|\026'\237)~s\372\032v\005\203\200\251\277\206&\373\022"
 214      279F 297E 
 214      73FA 1A76 
 214      0583 80A9 
 214      BF86 26FB 
 215 023d 417B 18F4 		.ascii	"A{\030\364\313\366\350~{2\3713K\341HT\236\376\356\004\305\r\222"
 215      CBF6 E87E 
 215      7B32 F933 
 215      4BE1 4854 
 215      9EFE EE04 
 216 0254 902B 9717 		.ascii	"\220+\227\027\207\264\365B2R\310C!\244\366\253\323\253\n!%\220"
 216      87B4 F542 
 216      3252 C843 
 216      21A4 F6AB 
 216      D3AB 0A21 
 217 026a 0D84 18A1 		.ascii	"\r\204\030\241\220\317k\205|p{\306M!d?\344\244\0163\324\261\034"
 217      90CF 6B85 
 217      7C70 7BC6 
 217      4D21 643F 
 217      E4A4 0E33 
 218 0281 EAD8 9277 		.ascii	"\352\330\222w@\3606/$\353\243\202\327e0\030\020G\004\361xr\256"
 218      40F0 362F 
 218      24EB A382 
 218      D765 3018 
 218      1047 04F1 
 219 0298 A178 D58C 		.ascii	"\241x\325\2149o\321M\b3r\030\222\304Vh\306\225\320\214v\001#"
 219      396F D14D 
 219      0833 7218 
 219      92C4 5668 
 219      C695 D08C 
 220 02af FA48 8EE8 		.ascii	"\372H\216\350\360\006\367\305\021\350\277\355\366X\302\216\370"
 220      F006 F7C5 
 220      11E8 BFED 
 220      F658 C28E 
 220      F8
 221 02c0 768B AFB3 		.ascii	"v\213\257\263\033\t\274\326\366\356\207\035\364\263\030\236\310"
 221      1B09 BCD6 
 221      F6EE 871D 
 221      F4B3 189E 
 221      C8
 222 02d1 72A2 A1DD 		.ascii	"r\242\241\335\274\202\355\366T\222\216\"\351\252\277\274\202"
 222      BC82 EDF6 
 222      5492 8E22 
 222      E9AA BFBC 
 222      82
 223 02e2 FDF5 4CFA 		.ascii	"\375\365L\372k\214\220\244\241\262\231P\323\226\216yN\233\244"
 223      6B8C 90A4 
 223      A1B2 9950 
 223      D396 8E79 
 223      4E9B A4
 224 02f5 4572 72D3 		.ascii	"Err\323\226\226xA\233B\017\304\302\321k?\027\214^|\315'\311\016"
 224      9696 7841 
 224      9B42 0FC4 
 224      C2D1 6B3F 
 224      178C 5E7C 
 225 030d 676D 80FF 		.ascii	"gm\200\377\313\254\275\024\263\366\263i\254;\230\361\035\360"
 225      CBAC BD14 
 225      B3F6 B369 
 225      AC3B 98F1 
 225      1DF0 
 226 031f 2A20 C2FF 		.ascii	"* \302\377\242\362\005\222nj8FP\177~\270#\036\247?\325k\250@"
 226      A2F2 0592 
 226      6E6A 3846 
 226      507F 7EB8 
 226      231E A73F 
 227 0337 548B 516E 		.ascii	"T\213Qn\247\265yj\324\243\237\023\274\361Sc><\376I\225)\250r"
 227      A7B5 796A 
 227      D4A3 9F13 
 227      BCF1 5363 
 227      3E3C FE49 
 228 034f BB0F FA5B 		.ascii	"\273\017\372[\350\230!<\314\213\035+;\274\347D\331\361\243\345"
 228      E898 213C 
 228      CC8B 1D2B 
 228      3BBC E744 
 228      D9F1 A3E5 
 229 0363 BB8F B0DF 		.ascii	"\273\217\260\3370Ix("
 229      3049 7828 
 230               		.text
 231               		.section	.gnu.lto_.symbol_nodes.2dcd627,"",@progbits
 232 0000 789C 55CE 		.string	"x\234U\316\301\r\002!\020\205\3417\f\354.\313\256\"\r\250'\313\034\264"
 232      C10D 0221 
 232      1085 E137 
 232      0CEC 2ECB 
 232      AE22 0DA8 
 233 0019 630B 96A1 		.string	"c\013\226\241G\013\260\007\023\217\326`D\210&s\372\223\357e\b\026\204\035\0010\275"
 233      470B B007 
 233      138F D660 
 233      4488 2673 
 233      FA93 EF65 
 234 0035 A73B 5072 		.ascii	"\247;Pr\311\347\314\200s\310\t`\007j%\323\312\334jl\255\351\204"
 234      C9E7 CC80 
 234      73C8 0960 
 234      076A 25D3 
 234      CADC 6A6C 
 235 004c 7EA7 D7BC 		.ascii	"~\247\327\274-o\rb4xa\r\243X\rA\234\206I:\r\263\364\032\0262"
 235      2D6F 0D62 
 235      3478 610D 
 235      A358 0D41 
 235      9C86 493A 
 236 0066 6858 8A57 		.ascii	"hX\212W\340\254k\037\2142\376\207\375wXuu\240$\241\016@\316\233"
 236      E0AC 6B1F 
 236      8C32 FE87 
 236      FD77 5875 
 236      75A0 24A1 
 237 007e 02C1 E3F0 		.ascii	"\002\301\343\360x\023\317Sk\004n\307\327\232c\302\263\024\037"
 237      7813 CF53 
 237      6B04 6EC7 
 237      D79A 63C2 
 237      B314 1F
 238 0091 2E0B 3C61 		.ascii	".\013<a"
 239               		.text
 240               		.section	.gnu.lto_.refs.2dcd627,"",@progbits
 241 0000 789C 158C 		.string	"x\234\025\214[\016\3020\020\304\306\273\033\332\362h\272( @B 86\227%\371\233\261d\207\320
 241      5B0E C230 
 241      10C4 C6BB 
 241      1BDA F268 
 241      BA28 2040 
 242 0024 0B59 C126 		.ascii	"\013Y\301&l\201=\266B\205M\244\274\341W\374\006w\361P<\211\227"
 242      6C81 3DB6 
 242      4285 4DA4 
 242      BCE1 57FC 
 242      0677 F150 
 243 003b CA9B F8C0 		.ascii	"\312\233\370\300\327v\f\333\274\233c\2003\367\340\310@Xo\025"
 243      D776 0CDB 
 243      BC9B 6380 
 243      33F7 E0C8 
 243      4058 6F15 
 244 004f E330 C871 		.ascii	"\3430\310q\0207N\343\254\324\240N\313\246\212\322\311BN\324Y"
 244      1037 4EE3 
 244      ACD4 A04E 
 244      CBA6 8AD2 
 244      C942 4ED4 
 245 0064 B991 67B2 		.ascii	"\271\221g\262Q/\372\003k\355\004E"
 245      512F FA03 
 245      6BED 0445 
 246               		.text
 247               		.section	.gnu.lto_.decls.2dcd627,"",@progbits
 248 0000 789C 8D56 		.ascii	"x\234\215V{PT\327\031\277\337=\313kw\001c\214\303\037L\207\311"
 248      7B50 54D7 
 248      19BF DF3D 
 248      CB6B 7701 
 248      638C C31F 
 249 0017 900E 4D27 		.ascii	"\220\016M'D\342\fu:\323i\307j\323\231>H\253I\373\0073\233\205"
 249      44E2 0C75 
 249      3AD3 69C7 
 249      6AD3 993E 
 249      48AB 49FB 
 250 002f BDD1 1D97 		.ascii	"\275\321\035\227\305\262\213\243\177\365\3622\004\037\215U\321"
 250      C5B2 8BA3 
 250      7FF5 F232 
 250      041F 8D55 
 250      D1
 251 0040 602C D4F8 		.ascii	"`,\324\370B\020\226$\030\300\327\202\3626\"\032A\245\206\005"
 251      4210 9624 
 251      18C0 D782 
 251      F236 221A 
 251      41A5 8605 
 252 0054 DFEF 5509 		.ascii	"\337\357U\t\bH\350w\036\227\275\213\241\345\016\337\236{\316"
 252      0848 E877 
 252      1E97 BD8B 
 252      A1E5 0EDF 
 252      9E7B CE
 253 0067 F99D DFF7 		.ascii	"\371\235\337\367}\277\363\235s1H \321\347\307\221\222\364\272"
 253      7DBF F39D 
 253      7331 4820 
 253      D1E7 C791 
 253      92F4 BA
 254 007a 2C49 7544 		.ascii	",IuD\222&\3611\343\330{ht6V\342\017\035\253D\253B\363\240\325"
 254      9226 F131 
 254      E3D8 7B68 
 254      7436 56E2 
 254      0F1D AB44 
 255 0093 A135 A035 		.ascii	"\2415\2405\243\265\242\265\243u\242\365\242\371\320\006\321\302"
 255      A3B5 A2B5 
 255      A375 A2F5 
 255      A2F9 D006 
 255      D1C2 
 256 00a5 D086 D046 		.ascii	"\320\206\320F\320F\321\306\321&$N,\203\024\364P\356\b\341\227"
 256      D046 D1C6 
 256      D126 244E 
 256      2C83 14F4 
 256      50EE 08E1 
 257 00ba FA4C 419B 		.ascii	"\372LA\233\213F\020\367\020[\003\266M"
 257      8B46 10F7 
 257      105B 03B6 
 257      4D
 258 00c7 D8DE A6EF 		.string	"\330\336\246\357h~\264GhO\321\036\210X)G\310L>u\017\315!T\370\322\370o\353|\200\340\006\2
 258      687E B447 
 258      684F D11E 
 258      8858 2947 
 258      C84C 3E75 
 259 01c8 B216 83A4 		.ascii	"\262\026\203\244#\326B\001\375#\202\201\200\f\230\375p\357\376"
 259      23D6 4201 
 259      FD23 8281 
 259      800C 98FD 
 259      70EF FE
 260 01db 5D61 0453 		.ascii	"]a\004S\307\367\376\321\203\277I\254T\361\371XU\345\327\003\022"
 260      C7F7 FED1 
 260      83BF 49AC 
 260      54F1 F958 
 260      55E5 D703 
 261 01f0 DDBD 7C7A 		.ascii	"\335\275|zOTL1\235\361\252j\034\300{\363aa,,\300\235\201C\020"
 261      4F54 4C31 
 261      9DF1 AA6A 
 261      1CC0 7BF3 
 261      6161 2C2C 
 262 0209 3385 EBFA 		.ascii	"3\205\353\372\267o\3000\013\334\330\371\215\237\302\253e\252"
 262      B76F C030 
 262      0BDC D8F9 
 262      8D9F C2AB 
 262      65AA 
 263 021b D7A3 FA46 		.ascii	"\327\243\372F\356\333\273Uu"
 263      EEDB BB55 
 263      75
 264 0224 A74A F115 		.string	"\247J\361\025\020\003\007\201@9$\322\030\361\2256\007\240\0173\251\204Wq\345\371\311\236*
 264      1003 0781 
 264      4039 24D2 
 264      18F1 9536 
 264      07A0 0F33 
 265 0325 4BBD 9EA5 		.ascii	"K\275\236\245\201\261\374\353n\336Y\023\271\310i\366\215\215"
 265      81B1 FCEB 
 265      6EDE 5913 
 265      B9C8 69F6 
 265      8D8D 
 266 0337 FB09 CA94 		.ascii	"\373\t\312\224\202\262M\022\235n)\\\267\023[\372n\032\311-\016"
 266      82B2 4D12 
 266      9D6E 295C 
 266      B713 5BFA 
 266      6E1A C92D 
 267 034c 6E9E 1CF1 		.ascii	"n\236\034\361F\343\334\\#\310\264\n\374gv\233\260;\317\bsP\326"
 267      46E3 DC5C 
 267      23C8 B40A 
 267      FC67 769B 
 267      B03B CF08 
 268 0363 4DC7 073F 		.ascii	"M\307\007?\226!\301\250\351\265d\220\351\325\204:\234\b\004\224"
 268      9621 C1A8 
 268      E9B5 6490 
 268      E9D5 843A 
 268      9C08 0494 
 269 0377 42F5 62CA 		.ascii	"B\365b\312\237SU\343\316(\t\274\250\363I\324\031\032Q\374\024"
 269      9F53 55E3 
 269      CE28 09BC 
 269      A8F3 49D4 
 269      191A 51FC 
 270 038c 21FE 711C 		.ascii	"!\376q\034<\206\203\264P6\036\335\036n\300\303\310\250\322\f"
 270      3C86 83B4 
 270      5036 1EDD 
 270      1E6E C0C3 
 270      C8A8 D20C 
 271 03a0 74AC 7E58 		.ascii	"t\254~X\255\f\235\241\304OS\261\341\024\030\270\336\205=g\367"
 271      AD0C 9DA1 
 271      C44F 53B1 
 271      E114 18B8 
 271      DE85 3D67 
 272 03b5 9935 BD7D 		.ascii	"\2315\275}\346\036\255\312\021\006G\003q\035\325\013\325\314"
 272      E61E ADCA 
 272      1106 4703 
 272      711D D50B 
 272      D5CC 
 273 03c7 843A D4D8 		.ascii	"\204:\324\330\362\205\201\370y\356Mmm]Q\242D\353[\314Sz\323]"
 273      F285 81F8 
 273      79EE 4D6D 
 273      6D5D 51A2 
 273      44EB 5BCC 
 274 03df 6B09 D0B4 		.ascii	"k\t\320\264\350iZ\031\315\304\331\211-!d\222\323l\332\276\361"
 274      E869 5A19 
 274      CDC4 D989 
 274      2D21 6492 
 274      D36C DABE 
 275 03f4 7C84 D8B6 		.ascii	"|\204\330\266\313\323\266\255-@\323\246\247ig4\237\227\226\f"
 275      CBD3 B6AD 
 275      2D40 D3A6 
 275      A769 6734 
 275      9F97 960C 
 276 0408 01D9 C4EF 		.ascii	"\001\331\304\357\210\321m\247\252\265C\367tZ4\035\001\232\016"
 276      88D1 6DA7 
 276      AAB5 43F7 
 276      745A 341D 
 276      019A 0E
 277 041b 3D4D 27A3 		.ascii	"=M'\243\371jk\353\363\b\262[\016\332\320w\370\206n.\332\271+"
 277      F96A 6BEB 
 277      F308 B25B 
 277      0EDA D077 
 277      F886 6E2E 
 278 0432 8278 F85C 		.ascii	"\202x\370\\ncIg(\312\016g\221\357k\334\n:X\\\345)7\221c\034q"
 278      6E63 4967 
 278      28CA 0E67 
 278      91EF 6BDC 
 278      0A3A 585C 
 279 044d EADB AAA7 		.ascii	"\352\333\252\2472E\234C\304Oc\241\013\330\336\374\243k`\"\204"
 279      3245 9C43 
 279      C44F 63A1 
 279      0BD8 DEFC 
 279      A36B 6022 
 280 0462 B432 8CFC 		.ascii	"\2642\214\374eC\333a3\204'\254ggM\315\r\245;.\016\333y\\v\001"
 280      6543 DB61 
 280      3384 27AC 
 280      6767 4DCD 
 280      0DA5 3B2E 
 281 047c C269 B0F0 		.ascii	"\302i\260\360\r\356}7\030\246\035\272\356\0363.\004\212\222D"
 281      0DEE 7D37 
 281      18A6 1DBA 
 281      EE1E 332E 
 281      048A 9244 
 282 0490 4EE2 146D 		.ascii	"N\342\024m\334\226?\031\311\212\2022\360\242(\037\276\337\026"
 282      DC96 3F19 
 282      C98A 8232 
 282      F0A2 281F 
 282      BEDF 16
 283 04a3 3D43 51F4 		.ascii	"=CQ\364\260\242\270\250\025\305\365\356\n\017\210\242\030\336"
 283      B0A2 B8A8 
 283      15C5 F5EE 
 283      0A0F 88A2 
 283      18DE 
 284 04b5 1B35 A51F 		.ascii	"\0335\245\037\302\340L@\2773z\375z\231~'7\364\327\204\220\253"
 284      C2E0 4C40 
 284      BF33 7AFD 
 284      7A99 7E27 
 284      37F4 D784 
 285 04cb 5C81 E2AA 		.ascii	"\\\201\342\252\243\036\023\271\303;[\256\235y\020B\345\270\314"
 285      A31E 13B9 
 285      C33B 5BAE 
 285      9D79 1042 
 285      E5B8 CC
 286 04de 56E1 4865 		.ascii	"V\341He\323'\035&\342\027\327\272\377\301_\350l\037\316\302\025"
 286      D327 1D26 
 286      E217 D7BA 
 286      FFC1 5FE8 
 286      6C1F CEC2 
 287 04f3 2ED5 869A 		.ascii	".\325\206\232\212\3432\371\216\003\276\331Y\\\007\024q\225\""
 287      8AE3 32F9 
 287      8E03 BED9 
 287      595C 0714 
 287      7195 22
 288 0506 FEC3 11FF 		.ascii	"\376\303\021\377\353\316\357g9\245\211\224z6\035\361G\210\222"
 288      EBCE EF67 
 288      39A5 8994 
 288      7A36 1DF1 
 288      4788 92
 289 0519 38FE 7681 		.ascii	"8\376v\201\332\230\203+d\n\202KZF\360-J|I\237\224\217%u\273m"
 289      DA98 832B 
 289      640A 824B 
 289      5A46 F02D 
 289      4A7C 499F 
 290 0533 C41F 460A 		.ascii	"\304\037F\n\t\213\343j\316\336\032z`|\270\001W\257\374\242G-"
 290      098B E36A 
 290      CEDE 1A7A 
 290      607C B801 
 290      57AF FCA2 
 291 0549 8B61 E539 		.string	"\213a\3459\020\320e\200Q\340\313 [\276\257\360d\236\211\354\345\313\233\236x\016\230\371\
 291      10D0 6580 
 291      51E0 CB20 
 291      5BBE AFF0 
 291      649E 89EC 
 292 064a A8E7 C0F9 		.ascii	"\250\347\300\371\311V\363k\237\341\307\n]o\224\325\005\f\177"
 292      C956 F36B 
 292      9FE1 C70A 
 292      5D6F 94D5 
 292      050C 7F
 293 065d 8D97 C594 		.ascii	"\215\227\305\224(\327hm\300\020\274F\257\276\252\361c\362\020"
 293      28D7 686D 
 293      C010 BC46 
 293      AFBE AAF1 
 293      63F2 10
 294 0670 FF06 5086 		.ascii	"\377\006P\206\177V\026\225\030\311c\261W\271\343\267B(\335\036"
 294      7F56 1695 
 294      18C9 63B1 
 294      57B9 E3B7 
 294      4228 DD1E 
 295 0684 D55B D141 		.ascii	"\325[\321A\351(lX\320i_\005\211\215|G\277\017#\214s\374\371\361"
 295      E928 6C58 
 295      D069 5F05 
 295      898D 7C47 
 295      BF0F 238C 
 296 069c AD61 6492 		.ascii	"\255ad\222st\366\267^5\t\216J\254Q\312\360\354\005\206g\032\303"
 296      7374 F6B7 
 296      5E35 098E 
 296      4AAC 51CA 
 296      F0EC 0586 
 297 06b3 2863 C86B 		.ascii	"(c\310k\310\361\311\244\310\300\030Z\275\035\237\204\n\006\317"
 297      C8F1 C9A4 
 297      C8C0 185A 
 297      BD1D 9F84 
 297      0A06 CF
 298 06c6 3C95 308A 		.ascii	"<\2250\212\261\027(\3064\212qF\361d\177\213\nd3\247\350\253^"
 298      B117 28C6 
 298      348A 7146 
 298      F164 7F8B 
 298      0A64 33A7 
 299 06dd DF45 0445 		.ascii	"\337E\004E\225\b\342\371\013\f\3175\206\t\306pa\340\306!Z\305"
 299      9508 E2F9 
 299      0B0C CF35 
 299      8609 C670 
 299      61E0 C621 
 300 06f3 B542 9A73 		.ascii	"\265B\232s=[/\231H1gl\3321V\035%\030k\313p\217\274\374\377\211"
 300      3D5B 2F99 
 300      4831 676C 
 300      DA31 561D 
 300      2518 6BCB 
 301 070d C969 5AD3 		.ascii	"\311iZ\323\376\367\224S\225)g\356\243+[\fd\017\347(\357\272\230"
 301      FEF7 9453 
 301      9529 67EE 
 301      A32B 5B0C 
 301      640F E728 
 302 0724 A325 76B2 		.ascii	"\243%v\262u>\275\342\342\246\222\303c\257\013-G\026\241\3452"
 302      753E BDE2 
 302      E2A6 92C3 
 302      63AF 0B2D 
 302      4716 A1E5 
 303 0739 9AC6 031D 		.ascii	"\232\306\003\0357\301\\\024\370F\263}\016\300\363d3;\374\330"
 303      37C1 5C14 
 303      F846 B37D 
 303      0EC0 F364 
 303      333B FCD8 
 304 074d 22BA A4EC 		.ascii	"\"\272\244\354a\215)\bM\235\004\320\371\002\235\317\320\376m"
 304      618D 2908 
 304      4D9D 04D0 
 304      F902 9DCF 
 304      D0FE 6D
 305 0760 9E84 2030 		.ascii	"\236\204 0\275Y\002\340\002\001.`\340Y\375#\013\353\345\230Y"
 305      BD59 02E0 
 305      0201 2E60 
 305      E059 FD23 
 305      0BEB E598 
 306 0775 633F 64D8 		.ascii	"c?d\330\316\016\177u\224\021/\233\274Y\374\373\207\370\366\366"
 306      CE0E 7F75 
 306      9411 2F9B 
 306      BC59 FCFB 
 306      87F8 F6F6 
 307 0789 B1E1 B0A0 		.ascii	"\261\341\260\240\250\013e}\212\037\211\250?bQ\267>:P\021\035"
 307      A80B 657D 
 307      8A1F 89A8 
 307      3F62 51B7 
 307      3E3A 5011 
 308 079e 84AE 0D12 		.ascii	"\204\256\r\022\244H\240\213\030z\250\373\302\256`\261+\202\024"
 308      A448 A08B 
 308      187A A8FB 
 308      C2AE 60B1 
 308      2B82 14
 309 07b1 D920 D0B4 		.ascii	"\331 \320\264\215v\3333\224\254\005\226t\253\303\221fM_\025\376"
 309      8D76 DB33 
 309      94AC 0596 
 309      74AB C391 
 309      664D 5F15 
 310 07c6 F61F DF8D 		.ascii	"\366\037\337\215\373uR\222dv"
 310      FB75 5292 
 310      6476 
 311 07d0 D8D3 DE64 		.ascii	"\330\323\336d\223\211\351\322|W\372J\305\226\355P,6\305a]\247"
 311      9389 E9D2 
 311      7C57 FA4A 
 311      C596 ED50 
 311      2C36 C561 
 312 07e6 D82C 2E87 		.ascii	"\330,.\207\242\254~\211\375Z\030\312\222\245\270\024wT\226b\265"
 312      A2AC 7E89 
 312      FD5A 18CA 
 312      92A5 B814 
 312      7754 9662 
 313 07fb ADB3 B833 		.ascii	"\255\263\27039 ,\333\356t/\262\270-\351?O]\235\225\271\"\313"
 313      3920 2CDB 
 313      EE74 2FB2 
 313      B82D E93F 
 313      4F5D 9D95 
 314 0812 9A11 F781 		.ascii	"\232\021\367\201\335\241\270\342\022\326.J\376I\252\325\235\241"
 314      DDA1 B8E2 
 314      12D6 2E4A 
 314      FE49 AAD5 
 314      9DA1 
 315 0824 3852 5DEE 		.ascii	"8R]\356l\233=3\365g\211\013R\335\231\231\216\364\225V\2733\325"
 315      6C9B 3D33 
 315      F567 890B 
 315      52DD 9999 
 315      8EF4 9556 
 316 083b BA26 6B11 		.ascii	"\272&k\021\373yc\2053\373\215\240\361T\2733\335\221mSp\241\r"
 316      FB79 6385 
 316      33FB 8DA0 
 316      F154 BB33 
 316      DD91 6D53 
 317 0852 F913 574A 		.ascii	"\371\023WJf\221\005\213\341%\321Y\235\24582\2556K\206+\234\206"
 317      6691 058B 
 317      E125 D159 
 317      9DA5 3832 
 317      AD36 4B86 
 318 0869 9194 6C71 		.ascii	"\221\224lqG\211)e\355j{\226b\213d\335\205.\276.Z\353\211\331"
 318      4789 2965 
 318      ED6A 7B96 
 318      628B 64DD 
 318      852E BE2E 
 319 0881 B919 D655 		.ascii	"\271\031\326U\212\305\352tf\256\263;WX\3220\037\323\342\245K"
 319      8AC5 EA74 
 319      66AE B33B 
 319      5758 D230 
 319      1FD3 E2A5 
 320 0896 DFB1 2C49 		.ascii	"\337\261,Iyw\361\357\227\032\331\373\262\337\246\374yy8\235\373"
 320      7977 F1EF 
 320      971A D9FB 
 320      B2DF A6FC 
 320      7979 389D 
 321 08ab 43A6 4DD1 		.ascii	"C\246M\321\211\266R2Y,k\224twf\226%)9\324e_\341\264:\f\331.\344"
 321      89B6 5232 
 321      592C 6B94 
 321      7477 6696 
 321      2529 39D4 
 322 08c8 55D6 BA95 		.ascii	"U\326\272\225,\3549\326Y\326\330]\3664\207\022iS\3222\263\235"
 322      2CEC 39D6 
 322      59D6 D85D 
 322      F634 8712 
 322      6953 D232 
 323 08de E98A 6595 		.ascii	"\351\212e\225\262\316\025IY\026g\273\335\231NJ\263\234\362-]"
 323      B2CE 1549 
 323      5916 67BB 
 323      DD99 4E4A 
 323      B39C F22D 
 324 08f3 A338 DDAE 		.ascii	"\2438\335\256\250\345<\304\245<B3\237\342\235W\226\360\255YF"
 324      A8E5 3CC4 
 324      A53C 4233 
 324      9FE2 9D57 
 324      96F0 AD59 
 325 0908 855F 26F6 		.ascii	"\205_&\366\313\026\025\334\215\344;\226\216\3160\006\243h-\013"
 325      CB16 15DC 
 325      8DE4 3B96 
 325      8ECE 3006 
 325      A368 2D0B 
 326 091c 5D24 DD9D 		.ascii	"]$\335\235\025&\0243\321tp4\0033\n\307\361\304\244\344\344\344"
 326      1526 1433 
 326      D174 7034 
 326      0333 0AC7 
 326      F1C4 A4E4 
 327 0932 FF02 C2D1 		.ascii	"\377\002\302\321\372V"
 327      FA56 
 328               		.text
 329               		.section	.gnu.lto_.symtab.2dcd627,"",@progbits
 330 0000 7363 6865 		.string	"schedule_delayed_sleep"
 330      6475 6C65 
 330      5F64 656C 
 330      6179 6564 
 330      5F73 6C65 
 331 0017 00        		.string	""
 332 0018 00        		.string	""
 333 0019 00        		.string	""
 334 001a 00        		.string	""
 335 001b 00        		.string	""
 336 001c 00        		.string	""
 337 001d 00        		.string	""
 338 001e 00        		.string	""
 339 001f 00        		.string	""
 340 0020 00        		.string	""
 341 0021 00        		.string	""
 342 0022 AE00      		.string	"\256"
 343 0024 00        		.string	""
 344 0025 00        		.string	""
 345 0026 736C 6565 		.string	"sleep_timer_reset"
 345      705F 7469 
 345      6D65 725F 
 345      7265 7365 
 345      7400 
 346 0038 00        		.string	""
 347 0039 00        		.string	""
 348 003a 00        		.string	""
 349 003b 00        		.string	""
 350 003c 00        		.string	""
 351 003d 00        		.string	""
 352 003e 00        		.string	""
 353 003f 00        		.string	""
 354 0040 00        		.string	""
 355 0041 00        		.string	""
 356 0042 00        		.string	""
 357 0043 B000      		.string	"\260"
 358 0045 00        		.string	""
 359 0046 00        		.string	""
 360 0047 7265 6164 		.string	"ready_to_sleep"
 360      795F 746F 
 360      5F73 6C65 
 360      6570 00
 361 0056 00        		.string	""
 362 0057 00        		.string	""
 363 0058 00        		.string	""
 364 0059 00        		.string	""
 365 005a 00        		.string	""
 366 005b 00        		.string	""
 367 005c 00        		.string	""
 368 005d 00        		.string	""
 369 005e 00        		.string	""
 370 005f 00        		.string	""
 371 0060 00        		.string	""
 372 0061 B800      		.string	"\270"
 373 0063 00        		.string	""
 374 0064 00        		.string	""
 375 0065 7469 6D65 		.string	"timer0_reset"
 375      7230 5F72 
 375      6573 6574 
 375      00
 376 0072 00        		.string	""
 377 0073 00        		.string	""
 378 0074 00        		.string	""
 379 0075 00        		.string	""
 380 0076 00        		.string	""
 381 0077 00        		.string	""
 382 0078 00        		.string	""
 383 0079 00        		.string	""
 384 007a 00        		.string	""
 385 007b 00        		.string	""
 386 007c 00        		.string	""
 387 007d BA00      		.string	"\272"
 388 007f 00        		.string	""
 389 0080 00        		.string	""
 390 0081 7469 6D65 		.string	"timer0_preload_ms"
 390      7230 5F70 
 390      7265 6C6F 
 390      6164 5F6D 
 390      7300 
 391 0093 00        		.string	""
 392 0094 00        		.string	""
 393 0095 00        		.string	""
 394 0096 00        		.string	""
 395 0097 00        		.string	""
 396 0098 00        		.string	""
 397 0099 00        		.string	""
 398 009a 00        		.string	""
 399 009b 00        		.string	""
 400 009c 00        		.string	""
 401 009d 00        		.string	""
 402 009e C500      		.string	"\305"
 403 00a0 00        		.string	""
 404 00a1 00        		.string	""
 405 00a2 7469 6D65 		.string	"timer0_expired"
 405      7230 5F65 
 405      7870 6972 
 405      6564 00
 406 00b1 00        		.string	""
 407 00b2 00        		.string	""
 408 00b3 00        		.string	""
 409 00b4 00        		.string	""
 410 00b5 00        		.string	""
 411 00b6 00        		.string	""
 412 00b7 00        		.string	""
 413 00b8 00        		.string	""
 414 00b9 00        		.string	""
 415 00ba 00        		.string	""
 416 00bb 00        		.string	""
 417 00bc C700      		.string	"\307"
 418 00be 00        		.string	""
 419 00bf 00        		.string	""
 420 00c0 7469 6D65 		.string	"timer3s_reset"
 420      7233 735F 
 420      7265 7365 
 420      7400 
 421 00ce 00        		.string	""
 422 00cf 00        		.string	""
 423 00d0 00        		.string	""
 424 00d1 00        		.string	""
 425 00d2 00        		.string	""
 426 00d3 00        		.string	""
 427 00d4 00        		.string	""
 428 00d5 00        		.string	""
 429 00d6 00        		.string	""
 430 00d7 00        		.string	""
 431 00d8 00        		.string	""
 432 00d9 C900      		.string	"\311"
 433 00db 00        		.string	""
 434 00dc 00        		.string	""
 435 00dd 7469 6D65 		.string	"timer3s_expired"
 435      7233 735F 
 435      6578 7069 
 435      7265 6400 
 436 00ed 00        		.string	""
 437 00ee 00        		.string	""
 438 00ef 00        		.string	""
 439 00f0 00        		.string	""
 440 00f1 00        		.string	""
 441 00f2 00        		.string	""
 442 00f3 00        		.string	""
 443 00f4 00        		.string	""
 444 00f5 00        		.string	""
 445 00f6 00        		.string	""
 446 00f7 00        		.string	""
 447 00f8 CB00      		.string	"\313"
 448 00fa 00        		.string	""
 449 00fb 00        		.string	""
 450 00fc 6D61 6B65 		.string	"make_annoying_beep"
 450      5F61 6E6E 
 450      6F79 696E 
 450      675F 6265 
 450      6570 00
 451 010f 00        		.string	""
 452 0110 00        		.string	""
 453 0111 00        		.string	""
 454 0112 00        		.string	""
 455 0113 00        		.string	""
 456 0114 00        		.string	""
 457 0115 00        		.string	""
 458 0116 00        		.string	""
 459 0117 00        		.string	""
 460 0118 00        		.string	""
 461 0119 00        		.string	""
 462 011a D700      		.string	"\327"
 463 011c 00        		.string	""
 464 011d 00        		.string	""
 465 011e 5F5F 7665 		.string	"__vector_16"
 465      6374 6F72 
 465      5F31 3600 
 466 012a 00        		.string	""
 467 012b 00        		.string	""
 468 012c 00        		.string	""
 469 012d 00        		.string	""
 470 012e 00        		.string	""
 471 012f 00        		.string	""
 472 0130 00        		.string	""
 473 0131 00        		.string	""
 474 0132 00        		.string	""
 475 0133 00        		.string	""
 476 0134 00        		.string	""
 477 0135 E000      		.string	"\340"
 478 0137 00        		.string	""
 479 0138 00        		.string	""
 480 0139 6465 626F 		.string	"debounce_keys"
 480      756E 6365 
 480      5F6B 6579 
 480      7300 
 481 0147 00        		.string	""
 482 0148 02        		.ascii	"\002"
 483 0149 00        		.string	""
 484 014a 00        		.string	""
 485 014b 00        		.string	""
 486 014c 00        		.string	""
 487 014d 00        		.string	""
 488 014e 00        		.string	""
 489 014f 00        		.string	""
 490 0150 00        		.string	""
 491 0151 00        		.string	""
 492 0152 E200      		.string	"\342"
 493 0154 00        		.string	""
 494 0155 00        		.string	""
 495               		.text
 496               		.section	.gnu.lto_.opts,"",@progbits
 497 0000 272D 666E 		.ascii	"'-fno-math-errno' '-fno-signed-zeros' '-fno-trapping-math' '"
 497      6F2D 6D61 
 497      7468 2D65 
 497      7272 6E6F 
 497      2720 272D 
 498 003c 2D66 6E6F 		.ascii	"-fno-trapv' '-fno-openmp' '-fno-openacc' '-mn-flash=1' '-mno"
 498      2D74 7261 
 498      7076 2720 
 498      272D 666E 
 498      6F2D 6F70 
 499 0078 2D73 6B69 		.ascii	"-skip-bug' '-mrelax' '-mcall-prologues' '-mmcu=avr5' '-gdwar"
 499      702D 6275 
 499      6727 2027 
 499      2D6D 7265 
 499      6C61 7827 
 500 00b4 662D 3227 		.ascii	"f-2' '-Os' '-fu"
 500      2027 2D4F 
 500      7327 2027 
 500      2D66 75
 501 00c3 6E73 6967 		.string	"nsigned-char' '-fpack-struct' '-fshort-enums' '-flto' '-fmerge-all-constants' '-ffast-mat
 501      6E65 642D 
 501      6368 6172 
 501      2720 272D 
 501      6670 6163 
 502               		.text
 503               		.comm	__gnu_lto_v1,1,1
 504               		.comm	__gnu_lto_slim,1,1
 505               		.ident	"GCC: (AVR_8_bit_GNU_Toolchain_3.6.0_1734) 5.4.0"
DEFINED SYMBOLS
                            *ABS*:00000000 timer.c
C:\Users\apapk\AppData\Local\Temp\ccFrWYD6.s:2      *ABS*:0000003e __SP_H__
C:\Users\apapk\AppData\Local\Temp\ccFrWYD6.s:3      *ABS*:0000003d __SP_L__
C:\Users\apapk\AppData\Local\Temp\ccFrWYD6.s:4      *ABS*:0000003f __SREG__
C:\Users\apapk\AppData\Local\Temp\ccFrWYD6.s:5      *ABS*:00000000 __tmp_reg__
C:\Users\apapk\AppData\Local\Temp\ccFrWYD6.s:6      *ABS*:00000001 __zero_reg__
                            *COM*:00000001 __gnu_lto_v1
                            *COM*:00000001 __gnu_lto_slim

NO UNDEFINED SYMBOLS
