   1               		.file	"uart.c"
   2               	__SP_H__ = 0x3e
   3               	__SP_L__ = 0x3d
   4               	__SREG__ = 0x3f
   5               	__tmp_reg__ = 0
   6               	__zero_reg__ = 1
   7               		.text
   8               	.Ltext0:
   9               		.section	.gnu.lto_.profile.2dcdf8b,"",@progbits
  10 0000 789C 6361 		.string	"x\234ca`d`a`"
  10      6064 6061 
  10      6000 
  11 000a 92F2 C200 		.string	"\222\362\302"
  12 000e 00        		.string	""
  13 000f BB00      		.string	"\273"
  14 0011 3D        		.ascii	"="
  15               		.text
  16               		.section	.gnu.lto_.icf.2dcdf8b,"",@progbits
  17 0000 789C 6361 		.string	"x\234ca`d"
  17      6064 00
  18 0007 0111 0604 		.string	"\001\021\006\004`f\330qj\341F>\306\r\267\356~cc\332\360\375\3269v\006"
  18      6066 D871 
  18      6AE1 463E 
  18      C60D B7EE 
  18      7E63 63DA 
  19 0022 653B 09BB 		.ascii	"e;\t\273"
  20               		.text
  21               		.section	.gnu.lto_.jmpfuncs.2dcdf8b,"",@progbits
  22 0000 789C 6361 		.string	"x\234ca`d"
  22      6064 00
  23 0007 017E 0604 		.string	"\001~\006\004`f`db\254\007\2123122\3263"
  23      6066 6064 
  23      62AC 078A 
  23      3331 3232 
  23      D633 00
  24 001a 00        		.string	""
  25 001b 08D7 0120 		.ascii	"\b\327\001 "
  26               		.text
  27               		.section	.gnu.lto_.inline.2dcdf8b,"",@progbits
  28 0000 789C 6361 		.string	"x\234ca`d"
  28      6064 00
  29 0007 0137 0604 		.string	"\0017\006\004`f`\340\021addP"
  29      6066 60E0 
  29      1161 6464 
  29      5000 
  30 0015 4A31 B37D 		.string	"J1\263}\320c`[ \317\304\300\263\341\025#\013H\232\221\201\225\205\221\201\211e\201<D\002\
  30      D063 605B 
  30      20CF C4C0 
  30      B3E1 1523 
  30      0B48 9A91 
  31 0042 20A8 0785 		.ascii	" \250\007\205"
  32               		.text
  33               		.section	.gnu.lto_.pureconst.2dcdf8b,"",@progbits
  34 0000 789C 6361 		.string	"x\234ca`d`g```f\220b\224b\222\002"
  34      6064 6067 
  34      6060 6066 
  34      9062 9462 
  34      9202 00
  35 0013 01AC 00   		.string	"\001\254"
  36 0016 61        		.ascii	"a"
  37               		.text
  38               		.section	.gnu.lto_UART_init.2dcdf8b,"",@progbits
  39 0000 789C 5592 		.ascii	"x\234U\222\317O\023A\024\307\347;\263\333n\177\b$\036<\330\003"
  39      CF4F 1341 
  39      14C7 E73B 
  39      B3DB 6E7F 
  39      0824 1E3C 
  40 0016 1742 B8E8 		.ascii	"\027B\270\350\321\213\177\205g/\240\036L<\021H\2741K\273\305"
  40      D18B 7F85 
  40      672F A01E 
  40      4C3C 1148 
  40      BC31 4BBB 
  41 002b 1309 078B 		.ascii	"\023\t\007\213\251 \211DA\241\322ZE~h\\@01\376\210&M\224\020"
  41      A920 8944 
  41      41A1 D25A 
  41      457E 685C 
  41      4030 31FE 
  42 0044 63D0 7030 		.ascii	"c\320p01)u\215\027a}o\247\2512\207\267\363\336~\337\347\2757"
  42      3129 758D 
  42      1761 7D6F 
  42      A7A9 3287 
  42      B7F3 DE7E 
  43 005c 3396 80E0 		.ascii	"3\226\200\340u^\tq\222\276'\330Q\002R\b\327\221\240\237\332\201"
  43      755E 0971 
  43      92BE 27D8 
  43      5102 5208 
  43      D791 A09F 
  44 0072 1892 18C2 		.ascii	"\030\222\030\302/y \261>\262\267,{f4\255/^^\351Y\037\036\245"
  44      2F79 20B1 
  44      3EB2 B72C 
  44      7B66 34AD 
  44      2F5E 5EE9 
  45 008a 8632 A208 		.string	"\2062\242\b\314\240\207T\357s\345\t\025HO\001\026\271\373o\212_\333\330\225\350$w\323\373
  45      CCA0 8754 
  45      EF73 E509 
  45      1548 4F01 
  45      16B9 FB6F 
  46 018b 13E4 38CB 		.string	"\023\3448\313\nMR\234BDZ\371X;\303 \013a\250\360\210P\273\220\321\331\320\214\244\342\224
  46      0A4D 529C 
  46      4244 5AF9 
  46      583B C320 
  46      0B61 A8F0 
  47 0238 CFE8 D777 		.ascii	"\317\350\327w\f\3735\213\211\321\343\253Kza\364\036RW.\367\235"
  47      0CFB 358B 
  47      89D1 E3AB 
  47      4B7A 61F4 
  47      1E52 572E 
  48 024e 1EEC ED1F 		.ascii	"\036\354\355\0378uAX}\275\203\027\0356\375\275\003\227\376\002"
  48      3875 4158 
  48      7DBD 8317 
  48      1D36 FDBD 
  48      0397 FE02 
  49 0262 C708 182D 		.ascii	"\307\b\030-"
  50               		.text
  51               		.section	.gnu.lto_UART_disable.2dcdf8b,"",@progbits
  52 0000 789C 5D90 		.string	"x\234]\220!O\003A\020\205\347\315n\332K\232j\004'\2605\005\315\317\340\037"
  52      214F 0341 
  52      1085 E7CD 
  52      6EDA 4B9A 
  52      6A04 27B0 
  53 001b 8A04 4540 		.string	"\212\004E@w\217\366R\0224E\020R\201\350A9\256\004\205\342\270\340\253\020P\022\b\242\002u
  53      778F F652 
  53      1234 4510 
  53      5281 E841 
  53      39AE 0485 
  54 00ee D002 1889 		.ascii	"\320\002\030\211\363\205\303\364]\333|\367\035\271\200I^V\333"
  54      F385 C3F4 
  54      5DDB 7CF7 
  54      1DB9 8049 
  54      5E56 DB
  55 0101 DDD9 5A3D 		.ascii	"\335\331Z=\330\334\333on\323?\354\253l\306"
  55      D8DC DB6F 
  55      6ED3 3FEC 
  55      AB6C C6
  56               		.text
  57               		.section	.gnu.lto_UART_transmit.2dcdf8b,"",@progbits
  58 0000 789C 3D90 		.ascii	"x\234=\220MK\233A\024\205\357\231;\211\2661*]\226,\262\0237V"
  58      4D4B 9B41 
  58      1485 EF99 
  58      3B89 B631 
  58      2A5D 962C 
  59 0018 71ED D61F 		.ascii	"q\355\326\037\320\177\020u#\224.\212]w\2227/\005\013\322\215"
  59      D07F 1075 
  59      2394 2E8A 
  59      5D77 9237 
  59      2F05 0BD2 
  60 002d 16E2 5717 		.ascii	"\026\342W\027\006\343g\314R\332\302K\n\351\252\355JI\273\322"
  60      06E3 67CC 
  60      52DA C24B 
  60      0AE9 AAED 
  60      4A49 BBD2 
  61 0041 0642 912E 		.ascii	"\006B\221.\f\324B\374J\357\315\210w1w\356p\316\231g\306\022H"
  61      0CD4 42FC 
  61      4AEF CD88 
  61      7731 77EE 
  61      70CE 9967 
  62 0058 AB24 ED91 		.ascii	"\253$\355\221\364\t\035\342\004C\224\3555`mlbD\321CK\344\372"
  62      F409 1DE2 
  62      0443 94ED 
  62      3560 6D6C 
  62      6244 D143 
  63 006f 62E0 B7DF 		.ascii	"b\340\267\337\210`!\006\327\013ze8f!+\371\27207\006\325\327\315"
  63      8860 2106 
  63      D70B 7A65 
  63      3866 212B 
  63      F9BA 3037 
  64 0087 4333 BCE9 		.ascii	"C3\274\351\244N\212\013\354J\021B\021t\214\327`\023\303\242\332"
  64      A44E 8A0B 
  64      EC4A 1142 
  64      1174 8CD7 
  64      6013 C3A2 
  65 009c F9F7 E523 		.ascii	"\371\367\345#\270\037$\373w\363\2777x\250\350\\\316\271\366\240"
  65      B81F 24FB 
  65      77F3 BF37 
  65      78A8 E85C 
  65      CEB9 F6A0 
  66 00b0 E390 8112 		.ascii	"\343\220\201\022X\034\030Oa4Er@\330\302\220\212\177Un\027\223"
  66      581C 184F 
  66      6134 4572 
  66      40D8 C290 
  66      8A7F 556E 
  67 00c6 F1BC C6A7 		.ascii	"\361\274\306\247}(\266\021\327\207\224\237F\256\323\t\234[\034"
  67      7D28 B611 
  67      D787 949F 
  67      46AE D309 
  67      9C5B 1C
  68 00d9 FB64 E424 		.ascii	"\373d\344$d\001\223Ep\325K\347]\202s#\215[\312\314MT/\347\217"
  68      6401 9345 
  68      70D5 4BE7 
  68      5D82 7323 
  68      8D5B CACC 
  69 00f2 1BAC 0901 		.ascii	"\033\254\t\001\263\244/\205\325\357=\177M\310\334%[~\177]c?F"
  69      B3A4 2F85 
  69      D5EF 3D7F 
  69      4DC8 DC25 
  69      5B7E 7F5D 
  70 0109 90B9 BEDA 		.ascii	"\220\271\276\3328\032X\307j6/o\262\330E\n;H\t\302\036\326AM\004"
  70      381A 58C7 
  70      6A36 2F6F 
  70      B2D8 450A 
  70      3B48 09C2 
  71 0122 D793 1430 		.ascii	"\327\223\0240|V\353k\241\321\257f\2034\366Ev\212\374\317\340"
  71      7C56 EB6B 
  71      A1D1 AF66 
  71      8334 F645 
  71      768A FCCF 
  72 0137 B9BF 4CD3 		.ascii	"\271\277L\323\312\177\016\333I/ \2245\247\313'\037\216\226\261"
  72      CA7F 0EDB 
  72      492F 2094 
  72      35A7 CB27 
  72      1F8E 96B1 
  73 014b 9EAF 5059 		.ascii	"\236\257PY{\254\016\275\374\303\217\275\230\207\251\251\375s"
  73      7BAC 0EBD 
  73      FCC3 8FBD 
  73      9887 A9A9 
  73      FD73 
  74 015d FDCD CA83 		.ascii	"\375\315\312\203.L\326\271\204\362\034\334\363T\204'`Kg\310E"
  74      2E4C D6B9 
  74      84F2 1CDC 
  74      F354 8427 
  74      604B 67C8 
  75 0172 5756 03EE 		.ascii	"WV\003\356\302\345\243\344\375\211g\263SO^f^\314\215L\223\235"
  75      C2E5 A3E4 
  75      FD89 67B3 
  75      534F 5E66 
  75      5ECC 8D4C 
  76 0188 C9CC 65FE 		.ascii	"\311\314e\376\0033\347\215\302"
  76      0333 E78D 
  76      C2
  77               		.text
  78               		.section	.gnu.lto_.symbol_nodes.2dcdf8b,"",@progbits
  79 0000 789C 6361 		.string	"x\234ca`d0e"
  79      6064 3065 
  79      00
  80 0009 0226 D67A 		.string	"\002&\326z\006\206\t\347\030\030\200\324\256\006E\240"
  80      0686 09E7 
  80      1818 80D4 
  80      AE06 45A0 
  80      00
  81 001a 5B3D 23AA 		.string	"[=#\252"
  81      00
  82 001f 7B3D 138A 		.string	"{=\023\212"
  82      00
  83 0024 0300      		.string	"\003"
  84 0026 3C4C 0B7B 		.ascii	"<L\013{"
  85               		.text
  86               		.section	.gnu.lto_.refs.2dcdf8b,"",@progbits
  87 0000 789C 6361 		.string	"x\234ca`\004B "
  87      6004 4220 
  87      00
  88 0009 00        		.string	""
  89 000a 00        		.string	""
  90 000b 3900      		.string	"9"
  91 000d 07        		.ascii	"\007"
  92               		.text
  93               		.section	.gnu.lto_.decls.2dcdf8b,"",@progbits
  94 0000 789C 8D53 		.ascii	"x\234\215S[HTQ\024=\373\336\361\321u\324\020\013?\356\307\320"
  94      5B48 5451 
  94      143D FBDE 
  94      F1D1 75D4 
  94      100B 3FEE 
  95 0016 8FF6 E1A4 		.ascii	"\217\366\341\244\t&\375EP\177MD\36550\214\217\354\3028\306x'"
  95      0926 FD45 
  95      507F 4D44 
  95      F535 308C 
  95      8FEC C238 
  96 002d FA3C F4A0 		.ascii	"\372<\364\240\322\202^\244D\321 =4\265\261\227=|M\245\371\310"
  96      D282 5EA4 
  96      44D1 203D 
  96      34B5 B197 
  96      3D7C 4DA5 
  97 0043 C8FC C8C4 		.ascii	"\310\374\310\304\242'\321\353c\202(-\304\3669\367\334\271\327"
  97      A227 D1EB 
  97      6382 282D 
  97      C4F6 39F7 
  97      DCB9 D7
  98 0056 5270 C3BE 		.ascii	"Rp\303\276\347\234={\237\265\366:{\034\004\b\263eI\204\334\302"
  98      E79C 3D7B 
  98      9FB5 F63A 
  98      7B1C 0408 
  98      B365 4984 
  99 006c 358E 3E8B 		.ascii	"5\216>\213\346\300u;\261LF\277\201\336\201\336K\3767\366[\232"
  99      E6C0 753B 
  99      B14C 46BF 
  99      81DE 81DE 
  99      4BFE 37F6 
 100 0082 A8C9 42CF 		.ascii	"\250\311B\317FoG\177\204\236\213\356AW\3217\243\017\242\017\210"
 100      466F 477F 
 100      849E 8BEE 
 100      4157 D137 
 100      A30F A20F 
 101 0097 3A10 B5FF 		.ascii	":\020\265\377\032"
 101      1A
 102 009c C349 12F7 		.string	"\303I\022\367\r\243\017\315S\3271O]\257\255\256S`\376[7\037\377\031\t\316M\325\267:'a\002
 102      0DA3 0FCD 
 102      53D7 314F 
 102      5DAF ADAE 
 102      5360 FE5B 
 103 019d B62F 8722 		.ascii	"\266/\207\"\025\n\2603\270\0169\370\275\006\016\243\303\247\361"
 103      150A B033 
 103      B80E 39F8 
 103      BD06 0EA3 
 103      C3A7 F1
 104 01b0 EE33 B022 		.ascii	"\3563\260\"B#\355\310\351\240\3639\245\r\224\225`\0324Y\274p"
 104      4223 EDC8 
 104      E9A0 F339 
 104      A50D 9495 
 104      601A 3459 
 105 01c6 CB96 CB30 		.ascii	"\313\226\3130\211\322\336\200\025Xy\342\304\310\311$\271\026"
 105      89D2 DE80 
 105      1558 79E2 
 105      C4C8 C924 
 105      B916 
 106 01d8 78EB 5F26 		.ascii	"x\353_&\372\0323\026@\274\305\020\205\240/g\017\274\221\r\270"
 106      FA1A 3316 
 106      40BC C510 
 106      85A0 2F67 
 106      0FBC 910D 
 107 01ed D88B 6CBA 		.ascii	"\330\213l\272\017\363\035,\001nZX7\355X\035\034\253\253\267\273"
 107      0FF3 1D2C 
 107      016E 5A58 
 107      37ED 581D 
 107      1CAB ABB7 
 108 0202 6D        		.ascii	"m"
 109 0203 895C 6F60 		.string	"\211\\o`E\017|hNE]U|\024\260\275\210*^\344|S_\272|\221\347J\035\237\276\216J\240\344qIc\0
 109      450F 7C68 
 109      4E45 5D55 
 109      7C14 B0BD 
 109      882A 5EE4 
 110 0304 0CCD 0118 		.string	"\f\315\001\030\026"
 110      1600 
 111 030a 6C5D B26D 		.ascii	"l]\262m\335\226\255>-\250\351\251\0337ms\255/,$\251a-\250\027"
 111      DD96 AD3E 
 111      2DA8 E9A9 
 111      1B37 6D73 
 111      AD2F 2C24 
 112 0323 ADF6 E9BE 		.ascii	"\255\366\351\276\262\265\336]\241\352\312\220\277\312\265C\013"
 112      B2B5 DE5D 
 112      A1EA CA90 
 112      BFCA B543 
 112      0B
 113 0334 54D4 B8F2 		.ascii	"T\324\270\362\366\224\024\257\364\372\365\252\212\200\267F\017"
 113      F694 14AF 
 113      F4FA F5AA 
 113      8A80 B746 
 113      0F
 114 0345 976B D5DE 		.ascii	"\227k\325\3365\356\002\257^]\035(\333\351\327\202^\377\356P\t"
 114      35EE 02AF 
 114      5E5D 1D28 
 114      DBE9 D782 
 114      5EFF EE50 
 115 035a FFE4 5706 		.ascii	"\377\344W\006\303\371s\342^-X\026\b\227W`a9\002\270w\222\264"
 115      C3F9 73E2 
 115      5E2D 5816 
 115      0897 5760 
 115      6139 02B8 
 116 0371 8056 BA2A 		.ascii	"\200V\272*\354\017\351\3562\342\344<\312\265\032\177i\240\"\235"
 116      EC0F E9EE 
 116      32E2 E43C 
 116      CAB5 1A7F 
 116      69A0 229D 
 117 0385 1FF4 903F 		.ascii	"\037\364\220?XS\245\351)\214O\211O\347\274\n\213}\372_\203\222"
 117      5853 A5E9 
 117      298C 4F89 
 117      4FE7 BC0A 
 117      8B7D FA5F 
 118 039b B7CD      		.ascii	"\267\315"
 119               		.text
 120               		.section	.gnu.lto_.symtab.2dcdf8b,"",@progbits
 121 0000 5541 5254 		.string	"UART_init"
 121      5F69 6E69 
 121      7400 
 122 000a 00        		.string	""
 123 000b 00        		.string	""
 124 000c 00        		.string	""
 125 000d 00        		.string	""
 126 000e 00        		.string	""
 127 000f 00        		.string	""
 128 0010 00        		.string	""
 129 0011 00        		.string	""
 130 0012 00        		.string	""
 131 0013 00        		.string	""
 132 0014 00        		.string	""
 133 0015 B300      		.string	"\263"
 134 0017 00        		.string	""
 135 0018 00        		.string	""
 136 0019 5541 5254 		.string	"UART_disable"
 136      5F64 6973 
 136      6162 6C65 
 136      00
 137 0026 00        		.string	""
 138 0027 00        		.string	""
 139 0028 00        		.string	""
 140 0029 00        		.string	""
 141 002a 00        		.string	""
 142 002b 00        		.string	""
 143 002c 00        		.string	""
 144 002d 00        		.string	""
 145 002e 00        		.string	""
 146 002f 00        		.string	""
 147 0030 00        		.string	""
 148 0031 B600      		.string	"\266"
 149 0033 00        		.string	""
 150 0034 00        		.string	""
 151 0035 5541 5254 		.string	"UART_transmit"
 151      5F74 7261 
 151      6E73 6D69 
 151      7400 
 152 0043 00        		.string	""
 153 0044 00        		.string	""
 154 0045 00        		.string	""
 155 0046 00        		.string	""
 156 0047 00        		.string	""
 157 0048 00        		.string	""
 158 0049 00        		.string	""
 159 004a 00        		.string	""
 160 004b 00        		.string	""
 161 004c 00        		.string	""
 162 004d 00        		.string	""
 163 004e BF00      		.string	"\277"
 164 0050 00        		.string	""
 165 0051 00        		.string	""
 166               		.text
 167               		.section	.gnu.lto_.opts,"",@progbits
 168 0000 272D 666E 		.ascii	"'-fno-math-errno' '-fno-signed-zeros' '-fno-trapping-math' '"
 168      6F2D 6D61 
 168      7468 2D65 
 168      7272 6E6F 
 168      2720 272D 
 169 003c 2D66 6E6F 		.ascii	"-fno-trapv' '-fno-openmp' '-fno-openacc' '-mn-flash=1' '-mno"
 169      2D74 7261 
 169      7076 2720 
 169      272D 666E 
 169      6F2D 6F70 
 170 0078 2D73 6B69 		.ascii	"-skip-bug' '-mrelax' '-mcall-prologues' '-mmcu=avr5' '-gdwar"
 170      702D 6275 
 170      6727 2027 
 170      2D6D 7265 
 170      6C61 7827 
 171 00b4 662D 3227 		.ascii	"f-2' '-Os' '-fu"
 171      2027 2D4F 
 171      7327 2027 
 171      2D66 75
 172 00c3 6E73 6967 		.string	"nsigned-char' '-fpack-struct' '-fshort-enums' '-flto' '-fmerge-all-constants' '-ffast-mat
 172      6E65 642D 
 172      6368 6172 
 172      2720 272D 
 172      6670 6163 
 173               		.text
 174               		.comm	__gnu_lto_v1,1,1
 175               		.comm	__gnu_lto_slim,1,1
 176               		.ident	"GCC: (AVR_8_bit_GNU_Toolchain_3.6.0_1734) 5.4.0"
DEFINED SYMBOLS
                            *ABS*:00000000 uart.c
C:\Users\apapk\AppData\Local\Temp\cceVGMXj.s:2      *ABS*:0000003e __SP_H__
C:\Users\apapk\AppData\Local\Temp\cceVGMXj.s:3      *ABS*:0000003d __SP_L__
C:\Users\apapk\AppData\Local\Temp\cceVGMXj.s:4      *ABS*:0000003f __SREG__
C:\Users\apapk\AppData\Local\Temp\cceVGMXj.s:5      *ABS*:00000000 __tmp_reg__
C:\Users\apapk\AppData\Local\Temp\cceVGMXj.s:6      *ABS*:00000001 __zero_reg__
                            *COM*:00000001 __gnu_lto_v1
                            *COM*:00000001 __gnu_lto_slim

NO UNDEFINED SYMBOLS
