


ARM Macro Assembler    Page 1 


    1 00000000         ;/******************************************************
                       ***********************
    2 00000000         ; * @file:    startup_LPC17xx.s
    3 00000000         ; * @purpose: CMSIS Cortex-M3 Core Device Startup File 
    4 00000000         ; *           for the NXP LPC17xx Device Series 
    5 00000000         ; * @version: V1.01
    6 00000000         ; * @date:    21. December 2009
    7 00000000         ; *------- <<< Use Configuration Wizard in Context Menu 
                       >>> ------------------
    8 00000000         ; *
    9 00000000         ; * Copyright (C) 2009 ARM Limited. All rights reserved.
                       
   10 00000000         ; * ARM Limited (ARM) is supplying this software for use
                        with Cortex-M3 
   11 00000000         ; * processor based microcontrollers.  This file can be 
                       freely distributed 
   12 00000000         ; * within development tools that are supporting such AR
                       M based processors. 
   13 00000000         ; *
   14 00000000         ; * THIS SOFTWARE IS PROVIDED "AS IS".  NO WARRANTIES, W
                       HETHER EXPRESS, IMPLIED
   15 00000000         ; * OR STATUTORY, INCLUDING, BUT NOT LIMITED TO, IMPLIED
                        WARRANTIES OF
   16 00000000         ; * MERCHANTABILITY AND FITNESS FOR A PARTICULAR PURPOSE
                        APPLY TO THIS SOFTWARE.
   17 00000000         ; * ARM SHALL NOT, IN ANY CIRCUMSTANCES, BE LIABLE FOR S
                       PECIAL, INCIDENTAL, OR
   18 00000000         ; * CONSEQUENTIAL DAMAGES, FOR ANY REASON WHATSOEVER.
   19 00000000         ; *
   20 00000000         ; ******************************************************
                       ***********************/
   21 00000000         
   22 00000000         
   23 00000000         ; <h> Stack Configuration
   24 00000000         ;   <o> Stack Size (in Bytes) <0x0-0xFFFFFFFF:8>
   25 00000000         ; </h>
   26 00000000         
   27 00000000 00000300 
                       Stack_Size
                               EQU              0x00000300
   28 00000000                 AREA             STACK, NOINIT, READWRITE, ALIGN
=3
   29 00000000         Stack_Mem
                               SPACE            Stack_Size
   30 00000300         __initial_sp
   31 00000300         
   32 00000300         
   33 00000300         ; <h> Heap Configuration
   34 00000300         ;   <o>  Heap Size (in Bytes) <0x0-0xFFFFFFFF:8>
   35 00000300         ; </h>
   36 00000300         
   37 00000300 00000000 
                       Heap_Size
                               EQU              0x00000000
   38 00000300         
   39 00000300                 AREA             HEAP, NOINIT, READWRITE, ALIGN=
3
   40 00000000         __heap_base
   41 00000000         Heap_Mem



ARM Macro Assembler    Page 2 


                               SPACE            Heap_Size
   42 00000000         __heap_limit
   43 00000000         
   44 00000000         
   45 00000000                 PRESERVE8
   46 00000000                 THUMB
   47 00000000         
   48 00000000         
   49 00000000                 extern           vPortSVCHandler
   50 00000000                 extern           xPortPendSVHandler
   51 00000000                 extern           xPortSysTickHandler
   52 00000000                 extern           Default_WDTHandler
   53 00000000                 extern           TIMER0_IRQ
   54 00000000                 extern           TIMER2_IRQ
   55 00000000                 extern           TIMER3_IRQ
   56 00000000                 extern           EINT3_IRQ
   57 00000000                 extern           ADC_IRQ
   58 00000000                 extern           CAN_IRQ
   59 00000000         
   60 00000000         
   61 00000000         
   62 00000000         
   63 00000000         ; Vector Table Mapped to Address 0 at Reset
   64 00000000         
   65 00000000                 AREA             RESET, DATA, READONLY
   66 00000000                 EXPORT           __Vectors
   67 00000000         
   68 00000000 00000000 
                       __Vectors
                               DCD              __initial_sp ; Top of Stack
   69 00000004 00000000        DCD              Reset_Handler ; Reset Handler
   70 00000008 00000000        DCD              NMI_Handler ; NMI Handler
   71 0000000C 00000000        DCD              Default_WDTHandler ; HardFault_
                                                            Handler         ; H
                                                            ard Fault Handler
   72 00000010 00000000        DCD              Default_WDTHandler ; MemManage_
                                                            Handler         ; M
                                                            PU Fault Handler
   73 00000014 00000000        DCD              Default_WDTHandler ; BusFault_H
                                                            andler          ; B
                                                            us Fault Handler
   74 00000018 00000000        DCD              Default_WDTHandler ; UsageFault
                                                            _Handler        ; U
                                                            sage Fault Handler
   75 0000001C 00000000        DCD              0           ; Reserved
   76 00000020 00000000        DCD              0           ; Reserved
   77 00000024 00000000        DCD              0           ; Reserved
   78 00000028 00000000        DCD              0           ; Reserved
   79 0000002C 00000000        DCD              vPortSVCHandler 
                                                            ; SVCall Handler
   80 00000030 00000000        DCD              DebugMon_Handler ; Debug Monito
                                                            r Handler
   81 00000034 00000000        DCD              0           ; Reserved
   82 00000038 00000000        DCD              xPortPendSVHandler 
                                                            ; PendSV Handler
   83 0000003C 00000000        DCD              xPortSysTickHandler 
                                                            ; SysTick Handler
   84 00000040         
   85 00000040         ; External Interrupts



ARM Macro Assembler    Page 3 


   86 00000040 00000000        DCD              WDT_IRQHandler ; 16: Watchdog T
                                                            imer
   87 00000044 00000000        DCD              TIMER0_IRQ  ; 17: Timer0
   88 00000048 00000000        DCD              TIMER1_IRQHandler ; 18: Timer1
   89 0000004C 00000000        DCD              TIMER2_IRQ  ; 19: Timer2
   90 00000050 00000000        DCD              TIMER3_IRQ  ; 20: Timer3
   91 00000054 00000000        DCD              UART0_IRQHandler ; 21: UART0
   92 00000058 00000000        DCD              UART1_IRQHandler ; 22: UART1
   93 0000005C 00000000        DCD              UART2_IRQHandler ; 23: UART2
   94 00000060 00000000        DCD              UART3_IRQHandler ; 24: UART3
   95 00000064 00000000        DCD              PWM1_IRQHandler ; 25: PWM1
   96 00000068 00000000        DCD              I2C0_IRQHandler ; 26: I2C0
   97 0000006C 00000000        DCD              I2C1_IRQHandler ; 27: I2C1
   98 00000070 00000000        DCD              I2C2_IRQHandler ; 28: I2C2
   99 00000074 00000000        DCD              SPI_IRQHandler ; 29: SPI
  100 00000078 00000000        DCD              SSP0_IRQHandler ; 30: SSP0
  101 0000007C 00000000        DCD              SSP1_IRQHandler ; 31: SSP1
  102 00000080 00000000        DCD              PLL0_IRQHandler ; 32: PLL0 Lock
                                                             (Main PLL)
  103 00000084 00000000        DCD              RTC_IRQHandler ; 33: Real Time 
                                                            Clock
  104 00000088 00000000        DCD              EINT0_IRQHandler ; 34: External
                                                             Interrupt 0
  105 0000008C 00000000        DCD              EINT1_IRQHandler ; 35: External
                                                             Interrupt 1
  106 00000090 00000000        DCD              EINT2_IRQHandler ; 36: External
                                                             Interrupt 2
  107 00000094 00000000        DCD              EINT3_IRQ   ; 37: External Inte
                                                            rrupt 3
  108 00000098 00000000        DCD              ADC_IRQ     ; 38: A/D Converter
                                                            
  109 0000009C 00000000        DCD              BOD_IRQHandler ; 39: Brown-Out 
                                                            Detect
  110 000000A0 00000000        DCD              USB_IRQHandler ; 40: USB
  111 000000A4 00000000        DCD              CAN_IRQ     ; 41: CAN
  112 000000A8 00000000        DCD              DMA_IRQHandler ; 42: General Pu
                                                            rpose DMA
  113 000000AC 00000000        DCD              I2S_IRQHandler ; 43: I2S
  114 000000B0 00000000        DCD              ENET_IRQHandler ; 44: Ethernet
  115 000000B4 00000000        DCD              RIT_IRQHandler ; 45: Repetitive
                                                             Interrupt Timer
  116 000000B8 00000000        DCD              MCPWM_IRQHandler ; 46: Motor Co
                                                            ntrol PWM
  117 000000BC 00000000        DCD              QEI_IRQHandler ; 47: Quadrature
                                                             Encoder Interface
  118 000000C0 00000000        DCD              PLL1_IRQHandler ; 48: PLL1 Lock
                                                             (USB PLL)
  119 000000C4 00000000        DCD              USBActivity_IRQHandler ; USB Ac
                                                            tivity interrupt to
                                                             wakeup
  120 000000C8 00000000        DCD              CANActivity_IRQHandler ; CAN Ac
                                                            tivity interrupt to
                                                             wakeup
  121 000000CC 00000000        DCD              0
  122 000000D0 00000000        DCD              0
  123 000000D4                 IF               :DEF:_GPS_uBLOX_
  138                          ENDIF
  139 000000D4         
  140 000000D4                 IF               :LNOT::DEF:NO_CRP



ARM Macro Assembler    Page 4 


  141 000000D4                 AREA             |.ARM.__at_0x02FC|, CODE, READO
NLY
  142 00000000 FFFFFFFF 
                       CRP_Key DCD              0xFFFFFFFF
  143 00000004                 ENDIF
  144 00000004         
  145 00000004         
  146 00000004                 AREA             |.text|, CODE, READONLY
  147 00000000         
  148 00000000         
  149 00000000         ; Reset Handler
  150 00000000         
  151 00000000         Reset_Handler
                               PROC
  152 00000000                 EXPORT           Reset_Handler             [WEAK
]
  153 00000000                 IMPORT           __main
  154 00000000 4805            LDR              R0, =__main
  155 00000002 4700            BX               R0
  156 00000004                 ENDP
  157 00000004         
  158 00000004         
  159 00000004         ; Dummy Exception Handlers (infinite loops which can be 
                       modified)                
  160 00000004         
  161 00000004         NMI_Handler
                               PROC
  162 00000004                 EXPORT           NMI_Handler               [WEAK
]
  163 00000004 E7FE            B                .
  164 00000006                 ENDP
  166 00000006         HardFault_Handler
                               PROC
  167 00000006                 EXPORT           HardFault_Handler         [WEAK
]
  168 00000006 E7FE            B                .
  169 00000008                 ENDP
  171 00000008         MemManage_Handler
                               PROC
  172 00000008                 EXPORT           MemManage_Handler         [WEAK
]
  173 00000008 E7FE            B                .
  174 0000000A                 ENDP
  176 0000000A         BusFault_Handler
                               PROC
  177 0000000A                 EXPORT           BusFault_Handler          [WEAK
]
  178 0000000A E7FE            B                .
  179 0000000C                 ENDP
  181 0000000C         UsageFault_Handler
                               PROC
  182 0000000C                 EXPORT           UsageFault_Handler        [WEAK
]
  183 0000000C E7FE            B                .
  184 0000000E                 ENDP
  185 0000000E         SVC_Handler
                               PROC
  186 0000000E                 EXPORT           SVC_Handler               [WEAK
]



ARM Macro Assembler    Page 5 


  187 0000000E E7FE            B                .
  188 00000010                 ENDP
  190 00000010         DebugMon_Handler
                               PROC
  191 00000010                 EXPORT           DebugMon_Handler          [WEAK
]
  192 00000010 E7FE            B                .
  193 00000012                 ENDP
  194 00000012         PendSV_Handler
                               PROC
  195 00000012                 EXPORT           PendSV_Handler            [WEAK
]
  196 00000012 E7FE            B                .
  197 00000014                 ENDP
  198 00000014         SysTick_Handler
                               PROC
  199 00000014                 EXPORT           SysTick_Handler           [WEAK
]
  200 00000014 E7FE            B                .
  201 00000016                 ENDP
  202 00000016         
  203 00000016         Default_Handler
                               PROC
  204 00000016         
  205 00000016                 EXPORT           WDT_IRQHandler            [WEAK
]
  206 00000016                 EXPORT           TIMER0_IRQHandler         [WEAK
]
  207 00000016                 EXPORT           TIMER1_IRQHandler         [WEAK
]
  208 00000016                 EXPORT           TIMER2_IRQHandler         [WEAK
]
  209 00000016                 EXPORT           TIMER3_IRQHandler         [WEAK
]
  210 00000016                 EXPORT           UART0_IRQHandler          [WEAK
]
  211 00000016                 EXPORT           UART1_IRQHandler          [WEAK
]
  212 00000016                 EXPORT           UART2_IRQHandler          [WEAK
]
  213 00000016                 EXPORT           UART3_IRQHandler          [WEAK
]
  214 00000016                 EXPORT           PWM1_IRQHandler           [WEAK
]
  215 00000016                 EXPORT           I2C0_IRQHandler           [WEAK
]
  216 00000016                 EXPORT           I2C1_IRQHandler           [WEAK
]
  217 00000016                 EXPORT           I2C2_IRQHandler           [WEAK
]
  218 00000016                 EXPORT           SPI_IRQHandler            [WEAK
]
  219 00000016                 EXPORT           SSP0_IRQHandler           [WEAK
]
  220 00000016                 EXPORT           SSP1_IRQHandler           [WEAK
]
  221 00000016                 EXPORT           PLL0_IRQHandler           [WEAK
]
  222 00000016                 EXPORT           RTC_IRQHandler            [WEAK



ARM Macro Assembler    Page 6 


]
  223 00000016                 EXPORT           EINT0_IRQHandler          [WEAK
]
  224 00000016                 EXPORT           EINT1_IRQHandler          [WEAK
]
  225 00000016                 EXPORT           EINT2_IRQHandler          [WEAK
]
  226 00000016                 EXPORT           EINT3_IRQHandler          [WEAK
]
  227 00000016                 EXPORT           ADC_IRQHandler            [WEAK
]
  228 00000016                 EXPORT           BOD_IRQHandler            [WEAK
]
  229 00000016                 EXPORT           USB_IRQHandler            [WEAK
]
  230 00000016                 EXPORT           CAN_IRQHandler            [WEAK
]
  231 00000016                 EXPORT           DMA_IRQHandler            [WEAK
]
  232 00000016                 EXPORT           I2S_IRQHandler            [WEAK
]
  233 00000016                 EXPORT           ENET_IRQHandler           [WEAK
]
  234 00000016                 EXPORT           RIT_IRQHandler            [WEAK
]
  235 00000016                 EXPORT           MCPWM_IRQHandler          [WEAK
]
  236 00000016                 EXPORT           QEI_IRQHandler            [WEAK
]
  237 00000016                 EXPORT           PLL1_IRQHandler           [WEAK
]
  238 00000016                 EXPORT           USBActivity_IRQHandler    [WEAK
]
  239 00000016                 EXPORT           CANActivity_IRQHandler    [WEAK
]
  240 00000016         
  241 00000016         WDT_IRQHandler
  242 00000016         TIMER0_IRQHandler
  243 00000016         TIMER1_IRQHandler
  244 00000016         TIMER2_IRQHandler
  245 00000016         TIMER3_IRQHandler
  246 00000016         UART0_IRQHandler
  247 00000016         UART1_IRQHandler
  248 00000016         UART2_IRQHandler
  249 00000016         UART3_IRQHandler
  250 00000016         PWM1_IRQHandler
  251 00000016         I2C0_IRQHandler
  252 00000016         I2C1_IRQHandler
  253 00000016         I2C2_IRQHandler
  254 00000016         SPI_IRQHandler
  255 00000016         SSP0_IRQHandler
  256 00000016         SSP1_IRQHandler
  257 00000016         PLL0_IRQHandler
  258 00000016         RTC_IRQHandler
  259 00000016         EINT0_IRQHandler
  260 00000016         EINT1_IRQHandler
  261 00000016         EINT2_IRQHandler
  262 00000016         EINT3_IRQHandler
  263 00000016         ADC_IRQHandler



ARM Macro Assembler    Page 7 


  264 00000016         BOD_IRQHandler
  265 00000016         USB_IRQHandler
  266 00000016         CAN_IRQHandler
  267 00000016         DMA_IRQHandler
  268 00000016         I2S_IRQHandler
  269 00000016         ENET_IRQHandler
  270 00000016         RIT_IRQHandler
  271 00000016         MCPWM_IRQHandler
  272 00000016         QEI_IRQHandler
  273 00000016         PLL1_IRQHandler
  274 00000016         USBActivity_IRQHandler
  275 00000016         CANActivity_IRQHandler
  276 00000016         
  277 00000016 E7FE            B                .
  278 00000018         
  279 00000018                 ENDP
  280 00000018         
  281 00000018         
  282 00000018                 ALIGN
  283 00000018         
  284 00000018         
  285 00000018         ; User Initial Stack & Heap
  286 00000018         
  287 00000018                 IF               :DEF:__MICROLIB
  288 00000018         
  289 00000018                 EXPORT           __initial_sp
  290 00000018                 EXPORT           __heap_base
  291 00000018                 EXPORT           __heap_limit
  292 00000018         
  293 00000018                 ELSE
  307                          ENDIF
  308 00000018         
  309 00000018         
  310 00000018                 END
              00000000 
Command Line: --debug --xref --cpu=Cortex-M3 --apcs=interwork --depend=.\_obj\s
tartup_lpc17xx.d -o.\_obj\startup_lpc17xx.o -IC:\Keil\ARM\RV31\INC -IC:\Keil\AR
M\CMSIS\Include -IC:\Keil\ARM\Inc\NXP\LPC17xx --predefine="__MICROLIB SETA 1" -
-list=.\_lst\startup_lpc17xx.lst Config\startup_LPC17xx.s



ARM Macro Assembler    Page 1 Alphabetic symbol ordering
Relocatable symbols

STACK 00000000

Symbol: STACK
   Definitions
      At line 28 in file Config\startup_LPC17xx.s
   Uses
      None
Comment: STACK unused
Stack_Mem 00000000

Symbol: Stack_Mem
   Definitions
      At line 29 in file Config\startup_LPC17xx.s
   Uses
      None
Comment: Stack_Mem unused
__initial_sp 00000300

Symbol: __initial_sp
   Definitions
      At line 30 in file Config\startup_LPC17xx.s
   Uses
      At line 68 in file Config\startup_LPC17xx.s
      At line 289 in file Config\startup_LPC17xx.s

3 symbols



ARM Macro Assembler    Page 1 Alphabetic symbol ordering
Relocatable symbols

HEAP 00000000

Symbol: HEAP
   Definitions
      At line 39 in file Config\startup_LPC17xx.s
   Uses
      None
Comment: HEAP unused
Heap_Mem 00000000

Symbol: Heap_Mem
   Definitions
      At line 41 in file Config\startup_LPC17xx.s
   Uses
      None
Comment: Heap_Mem unused
__heap_base 00000000

Symbol: __heap_base
   Definitions
      At line 40 in file Config\startup_LPC17xx.s
   Uses
      At line 290 in file Config\startup_LPC17xx.s
Comment: __heap_base used once
__heap_limit 00000000

Symbol: __heap_limit
   Definitions
      At line 42 in file Config\startup_LPC17xx.s
   Uses
      At line 291 in file Config\startup_LPC17xx.s
Comment: __heap_limit used once
4 symbols



ARM Macro Assembler    Page 1 Alphabetic symbol ordering
Relocatable symbols

RESET 00000000

Symbol: RESET
   Definitions
      At line 65 in file Config\startup_LPC17xx.s
   Uses
      None
Comment: RESET unused
__Vectors 00000000

Symbol: __Vectors
   Definitions
      At line 68 in file Config\startup_LPC17xx.s
   Uses
      At line 66 in file Config\startup_LPC17xx.s
Comment: __Vectors used once
2 symbols



ARM Macro Assembler    Page 1 Alphabetic symbol ordering
Relocatable symbols

.ARM.__at_0x02FC 00000000

Symbol: .ARM.__at_0x02FC
   Definitions
      At line 141 in file Config\startup_LPC17xx.s
   Uses
      None
Comment: .ARM.__at_0x02FC unused
CRP_Key 00000000

Symbol: CRP_Key
   Definitions
      At line 142 in file Config\startup_LPC17xx.s
   Uses
      None
Comment: CRP_Key unused
2 symbols



ARM Macro Assembler    Page 1 Alphabetic symbol ordering
Relocatable symbols

.text 00000000

Symbol: .text
   Definitions
      At line 146 in file Config\startup_LPC17xx.s
   Uses
      None
Comment: .text unused
ADC_IRQHandler 00000016

Symbol: ADC_IRQHandler
   Definitions
      At line 263 in file Config\startup_LPC17xx.s
   Uses
      At line 227 in file Config\startup_LPC17xx.s
Comment: ADC_IRQHandler used once
BOD_IRQHandler 00000016

Symbol: BOD_IRQHandler
   Definitions
      At line 264 in file Config\startup_LPC17xx.s
   Uses
      At line 109 in file Config\startup_LPC17xx.s
      At line 228 in file Config\startup_LPC17xx.s

BusFault_Handler 0000000A

Symbol: BusFault_Handler
   Definitions
      At line 176 in file Config\startup_LPC17xx.s
   Uses
      At line 177 in file Config\startup_LPC17xx.s
Comment: BusFault_Handler used once
CANActivity_IRQHandler 00000016

Symbol: CANActivity_IRQHandler
   Definitions
      At line 275 in file Config\startup_LPC17xx.s
   Uses
      At line 120 in file Config\startup_LPC17xx.s
      At line 239 in file Config\startup_LPC17xx.s

CAN_IRQHandler 00000016

Symbol: CAN_IRQHandler
   Definitions
      At line 266 in file Config\startup_LPC17xx.s
   Uses
      At line 230 in file Config\startup_LPC17xx.s
Comment: CAN_IRQHandler used once
DMA_IRQHandler 00000016

Symbol: DMA_IRQHandler
   Definitions
      At line 267 in file Config\startup_LPC17xx.s
   Uses
      At line 112 in file Config\startup_LPC17xx.s
      At line 231 in file Config\startup_LPC17xx.s




ARM Macro Assembler    Page 2 Alphabetic symbol ordering
Relocatable symbols

DebugMon_Handler 00000010

Symbol: DebugMon_Handler
   Definitions
      At line 190 in file Config\startup_LPC17xx.s
   Uses
      At line 80 in file Config\startup_LPC17xx.s
      At line 191 in file Config\startup_LPC17xx.s

Default_Handler 00000016

Symbol: Default_Handler
   Definitions
      At line 203 in file Config\startup_LPC17xx.s
   Uses
      None
Comment: Default_Handler unused
EINT0_IRQHandler 00000016

Symbol: EINT0_IRQHandler
   Definitions
      At line 259 in file Config\startup_LPC17xx.s
   Uses
      At line 104 in file Config\startup_LPC17xx.s
      At line 223 in file Config\startup_LPC17xx.s

EINT1_IRQHandler 00000016

Symbol: EINT1_IRQHandler
   Definitions
      At line 260 in file Config\startup_LPC17xx.s
   Uses
      At line 105 in file Config\startup_LPC17xx.s
      At line 224 in file Config\startup_LPC17xx.s

EINT2_IRQHandler 00000016

Symbol: EINT2_IRQHandler
   Definitions
      At line 261 in file Config\startup_LPC17xx.s
   Uses
      At line 106 in file Config\startup_LPC17xx.s
      At line 225 in file Config\startup_LPC17xx.s

EINT3_IRQHandler 00000016

Symbol: EINT3_IRQHandler
   Definitions
      At line 262 in file Config\startup_LPC17xx.s
   Uses
      At line 226 in file Config\startup_LPC17xx.s
Comment: EINT3_IRQHandler used once
ENET_IRQHandler 00000016

Symbol: ENET_IRQHandler
   Definitions
      At line 269 in file Config\startup_LPC17xx.s
   Uses
      At line 114 in file Config\startup_LPC17xx.s



ARM Macro Assembler    Page 3 Alphabetic symbol ordering
Relocatable symbols

      At line 233 in file Config\startup_LPC17xx.s

HardFault_Handler 00000006

Symbol: HardFault_Handler
   Definitions
      At line 166 in file Config\startup_LPC17xx.s
   Uses
      At line 167 in file Config\startup_LPC17xx.s
Comment: HardFault_Handler used once
I2C0_IRQHandler 00000016

Symbol: I2C0_IRQHandler
   Definitions
      At line 251 in file Config\startup_LPC17xx.s
   Uses
      At line 96 in file Config\startup_LPC17xx.s
      At line 215 in file Config\startup_LPC17xx.s

I2C1_IRQHandler 00000016

Symbol: I2C1_IRQHandler
   Definitions
      At line 252 in file Config\startup_LPC17xx.s
   Uses
      At line 97 in file Config\startup_LPC17xx.s
      At line 216 in file Config\startup_LPC17xx.s

I2C2_IRQHandler 00000016

Symbol: I2C2_IRQHandler
   Definitions
      At line 253 in file Config\startup_LPC17xx.s
   Uses
      At line 98 in file Config\startup_LPC17xx.s
      At line 217 in file Config\startup_LPC17xx.s

I2S_IRQHandler 00000016

Symbol: I2S_IRQHandler
   Definitions
      At line 268 in file Config\startup_LPC17xx.s
   Uses
      At line 113 in file Config\startup_LPC17xx.s
      At line 232 in file Config\startup_LPC17xx.s

MCPWM_IRQHandler 00000016

Symbol: MCPWM_IRQHandler
   Definitions
      At line 271 in file Config\startup_LPC17xx.s
   Uses
      At line 116 in file Config\startup_LPC17xx.s
      At line 235 in file Config\startup_LPC17xx.s

MemManage_Handler 00000008

Symbol: MemManage_Handler
   Definitions



ARM Macro Assembler    Page 4 Alphabetic symbol ordering
Relocatable symbols

      At line 171 in file Config\startup_LPC17xx.s
   Uses
      At line 172 in file Config\startup_LPC17xx.s
Comment: MemManage_Handler used once
NMI_Handler 00000004

Symbol: NMI_Handler
   Definitions
      At line 161 in file Config\startup_LPC17xx.s
   Uses
      At line 70 in file Config\startup_LPC17xx.s
      At line 162 in file Config\startup_LPC17xx.s

PLL0_IRQHandler 00000016

Symbol: PLL0_IRQHandler
   Definitions
      At line 257 in file Config\startup_LPC17xx.s
   Uses
      At line 102 in file Config\startup_LPC17xx.s
      At line 221 in file Config\startup_LPC17xx.s

PLL1_IRQHandler 00000016

Symbol: PLL1_IRQHandler
   Definitions
      At line 273 in file Config\startup_LPC17xx.s
   Uses
      At line 118 in file Config\startup_LPC17xx.s
      At line 237 in file Config\startup_LPC17xx.s

PWM1_IRQHandler 00000016

Symbol: PWM1_IRQHandler
   Definitions
      At line 250 in file Config\startup_LPC17xx.s
   Uses
      At line 95 in file Config\startup_LPC17xx.s
      At line 214 in file Config\startup_LPC17xx.s

PendSV_Handler 00000012

Symbol: PendSV_Handler
   Definitions
      At line 194 in file Config\startup_LPC17xx.s
   Uses
      At line 195 in file Config\startup_LPC17xx.s
Comment: PendSV_Handler used once
QEI_IRQHandler 00000016

Symbol: QEI_IRQHandler
   Definitions
      At line 272 in file Config\startup_LPC17xx.s
   Uses
      At line 117 in file Config\startup_LPC17xx.s
      At line 236 in file Config\startup_LPC17xx.s

RIT_IRQHandler 00000016




ARM Macro Assembler    Page 5 Alphabetic symbol ordering
Relocatable symbols

Symbol: RIT_IRQHandler
   Definitions
      At line 270 in file Config\startup_LPC17xx.s
   Uses
      At line 115 in file Config\startup_LPC17xx.s
      At line 234 in file Config\startup_LPC17xx.s

RTC_IRQHandler 00000016

Symbol: RTC_IRQHandler
   Definitions
      At line 258 in file Config\startup_LPC17xx.s
   Uses
      At line 103 in file Config\startup_LPC17xx.s
      At line 222 in file Config\startup_LPC17xx.s

Reset_Handler 00000000

Symbol: Reset_Handler
   Definitions
      At line 151 in file Config\startup_LPC17xx.s
   Uses
      At line 69 in file Config\startup_LPC17xx.s
      At line 152 in file Config\startup_LPC17xx.s

SPI_IRQHandler 00000016

Symbol: SPI_IRQHandler
   Definitions
      At line 254 in file Config\startup_LPC17xx.s
   Uses
      At line 99 in file Config\startup_LPC17xx.s
      At line 218 in file Config\startup_LPC17xx.s

SSP0_IRQHandler 00000016

Symbol: SSP0_IRQHandler
   Definitions
      At line 255 in file Config\startup_LPC17xx.s
   Uses
      At line 100 in file Config\startup_LPC17xx.s
      At line 219 in file Config\startup_LPC17xx.s

SSP1_IRQHandler 00000016

Symbol: SSP1_IRQHandler
   Definitions
      At line 256 in file Config\startup_LPC17xx.s
   Uses
      At line 101 in file Config\startup_LPC17xx.s
      At line 220 in file Config\startup_LPC17xx.s

SVC_Handler 0000000E

Symbol: SVC_Handler
   Definitions
      At line 185 in file Config\startup_LPC17xx.s
   Uses
      At line 186 in file Config\startup_LPC17xx.s



ARM Macro Assembler    Page 6 Alphabetic symbol ordering
Relocatable symbols

Comment: SVC_Handler used once
SysTick_Handler 00000014

Symbol: SysTick_Handler
   Definitions
      At line 198 in file Config\startup_LPC17xx.s
   Uses
      At line 199 in file Config\startup_LPC17xx.s
Comment: SysTick_Handler used once
TIMER0_IRQHandler 00000016

Symbol: TIMER0_IRQHandler
   Definitions
      At line 242 in file Config\startup_LPC17xx.s
   Uses
      At line 206 in file Config\startup_LPC17xx.s
Comment: TIMER0_IRQHandler used once
TIMER1_IRQHandler 00000016

Symbol: TIMER1_IRQHandler
   Definitions
      At line 243 in file Config\startup_LPC17xx.s
   Uses
      At line 88 in file Config\startup_LPC17xx.s
      At line 207 in file Config\startup_LPC17xx.s

TIMER2_IRQHandler 00000016

Symbol: TIMER2_IRQHandler
   Definitions
      At line 244 in file Config\startup_LPC17xx.s
   Uses
      At line 208 in file Config\startup_LPC17xx.s
Comment: TIMER2_IRQHandler used once
TIMER3_IRQHandler 00000016

Symbol: TIMER3_IRQHandler
   Definitions
      At line 245 in file Config\startup_LPC17xx.s
   Uses
      At line 209 in file Config\startup_LPC17xx.s
Comment: TIMER3_IRQHandler used once
UART0_IRQHandler 00000016

Symbol: UART0_IRQHandler
   Definitions
      At line 246 in file Config\startup_LPC17xx.s
   Uses
      At line 91 in file Config\startup_LPC17xx.s
      At line 210 in file Config\startup_LPC17xx.s

UART1_IRQHandler 00000016

Symbol: UART1_IRQHandler
   Definitions
      At line 247 in file Config\startup_LPC17xx.s
   Uses
      At line 92 in file Config\startup_LPC17xx.s
      At line 211 in file Config\startup_LPC17xx.s



ARM Macro Assembler    Page 7 Alphabetic symbol ordering
Relocatable symbols


UART2_IRQHandler 00000016

Symbol: UART2_IRQHandler
   Definitions
      At line 248 in file Config\startup_LPC17xx.s
   Uses
      At line 93 in file Config\startup_LPC17xx.s
      At line 212 in file Config\startup_LPC17xx.s

UART3_IRQHandler 00000016

Symbol: UART3_IRQHandler
   Definitions
      At line 249 in file Config\startup_LPC17xx.s
   Uses
      At line 94 in file Config\startup_LPC17xx.s
      At line 213 in file Config\startup_LPC17xx.s

USBActivity_IRQHandler 00000016

Symbol: USBActivity_IRQHandler
   Definitions
      At line 274 in file Config\startup_LPC17xx.s
   Uses
      At line 119 in file Config\startup_LPC17xx.s
      At line 238 in file Config\startup_LPC17xx.s

USB_IRQHandler 00000016

Symbol: USB_IRQHandler
   Definitions
      At line 265 in file Config\startup_LPC17xx.s
   Uses
      At line 110 in file Config\startup_LPC17xx.s
      At line 229 in file Config\startup_LPC17xx.s

UsageFault_Handler 0000000C

Symbol: UsageFault_Handler
   Definitions
      At line 181 in file Config\startup_LPC17xx.s
   Uses
      At line 182 in file Config\startup_LPC17xx.s
Comment: UsageFault_Handler used once
WDT_IRQHandler 00000016

Symbol: WDT_IRQHandler
   Definitions
      At line 241 in file Config\startup_LPC17xx.s
   Uses
      At line 86 in file Config\startup_LPC17xx.s
      At line 205 in file Config\startup_LPC17xx.s

47 symbols



ARM Macro Assembler    Page 1 Alphabetic symbol ordering
Absolute symbols

Heap_Size 00000000

Symbol: Heap_Size
   Definitions
      At line 37 in file Config\startup_LPC17xx.s
   Uses
      At line 41 in file Config\startup_LPC17xx.s
Comment: Heap_Size used once
Stack_Size 00000300

Symbol: Stack_Size
   Definitions
      At line 27 in file Config\startup_LPC17xx.s
   Uses
      At line 29 in file Config\startup_LPC17xx.s
Comment: Stack_Size used once
2 symbols



ARM Macro Assembler    Page 1 Alphabetic symbol ordering
External symbols

ADC_IRQ 00000000

Symbol: ADC_IRQ
   Definitions
      At line 57 in file Config\startup_LPC17xx.s
   Uses
      At line 108 in file Config\startup_LPC17xx.s
Comment: ADC_IRQ used once
CAN_IRQ 00000000

Symbol: CAN_IRQ
   Definitions
      At line 58 in file Config\startup_LPC17xx.s
   Uses
      At line 111 in file Config\startup_LPC17xx.s
Comment: CAN_IRQ used once
Default_WDTHandler 00000000

Symbol: Default_WDTHandler
   Definitions
      At line 52 in file Config\startup_LPC17xx.s
   Uses
      At line 71 in file Config\startup_LPC17xx.s
      At line 72 in file Config\startup_LPC17xx.s
      At line 73 in file Config\startup_LPC17xx.s
      At line 74 in file Config\startup_LPC17xx.s

EINT3_IRQ 00000000

Symbol: EINT3_IRQ
   Definitions
      At line 56 in file Config\startup_LPC17xx.s
   Uses
      At line 107 in file Config\startup_LPC17xx.s
Comment: EINT3_IRQ used once
TIMER0_IRQ 00000000

Symbol: TIMER0_IRQ
   Definitions
      At line 53 in file Config\startup_LPC17xx.s
   Uses
      At line 87 in file Config\startup_LPC17xx.s
Comment: TIMER0_IRQ used once
TIMER2_IRQ 00000000

Symbol: TIMER2_IRQ
   Definitions
      At line 54 in file Config\startup_LPC17xx.s
   Uses
      At line 89 in file Config\startup_LPC17xx.s
Comment: TIMER2_IRQ used once
TIMER3_IRQ 00000000

Symbol: TIMER3_IRQ
   Definitions
      At line 55 in file Config\startup_LPC17xx.s
   Uses
      At line 90 in file Config\startup_LPC17xx.s
Comment: TIMER3_IRQ used once



ARM Macro Assembler    Page 2 Alphabetic symbol ordering
External symbols

__main 00000000

Symbol: __main
   Definitions
      At line 153 in file Config\startup_LPC17xx.s
   Uses
      At line 154 in file Config\startup_LPC17xx.s
Comment: __main used once
vPortSVCHandler 00000000

Symbol: vPortSVCHandler
   Definitions
      At line 49 in file Config\startup_LPC17xx.s
   Uses
      At line 79 in file Config\startup_LPC17xx.s
Comment: vPortSVCHandler used once
xPortPendSVHandler 00000000

Symbol: xPortPendSVHandler
   Definitions
      At line 50 in file Config\startup_LPC17xx.s
   Uses
      At line 82 in file Config\startup_LPC17xx.s
Comment: xPortPendSVHandler used once
xPortSysTickHandler 00000000

Symbol: xPortSysTickHandler
   Definitions
      At line 51 in file Config\startup_LPC17xx.s
   Uses
      At line 83 in file Config\startup_LPC17xx.s
Comment: xPortSysTickHandler used once
11 symbols
416 symbols in table
